2024-12-02 11:38:36,827 - Data_shape: (80800, 4)
2024-12-02 11:38:36,827 - Network: learning rate=0.001, momentum=0.55, min_gradient=1e-05
2024-12-02 11:38:36,827 - Training in process
2024-12-02 11:38:36,827 - n_splits=5, random_state=3
2024-12-02 11:38:36,830 - TrainingSet_shape: (64640, 2), TestingSet_shaape: (16160, 2)
2024-12-02 11:38:36,830 - Fold: 1
2024-12-02 11:38:38,513 -      Epoch 1, Loss: 1969.2709877045877, Gradient_Hidden: [ -76.25535751 -338.83859289 -401.24517894], Gradient_Output: [-390.5926769  -454.89081062]
2024-12-02 11:38:55,510 -      Epoch 11, Loss: 1280.4524714273737, Gradient_Hidden: [-30.2822504   78.84134735   2.19854093], Gradient_Output: [ 5.85486416 20.47844507]
2024-12-02 11:39:12,520 -      Epoch 21, Loss: 1049.0834266136264, Gradient_Hidden: [ 22.81003154  74.73512088 -26.32516144], Gradient_Output: [-6.03831502 11.53165833]
2024-12-02 11:39:29,450 -      Epoch 31, Loss: 1024.5548241324652, Gradient_Hidden: [12.79826588 44.57346881  3.74114404], Gradient_Output: [-0.9634192   9.11924341]
2024-12-02 11:39:47,851 -      Epoch 41, Loss: 1006.0425479500124, Gradient_Hidden: [ 7.54525643 38.64386436  3.61230717], Gradient_Output: [1.87358654 5.79235098]
2024-12-02 11:40:08,247 -      Epoch 51, Loss: 986.5139331319853, Gradient_Hidden: [ 0.80703725 30.0623185   2.22615416], Gradient_Output: [1.12745049 2.8186062 ]
2024-12-02 11:40:30,376 -      Epoch 61, Loss: 972.4007666466425, Gradient_Hidden: [-1.28676296 21.2981993   1.60067231], Gradient_Output: [-0.42398504  1.42894354]
2024-12-02 11:40:53,407 -      Epoch 71, Loss: 963.9805029583151, Gradient_Hidden: [-1.09267107 14.54787076  0.32204907], Gradient_Output: [-1.583799    0.98451533]
2024-12-02 11:41:19,448 -      Epoch 81, Loss: 959.159211037355, Gradient_Hidden: [-0.44330886  9.95929491 -1.20527617], Gradient_Output: [-2.26329176  0.87485262]
2024-12-02 11:41:48,033 -      Epoch 91, Loss: 956.2573018249499, Gradient_Hidden: [ 0.15845297  6.99500626 -2.51982817], Gradient_Output: [-2.61745719  0.84031557]
2024-12-02 11:42:14,137 -      Epoch 101, Loss: 954.3249294363295, Gradient_Hidden: [ 0.64516203  5.12215144 -3.49413834], Gradient_Output: [-2.78027791  0.80210975]
2024-12-02 11:42:37,215 -      Epoch 111, Loss: 952.878947753333, Gradient_Hidden: [ 1.0279692   3.9516235  -4.16137802], Gradient_Output: [-2.83668697  0.74408043]
2024-12-02 11:43:02,882 -      Epoch 121, Loss: 951.6799942592693, Gradient_Hidden: [ 1.31981405  3.22043202 -4.58741414], Gradient_Output: [-2.83649049  0.66748154]
2024-12-02 11:43:26,745 -      Epoch 131, Loss: 950.6075060120453, Gradient_Hidden: [ 1.53020358  2.7547725  -4.83152259], Gradient_Output: [-2.80711544  0.57711051]
2024-12-02 11:43:50,329 -      Epoch 141, Loss: 949.5975286657706, Gradient_Hidden: [ 1.66916864  2.44101915 -4.94351886], Gradient_Output: [-2.76203839  0.47779738]
2024-12-02 11:44:15,504 -      Epoch 151, Loss: 948.6133565147206, Gradient_Hidden: [ 1.74845088  2.20589578 -4.96718338], Gradient_Output: [-2.70648341  0.3737677 ]
2024-12-02 11:44:40,162 -      Epoch 161, Loss: 947.6319267234436, Gradient_Hidden: [ 1.78026465  2.00321342 -4.94151992], Gradient_Output: [-2.64130209  0.26858755]
2024-12-02 11:45:03,847 -      Epoch 171, Loss: 946.6373175544678, Gradient_Hidden: [ 1.7756037   1.8049219  -4.90016762], Gradient_Output: [-2.56543819  0.1651353 ]
2024-12-02 11:45:28,330 -      Epoch 181, Loss: 945.6173004384606, Gradient_Hidden: [ 1.74320689  1.59500382 -4.87070483], Gradient_Output: [-2.47730382  0.0655435 ]
2024-12-02 11:45:53,729 -      Epoch 191, Loss: 944.5611750846663, Gradient_Hidden: [ 1.68935397  1.36529837 -4.87466163], Gradient_Output: [-2.37541338 -0.02885556]
2024-12-02 11:46:21,736 -      Epoch 201, Loss: 943.4581361628898, Gradient_Hidden: [ 1.61820702  1.11267517 -4.92820447], Gradient_Output: [-2.25857882 -0.1175577 ]
2024-12-02 11:46:47,997 -      Epoch 211, Loss: 942.2958276682295, Gradient_Hidden: [ 1.53234952  0.83718642 -5.04317824], Gradient_Output: [-2.12587778 -0.20088011]
2024-12-02 11:47:17,814 -      Epoch 221, Loss: 941.0588839287707, Gradient_Hidden: [ 1.43326619  0.54098982 -5.22824781], Gradient_Output: [-1.97651819 -0.27991673]
2024-12-02 11:47:44,920 -      Epoch 231, Loss: 939.7272948427235, Gradient_Hidden: [ 1.32160113  0.22801256 -5.48999369], Gradient_Output: [-1.80967163 -0.35644868]
2024-12-02 11:48:11,885 -      Epoch 241, Loss: 938.274441374143, Gradient_Hidden: [ 1.19707351 -0.09542028 -5.83385323], Gradient_Output: [-1.62434613 -0.43278526]
2024-12-02 11:48:38,263 -      Epoch 251, Loss: 936.6646929551679, Gradient_Hidden: [ 1.05791445 -0.41833894 -6.26472508], Gradient_Output: [-1.41943058 -0.51145641]
2024-12-02 11:49:05,391 -      Epoch 261, Loss: 934.8506920283676, Gradient_Hidden: [ 0.89964415 -0.71983081 -6.78685024], Gradient_Output: [-1.19421011 -0.59452794]
2024-12-02 11:49:30,457 -      Epoch 271, Loss: 932.7712669534343, Gradient_Hidden: [ 0.71305973 -0.95801493 -7.40223786], Gradient_Output: [-0.94999337 -0.68195647]
2024-12-02 11:49:57,141 -      Epoch 281, Loss: 930.3531823719378, Gradient_Hidden: [ 0.48190386 -1.04976326 -8.10666266], Gradient_Output: [-0.69396402 -0.76773053]
2024-12-02 11:50:25,743 -      Epoch 291, Loss: 927.5246386580125, Gradient_Hidden: [ 0.18293628 -0.8427788  -8.88355562], Gradient_Output: [-0.44604397 -0.83207399]
2024-12-02 11:50:51,565 -      Epoch 301, Loss: 924.2523533559042, Gradient_Hidden: [-0.2044174  -0.11035621 -9.70256102], Gradient_Output: [-0.24474752 -0.83131056]
2024-12-02 11:51:17,559 -      Epoch 311, Loss: 920.5976903322119, Gradient_Hidden: [ -0.67275238   1.3393626  -10.53864787], Gradient_Output: [-0.13518048 -0.70214502]
2024-12-02 11:51:45,162 -      Epoch 321, Loss: 916.7304549322982, Gradient_Hidden: [ -1.16556501   3.3899634  -11.40327461], Gradient_Output: [-0.12583162 -0.41050006]
2024-12-02 11:52:10,427 -      Epoch 331, Loss: 912.8365021746304, Gradient_Hidden: [ -1.60300541   5.49904263 -12.31327194], Gradient_Output: [-0.16581724 -0.01446254]
2024-12-02 11:52:36,250 -      Epoch 341, Loss: 909.0182814174284, Gradient_Hidden: [ -1.9351096    7.10237319 -13.20584703], Gradient_Output: [-0.20112961  0.36746063]
2024-12-02 11:53:03,289 -      Epoch 351, Loss: 905.3098613821069, Gradient_Hidden: [ -2.15719822   8.03192142 -13.96322419], Gradient_Output: [-0.22198315  0.65547406]
2024-12-02 11:53:29,544 -      Epoch 361, Loss: 901.7305093127566, Gradient_Hidden: [ -2.29041391   8.43301175 -14.51594362], Gradient_Output: [-0.23963427  0.83869108]
2024-12-02 11:53:56,998 -      Epoch 371, Loss: 898.3011633373126, Gradient_Hidden: [ -2.36077795   8.51069902 -14.86611631], Gradient_Output: [-0.26020376  0.9399048 ]
2024-12-02 11:54:24,808 -      Epoch 381, Loss: 895.0407243651649, Gradient_Hidden: [ -2.38870249   8.41416837 -15.04701269], Gradient_Output: [-0.28350828  0.98436181]
2024-12-02 11:54:53,757 -      Epoch 391, Loss: 891.9624707013029, Gradient_Hidden: [ -2.38760928   8.23102784 -15.09290793], Gradient_Output: [-0.30785726  0.99028939]
2024-12-02 11:55:20,870 -      Epoch 401, Loss: 889.0733015396636, Gradient_Hidden: [ -2.36623797   8.00929847 -15.0316341 ], Gradient_Output: [-0.3319356   0.96977892]
2024-12-02 11:55:51,316 -      Epoch 411, Loss: 886.3743628776338, Gradient_Hidden: [ -2.33083937   7.77513201 -14.8857267 ], Gradient_Output: [-0.35490614  0.93120546]
2024-12-02 11:56:16,013 -      Epoch 421, Loss: 883.8621503655203, Gradient_Hidden: [ -2.28631777   7.54278349 -14.67404198], Gradient_Output: [-0.37621982  0.88074876]
2024-12-02 11:56:35,039 -      Epoch 431, Loss: 881.5297069618748, Gradient_Hidden: [ -2.23665873   7.31980687 -14.41247534], Gradient_Output: [-0.39550833  0.82311721]
2024-12-02 11:56:53,101 -      Epoch 441, Loss: 879.3677387734552, Gradient_Hidden: [ -2.18506605   7.10987122 -14.1142472 ], Gradient_Output: [-0.4125438   0.76189878]
2024-12-02 11:57:10,637 -      Epoch 451, Loss: 877.3655639397961, Gradient_Hidden: [ -2.1340301    6.91438472 -13.79013347], Gradient_Output: [-0.42721821  0.6997771 ]
2024-12-02 11:57:28,522 -      Epoch 461, Loss: 875.5118639220761, Gradient_Hidden: [ -2.08540209   6.73346342 -13.44874722], Gradient_Output: [-0.43952244  0.63870122]
2024-12-02 11:57:45,976 -      Epoch 471, Loss: 873.7952412517251, Gradient_Hidden: [ -2.04048416   6.56651234 -13.09685773], Gradient_Output: [-0.44952223  0.58003283]
2024-12-02 11:58:03,898 -      Epoch 481, Loss: 872.2046072850718, Gradient_Hidden: [ -2.00012641   6.41257119 -12.73971015], Gradient_Output: [-0.45733367  0.52467444]
2024-12-02 11:58:20,947 -      Epoch 491, Loss: 870.7294315841732, Gradient_Hidden: [ -1.9648205    6.27051821 -12.3813186 ], Gradient_Output: [-0.46310143  0.47317821]
2024-12-02 11:58:37,866 -      Epoch 501, Loss: 869.3598851870877, Gradient_Hidden: [ -1.93478374   6.13918899 -12.02471947], Gradient_Output: [-0.46698162  0.42583556]
2024-12-02 11:58:55,172 -      Epoch 511, Loss: 868.0869066418902, Gradient_Hidden: [ -1.91003051   6.01744512 -11.67218181], Gradient_Output: [-0.46912975  0.38274896]
2024-12-02 11:59:12,730 -      Epoch 521, Loss: 866.9022146388697, Gradient_Hidden: [ -1.89043075   5.90421272 -11.32537784], Gradient_Output: [-0.46969341  0.34388805]
2024-12-02 11:59:30,117 -      Epoch 531, Loss: 865.7982858100544, Gradient_Hidden: [ -1.87575648   5.79850286 -10.98551844], Gradient_Output: [-0.4688086   0.30913248]
2024-12-02 11:59:47,932 -      Epoch 541, Loss: 864.7683115034307, Gradient_Hidden: [ -1.86571786   5.69942087 -10.65345978], Gradient_Output: [-0.46659877  0.27830395]
2024-12-02 12:00:05,413 -      Epoch 551, Loss: 863.8061433747272, Gradient_Hidden: [ -1.85999042   5.60616836 -10.32978636], Gradient_Output: [-0.4631754   0.25118966]
2024-12-02 12:00:22,922 -      Epoch 561, Loss: 862.9062345172061, Gradient_Hidden: [ -1.85823525   5.51804091 -10.01487533], Gradient_Output: [-0.45863946  0.22755899]
2024-12-02 12:00:40,348 -      Epoch 571, Loss: 862.0635805018482, Gradient_Hidden: [-1.86011337  5.43442275 -9.70894602], Gradient_Output: [-0.45308307  0.2071752 ]
2024-12-02 12:00:58,081 -      Epoch 581, Loss: 861.2736629955973, Gradient_Hidden: [-1.86529562  5.35477985 -9.41209792], Gradient_Output: [-0.44659121  0.18980327]
2024-12-02 12:01:15,844 -      Epoch 591, Loss: 860.5323974384463, Gradient_Hidden: [-1.87346909  5.27865204 -9.12433969], Gradient_Output: [-0.43924307  0.17521499]
2024-12-02 12:01:33,681 -      Epoch 601, Loss: 859.8360854607423, Gradient_Hidden: [-1.88434093  5.20564492 -8.84561129], Gradient_Output: [-0.43111316  0.16319202]
2024-12-02 12:01:51,262 -      Epoch 611, Loss: 859.1813722087788, Gradient_Hidden: [-1.89764014  5.13542187 -8.57580075], Gradient_Output: [-0.42227204  0.1535277 ]
2024-12-02 12:02:09,077 -      Epoch 621, Loss: 858.565208435354, Gradient_Hidden: [-1.91311794  5.0676964  -8.31475697], Gradient_Output: [-0.41278686  0.14602771]
2024-12-02 12:02:27,411 -      Epoch 631, Loss: 857.9848170370698, Gradient_Hidden: [-1.93054711  5.00222518 -8.0622994 ], Gradient_Output: [-0.40272163  0.14051033]
2024-12-02 12:02:45,291 -      Epoch 641, Loss: 857.4376636369711, Gradient_Hidden: [-1.94972064  4.93880162 -7.81822545], Gradient_Output: [-0.39213739  0.13680612]
2024-12-02 12:03:03,804 -      Epoch 651, Loss: 856.9214307838691, Gradient_Hidden: [-1.97044993  4.87725026 -7.5823162 ], Gradient_Output: [-0.38109223  0.13475742]
2024-12-02 12:03:21,987 -      Epoch 661, Loss: 856.4339953480164, Gradient_Hidden: [-1.99256272  4.81742173 -7.35434072], Gradient_Output: [-0.36964134  0.1342178 ]
2024-12-02 12:03:39,927 -      Epoch 671, Loss: 855.9734087194782, Gradient_Hidden: [-2.01590094  4.75918849 -7.13405959], Gradient_Output: [-0.35783695  0.13505127]
2024-12-02 12:03:57,858 -      Epoch 681, Loss: 855.5378794513906, Gradient_Hidden: [-2.04031852  4.70244106 -6.92122757], Gradient_Output: [-0.34572836  0.13713164]
2024-12-02 12:04:15,133 -      Epoch 691, Loss: 855.1257580297603, Gradient_Hidden: [-2.06567922  4.64708488 -6.71559583], Gradient_Output: [-0.33336192  0.14034174]
2024-12-02 12:04:32,819 -      Epoch 701, Loss: 854.7355234896502, Gradient_Hidden: [-2.0918547   4.59303757 -6.51691374], Gradient_Output: [-0.32078109  0.1445728 ]
2024-12-02 12:04:50,510 -      Epoch 711, Loss: 854.3657716343004, Gradient_Hidden: [-2.11872263  4.54022669 -6.32493043], Gradient_Output: [-0.30802651  0.14972374]
2024-12-02 12:05:08,283 -      Epoch 721, Loss: 854.0152046454236, Gradient_Hidden: [-2.14616502  4.48858779 -6.13939604], Gradient_Output: [-0.29513609  0.15570053]
2024-12-02 12:05:25,960 -      Epoch 731, Loss: 853.6826219030394, Gradient_Hidden: [-2.17406676  4.43806279 -5.96006285], Gradient_Output: [-0.28214511  0.16241561]
2024-12-02 12:05:43,769 -      Epoch 741, Loss: 853.3669118568508, Gradient_Hidden: [-2.20231432  4.38859865 -5.78668631], Gradient_Output: [-0.26908643  0.1697873 ]
2024-12-02 12:06:01,282 -      Epoch 751, Loss: 853.0670448136239, Gradient_Hidden: [-2.23079472  4.34014617 -5.61902586], Gradient_Output: [-0.25599058  0.17773923]
2024-12-02 12:06:18,826 -      Epoch 761, Loss: 852.7820665233256, Gradient_Hidden: [-2.25939461  4.29265914 -5.4568458 ], Gradient_Output: [-0.24288598  0.18619984]
2024-12-02 12:06:36,385 -      Epoch 771, Loss: 852.5110924615493, Gradient_Hidden: [-2.28799962  4.24609344 -5.29991591], Gradient_Output: [-0.22979912  0.19510188]
2024-12-02 12:06:53,745 -      Epoch 781, Loss: 852.2533027195807, Gradient_Hidden: [-2.31649395  4.20040644 -5.14801215], Gradient_Output: [-0.21675468  0.20438188]
2024-12-02 12:07:11,143 -      Epoch 791, Loss: 852.0079374241038, Gradient_Hidden: [-2.34476     4.15555646 -5.00091722], Gradient_Output: [-0.2037758   0.21397976]
2024-12-02 12:07:28,099 -      Epoch 801, Loss: 851.7742926172631, Gradient_Hidden: [-2.37267839  4.11150229 -4.85842108], Gradient_Output: [-0.19088419  0.22383835]
2024-12-02 12:07:45,626 -      Epoch 811, Loss: 851.5517165361634, Gradient_Hidden: [-2.40012802  4.06820284 -4.72032141], Gradient_Output: [-0.17810027  0.23390297]
2024-12-02 12:08:03,000 -      Epoch 821, Loss: 851.3396062369362, Gradient_Hidden: [-2.42698634  4.02561687 -4.58642403], Gradient_Output: [-0.1654434   0.24412109]
2024-12-02 12:08:19,793 -      Epoch 831, Loss: 851.1374045139804, Gradient_Hidden: [-2.45312986  3.98370277 -4.45654321], Gradient_Output: [-0.15293192  0.25444192]
2024-12-02 12:08:36,721 -      Epoch 841, Loss: 850.944597069821, Gradient_Hidden: [-2.47843474  3.94241841 -4.33050202], Gradient_Output: [-0.14058332  0.26481612]
2024-12-02 12:08:53,409 -      Epoch 851, Loss: 850.7607098953287, Gradient_Hidden: [-2.50277754  3.90172105 -4.20813253], Gradient_Output: [-0.12841432  0.27519546]
2024-12-02 12:09:10,139 -      Epoch 861, Loss: 850.5853068238966, Gradient_Hidden: [-2.52603617  3.86156733 -4.08927602], Gradient_Output: [-0.11644093  0.28553257]
2024-12-02 12:09:26,933 -      Epoch 871, Loss: 850.4179872265009, Gradient_Hidden: [-2.54809084  3.82191325 -3.97378311], Gradient_Output: [-0.10467854  0.29578071]
2024-12-02 12:09:43,770 -      Epoch 881, Loss: 850.2583838186506, Gradient_Hidden: [-2.56882525  3.78271431 -3.86151379], Gradient_Output: [-0.09314192  0.30589358]
2024-12-02 12:10:00,664 -      Epoch 891, Loss: 850.1061605533935, Gradient_Hidden: [-2.58812769  3.74392556 -3.75233748], Gradient_Output: [-0.08184527  0.31582517]
2024-12-02 12:10:17,328 -      Epoch 901, Loss: 849.9610105784246, Gradient_Hidden: [-2.60589234  3.70550185 -3.64613292], Gradient_Output: [-0.07080218  0.32552962]
2024-12-02 12:10:34,151 -      Epoch 911, Loss: 849.8226542389108, Gradient_Hidden: [-2.62202044  3.66739801 -3.54278806], Gradient_Output: [-0.06002564  0.33496122]
2024-12-02 12:10:50,851 -      Epoch 921, Loss: 849.6908371120523, Gradient_Hidden: [-2.63642154  3.62956911 -3.44219992], Gradient_Output: [-0.04952798  0.34407435]
2024-12-02 12:11:08,111 -      Epoch 931, Loss: 849.5653280625454, Gradient_Hidden: [-2.64901465  3.59197078 -3.34427423], Gradient_Output: [-0.03932083  0.35282352]
2024-12-02 12:11:25,431 -      Epoch 941, Loss: 849.4459173131709, Gradient_Hidden: [-2.65972933  3.55455955 -3.24892523], Gradient_Output: [-0.02941505  0.3611635 ]
2024-12-02 12:11:42,277 -      Epoch 951, Loss: 849.3324145277976, Gradient_Hidden: [-2.66850661  3.51729318 -3.1560752 ], Gradient_Output: [-0.01982065  0.36904939]
2024-12-02 12:11:59,154 -      Epoch 961, Loss: 849.2246469087864, Gradient_Hidden: [-2.67529979  3.48013106 -3.06565405], Gradient_Output: [-0.01054671  0.37643685]
2024-12-02 12:12:16,671 -      Epoch 971, Loss: 849.1224573134441, Gradient_Hidden: [-2.68007508  3.44303462 -2.97759884], Gradient_Output: [-0.0016013   0.38328232]
2024-12-02 12:12:33,688 -      Epoch 981, Loss: 849.025702398169, Gradient_Hidden: [-2.682812    3.4059677  -2.89185323], Gradient_Output: [0.00700863 0.38954326]
2024-12-02 12:12:50,844 -      Epoch 991, Loss: 848.9342508010433, Gradient_Hidden: [-2.68350358  3.36889695 -2.8083669 ], Gradient_Output: [0.0152773  0.39517846]
2024-12-02 12:13:06,339 - Testing in process
2024-12-02 12:13:06,339 - MSE threshold: 0.05
2024-12-02 12:13:06,523 - Test Accuracy: 97.14%
2024-12-02 12:13:06,523 - Fold 1 completed 

2024-12-02 12:13:06,602 - TrainingSet_shape: (64640, 2), TestingSet_shaape: (16160, 2)
2024-12-02 12:13:06,602 - Fold: 2
2024-12-02 12:13:08,926 -      Epoch 1, Loss: 849.8268327909702, Gradient_Hidden: [-6.08330149  6.20400477 -0.90778086], Gradient_Output: [-1.55823626 -0.99067039]
2024-12-02 12:13:26,447 -      Epoch 11, Loss: 849.6376943646418, Gradient_Hidden: [-2.44819004  3.07246007 -2.7668081 ], Gradient_Output: [0.00233325 0.21090978]
2024-12-02 12:13:44,359 -      Epoch 21, Loss: 849.5764590301196, Gradient_Hidden: [-2.50702615  3.02790844 -2.70509553], Gradient_Output: [0.00702983 0.24932454]
2024-12-02 12:14:02,302 -      Epoch 31, Loss: 849.5187458249093, Gradient_Hidden: [-2.53257319  2.99968285 -2.62853746], Gradient_Output: [0.01443909 0.26171912]
2024-12-02 12:14:20,081 -      Epoch 41, Loss: 849.4652982425761, Gradient_Hidden: [-2.5443115   2.97109066 -2.54502541], Gradient_Output: [0.02215784 0.26701927]
2024-12-02 12:14:38,167 -      Epoch 51, Loss: 849.4162545793706, Gradient_Hidden: [-2.54877564  2.94192647 -2.46176217], Gradient_Output: [0.02980274 0.27013436]
2024-12-02 12:14:56,815 -      Epoch 61, Loss: 849.3715817794625, Gradient_Hidden: [-2.54815271  2.91227739 -2.38080608], Gradient_Output: [0.03724711 0.27224646]
2024-12-02 12:15:15,049 -      Epoch 71, Loss: 849.3311996134588, Gradient_Hidden: [-2.54341832  2.88218075 -2.30269963], Gradient_Output: [0.04443445 0.27358586]
2024-12-02 12:15:33,467 -      Epoch 81, Loss: 849.2950128641124, Gradient_Hidden: [-2.5351805   2.85166036 -2.22756545], Gradient_Output: [0.05133453 0.27415254]
2024-12-02 12:15:51,400 -      Epoch 91, Loss: 849.262919453707, Gradient_Hidden: [-2.52390673  2.82074086 -2.15540154], Gradient_Output: [0.05793008 0.27390141]
2024-12-02 12:16:08,783 -      Epoch 101, Loss: 849.2348125370492, Gradient_Hidden: [-2.50998925  2.78945135 -2.08616246], Gradient_Output: [0.064212   0.27278865]
2024-12-02 12:16:25,859 -      Epoch 111, Loss: 849.2105811667702, Gradient_Hidden: [-2.49376746  2.75782596 -2.01978365], Gradient_Output: [0.07017709 0.27078213]
2024-12-02 12:16:42,582 -      Epoch 121, Loss: 849.1901106718054, Gradient_Hidden: [-2.47553824  2.7259034  -1.95619029], Gradient_Output: [0.07582662 0.26786269]
2024-12-02 12:16:59,190 -      Epoch 131, Loss: 849.1732830123605, Gradient_Hidden: [-2.45556243  2.69372627 -1.89530149], Gradient_Output: [0.08116531 0.26402325]
2024-12-02 12:17:16,397 -      Epoch 141, Loss: 849.1599771583516, Gradient_Hidden: [-2.43406969  2.66134032 -1.83703284], Gradient_Output: [0.08620051 0.25926752]
2024-12-02 12:17:33,740 -      Epoch 151, Loss: 849.1500694895855, Gradient_Hidden: [-2.41126241  2.62879379 -1.7812983 ], Gradient_Output: [0.09094154 0.25360862]
2024-12-02 12:17:51,006 -      Epoch 161, Loss: 849.1434342088196, Gradient_Hidden: [-2.38731905  2.59613669 -1.72801142], Gradient_Output: [0.09539913 0.2470679 ]
2024-12-02 12:18:07,991 -      Epoch 171, Loss: 849.1399437582949, Gradient_Hidden: [-2.36239691  2.56342018 -1.67708642], Gradient_Output: [0.09958498 0.23967378]
2024-12-02 12:18:24,772 -      Epoch 181, Loss: 849.1394692332508, Gradient_Hidden: [-2.33663454  2.53069593 -1.62843884], Gradient_Output: [0.10351135 0.23146073]
2024-12-02 12:18:41,479 -      Epoch 191, Loss: 849.1418807877618, Gradient_Hidden: [-2.31015389  2.49801563 -1.5819861 ], Gradient_Output: [0.10719076 0.2224684 ]
2024-12-02 12:18:58,204 -      Epoch 201, Loss: 849.1470480290301, Gradient_Hidden: [-2.28306209  2.46543043 -1.53764782], Gradient_Output: [0.11063572 0.21274068]
2024-12-02 12:19:14,948 -      Epoch 211, Loss: 849.1548403980132, Gradient_Hidden: [-2.25545312  2.43299052 -1.49534608], Gradient_Output: [0.1138585  0.20232499]
2024-12-02 12:19:31,620 -      Epoch 221, Loss: 849.1651275340588, Gradient_Hidden: [-2.22740924  2.40074469 -1.45500554], Gradient_Output: [0.11687098 0.19127156]
2024-12-02 12:19:48,310 -      Epoch 231, Loss: 849.1777796227858, Gradient_Hidden: [-2.19900229  2.36873999 -1.41655348], Gradient_Output: [0.11968445 0.17963276]
2024-12-02 12:20:04,974 -      Epoch 241, Loss: 849.192667725782, Gradient_Hidden: [-2.17029488  2.33702141 -1.37991983], Gradient_Output: [0.12230957 0.16746254]
2024-12-02 12:20:21,680 -      Epoch 251, Loss: 849.2096640917707, Gradient_Hidden: [-2.14134141  2.30563159 -1.3450371 ], Gradient_Output: [0.12475625 0.15481584]
2024-12-02 12:20:38,386 -      Epoch 261, Loss: 849.2286424488258, Gradient_Hidden: [-2.11218907  2.27461063 -1.31184029], Gradient_Output: [0.12703361 0.14174817]
2024-12-02 12:20:55,072 -      Epoch 271, Loss: 849.2494782773914, Gradient_Hidden: [-2.08287867  2.24399591 -1.28026685], Gradient_Output: [0.12914992 0.12831513]
2024-12-02 12:21:11,772 -      Epoch 281, Loss: 849.2720490641028, Gradient_Hidden: [-2.05344547  2.21382189 -1.25025647], Gradient_Output: [0.13111261 0.11457199]
2024-12-02 12:21:28,431 -      Epoch 291, Loss: 849.2962345363876, Gradient_Hidden: [-2.02391984  2.18412009 -1.22175107], Gradient_Output: [0.13292828 0.10057338]
2024-12-02 12:21:45,141 -      Epoch 301, Loss: 849.3219168782031, Gradient_Hidden: [-1.99432797  2.15491898 -1.19469456], Gradient_Output: [0.1346027  0.08637293]
2024-12-02 12:22:01,879 -      Epoch 311, Loss: 849.3489809268934, Gradient_Hidden: [-1.96469244  2.12624391 -1.16903278], Gradient_Output: [0.13614081 0.07202303]
2024-12-02 12:22:18,562 -      Epoch 321, Loss: 849.3773143517499, Gradient_Hidden: [-1.9350327   2.0981172  -1.14471336], Gradient_Output: [0.13754683 0.05757453]
2024-12-02 12:22:35,343 -      Epoch 331, Loss: 849.4068078144084, Gradient_Hidden: [-1.90536562  2.07055807 -1.12168557], Gradient_Output: [0.13882425 0.04307657]
2024-12-02 12:22:52,960 -      Epoch 341, Loss: 849.437355111562, Gradient_Hidden: [-1.87570588  2.04358275 -1.09990024], Gradient_Output: [0.13997591 0.02857635]
2024-12-02 12:24:25,778 -      Epoch 351, Loss: 849.4688533005278, Gradient_Hidden: [-1.84606633  2.01720451 -1.0793096 ], Gradient_Output: [0.14100406 0.01411901]
2024-12-02 12:27:37,084 -      Epoch 361, Loss: 849.501202807792, Gradient_Hidden: [-1.81645839  1.99143379 -1.05986721], Gradient_Output: [ 0.14191043 -0.00025253]
2024-12-02 12:28:50,683 -      Epoch 371, Loss: 849.5343075216347, Gradient_Hidden: [-1.78689229  1.96627827 -1.04152788], Gradient_Output: [ 0.14269625 -0.01449769]
2024-12-02 12:29:48,347 -      Epoch 381, Loss: 849.568074868504, Gradient_Hidden: [-1.75737737  1.94174303 -1.02424754], Gradient_Output: [ 0.14336242 -0.02857826]
2024-12-02 12:30:04,914 -      Epoch 391, Loss: 849.6024158746308, Gradient_Hidden: [-1.72792229  1.91783064 -1.00798318], Gradient_Output: [ 0.14390947 -0.04245855]
2024-12-02 12:30:21,518 -      Epoch 401, Loss: 849.6372452126826, Gradient_Hidden: [-1.69853525  1.89454135 -0.99269277], Gradient_Output: [ 0.14433771 -0.05610538]
2024-12-02 12:30:38,089 -      Epoch 411, Loss: 849.6724812343957, Gradient_Hidden: [-1.66922413  1.8718732  -0.97833525], Gradient_Output: [ 0.14464725 -0.06948812]
2024-12-02 12:30:54,672 -      Epoch 421, Loss: 849.7080459898859, Gradient_Hidden: [-1.63999668  1.84982222 -0.9648704 ], Gradient_Output: [ 0.14483809 -0.08257873]
2024-12-02 12:31:11,280 -      Epoch 431, Loss: 849.7438652339514, Gradient_Hidden: [-1.61086059  1.82838257 -0.95225885], Gradient_Output: [ 0.1449102  -0.09535171]
2024-12-02 12:31:27,893 -      Epoch 441, Loss: 849.7798684203484, Gradient_Hidden: [-1.58182364  1.80754668 -0.94046203], Gradient_Output: [ 0.14486354 -0.10778415]
2024-12-02 12:31:44,499 -      Epoch 451, Loss: 849.8159886844758, Gradient_Hidden: [-1.55289374  1.78730546 -0.92944213], Gradient_Output: [ 0.14469815 -0.11985563]
2024-12-02 12:32:01,382 -      Epoch 461, Loss: 849.8521628152075, Gradient_Hidden: [-1.52407901  1.76764845 -0.91916209], Gradient_Output: [ 0.14441417 -0.13154822]
2024-12-02 12:32:18,432 -      Epoch 471, Loss: 849.8883312166378, Gradient_Hidden: [-1.49538782  1.74856396 -0.90958559], Gradient_Output: [ 0.14401194 -0.14284645]
2024-12-02 12:32:35,725 -      Epoch 481, Loss: 849.9244378602663, Gradient_Hidden: [-1.46682882  1.73003926 -0.90067702], Gradient_Output: [ 0.14349199 -0.15373717]
2024-12-02 12:32:52,600 -      Epoch 491, Loss: 849.9604302285378, Gradient_Hidden: [-1.43841097  1.71206069 -0.89240152], Gradient_Output: [ 0.14285511 -0.16420958]
2024-12-02 12:37:14,681 -      Epoch 501, Loss: 849.9962592500668, Gradient_Hidden: [-1.41014354  1.69461385 -0.88472491], Gradient_Output: [ 0.14210235 -0.17425506]
2024-12-02 12:39:36,501 -      Epoch 511, Loss: 850.0318792277952, Gradient_Hidden: [-1.38203607  1.67768372 -0.87761378], Gradient_Output: [ 0.14123511 -0.18386714]
2024-12-02 12:40:44,644 -      Epoch 521, Loss: 850.0672477600177, Gradient_Hidden: [-1.35409841  1.66125479 -0.87103544], Gradient_Output: [ 0.14025507 -0.19304137]
2024-12-02 12:41:01,116 -      Epoch 531, Loss: 850.1023256557637, Gradient_Hidden: [-1.32634066  1.64531119 -0.86495796], Gradient_Output: [ 0.13916429 -0.20177525]
2024-12-02 12:41:33,909 -      Epoch 541, Loss: 850.1370768444159, Gradient_Hidden: [-1.29877314  1.62983682 -0.85935018], Gradient_Output: [ 0.13796517 -0.21006812]
2024-12-02 12:43:22,533 -      Epoch 551, Loss: 850.1714682809384, Gradient_Hidden: [-1.27140638  1.61481542 -0.85418174], Gradient_Output: [ 0.13666045 -0.21792103]
2024-12-02 12:43:40,320 -      Epoch 561, Loss: 850.2054698465937, Gradient_Hidden: [-1.24425106  1.60023071 -0.84942308], Gradient_Output: [ 0.13525327 -0.22533664]
2024-12-02 12:43:57,143 -      Epoch 571, Loss: 850.2390542464892, Gradient_Hidden: [-1.21731795  1.58606647 -0.84504551], Gradient_Output: [ 0.13374708 -0.23231914]
2024-12-02 12:44:14,185 -      Epoch 581, Loss: 850.2721969039517, Gradient_Hidden: [-1.19061787  1.57230658 -0.84102116], Gradient_Output: [ 0.13214568 -0.23887408]
2024-12-02 12:44:30,880 -      Epoch 591, Loss: 850.3048758526677, Gradient_Hidden: [-1.16416167  1.55893517 -0.83732307], Gradient_Output: [ 0.13045321 -0.24500828]
2024-12-02 12:44:47,778 -      Epoch 601, Loss: 850.3370716269325, Gradient_Hidden: [-1.13796013  1.5459366  -0.83392518], Gradient_Output: [ 0.1286741  -0.25072971]
2024-12-02 12:45:04,744 -      Epoch 611, Loss: 850.3687671506474, Gradient_Hidden: [-1.11202392  1.53329557 -0.83080235], Gradient_Output: [ 0.12681309 -0.25604739]
2024-12-02 12:45:21,664 -      Epoch 621, Loss: 850.3999476254669, Gradient_Hidden: [-1.08636358  1.52099715 -0.8279304 ], Gradient_Output: [ 0.12487515 -0.26097125]
2024-12-02 12:45:39,035 -      Epoch 631, Loss: 850.4306004186182, Gradient_Hidden: [-1.06098942  1.50902681 -0.82528611], Gradient_Output: [ 0.1228655  -0.26551204]
2024-12-02 12:45:56,332 -      Epoch 641, Loss: 850.4607149508803, Gradient_Hidden: [-1.03591148  1.49737047 -0.82284724], Gradient_Output: [ 0.12078956 -0.26968121]
2024-12-02 12:46:13,266 -      Epoch 651, Loss: 850.4902825850573, Gradient_Hidden: [-1.01113951  1.48601451 -0.82059257], Gradient_Output: [ 0.11865293 -0.27349081]
2024-12-02 12:46:30,265 -      Epoch 661, Loss: 850.5192965152752, Gradient_Hidden: [-0.98668288  1.47494579 -0.81850184], Gradient_Output: [ 0.11646135 -0.27695336]
2024-12-02 12:46:47,457 -      Epoch 671, Loss: 850.5477516578278, Gradient_Hidden: [-0.96255058  1.46415165 -0.81655586], Gradient_Output: [ 0.11422065 -0.28008181]
2024-12-02 12:47:04,144 -      Epoch 681, Loss: 850.5756445433691, Gradient_Hidden: [-0.93875115  1.45361997 -0.81473641], Gradient_Output: [ 0.11193676 -0.28288939]
2024-12-02 12:47:20,756 -      Epoch 691, Loss: 850.60297321121, Gradient_Hidden: [-0.91529262  1.44333911 -0.81302631], Gradient_Output: [ 0.10961564 -0.28538956]
2024-12-02 12:47:38,349 -      Epoch 701, Loss: 850.6297371059088, Gradient_Hidden: [-0.89218256  1.43329792 -0.81140939], Gradient_Output: [ 0.10726327 -0.28759589]
2024-12-02 12:47:55,363 -      Epoch 711, Loss: 850.6559369761594, Gradient_Hidden: [-0.86942794  1.4234858  -0.80987048], Gradient_Output: [ 0.10488559 -0.28952202]
2024-12-02 12:48:12,523 -      Epoch 721, Loss: 850.6815747765733, Gradient_Hidden: [-0.84703521  1.41389258 -0.80839541], Gradient_Output: [ 0.1024885  -0.29118157]
2024-12-02 12:48:29,711 -      Epoch 731, Loss: 850.7066535724252, Gradient_Hidden: [-0.8250102   1.40450863 -0.80697099], Gradient_Output: [ 0.10007784 -0.29258808]
2024-12-02 12:48:46,955 -      Epoch 741, Loss: 850.7311774474058, Gradient_Hidden: [-0.80335815  1.39532474 -0.80558499], Gradient_Output: [ 0.0976593  -0.29375494]
2024-12-02 12:49:04,039 -      Epoch 751, Loss: 850.7551514147209, Gradient_Hidden: [-0.78208368  1.38633219 -0.80422612], Gradient_Output: [ 0.09523849 -0.29469534]
2024-12-02 12:49:20,782 -      Epoch 761, Loss: 850.7785813316785, Gradient_Hidden: [-0.76119078  1.37752268 -0.80288402], Gradient_Output: [ 0.09282083 -0.29542223]
2024-12-02 12:49:37,686 -      Epoch 771, Loss: 850.8014738177379, Gradient_Hidden: [-0.74068284  1.36888834 -0.8015492 ], Gradient_Output: [ 0.09041157 -0.29594827]
2024-12-02 12:49:54,811 -      Epoch 781, Loss: 850.823836176133, Gradient_Hidden: [-0.72056258  1.36042171 -0.80021304], Gradient_Output: [ 0.08801577 -0.2962858 ]
2024-12-02 12:50:12,013 -      Epoch 791, Loss: 850.8456763192426, Gradient_Hidden: [-0.70083212  1.3521157  -0.79886775], Gradient_Output: [ 0.08563829 -0.29644677]
2024-12-02 12:50:29,209 -      Epoch 801, Loss: 850.8670026976887, Gradient_Hidden: [-0.68149298  1.34396361 -0.79750635], Gradient_Output: [ 0.08328376 -0.29644279]
2024-12-02 12:50:46,150 -      Epoch 811, Loss: 850.8878242331339, Gradient_Hidden: [-0.66254604  1.33595908 -0.79612259], Gradient_Output: [ 0.08095656 -0.29628502]
2024-12-02 12:51:02,770 -      Epoch 821, Loss: 850.9081502547898, Gradient_Hidden: [-0.64399163  1.32809609 -0.79471097], Gradient_Output: [ 0.07866085 -0.29598422]
2024-12-02 12:51:19,364 -      Epoch 831, Loss: 850.9279904396477, Gradient_Hidden: [-0.62582948  1.32036893 -0.79326667], Gradient_Output: [ 0.07640053 -0.29555069]
2024-12-02 12:51:36,071 -      Epoch 841, Loss: 850.9473547564074, Gradient_Hidden: [-0.60805876  1.31277219 -0.79178551], Gradient_Output: [ 0.07417922 -0.29499431]
2024-12-02 12:51:52,883 -      Epoch 851, Loss: 850.9662534130334, Gradient_Hidden: [-0.59067812  1.30530076 -0.79026394], Gradient_Output: [ 0.07200032 -0.29432448]
2024-12-02 12:52:09,528 -      Epoch 861, Loss: 850.9846968078186, Gradient_Hidden: [-0.57368571  1.29794977 -0.78869896], Gradient_Output: [ 0.06986694 -0.29355014]
2024-12-02 12:52:26,573 -      Epoch 871, Loss: 851.0026954838622, Gradient_Hidden: [-0.55707916  1.29071463 -0.78708813], Gradient_Output: [ 0.06778193 -0.2926798 ]
2024-12-02 12:52:43,721 -      Epoch 881, Loss: 851.0202600870863, Gradient_Hidden: [-0.54085567  1.28359096 -0.78542949], Gradient_Output: [ 0.06574789 -0.29172148]
2024-12-02 12:53:00,950 -      Epoch 891, Loss: 851.037401327288, Gradient_Hidden: [-0.525012    1.27657462 -0.78372154], Gradient_Output: [ 0.06376716 -0.29068279]
2024-12-02 12:53:17,715 -      Epoch 901, Loss: 851.054129942545, Gradient_Hidden: [-0.50954448  1.26966168 -0.7819632 ], Gradient_Output: [ 0.06184183 -0.28957087]
2024-12-02 12:53:34,529 -      Epoch 911, Loss: 851.070456666571, Gradient_Hidden: [-0.49444908  1.26284842 -0.7801538 ], Gradient_Output: [ 0.05997374 -0.28839244]
2024-12-02 12:53:51,634 -      Epoch 921, Loss: 851.0863921988473, Gradient_Hidden: [-0.47972142  1.25613127 -0.77829299], Gradient_Output: [ 0.0581645  -0.28715381]
2024-12-02 12:54:08,751 -      Epoch 931, Loss: 851.1019471777755, Gradient_Hidden: [-0.46535679  1.24950688 -0.77638078], Gradient_Output: [ 0.05641547 -0.28586086]
2024-12-02 12:54:25,522 -      Epoch 941, Loss: 851.1171321562815, Gradient_Hidden: [-0.45135018  1.24297204 -0.77441743], Gradient_Output: [ 0.05472781 -0.28451911]
2024-12-02 12:54:42,293 -      Epoch 951, Loss: 851.1319575798988, Gradient_Hidden: [-0.43769631  1.2365237  -0.77240349], Gradient_Output: [ 0.05310246 -0.28313368]
2024-12-02 12:54:58,916 -      Epoch 961, Loss: 851.1464337673553, Gradient_Hidden: [-0.42438966  1.23015896 -0.77033973], Gradient_Output: [ 0.05154014 -0.28170932]
2024-12-02 12:55:15,523 -      Epoch 971, Loss: 851.1605708933029, Gradient_Hidden: [-0.4114245   1.22387505 -0.76822711], Gradient_Output: [ 0.0500414  -0.28025045]
2024-12-02 13:11:28,528 -      Epoch 981, Loss: 851.1743789731003, Gradient_Hidden: [-0.3987949   1.21766935 -0.7660668 ], Gradient_Output: [ 0.04860657 -0.27876116]
2024-12-02 13:11:44,827 -      Epoch 991, Loss: 851.1878678495207, Gradient_Hidden: [-0.38649477  1.21153933 -0.76386009], Gradient_Output: [ 0.04723586 -0.27724522]
2024-12-02 13:11:59,515 - Testing in process
2024-12-02 13:11:59,515 - MSE threshold: 0.05
2024-12-02 13:11:59,695 - Test Accuracy: 97.16%
2024-12-02 13:11:59,695 - Fold 2 completed 

2024-12-02 13:11:59,763 - TrainingSet_shape: (64640, 2), TestingSet_shaape: (16160, 2)
2024-12-02 13:11:59,764 - Fold: 3
2024-12-02 13:15:40,310 -      Epoch 1, Loss: 852.0898967133248, Gradient_Hidden: [ 0.56065028 -2.71289106 -0.20585806], Gradient_Output: [-0.107915    0.68737488]
2024-12-02 13:30:56,207 -      Epoch 11, Loss: 852.2358715855551, Gradient_Hidden: [-0.40392076  1.27258035 -0.43325495], Gradient_Output: [0.16407264 0.03738675]
2024-12-02 13:39:41,256 -      Epoch 21, Loss: 852.2584157197082, Gradient_Hidden: [-0.41559136  1.29398951 -0.52996237], Gradient_Output: [0.15455442 0.01414453]
2024-12-02 13:39:57,507 -      Epoch 31, Loss: 852.2790911432894, Gradient_Hidden: [-0.40917085  1.28296737 -0.56880794], Gradient_Output: [ 0.14336139 -0.01446537]
2024-12-02 13:40:13,764 -      Epoch 41, Loss: 852.298341586795, Gradient_Hidden: [-0.40092387  1.26986285 -0.59794577], Gradient_Output: [ 0.13334643 -0.04113071]
2024-12-02 13:40:30,193 -      Epoch 51, Loss: 852.3163471328529, Gradient_Hidden: [-0.39208616  1.25705997 -0.62186707], Gradient_Output: [ 0.12433182 -0.0647066 ]
2024-12-02 13:40:46,739 -      Epoch 61, Loss: 852.3332480825294, Gradient_Hidden: [-0.38292186  1.24497093 -0.64185987], Gradient_Output: [ 0.11617771 -0.08524623]
2024-12-02 13:41:03,299 -      Epoch 71, Loss: 852.3491671951525, Gradient_Hidden: [-0.37356285  1.23361781 -0.65859389], Gradient_Output: [ 0.10879111 -0.10305705]
2024-12-02 13:41:19,809 -      Epoch 81, Loss: 852.3642139098298, Gradient_Hidden: [-0.36409714  1.22293667 -0.67254284], Gradient_Output: [ 0.10209756 -0.1184722 ]
2024-12-02 13:41:36,203 -      Epoch 91, Loss: 852.3784857532585, Gradient_Hidden: [-0.35459005  1.21285165 -0.68409098], Gradient_Output: [ 0.09603225 -0.13179764]
2024-12-02 13:41:52,731 -      Epoch 101, Loss: 852.3920692519339, Gradient_Hidden: [-0.3450919   1.20329234 -0.69356521], Gradient_Output: [ 0.09053724 -0.14330322]
2024-12-02 13:42:09,369 -      Epoch 111, Loss: 852.4050408075932, Gradient_Hidden: [-0.335642    1.19419693 -0.70124778], Gradient_Output: [ 0.08556031 -0.15322428]
2024-12-02 13:42:25,968 -      Epoch 121, Loss: 852.4174675971568, Gradient_Hidden: [-0.32627111  1.18551195 -0.70738338], Gradient_Output: [ 0.08105429 -0.16176557]
2024-12-02 13:42:42,484 -      Epoch 131, Loss: 852.4294084764191, Gradient_Hidden: [-0.31700331  1.17719123 -0.71218428], Gradient_Output: [ 0.0769765  -0.16910504]
2024-12-02 13:42:58,989 -      Epoch 141, Loss: 852.4409148596276, Gradient_Hidden: [-0.30785733  1.16919491 -0.7158347 ], Gradient_Output: [ 0.07328834 -0.1753974 ]
2024-12-02 13:43:15,519 -      Epoch 151, Loss: 852.4520315534666, Gradient_Hidden: [-0.29884769  1.1614885  -0.71849438], Gradient_Output: [ 0.06995488 -0.18077717]
2024-12-02 13:43:55,843 -      Epoch 161, Loss: 852.462797533107, Gradient_Hidden: [-0.28998548  1.15404215 -0.7203018 ], Gradient_Output: [ 0.06694448 -0.18536131]
2024-12-02 13:44:12,528 -      Epoch 171, Loss: 852.4732466527881, Gradient_Hidden: [-0.28127906  1.14682993 -0.72137693], Gradient_Output: [ 0.06422852 -0.18925157]
2024-12-02 13:44:29,323 -      Epoch 181, Loss: 852.4834082895758, Gradient_Hidden: [-0.2727346   1.1398293  -0.72182368], Gradient_Output: [ 0.06178104 -0.19253644]
2024-12-02 13:44:46,396 -      Epoch 191, Loss: 852.493307920829, Gradient_Hidden: [-0.26435643  1.13302062 -0.72173195], Gradient_Output: [ 0.05957856 -0.19529292]
2024-12-02 13:45:03,046 -      Epoch 201, Loss: 852.5029676383239, Gradient_Hidden: [-0.25614747  1.12638676 -0.72117952], Gradient_Output: [ 0.05759977 -0.19758799]
2024-12-02 13:45:19,628 -      Epoch 211, Loss: 852.5124066030352, Gradient_Hidden: [-0.24810942  1.11991273 -0.72023359], Gradient_Output: [ 0.05582537 -0.19947994]
2024-12-02 13:45:36,195 -      Epoch 221, Loss: 852.5216414454017, Gradient_Hidden: [-0.24024303  1.11358539 -0.71895224], Gradient_Output: [ 0.05423785 -0.20101951]
2024-12-02 13:45:53,238 -      Epoch 231, Loss: 852.5306866159236, Gradient_Hidden: [-0.23254825  1.10739321 -0.71738558], Gradient_Output: [ 0.05282131 -0.20225084]
2024-12-02 13:46:09,782 -      Epoch 241, Loss: 852.5395546909393, Gradient_Hidden: [-0.2250244   1.10132602 -0.71557686], Gradient_Output: [ 0.05156135 -0.20321236]
2024-12-02 13:46:26,723 -      Epoch 251, Loss: 852.5482566385413, Gradient_Hidden: [-0.21767024  1.09537487 -0.71356335], Gradient_Output: [ 0.05044486 -0.20393754]
2024-12-02 13:46:43,486 -      Epoch 261, Loss: 852.5568020489189, Gradient_Hidden: [-0.21048412  1.08953182 -0.71137715], Gradient_Output: [ 0.04945996 -0.20445552]
2024-12-02 13:47:00,341 -      Epoch 271, Loss: 852.5651993334357, Gradient_Hidden: [-0.20346404  1.08378983 -0.70904592], Gradient_Output: [ 0.04859582 -0.20479167]
2024-12-02 13:47:17,051 -      Epoch 281, Loss: 852.573455896133, Gradient_Hidden: [-0.1966077   1.07814262 -0.70659342], Gradient_Output: [ 0.04784262 -0.20496812]
2024-12-02 13:47:33,873 -      Epoch 291, Loss: 852.5815782811579, Gradient_Hidden: [-0.18991258  1.0725846  -0.7040401 ], Gradient_Output: [ 0.04719141 -0.20500414]
2024-12-02 13:47:50,925 -      Epoch 301, Loss: 852.5895722991959, Gradient_Hidden: [-0.18337597  1.06711076 -0.70140349], Gradient_Output: [ 0.04663402 -0.20491655]
2024-12-02 13:48:08,066 -      Epoch 311, Loss: 852.5974431356326, Gradient_Hidden: [-0.17699503  1.06171659 -0.69869867], Gradient_Output: [ 0.04616303 -0.20472   ]
2024-12-02 13:48:25,053 -      Epoch 321, Loss: 852.605195442943, Gradient_Hidden: [-0.17076679  1.05639803 -0.69593853], Gradient_Output: [ 0.04577167 -0.20442731]
2024-12-02 13:48:42,167 -      Epoch 331, Loss: 852.6128334192962, Gradient_Hidden: [-0.16468819  1.05115139 -0.69313415], Gradient_Output: [ 0.04545375 -0.20404965]
2024-12-02 13:48:59,224 -      Epoch 341, Loss: 852.6203608755839, Gradient_Hidden: [-0.15875612  1.04597333 -0.69029498], Gradient_Output: [ 0.0452036 -0.2035968]
2024-12-02 13:49:16,040 -      Epoch 351, Loss: 852.6277812920517, Gradient_Hidden: [-0.15296742  1.04086082 -0.68742913], Gradient_Output: [ 0.04501607 -0.20307732]
2024-12-02 13:49:33,075 -      Epoch 361, Loss: 852.6350978664256, Gradient_Hidden: [-0.1473189   1.03581106 -0.68454349], Gradient_Output: [ 0.04488643 -0.2024987 ]
2024-12-02 13:49:49,954 -      Epoch 371, Loss: 852.6423135546065, Gradient_Hidden: [-0.14180737  1.03082149 -0.68164397], Gradient_Output: [ 0.04481032 -0.20186751]
2024-12-02 13:50:06,695 -      Epoch 381, Loss: 852.6494311048551, Gradient_Hidden: [-0.13642962  1.02588975 -0.6787356 ], Gradient_Output: [ 0.04478378 -0.20118951]
2024-12-02 13:50:23,332 -      Epoch 391, Loss: 852.6564530866576, Gradient_Hidden: [-0.13118245  1.02101368 -0.67582266], Gradient_Output: [ 0.04480315 -0.20046978]
2024-12-02 13:50:40,127 -      Epoch 401, Loss: 852.6633819149906, Gradient_Hidden: [-0.12606269  1.01619123 -0.67290878], Gradient_Output: [ 0.04486507 -0.19971277]
2024-12-02 13:50:57,342 -      Epoch 411, Loss: 852.6702198706726, Gradient_Hidden: [-0.12106718  1.01142054 -0.66999705], Gradient_Output: [ 0.04496645 -0.19892242]
2024-12-02 13:51:14,163 -      Epoch 421, Loss: 852.6769691173456, Gradient_Hidden: [-0.1161928   1.00669984 -0.6670901 ], Gradient_Output: [ 0.04510443 -0.19810221]
2024-12-02 13:51:31,275 -      Epoch 431, Loss: 852.6836317157201, Gradient_Hidden: [-0.11143646  1.0020275  -0.66419015], Gradient_Output: [ 0.04527639 -0.19725521]
2024-12-02 13:51:48,335 -      Epoch 441, Loss: 852.690209635462, Gradient_Hidden: [-0.10679512  0.99740196 -0.66129907], Gradient_Output: [ 0.04547988 -0.19638415]
2024-12-02 13:52:04,967 -      Epoch 451, Loss: 852.6967047650263, Gradient_Hidden: [-0.10226577  0.99282178 -0.65841844], Gradient_Output: [ 0.04571267 -0.19549145]
2024-12-02 13:52:22,073 -      Epoch 461, Loss: 852.7031189199814, Gradient_Hidden: [-0.09784545  0.98828558 -0.6555496 ], Gradient_Output: [ 0.04597266 -0.19457928]
2024-12-02 13:52:38,920 -      Epoch 471, Loss: 852.709453849739, Gradient_Hidden: [-0.09353125  0.98379207 -0.65269366], Gradient_Output: [ 0.04625792 -0.19364957]
2024-12-02 13:52:55,647 -      Epoch 481, Loss: 852.7157112433622, Gradient_Hidden: [-0.08932032  0.97934003 -0.64985157], Gradient_Output: [ 0.04656664 -0.19270404]
2024-12-02 13:53:12,273 -      Epoch 491, Loss: 852.7218927341648, Gradient_Hidden: [-0.08520986  0.97492828 -0.64702411], Gradient_Output: [ 0.04689717 -0.19174425]
2024-12-02 13:53:28,803 -      Epoch 501, Loss: 852.7279999037412, Gradient_Hidden: [-0.08119711  0.97055573 -0.64421193], Gradient_Output: [ 0.04724793 -0.19077159]
2024-12-02 13:53:45,360 -      Epoch 511, Loss: 852.734034285262, Gradient_Hidden: [-0.0772794   0.96622131 -0.64141556], Gradient_Output: [ 0.04761748 -0.18978733]
2024-12-02 13:54:01,904 -      Epoch 521, Loss: 852.73999736608, Gradient_Hidden: [-0.07345408  0.96192402 -0.63863547], Gradient_Output: [ 0.04800444 -0.18879261]
2024-12-02 13:54:18,458 -      Epoch 531, Loss: 852.7458905902162, Gradient_Hidden: [-0.06971857  0.95766291 -0.63587201], Gradient_Output: [ 0.04840756 -0.18778847]
2024-12-02 13:54:35,359 -      Epoch 541, Loss: 852.7517153601416, Gradient_Hidden: [-0.06607037  0.95343706 -0.63312548], Gradient_Output: [ 0.04882565 -0.18677587]
2024-12-02 13:54:52,349 -      Epoch 551, Loss: 852.7574730385898, Gradient_Hidden: [-0.06250701  0.94924558 -0.63039612], Gradient_Output: [ 0.04925757 -0.18575566]
2024-12-02 13:55:09,034 -      Epoch 561, Loss: 852.7631649498777, Gradient_Hidden: [-0.05902608  0.94508765 -0.62768412], Gradient_Output: [ 0.04970229 -0.18472866]
2024-12-02 13:55:25,842 -      Epoch 571, Loss: 852.7687923811781, Gradient_Hidden: [-0.05562525  0.94096245 -0.62498964], Gradient_Output: [ 0.05015883 -0.18369558]
2024-12-02 13:55:42,460 -      Epoch 581, Loss: 852.7743565836599, Gradient_Hidden: [-0.05230223  0.93686921 -0.62231278], Gradient_Output: [ 0.05062624 -0.18265711]
2024-12-02 13:55:59,066 -      Epoch 591, Loss: 852.7798587733902, Gradient_Hidden: [-0.04905479  0.9328072  -0.61965364], Gradient_Output: [ 0.05110367 -0.18161387]
2024-12-02 13:56:15,870 -      Epoch 601, Loss: 852.7853001323411, Gradient_Hidden: [-0.04588077  0.9287757  -0.61701227], Gradient_Output: [ 0.05159028 -0.18056646]
2024-12-02 13:56:32,470 -      Epoch 611, Loss: 852.790681809107, Gradient_Hidden: [-0.04277804  0.92477403 -0.61438872], Gradient_Output: [ 0.05208529 -0.1795154 ]
2024-12-02 13:56:49,051 -      Epoch 621, Loss: 852.7960049198027, Gradient_Hidden: [-0.03974456  0.92080153 -0.61178299], Gradient_Output: [ 0.05258798 -0.17846121]
2024-12-02 13:57:05,646 -      Epoch 631, Loss: 852.8012705486407, Gradient_Hidden: [-0.03677831  0.91685757 -0.60919511], Gradient_Output: [ 0.05309765 -0.17740435]
2024-12-02 13:57:22,231 -      Epoch 641, Loss: 852.8064797488476, Gradient_Hidden: [-0.03387735  0.91294156 -0.60662506], Gradient_Output: [ 0.05361364 -0.17634529]
2024-12-02 13:57:38,804 -      Epoch 651, Loss: 852.8116335431532, Gradient_Hidden: [-0.03103979  0.90905289 -0.60407282], Gradient_Output: [ 0.05413532 -0.17528443]
2024-12-02 13:57:55,395 -      Epoch 661, Loss: 852.8167329246666, Gradient_Hidden: [-0.02826378  0.90519101 -0.60153837], Gradient_Output: [ 0.05466211 -0.17422218]
2024-12-02 13:58:11,959 -      Epoch 671, Loss: 852.8217788573422, Gradient_Hidden: [-0.02554754  0.90135538 -0.59902168], Gradient_Output: [ 0.05519345 -0.1731589 ]
2024-12-02 13:58:28,528 -      Epoch 681, Loss: 852.8267722768287, Gradient_Hidden: [-0.02288933  0.89754548 -0.59652269], Gradient_Output: [ 0.05572881 -0.17209495]
2024-12-02 13:58:45,085 -      Epoch 691, Loss: 852.8317140910061, Gradient_Hidden: [-0.02028745  0.89376081 -0.59404136], Gradient_Output: [ 0.05626768 -0.17103065]
2024-12-02 13:59:01,627 -      Epoch 701, Loss: 852.836605180732, Gradient_Hidden: [-0.01774027  0.89000089 -0.59157764], Gradient_Output: [ 0.05680959 -0.16996634]
2024-12-02 13:59:18,213 -      Epoch 711, Loss: 852.8414464004154, Gradient_Hidden: [-0.01524619  0.88626524 -0.58913147], Gradient_Output: [ 0.05735408 -0.16890232]
2024-12-02 13:59:34,822 -      Epoch 721, Loss: 852.8462385787511, Gradient_Hidden: [-0.01280368  0.88255342 -0.58670279], Gradient_Output: [ 0.05790072 -0.16783886]
2024-12-02 13:59:51,368 -      Epoch 731, Loss: 852.8509825193064, Gradient_Hidden: [-0.01041123  0.87886501 -0.58429153], Gradient_Output: [ 0.0584491  -0.16677625]
2024-12-02 14:00:08,090 -      Epoch 741, Loss: 852.8556790012371, Gradient_Hidden: [-0.00806738  0.87519957 -0.58189763], Gradient_Output: [ 0.05899884 -0.16571474]
2024-12-02 14:12:04,575 -      Epoch 751, Loss: 852.8603287799262, Gradient_Hidden: [-0.00577074  0.87155672 -0.57952101], Gradient_Output: [ 0.05954956 -0.16465458]
2024-12-02 14:12:21,215 -      Epoch 761, Loss: 852.8649325876229, Gradient_Hidden: [-0.00351992  0.86793607 -0.5771616 ], Gradient_Output: [ 0.06010091 -0.16359602]
2024-12-02 14:12:37,856 -      Epoch 771, Loss: 852.8694911339969, Gradient_Hidden: [-0.00131361  0.86433724 -0.57481932], Gradient_Output: [ 0.06065256 -0.16253928]
2024-12-02 14:12:54,916 -      Epoch 781, Loss: 852.8740051069872, Gradient_Hidden: [ 8.49481458e-04  8.60759870e-01 -5.72494109e-01], Gradient_Output: [ 0.06120419 -0.16148457]
2024-12-02 14:13:11,609 -      Epoch 791, Loss: 852.8784751732503, Gradient_Hidden: [ 0.0029706   0.85720362 -0.57018587], Gradient_Output: [ 0.06175549 -0.1604321 ]
2024-12-02 14:13:28,449 -      Epoch 801, Loss: 852.8829019788965, Gradient_Hidden: [ 0.00505095  0.85366815 -0.56789454], Gradient_Output: [ 0.06230619 -0.15938208]
2024-12-02 14:21:39,908 -      Epoch 811, Loss: 852.887286150028, Gradient_Hidden: [ 0.00709171  0.85015315 -0.56562002], Gradient_Output: [ 0.06285601 -0.1583347 ]
2024-12-02 14:21:56,246 -      Epoch 821, Loss: 852.8916282934285, Gradient_Hidden: [ 0.009094    0.84665829 -0.56336223], Gradient_Output: [ 0.06340469 -0.15729013]
2024-12-02 14:22:12,582 -      Epoch 831, Loss: 852.8959289971581, Gradient_Hidden: [ 0.01105893  0.84318329 -0.5611211 ], Gradient_Output: [ 0.06395199 -0.15624854]
2024-12-02 14:22:29,186 -      Epoch 841, Loss: 852.9001888310552, Gradient_Hidden: [ 0.01298756  0.83972784 -0.55889652], Gradient_Output: [ 0.06449766 -0.15521012]
2024-12-02 14:22:45,782 -      Epoch 851, Loss: 852.9044083474894, Gradient_Hidden: [ 0.01488091  0.83629168 -0.55668843], Gradient_Output: [ 0.06504151 -0.15417501]
2024-12-02 14:23:02,579 -      Epoch 861, Loss: 852.9085880817747, Gradient_Hidden: [ 0.01673998  0.83287453 -0.55449672], Gradient_Output: [ 0.0655833  -0.15314337]
2024-12-02 14:23:19,392 -      Epoch 871, Loss: 852.9127285528198, Gradient_Hidden: [ 0.01856574  0.82947613 -0.55232131], Gradient_Output: [ 0.06612286 -0.15211534]
2024-12-02 14:23:35,996 -      Epoch 881, Loss: 852.9168302636774, Gradient_Hidden: [ 0.02035913  0.82609623 -0.5501621 ], Gradient_Output: [ 0.06665998 -0.15109107]
2024-12-02 14:23:52,557 -      Epoch 891, Loss: 852.9208937020302, Gradient_Hidden: [ 0.02212103  0.82273459 -0.54801902], Gradient_Output: [ 0.06719449 -0.15007068]
2024-12-02 14:24:09,129 -      Epoch 901, Loss: 852.9249193408168, Gradient_Hidden: [ 0.02385235  0.81939098 -0.54589196], Gradient_Output: [ 0.06772623 -0.14905431]
2024-12-02 14:24:25,796 -      Epoch 911, Loss: 852.928907638597, Gradient_Hidden: [ 0.02555391  0.81606516 -0.54378084], Gradient_Output: [ 0.06825503 -0.14804207]
2024-12-02 14:24:42,368 -      Epoch 921, Loss: 852.9328590402419, Gradient_Hidden: [ 0.02722653  0.81275692 -0.54168556], Gradient_Output: [ 0.06878075 -0.14703409]
2024-12-02 14:24:58,923 -      Epoch 931, Loss: 852.9367739772282, Gradient_Hidden: [ 0.02887103  0.80946606 -0.53960602], Gradient_Output: [ 0.06930325 -0.14603047]
2024-12-02 14:25:15,449 -      Epoch 941, Loss: 852.9406528682838, Gradient_Hidden: [ 0.03048815  0.80619235 -0.53754214], Gradient_Output: [ 0.06982239 -0.14503132]
2024-12-02 14:25:31,970 -      Epoch 951, Loss: 852.9444961197374, Gradient_Hidden: [ 0.03207864  0.80293562 -0.53549382], Gradient_Output: [ 0.07033805 -0.14403673]
2024-12-02 14:25:48,571 -      Epoch 961, Loss: 852.948304126006, Gradient_Hidden: [ 0.03364322  0.79969566 -0.53346096], Gradient_Output: [ 0.07085011 -0.14304682]
2024-12-02 14:26:05,140 -      Epoch 971, Loss: 852.9520772700434, Gradient_Hidden: [ 0.03518259  0.7964723  -0.53144347], Gradient_Output: [ 0.07135847 -0.14206165]
2024-12-02 14:26:21,741 -      Epoch 981, Loss: 852.9558159237924, Gradient_Hidden: [ 0.03669742  0.79326535 -0.52944124], Gradient_Output: [ 0.07186302 -0.14108134]
2024-12-02 14:26:38,279 -      Epoch 991, Loss: 852.9595204484812, Gradient_Hidden: [ 0.03818836  0.79007464 -0.5274542 ], Gradient_Output: [ 0.07236366 -0.14010594]
2024-12-02 14:26:53,228 - Testing in process
2024-12-02 14:26:53,228 - MSE threshold: 0.05
2024-12-02 14:26:53,413 - Test Accuracy: 96.97%
2024-12-02 14:26:53,413 - Fold 3 completed 

2024-12-02 14:26:53,482 - TrainingSet_shape: (64640, 2), TestingSet_shaape: (16160, 2)
2024-12-02 14:26:53,482 - Fold: 4
2024-12-02 14:26:55,142 -      Epoch 1, Loss: 850.990842562053, Gradient_Hidden: [-0.72318002  4.85371716 -1.77121426], Gradient_Output: [0.12916652 0.70805967]
2024-12-02 14:27:11,874 -      Epoch 11, Loss: 850.7894784680192, Gradient_Hidden: [-0.02588339  0.87118269 -0.65437081], Gradient_Output: [-0.17370109  0.05333625]
2024-12-02 14:27:28,468 -      Epoch 21, Loss: 850.7820942592366, Gradient_Hidden: [ 0.02250826  0.73527187 -0.4769437 ], Gradient_Output: [-0.15468196 -0.0296951 ]
2024-12-02 14:27:45,064 -      Epoch 31, Loss: 850.7771856019539, Gradient_Hidden: [ 0.03899845  0.71257444 -0.4431916 ], Gradient_Output: [-0.13858285 -0.05367698]
2024-12-02 14:28:02,426 -      Epoch 41, Loss: 850.7735587237852, Gradient_Hidden: [ 0.05049299  0.71318292 -0.43679642], Gradient_Output: [-0.12500186 -0.06281519]
2024-12-02 14:28:19,382 -      Epoch 51, Loss: 850.7708915896411, Gradient_Hidden: [ 0.05959437  0.71820444 -0.43673686], Gradient_Output: [-0.11273884 -0.06800633]
2024-12-02 14:28:36,297 -      Epoch 61, Loss: 850.7690081981749, Gradient_Hidden: [ 0.06694413  0.72311301 -0.43801476], Gradient_Output: [-0.10139081 -0.07201075]
2024-12-02 14:28:53,007 -      Epoch 71, Loss: 850.7677809461335, Gradient_Hidden: [ 0.07287966  0.72695806 -0.43939269], Gradient_Output: [-0.09080968 -0.07553267]
2024-12-02 14:29:10,064 -      Epoch 81, Loss: 850.7671080219976, Gradient_Hidden: [ 0.07764449  0.72966708 -0.44057602], Gradient_Output: [-0.08091801 -0.07875582]
2024-12-02 14:29:27,953 -      Epoch 91, Loss: 850.7669054771194, Gradient_Hidden: [ 0.08143534  0.73136462 -0.4415087 ], Gradient_Output: [-0.07165983 -0.08173271]
2024-12-02 14:29:45,001 -      Epoch 101, Loss: 850.7671032242122, Gradient_Hidden: [ 0.08441674  0.73220315 -0.44219453], Gradient_Output: [-0.06298768 -0.08448317]
2024-12-02 14:30:01,939 -      Epoch 111, Loss: 850.7676424011889, Gradient_Hidden: [ 0.08672759  0.73232337 -0.44265162], Gradient_Output: [-0.05485902 -0.08701916]
2024-12-02 14:30:18,817 -      Epoch 121, Loss: 850.7684733858061, Gradient_Hidden: [ 0.08848532  0.73184698 -0.44290068], Gradient_Output: [-0.04723506 -0.0893509 ]
2024-12-02 14:30:35,613 -      Epoch 131, Loss: 850.7695542181616, Gradient_Hidden: [ 0.08978913  0.73087723 -0.442962  ], Gradient_Output: [-0.04008019 -0.09148827]
2024-12-02 14:30:52,225 -      Epoch 141, Loss: 850.7708493206155, Gradient_Hidden: [ 0.09072269  0.72950119 -0.44285465], Gradient_Output: [-0.03336164 -0.09344113]
2024-12-02 14:31:08,830 -      Epoch 151, Loss: 850.7723284490024, Gradient_Hidden: [ 0.09135644  0.72779208 -0.44259631], Gradient_Output: [-0.02704924 -0.09521921]
2024-12-02 14:31:25,458 -      Epoch 161, Loss: 850.7739658284805, Gradient_Hidden: [ 0.09174954  0.72581131 -0.44220322], Gradient_Output: [-0.02111513 -0.09683212]
2024-12-02 14:31:42,075 -      Epoch 171, Loss: 850.7757394384329, Gradient_Hidden: [ 0.09195162  0.72361036 -0.44169027], Gradient_Output: [-0.01553358 -0.09828923]
2024-12-02 14:31:58,634 -      Epoch 181, Loss: 850.7776304190086, Gradient_Hidden: [ 0.09200415  0.72123227 -0.44107101], Gradient_Output: [-0.01028081 -0.09959963]
2024-12-02 14:32:15,212 -      Epoch 191, Loss: 850.7796225767149, Gradient_Hidden: [ 0.09194176  0.718713   -0.44035777], Gradient_Output: [-0.00533481 -0.1007721 ]
2024-12-02 14:32:31,795 -      Epoch 201, Loss: 850.7817019716969, Gradient_Hidden: [ 0.0917932   0.71608249 -0.43956175], Gradient_Output: [-0.00067519 -0.10181509]
2024-12-02 14:32:48,390 -      Epoch 211, Loss: 850.7838565724098, Gradient_Hidden: [ 0.09158232  0.71336564 -0.43869305], Gradient_Output: [ 0.00371694 -0.10273667]
2024-12-02 14:33:04,977 -      Epoch 221, Loss: 850.786075966174, Gradient_Hidden: [ 0.0913288   0.71058314 -0.4377608 ], Gradient_Output: [ 0.0078591  -0.10354453]
2024-12-02 14:33:21,581 -      Epoch 231, Loss: 850.788351115759, Gradient_Hidden: [ 0.09104879  0.70775206 -0.43677323], Gradient_Output: [ 0.01176756 -0.104246  ]
2024-12-02 14:33:38,178 -      Epoch 241, Loss: 850.7906741549153, Gradient_Hidden: [ 0.0907555   0.70488649 -0.43573774], Gradient_Output: [ 0.01545742 -0.10484805]
2024-12-02 14:33:54,760 -      Epoch 251, Loss: 850.7930382159547, Gradient_Hidden: [ 0.09045961  0.70199803 -0.43466096], Gradient_Output: [ 0.01894272 -0.10535725]
2024-12-02 14:34:11,341 -      Epoch 261, Loss: 850.7954372843404, Gradient_Hidden: [ 0.09016975  0.69909614 -0.43354885], Gradient_Output: [ 0.02223652 -0.10577983]
2024-12-02 14:34:27,919 -      Epoch 271, Loss: 850.7978660757811, Gradient_Hidden: [ 0.08989274  0.69618853 -0.43240672], Gradient_Output: [ 0.02535096 -0.10612168]
2024-12-02 14:34:44,484 -      Epoch 281, Loss: 850.8003199325427, Gradient_Hidden: [ 0.08963398  0.69328146 -0.43123934], Gradient_Output: [ 0.02829733 -0.10638833]
2024-12-02 14:35:01,075 -      Epoch 291, Loss: 850.8027947354072, Gradient_Hidden: [ 0.08939759  0.69037992 -0.43005094], Gradient_Output: [ 0.03108618 -0.106585  ]
2024-12-02 14:35:17,684 -      Epoch 301, Loss: 850.8052868292964, Gradient_Hidden: [ 0.08918672  0.68748792 -0.42884529], Gradient_Output: [ 0.0337273  -0.10671659]
2024-12-02 14:35:34,643 -      Epoch 311, Loss: 850.8077929600685, Gradient_Hidden: [ 0.08900363  0.68460861 -0.42762577], Gradient_Output: [ 0.03622984 -0.10678773]
2024-12-02 14:35:51,311 -      Epoch 321, Loss: 850.8103102208078, Gradient_Hidden: [ 0.0888499   0.68174444 -0.42639533], Gradient_Output: [ 0.03860231 -0.10680273]
2024-12-02 14:36:07,961 -      Epoch 331, Loss: 850.8128360063, Gradient_Hidden: [ 0.08872651  0.67889727 -0.42515663], Gradient_Output: [ 0.04085269 -0.10676567]
2024-12-02 14:36:24,616 -      Epoch 341, Loss: 850.8153679741629, Gradient_Hidden: [ 0.08863398  0.67606851 -0.423912  ], Gradient_Output: [ 0.04298838 -0.10668036]
2024-12-02 14:36:41,667 -      Epoch 351, Loss: 850.817904011719, Gradient_Hidden: [ 0.08857245  0.67325914 -0.42266348], Gradient_Output: [ 0.04501632 -0.10655036]
2024-12-02 14:36:58,372 -      Epoch 361, Loss: 850.8204422078124, Gradient_Hidden: [ 0.08854173  0.67046988 -0.4214129 ], Gradient_Output: [ 0.04694298 -0.10637903]
2024-12-02 14:37:15,042 -      Epoch 371, Loss: 850.8229808285225, Gradient_Hidden: [ 0.08854139  0.66770113 -0.42016185], Gradient_Output: [ 0.04877441 -0.10616949]
2024-12-02 14:37:31,707 -      Epoch 381, Loss: 850.8255182965734, Gradient_Hidden: [ 0.0885708   0.66495312 -0.41891173], Gradient_Output: [ 0.05051627 -0.10592468]
2024-12-02 14:37:48,506 -      Epoch 391, Loss: 850.8280531734862, Gradient_Hidden: [ 0.08862918  0.66222592 -0.41766374], Gradient_Output: [ 0.05217383 -0.10564733]
2024-12-02 14:38:06,217 -      Epoch 401, Loss: 850.8305841443047, Gradient_Hidden: [ 0.08871562  0.65951943 -0.41641896], Gradient_Output: [ 0.05375206 -0.10534002]
2024-12-02 14:38:23,216 -      Epoch 411, Loss: 850.8331100043682, Gradient_Hidden: [ 0.08882914  0.65683349 -0.41517831], Gradient_Output: [ 0.05525556 -0.10500513]
2024-12-02 14:38:40,194 -      Epoch 421, Loss: 850.8356296479758, Gradient_Hidden: [ 0.08896868  0.65416783 -0.41394257], Gradient_Output: [ 0.05668867 -0.10464491]
2024-12-02 14:38:57,026 -      Epoch 431, Loss: 850.8381420584765, Gradient_Hidden: [ 0.08913314  0.65152215 -0.41271246], Gradient_Output: [ 0.05805546 -0.10426145]
2024-12-02 14:39:13,599 -      Epoch 441, Loss: 850.8406462995391, Gradient_Hidden: [ 0.08932141  0.64889606 -0.41148854], Gradient_Output: [ 0.05935971 -0.1038567 ]
2024-12-02 14:39:30,244 -      Epoch 451, Loss: 850.8431415078351, Gradient_Hidden: [ 0.08953236  0.6462892  -0.41027132], Gradient_Output: [ 0.06060497 -0.10343249]
2024-12-02 14:39:46,882 -      Epoch 461, Loss: 850.8456268863389, Gradient_Hidden: [ 0.08976487  0.64370113 -0.40906123], Gradient_Output: [ 0.0617946  -0.10299051]
2024-12-02 14:40:03,466 -      Epoch 471, Loss: 850.8481016985437, Gradient_Hidden: [ 0.0900178   0.64113145 -0.40785862], Gradient_Output: [ 0.06293171 -0.10253236]
2024-12-02 14:40:20,062 -      Epoch 481, Loss: 850.8505652633935, Gradient_Hidden: [ 0.09029006  0.63857971 -0.40666379], Gradient_Output: [ 0.06401923 -0.10205952]
2024-12-02 14:40:36,619 -      Epoch 491, Loss: 850.8530169507366, Gradient_Hidden: [ 0.09058058  0.6360455  -0.40547699], Gradient_Output: [ 0.0650599  -0.10157337]
2024-12-02 14:40:53,282 -      Epoch 501, Loss: 850.8554561773524, Gradient_Hidden: [ 0.0908883  0.6335284 -0.4042984], Gradient_Output: [ 0.06605632 -0.1010752 ]
2024-12-02 14:41:09,877 -      Epoch 511, Loss: 850.8578824032633, Gradient_Hidden: [ 0.0912122   0.63102798 -0.4031282 ], Gradient_Output: [ 0.0670109 -0.1005662]
2024-12-02 14:41:26,458 -      Epoch 521, Loss: 850.860295128608, Gradient_Hidden: [ 0.0915513   0.62854384 -0.40196649], Gradient_Output: [ 0.06792591 -0.1000475 ]
2024-12-02 14:41:43,077 -      Epoch 531, Loss: 850.8626938906913, Gradient_Hidden: [ 0.09190464  0.6260756  -0.40081337], Gradient_Output: [ 0.06880349 -0.09952013]
2024-12-02 14:41:59,662 -      Epoch 541, Loss: 850.8650782613909, Gradient_Hidden: [ 0.09227131  0.62362289 -0.3996689 ], Gradient_Output: [ 0.06964563 -0.09898508]
2024-12-02 14:42:16,561 -      Epoch 551, Loss: 850.8674478447001, Gradient_Hidden: [ 0.09265043  0.62118532 -0.39853312], Gradient_Output: [ 0.07045422 -0.09844323]
2024-12-02 14:42:33,496 -      Epoch 561, Loss: 850.8698022746507, Gradient_Hidden: [ 0.09304116  0.61876257 -0.39740605], Gradient_Output: [ 0.07123104 -0.09789544]
2024-12-02 14:42:50,394 -      Epoch 571, Loss: 850.8721412132888, Gradient_Hidden: [ 0.09344269  0.6163543  -0.39628769], Gradient_Output: [ 0.07197773 -0.09734247]
2024-12-02 14:43:07,282 -      Epoch 581, Loss: 850.8744643488342, Gradient_Hidden: [ 0.09385427  0.6139602  -0.39517803], Gradient_Output: [ 0.07269587 -0.09678507]
2024-12-02 14:43:24,097 -      Epoch 591, Loss: 850.8767713940597, Gradient_Hidden: [ 0.09427514  0.61157997 -0.39407703], Gradient_Output: [ 0.07338692 -0.0962239 ]
2024-12-02 14:43:40,867 -      Epoch 601, Loss: 850.8790620846682, Gradient_Hidden: [ 0.09470463  0.60921332 -0.39298467], Gradient_Output: [ 0.07405227 -0.09565959]
2024-12-02 14:43:57,580 -      Epoch 611, Loss: 850.8813361779361, Gradient_Hidden: [ 0.09514207  0.60685999 -0.39190089], Gradient_Output: [ 0.07469321 -0.09509272]
2024-12-02 14:44:14,364 -      Epoch 621, Loss: 850.8835934513593, Gradient_Hidden: [ 0.09558682  0.60451971 -0.39082564], Gradient_Output: [ 0.07531098 -0.09452384]
2024-12-02 14:44:31,129 -      Epoch 631, Loss: 850.8858337013423, Gradient_Hidden: [ 0.09603828  0.60219226 -0.38975886], Gradient_Output: [ 0.07590672 -0.09395345]
2024-12-02 14:44:47,778 -      Epoch 641, Loss: 850.8880567422017, Gradient_Hidden: [ 0.0964959   0.59987739 -0.38870048], Gradient_Output: [ 0.07648152 -0.09338201]
2024-12-02 14:45:04,426 -      Epoch 651, Loss: 850.8902624049655, Gradient_Hidden: [ 0.09695913  0.59757491 -0.38765044], Gradient_Output: [ 0.07703639 -0.09280996]
2024-12-02 14:45:21,050 -      Epoch 661, Loss: 850.8924505363923, Gradient_Hidden: [ 0.09742746  0.59528459 -0.38660866], Gradient_Output: [ 0.07757231 -0.09223769]
2024-12-02 14:45:37,746 -      Epoch 671, Loss: 850.8946209980413, Gradient_Hidden: [ 0.09790042  0.59300626 -0.38557505], Gradient_Output: [ 0.07809018 -0.09166558]
2024-12-02 14:45:54,344 -      Epoch 681, Loss: 850.8967736654188, Gradient_Hidden: [ 0.09837753  0.59073972 -0.38454955], Gradient_Output: [ 0.07859086 -0.09109396]
2024-12-02 14:46:10,942 -      Epoch 691, Loss: 850.8989084271186, Gradient_Hidden: [ 0.09885839  0.58848482 -0.38353208], Gradient_Output: [ 0.07907514 -0.09052315]
2024-12-02 14:46:27,523 -      Epoch 701, Loss: 850.9010251840245, Gradient_Hidden: [ 0.09934256  0.58624138 -0.38252255], Gradient_Output: [ 0.07954379 -0.08995345]
2024-12-02 14:46:44,131 -      Epoch 711, Loss: 850.9031238486355, Gradient_Hidden: [ 0.09982967  0.58400926 -0.38152088], Gradient_Output: [ 0.07999753 -0.08938513]
2024-12-02 14:47:00,788 -      Epoch 721, Loss: 850.9052043442817, Gradient_Hidden: [ 0.10031936  0.58178831 -0.38052699], Gradient_Output: [ 0.08043703 -0.08881842]
2024-12-02 14:47:17,376 -      Epoch 731, Loss: 850.9072666046059, Gradient_Hidden: [ 0.10081128  0.57957839 -0.3795408 ], Gradient_Output: [ 0.08086293 -0.08825357]
2024-12-02 14:47:33,963 -      Epoch 741, Loss: 850.9093105728598, Gradient_Hidden: [ 0.10130511  0.57737938 -0.37856223], Gradient_Output: [ 0.08127583 -0.08769078]
2024-12-02 14:47:50,575 -      Epoch 751, Loss: 850.9113362013424, Gradient_Hidden: [ 0.10180053  0.57519116 -0.37759119], Gradient_Output: [ 0.0816763  -0.08713024]
2024-12-02 14:48:07,200 -      Epoch 761, Loss: 850.9133434508724, Gradient_Hidden: [ 0.10229727  0.5730136  -0.37662761], Gradient_Output: [ 0.08206488 -0.08657214]
2024-12-02 14:48:23,785 -      Epoch 771, Loss: 850.9153322902994, Gradient_Hidden: [ 0.10279505  0.57084661 -0.37567142], Gradient_Output: [ 0.08244208 -0.08601663]
2024-12-02 14:48:40,383 -      Epoch 781, Loss: 850.9173026959555, Gradient_Hidden: [ 0.1032936   0.56869008 -0.37472252], Gradient_Output: [ 0.08280837 -0.08546386]
2024-12-02 14:48:57,136 -      Epoch 791, Loss: 850.9192546513059, Gradient_Hidden: [ 0.1037927   0.5665439  -0.37378085], Gradient_Output: [ 0.0831642  -0.08491397]
2024-12-02 14:49:13,801 -      Epoch 801, Loss: 850.9211881464, Gradient_Hidden: [ 0.10429211  0.564408   -0.37284633], Gradient_Output: [ 0.08351002 -0.08436708]
2024-12-02 14:49:30,423 -      Epoch 811, Loss: 850.9231031775407, Gradient_Hidden: [ 0.10479161  0.56228227 -0.37191889], Gradient_Output: [ 0.08384621 -0.08382331]
2024-12-02 14:49:47,025 -      Epoch 821, Loss: 850.9249997469531, Gradient_Hidden: [ 0.10529101  0.56016663 -0.37099844], Gradient_Output: [ 0.08417317 -0.08328275]
2024-12-02 14:50:03,609 -      Epoch 831, Loss: 850.9268778622654, Gradient_Hidden: [ 0.10579011  0.55806101 -0.37008493], Gradient_Output: [ 0.08449125 -0.0827455 ]
2024-12-02 14:50:20,156 -      Epoch 841, Loss: 850.92873753637, Gradient_Hidden: [ 0.10628874  0.55596532 -0.36917828], Gradient_Output: [ 0.0848008  -0.08221164]
2024-12-02 14:50:36,745 -      Epoch 851, Loss: 850.9305787869177, Gradient_Hidden: [ 0.10678671  0.5538795  -0.36827843], Gradient_Output: [ 0.08510215 -0.08168124]
2024-12-02 14:50:53,343 -      Epoch 861, Loss: 850.9324016361569, Gradient_Hidden: [ 0.10728389  0.55180348 -0.3673853 ], Gradient_Output: [ 0.08539561 -0.08115437]
2024-12-02 14:51:09,940 -      Epoch 871, Loss: 850.9342061106075, Gradient_Hidden: [ 0.10778011  0.54973718 -0.36649882], Gradient_Output: [ 0.08568146 -0.0806311 ]
2024-12-02 14:51:26,606 -      Epoch 881, Loss: 850.9359922407396, Gradient_Hidden: [ 0.10827523  0.54768054 -0.36561894], Gradient_Output: [ 0.08595998 -0.08011146]
2024-12-02 14:51:43,462 -      Epoch 891, Loss: 850.9377600608126, Gradient_Hidden: [ 0.10876913  0.54563351 -0.36474559], Gradient_Output: [ 0.08623144 -0.07959551]
2024-12-02 14:52:00,208 -      Epoch 901, Loss: 850.9395096085859, Gradient_Hidden: [ 0.10926167  0.54359602 -0.3638787 ], Gradient_Output: [ 0.08649608 -0.07908329]
2024-12-02 14:52:16,805 -      Epoch 911, Loss: 850.9412409250632, Gradient_Hidden: [ 0.10975275  0.54156801 -0.36301822], Gradient_Output: [ 0.08675414 -0.07857483]
2024-12-02 14:52:33,677 -      Epoch 921, Loss: 850.9429540544102, Gradient_Hidden: [ 0.11024225  0.53954943 -0.36216409], Gradient_Output: [ 0.08700585 -0.07807016]
2024-12-02 14:52:50,322 -      Epoch 931, Loss: 850.9446490435857, Gradient_Hidden: [ 0.11073006  0.53754023 -0.36131624], Gradient_Output: [ 0.08725141 -0.07756931]
2024-12-02 14:53:06,953 -      Epoch 941, Loss: 850.9463259422779, Gradient_Hidden: [ 0.1112161   0.53554035 -0.36047462], Gradient_Output: [ 0.08749103 -0.07707229]
2024-12-02 14:53:23,592 -      Epoch 951, Loss: 850.9479848027281, Gradient_Hidden: [ 0.11170026  0.53354975 -0.35963916], Gradient_Output: [ 0.0877249  -0.07657912]
2024-12-02 14:53:40,359 -      Epoch 961, Loss: 850.9496256794297, Gradient_Hidden: [ 0.11218247  0.53156837 -0.35880983], Gradient_Output: [ 0.08795321 -0.07608982]
2024-12-02 14:53:57,005 -      Epoch 971, Loss: 850.9512486292097, Gradient_Hidden: [ 0.11266264  0.52959618 -0.35798655], Gradient_Output: [ 0.08817613 -0.07560439]
2024-12-02 14:54:13,641 -      Epoch 981, Loss: 850.9528537108179, Gradient_Hidden: [ 0.1131407   0.52763311 -0.35716928], Gradient_Output: [ 0.08839382 -0.07512284]
2024-12-02 14:54:30,223 -      Epoch 991, Loss: 850.9544409850106, Gradient_Hidden: [ 0.11361657  0.52567913 -0.35635796], Gradient_Output: [ 0.08860645 -0.07464517]
2024-12-02 14:54:45,146 - Testing in process
2024-12-02 14:54:45,147 - MSE threshold: 0.05
2024-12-02 14:54:45,360 - Test Accuracy: 96.97%
2024-12-02 14:54:45,361 - Fold 4 completed 

2024-12-02 14:54:45,430 - TrainingSet_shape: (64640, 2), TestingSet_shaape: (16160, 2)
2024-12-02 14:54:45,430 - Fold: 5
2024-12-02 14:54:47,088 -      Epoch 1, Loss: 852.7407015143434, Gradient_Hidden: [ 1.93861397 -1.73888765 -1.58879216], Gradient_Output: [ 1.22209529 -1.19972414]
2024-12-02 14:55:03,703 -      Epoch 11, Loss: 852.8726439186547, Gradient_Hidden: [ 0.25647156  0.58409895 -0.25077492], Gradient_Output: [ 0.28694208 -0.24141196]
2024-12-02 14:55:20,394 -      Epoch 21, Loss: 852.8784178933887, Gradient_Hidden: [ 0.24485491  0.67480272 -0.34197568], Gradient_Output: [ 0.26316265 -0.17996865]
2024-12-02 14:55:37,203 -      Epoch 31, Loss: 852.8835897568779, Gradient_Hidden: [ 0.22587663  0.67972505 -0.36661656], Gradient_Output: [ 0.2481014  -0.15842683]
2024-12-02 14:55:54,182 -      Epoch 41, Loss: 852.8882303743737, Gradient_Hidden: [ 0.2095891   0.66737486 -0.37246981], Gradient_Output: [ 0.23555781 -0.14774286]
2024-12-02 14:56:10,795 -      Epoch 51, Loss: 852.8924404268638, Gradient_Hidden: [ 0.19574525  0.65243133 -0.37340688], Gradient_Output: [ 0.22440347 -0.14040828]
2024-12-02 14:56:27,550 -      Epoch 61, Loss: 852.8962810663857, Gradient_Hidden: [ 0.18393158  0.63835979 -0.37309321], Gradient_Output: [ 0.2142944  -0.13441047]
2024-12-02 14:56:44,315 -      Epoch 71, Loss: 852.8997981055761, Gradient_Hidden: [ 0.17383619  0.62582615 -0.37247078], Gradient_Output: [ 0.20507531 -0.1291649 ]
2024-12-02 14:57:01,113 -      Epoch 81, Loss: 852.9030306007846, Gradient_Hidden: [ 0.16520866  0.61480887 -0.37177623], Gradient_Output: [ 0.19664618 -0.12446544]
2024-12-02 14:57:17,908 -      Epoch 91, Loss: 852.9060131377104, Gradient_Hidden: [ 0.15783988  0.60513769 -0.37106606], Gradient_Output: [ 0.18892788 -0.1202122 ]
2024-12-02 14:57:34,675 -      Epoch 101, Loss: 852.9087764800827, Gradient_Hidden: [ 0.15155253  0.59662839 -0.37035189], Gradient_Output: [ 0.18185253 -0.11633992]
2024-12-02 14:57:51,304 -      Epoch 111, Loss: 852.9113478731414, Gradient_Hidden: [ 0.14619533  0.58911387 -0.36963493], Gradient_Output: [ 0.17536027 -0.11279834]
2024-12-02 14:58:07,932 -      Epoch 121, Loss: 852.9137513068018, Gradient_Hidden: [ 0.14163888  0.58244906 -0.36891458], Gradient_Output: [ 0.16939778 -0.10954613]
2024-12-02 14:58:24,565 -      Epoch 131, Loss: 852.9160077918546, Gradient_Hidden: [ 0.13777223  0.57650957 -0.36819032], Gradient_Output: [ 0.16391735 -0.10654847]
2024-12-02 14:58:41,455 -      Epoch 141, Loss: 852.9181356461418, Gradient_Hidden: [ 0.13450014  0.57118913 -0.3674621 ], Gradient_Output: [ 0.15887617 -0.1037758 ]
2024-12-02 14:58:58,323 -      Epoch 151, Loss: 852.9201507785737, Gradient_Hidden: [ 0.13174074  0.56639698 -0.36673019], Gradient_Output: [ 0.15423578 -0.10120283]
2024-12-02 14:59:15,182 -      Epoch 161, Loss: 852.9220669618269, Gradient_Hidden: [ 0.1294236   0.56205567 -0.36599513], Gradient_Output: [ 0.1499615  -0.09880791]
2024-12-02 14:59:32,128 -      Epoch 171, Loss: 852.9238960871667, Gradient_Hidden: [ 0.12748804  0.55809907 -0.36525761], Gradient_Output: [ 0.14602206 -0.0965724 ]
2024-12-02 14:59:48,773 -      Epoch 181, Loss: 852.9256483981839, Gradient_Hidden: [ 0.12588177  0.55447071 -0.36451836], Gradient_Output: [ 0.14238917 -0.09448018]
2024-12-02 15:00:05,385 -      Epoch 191, Loss: 852.9273327023999, Gradient_Hidden: [ 0.12455967  0.55112242 -0.36377816], Gradient_Output: [ 0.13903722 -0.09251728]
2024-12-02 15:00:22,171 -      Epoch 201, Loss: 852.928956560441, Gradient_Hidden: [ 0.12348279  0.54801306 -0.36303774], Gradient_Output: [ 0.13594301 -0.09067156]
2024-12-02 15:00:38,949 -      Epoch 211, Loss: 852.930526453851, Gradient_Hidden: [ 0.12261748  0.5451075  -0.36229777], Gradient_Output: [ 0.13308545 -0.08893237]
2024-12-02 15:00:55,526 -      Epoch 221, Loss: 852.932047933197, Gradient_Hidden: [ 0.12193468  0.54237581 -0.36155889], Gradient_Output: [ 0.13044536 -0.08729039]
2024-12-02 15:01:12,120 -      Epoch 231, Loss: 852.9335257475876, Gradient_Hidden: [ 0.12140922  0.53979242 -0.36082165], Gradient_Output: [ 0.12800527 -0.08573737]
2024-12-02 15:01:28,734 -      Epoch 241, Loss: 852.9349639578795, Gradient_Hidden: [ 0.12101937  0.53733554 -0.36008654], Gradient_Output: [ 0.12574929 -0.08426603]
2024-12-02 15:01:45,531 -      Epoch 251, Loss: 852.9363660348228, Gradient_Hidden: [ 0.1207463   0.53498659 -0.35935396], Gradient_Output: [ 0.12366286 -0.08286988]
2024-12-02 15:02:02,400 -      Epoch 261, Loss: 852.937734944272, Gradient_Hidden: [ 0.12057372  0.53272975 -0.35862428], Gradient_Output: [ 0.12173272 -0.08154314]
2024-12-02 15:02:19,146 -      Epoch 271, Loss: 852.9390732206326, Gradient_Hidden: [ 0.12048753  0.53055155 -0.35789778], Gradient_Output: [ 0.11994673 -0.08028061]
2024-12-02 15:02:35,746 -      Epoch 281, Loss: 852.9403830303047, Gradient_Hidden: [ 0.1204755   0.52844052 -0.3571747 ], Gradient_Output: [ 0.11829375 -0.07907762]
2024-12-02 15:02:52,330 -      Epoch 291, Loss: 852.9416662259621, Gradient_Hidden: [ 0.12052707  0.52638691 -0.35645524], Gradient_Output: [ 0.11676359 -0.07792993]
2024-12-02 15:03:08,946 -      Epoch 301, Loss: 852.9429243934546, Gradient_Hidden: [ 0.12063306  0.52438243 -0.35573953], Gradient_Output: [ 0.1153469  -0.07683371]
2024-12-02 15:03:25,570 -      Epoch 311, Loss: 852.9441588917035, Gradient_Hidden: [ 0.12078554  0.52242007 -0.3550277 ], Gradient_Output: [ 0.11403509 -0.07578548]
2024-12-02 15:03:42,182 -      Epoch 321, Loss: 852.945370886927, Gradient_Hidden: [ 0.12097763  0.52049387 -0.35431983], Gradient_Output: [ 0.11282026 -0.07478204]
2024-12-02 15:03:58,822 -      Epoch 331, Loss: 852.9465613819351, Gradient_Hidden: [ 0.12120338  0.51859877 -0.35361598], Gradient_Output: [ 0.11169514 -0.07382048]
2024-12-02 15:04:15,713 -      Epoch 341, Loss: 852.9477312408856, Gradient_Hidden: [ 0.12145763  0.51673051 -0.35291618], Gradient_Output: [ 0.11065306 -0.07289811]
2024-12-02 15:04:32,533 -      Epoch 351, Loss: 852.9488812107046, Gradient_Hidden: [ 0.12173592  0.51488549 -0.35222046], Gradient_Output: [ 0.10968785 -0.07201247]
2024-12-02 15:04:49,153 -      Epoch 361, Loss: 852.9500119389173, Gradient_Hidden: [ 0.12203438  0.51306067 -0.35152883], Gradient_Output: [ 0.10879383 -0.07116127]
2024-12-02 15:05:06,018 -      Epoch 371, Loss: 852.9511239890841, Gradient_Hidden: [ 0.12234967  0.5112535  -0.35084129], Gradient_Output: [ 0.10796577 -0.07034242]
2024-12-02 15:05:22,631 -      Epoch 381, Loss: 852.9522178537522, Gradient_Hidden: [ 0.12267891  0.50946183 -0.35015782], Gradient_Output: [ 0.10719883 -0.06955397]
2024-12-02 15:05:39,264 -      Epoch 391, Loss: 852.9532939654622, Gradient_Hidden: [ 0.12301959  0.50768388 -0.34947841], Gradient_Output: [ 0.10648855 -0.06879409]
2024-12-02 15:05:55,903 -      Epoch 401, Loss: 852.9543527060856, Gradient_Hidden: [ 0.12336955  0.50591814 -0.34880304], Gradient_Output: [ 0.10583079 -0.06806111]
2024-12-02 15:06:12,504 -      Epoch 411, Loss: 852.9553944147139, Gradient_Hidden: [ 0.12372694  0.50416337 -0.3481317 ], Gradient_Output: [ 0.10522173 -0.06735347]
2024-12-02 15:06:29,061 -      Epoch 421, Loss: 852.9564193941609, Gradient_Hidden: [ 0.12409016  0.50241853 -0.34746435], Gradient_Output: [ 0.10465786 -0.06666971]
2024-12-02 15:06:45,632 -      Epoch 431, Loss: 852.9574279168419, Gradient_Hidden: [ 0.12445781  0.50068278 -0.34680099], Gradient_Output: [ 0.10413589 -0.06600846]
2024-12-02 15:07:02,219 -      Epoch 441, Loss: 852.9584202292449, Gradient_Hidden: [ 0.12482872  0.4989554  -0.34614157], Gradient_Output: [ 0.1036528  -0.06536845]
2024-12-02 15:07:18,792 -      Epoch 451, Loss: 852.9593965560354, Gradient_Hidden: [ 0.12520185  0.49723584 -0.34548609], Gradient_Output: [ 0.10320579 -0.06474851]
2024-12-02 15:07:35,370 -      Epoch 461, Loss: 852.9603571033294, Gradient_Hidden: [ 0.12557634  0.49552363 -0.34483452], Gradient_Output: [ 0.10279225 -0.06414752]
2024-12-02 15:07:51,950 -      Epoch 471, Loss: 852.9613020615541, Gradient_Hidden: [ 0.12595143  0.4938184  -0.34418684], Gradient_Output: [ 0.10240978 -0.06356445]
2024-12-02 15:08:08,516 -      Epoch 481, Loss: 852.9622316077863, Gradient_Hidden: [ 0.12632649  0.49211985 -0.34354303], Gradient_Output: [ 0.10205614 -0.06299832]
2024-12-02 15:08:25,089 -      Epoch 491, Loss: 852.963145907708, Gradient_Hidden: [ 0.12670097  0.49042774 -0.34290308], Gradient_Output: [ 0.10172926 -0.06244822]
2024-12-02 15:08:41,751 -      Epoch 501, Loss: 852.9640451172593, Gradient_Hidden: [ 0.12707441  0.48874191 -0.34226697], Gradient_Output: [ 0.1014272  -0.06191332]
2024-12-02 15:08:58,392 -      Epoch 511, Loss: 852.9649293840502, Gradient_Hidden: [ 0.12744641  0.48706222 -0.3416347 ], Gradient_Output: [ 0.10114818 -0.0613928 ]
2024-12-02 15:09:14,951 -      Epoch 521, Loss: 852.9657988484753, Gradient_Hidden: [ 0.12781664  0.48538856 -0.34100624], Gradient_Output: [ 0.10089054 -0.06088592]
2024-12-02 15:09:31,517 -      Epoch 531, Loss: 852.966653644666, Gradient_Hidden: [ 0.12818483  0.48372088 -0.34038159], Gradient_Output: [ 0.10065273 -0.06039198]
2024-12-02 15:09:48,092 -      Epoch 541, Loss: 852.9674939014047, Gradient_Hidden: [ 0.12855074  0.48205912 -0.33976074], Gradient_Output: [ 0.10043332 -0.05991032]
2024-12-02 15:10:04,688 -      Epoch 551, Loss: 852.9683197426614, Gradient_Hidden: [ 0.12891418  0.48040327 -0.33914367], Gradient_Output: [ 0.10023098 -0.05944032]
2024-12-02 15:10:21,268 -      Epoch 561, Loss: 852.9691312882665, Gradient_Hidden: [ 0.129275    0.47875331 -0.33853039], Gradient_Output: [ 0.10004447 -0.05898141]
2024-12-02 15:10:37,850 -      Epoch 571, Loss: 852.9699286542688, Gradient_Hidden: [ 0.12963306  0.47710924 -0.33792088], Gradient_Output: [ 0.09987263 -0.05853304]
2024-12-02 15:10:54,468 -      Epoch 581, Loss: 852.9707119534654, Gradient_Hidden: [ 0.12998825  0.47547109 -0.33731514], Gradient_Output: [ 0.0997144 -0.0580947]
2024-12-02 15:11:11,075 -      Epoch 591, Loss: 852.9714812956387, Gradient_Hidden: [ 0.13034051  0.47383888 -0.33671316], Gradient_Output: [ 0.09956877 -0.05766592]
2024-12-02 15:11:27,725 -      Epoch 601, Loss: 852.9722367878904, Gradient_Hidden: [ 0.13068975  0.47221262 -0.33611494], Gradient_Output: [ 0.09943481 -0.05724623]
2024-12-02 15:11:44,335 -      Epoch 611, Loss: 852.9729785348067, Gradient_Hidden: [ 0.13103594  0.47059236 -0.33552047], Gradient_Output: [ 0.09931167 -0.05683523]
2024-12-02 15:12:00,929 -      Epoch 621, Loss: 852.9737066387357, Gradient_Hidden: [ 0.13137903  0.46897812 -0.33492975], Gradient_Output: [ 0.09919853 -0.0564325 ]
2024-12-02 15:12:17,518 -      Epoch 631, Loss: 852.9744211999314, Gradient_Hidden: [ 0.13171901  0.46736994 -0.33434276], Gradient_Output: [ 0.09909465 -0.05603769]
2024-12-02 15:12:34,105 -      Epoch 641, Loss: 852.9751223166744, Gradient_Hidden: [ 0.13205586  0.46576785 -0.33375951], Gradient_Output: [ 0.09899934 -0.05565043]
2024-12-02 15:12:50,812 -      Epoch 651, Loss: 852.9758100854278, Gradient_Hidden: [ 0.13238957  0.4641719  -0.33317998], Gradient_Output: [ 0.09891193 -0.0552704 ]
2024-12-02 15:13:07,573 -      Epoch 661, Loss: 852.976484600951, Gradient_Hidden: [ 0.13272014  0.46258212 -0.33260417], Gradient_Output: [ 0.09883184 -0.05489729]
2024-12-02 15:13:24,364 -      Epoch 671, Loss: 852.9771459563684, Gradient_Hidden: [ 0.13304758  0.46099853 -0.33203208], Gradient_Output: [ 0.09875849 -0.05453081]
2024-12-02 15:13:41,011 -      Epoch 681, Loss: 852.9777942432694, Gradient_Hidden: [ 0.13337189  0.45942118 -0.33146369], Gradient_Output: [ 0.09869136 -0.05417067]
2024-12-02 15:13:57,668 -      Epoch 691, Loss: 852.978429551799, Gradient_Hidden: [ 0.1336931   0.45785009 -0.330899  ], Gradient_Output: [ 0.09862997 -0.05381663]
2024-12-02 15:14:14,416 -      Epoch 701, Loss: 852.9790519706916, Gradient_Hidden: [ 0.13401123  0.45628529 -0.33033799], Gradient_Output: [ 0.09857385 -0.05346844]
2024-12-02 15:14:31,065 -      Epoch 711, Loss: 852.9796615873989, Gradient_Hidden: [ 0.13432628  0.45472681 -0.32978067], Gradient_Output: [ 0.09852259 -0.05312587]
2024-12-02 15:14:47,687 -      Epoch 721, Loss: 852.9802584880524, Gradient_Hidden: [ 0.13463828  0.45317468 -0.32922701], Gradient_Output: [ 0.09847579 -0.0527887 ]
2024-12-02 15:16:16,272 -      Epoch 731, Loss: 852.980842757596, Gradient_Hidden: [ 0.13494725  0.45162891 -0.32867701], Gradient_Output: [ 0.09843308 -0.05245674]
2024-12-02 15:16:32,991 -      Epoch 741, Loss: 852.9814144798212, Gradient_Hidden: [ 0.13525323  0.45008952 -0.32813066], Gradient_Output: [ 0.09839412 -0.05212979]
2024-12-02 15:16:49,600 -      Epoch 751, Loss: 852.9819737373807, Gradient_Hidden: [ 0.13555623  0.44855654 -0.32758795], Gradient_Output: [ 0.09835859 -0.05180766]
2024-12-02 15:17:06,211 -      Epoch 761, Loss: 852.9825206118699, Gradient_Hidden: [ 0.13585628  0.44702998 -0.32704886], Gradient_Output: [ 0.0983262 -0.0514902]
2024-12-02 15:17:22,789 -      Epoch 771, Loss: 852.9830551838338, Gradient_Hidden: [ 0.1361534   0.44550985 -0.32651338], Gradient_Output: [ 0.09829666 -0.05117723]
2024-12-02 15:17:39,352 -      Epoch 781, Loss: 852.98357753282, Gradient_Hidden: [ 0.13644763  0.44399616 -0.32598149], Gradient_Output: [ 0.09826973 -0.05086862]
2024-12-02 15:17:55,929 -      Epoch 791, Loss: 852.984087737481, Gradient_Hidden: [ 0.13673898  0.44248893 -0.32545319], Gradient_Output: [ 0.09824515 -0.0505642 ]
2024-12-02 15:18:12,527 -      Epoch 801, Loss: 852.9845858755065, Gradient_Hidden: [ 0.13702749  0.44098815 -0.32492845], Gradient_Output: [ 0.09822271 -0.05026386]
2024-12-02 15:18:29,127 -      Epoch 811, Loss: 852.9850720237287, Gradient_Hidden: [ 0.13731317  0.43949384 -0.32440727], Gradient_Output: [ 0.0982022  -0.04996746]
2024-12-02 15:18:45,693 -      Epoch 821, Loss: 852.98554625805, Gradient_Hidden: [ 0.13759606  0.438006   -0.32388962], Gradient_Output: [ 0.09818342 -0.04967488]
2024-12-02 15:19:02,292 -      Epoch 831, Loss: 852.9860086537465, Gradient_Hidden: [ 0.13787617  0.43652462 -0.3233755 ], Gradient_Output: [ 0.09816619 -0.04938601]
2024-12-02 15:19:18,867 -      Epoch 841, Loss: 852.9864592851097, Gradient_Hidden: [ 0.13815354  0.43504971 -0.32286487], Gradient_Output: [ 0.09815035 -0.04910073]
2024-12-02 15:19:35,456 -      Epoch 851, Loss: 852.9868982258255, Gradient_Hidden: [ 0.13842819  0.43358127 -0.32235774], Gradient_Output: [ 0.09813574 -0.04881896]
2024-12-02 15:19:52,036 -      Epoch 861, Loss: 852.9873255487826, Gradient_Hidden: [ 0.13870013  0.43211928 -0.32185407], Gradient_Output: [ 0.09812221 -0.04854058]
2024-12-02 15:20:08,629 -      Epoch 871, Loss: 852.9877413261921, Gradient_Hidden: [ 0.13896939  0.43066376 -0.32135384], Gradient_Output: [ 0.09810964 -0.04826551]
2024-12-02 15:20:25,215 -      Epoch 881, Loss: 852.9881456296374, Gradient_Hidden: [ 0.139236    0.42921468 -0.32085705], Gradient_Output: [ 0.09809788 -0.04799366]
2024-12-02 15:20:41,799 -      Epoch 891, Loss: 852.9885385300122, Gradient_Hidden: [ 0.13949998  0.42777205 -0.32036368], Gradient_Output: [ 0.09808683 -0.04772495]
2024-12-02 15:20:58,372 -      Epoch 901, Loss: 852.9889200976077, Gradient_Hidden: [ 0.13976134  0.42633584 -0.31987369], Gradient_Output: [ 0.09807638 -0.0474593 ]
2024-12-02 15:21:15,184 -      Epoch 911, Loss: 852.9892904021441, Gradient_Hidden: [ 0.1400201   0.42490606 -0.31938708], Gradient_Output: [ 0.09806642 -0.04719664]
2024-12-02 15:21:31,825 -      Epoch 921, Loss: 852.9896495127924, Gradient_Hidden: [ 0.14027629  0.4234827  -0.31890382], Gradient_Output: [ 0.09805686 -0.04693689]
2024-12-02 15:21:48,478 -      Epoch 931, Loss: 852.9899974981114, Gradient_Hidden: [ 0.14052993  0.42206572 -0.31842389], Gradient_Output: [ 0.09804762 -0.04667999]
2024-12-02 15:22:05,159 -      Epoch 941, Loss: 852.9903344262154, Gradient_Hidden: [ 0.14078103  0.42065514 -0.31794727], Gradient_Output: [ 0.09803861 -0.04642588]
2024-12-02 15:22:21,857 -      Epoch 951, Loss: 852.9906603646334, Gradient_Hidden: [ 0.14102961  0.41925092 -0.31747395], Gradient_Output: [ 0.09802976 -0.04617448]
2024-12-02 15:22:38,534 -      Epoch 961, Loss: 852.9909753805027, Gradient_Hidden: [ 0.14127569  0.41785306 -0.31700389], Gradient_Output: [ 0.098021   -0.04592575]
2024-12-02 15:22:55,217 -      Epoch 971, Loss: 852.9912795404085, Gradient_Hidden: [ 0.14151928  0.41646153 -0.31653709], Gradient_Output: [ 0.09801226 -0.04567963]
2024-12-02 15:23:11,882 -      Epoch 981, Loss: 852.9915729105394, Gradient_Hidden: [ 0.14176041  0.41507633 -0.31607351], Gradient_Output: [ 0.09800348 -0.04543607]
2024-12-02 15:23:28,505 -      Epoch 991, Loss: 852.991855556652, Gradient_Hidden: [ 0.14199909  0.41369743 -0.31561314], Gradient_Output: [ 0.09799461 -0.04519501]
2024-12-02 15:23:43,505 - Testing in process
2024-12-02 15:23:43,505 - MSE threshold: 0.05
2024-12-02 15:23:43,690 - Test Accuracy: 97.17%
2024-12-02 15:23:43,690 - Fold 5 completed 

2024-12-02 15:23:43,758 - Cross-validation finished


