2024-12-02 11:17:58,162 - Data_shape: (80800, 4)
2024-12-02 11:17:58,162 - Network: learning rate=0.02, momentum=0.55, min_gradient=1e-5
2024-12-02 11:17:58,162 - Training in process
2024-12-02 11:17:58,162 - n_splits=5, random_state=3
2024-12-02 11:17:58,165 - TrainingSet_shape: (64640, 2), TestingSet_shaape: (16160, 2)
2024-12-02 11:17:58,165 - Fold: 1
2024-12-02 11:17:59,825 -      Epoch 1, Loss: 1246.855669790492, Gradient_Hidden: [ 26.43902301   2.27238807 -57.35657561], Gradient_Output: [ -0.46573448 -24.84981727]
2024-12-02 11:18:01,504 -      Epoch 2, Loss: 966.8151406648245, Gradient_Hidden: [  9.03332357 -12.16826227 -17.69282141], Gradient_Output: [-5.61813757 -5.55210009]
2024-12-02 11:18:03,173 -      Epoch 3, Loss: 934.724577324373, Gradient_Hidden: [-15.12708838 -10.35937312 -27.51591375], Gradient_Output: [  2.2463408  -13.36835411]
2024-12-02 11:18:04,829 -      Epoch 4, Loss: 916.00632784079, Gradient_Hidden: [-12.25048663 -16.37544966 -28.88809548], Gradient_Output: [  2.49330699 -12.89631538]
2024-12-02 11:18:06,483 -      Epoch 5, Loss: 905.5811664626879, Gradient_Hidden: [ -9.42804755 -13.18403929 -23.78770692], Gradient_Output: [ 0.99256963 -8.36335587]
2024-12-02 11:18:08,140 -      Epoch 6, Loss: 900.9352696999829, Gradient_Hidden: [ -6.77712198  -7.53430927 -17.27693648], Gradient_Output: [ 1.1507775 -4.9904111]
2024-12-02 11:18:09,799 -      Epoch 7, Loss: 896.8307756088747, Gradient_Hidden: [ -4.57771863  -3.48906289 -13.23123375], Gradient_Output: [ 1.68217142 -3.49438223]
2024-12-02 11:18:11,456 -      Epoch 8, Loss: 891.1983864982974, Gradient_Hidden: [ -2.78756824  -0.92007175 -12.50832661], Gradient_Output: [ 1.9129544  -2.54175199]
2024-12-02 11:18:13,197 -      Epoch 9, Loss: 884.5267201816108, Gradient_Hidden: [ -1.31122063   0.95094667 -13.89148936], Gradient_Output: [ 1.97029549 -1.71719933]
2024-12-02 11:18:14,858 -      Epoch 10, Loss: 877.6092722239325, Gradient_Hidden: [ -0.32903016   2.3711309  -14.70283797], Gradient_Output: [ 2.04188389 -1.53371639]
2024-12-02 11:18:16,514 -      Epoch 11, Loss: 870.8795509474146, Gradient_Hidden: [  0.25300755   3.1404928  -14.22327693], Gradient_Output: [ 1.89950302 -1.81840364]
2024-12-02 11:18:18,171 -      Epoch 12, Loss: 864.8063721938528, Gradient_Hidden: [  0.66422506   3.22463279 -13.07266407], Gradient_Output: [ 1.43061838 -2.13002984]
2024-12-02 11:18:19,832 -      Epoch 13, Loss: 859.7572705482646, Gradient_Hidden: [  1.00574514   2.83148764 -11.70450412], Gradient_Output: [ 0.779367   -2.25331123]
2024-12-02 11:18:21,490 -      Epoch 14, Loss: 855.8500438747614, Gradient_Hidden: [  1.30316671   2.21300732 -10.33715237], Gradient_Output: [ 0.1310874  -2.16441199]
2024-12-02 11:18:23,145 -      Epoch 15, Loss: 852.9949310080259, Gradient_Hidden: [ 1.56559948  1.56202917 -9.07178251], Gradient_Output: [-0.40017752 -1.92897478]
2024-12-02 11:18:24,812 -      Epoch 16, Loss: 851.0003971745921, Gradient_Hidden: [ 1.79822537  0.99356361 -7.94964794], Gradient_Output: [-0.77628388 -1.6267982 ]
2024-12-02 11:18:26,469 -      Epoch 17, Loss: 849.6558408993775, Gradient_Hidden: [ 2.00221508  0.55848132 -6.97971072], Gradient_Output: [-1.00591941 -1.31829611]
2024-12-02 11:18:28,154 -      Epoch 18, Loss: 848.7750607094231, Gradient_Hidden: [ 2.17593556  0.26501009 -6.15368625], Gradient_Output: [-1.11807432 -1.03849952]
2024-12-02 11:18:29,811 -      Epoch 19, Loss: 848.2111361245054, Gradient_Hidden: [ 2.31734595  0.09812704 -5.45517734], Gradient_Output: [-1.14572644 -0.80232595]
2024-12-02 11:18:31,469 -      Epoch 20, Loss: 847.8560207768617, Gradient_Hidden: [ 2.42569008  0.03347751 -4.86528566], Gradient_Output: [-1.11791927 -0.61204053]
2024-12-02 11:18:33,127 -      Epoch 21, Loss: 847.6339668301248, Gradient_Hidden: [ 2.50201746  0.04577796 -4.36575849], Gradient_Output: [-1.05704992 -0.46338372]
2024-12-02 11:18:34,782 -      Epoch 22, Loss: 847.493667130018, Gradient_Hidden: [ 2.54892159  0.11301083 -3.94045422], Gradient_Output: [-0.97888172 -0.34960888]
2024-12-02 11:18:36,439 -      Epoch 23, Loss: 847.4012449761939, Gradient_Hidden: [ 2.56998262  0.21791521 -3.57578391], Gradient_Output: [-0.89369828 -0.2637397 ]
2024-12-02 11:18:38,098 -      Epoch 24, Loss: 847.3347472569365, Gradient_Hidden: [ 2.56921971  0.34799037 -3.26061677], Gradient_Output: [-0.80771952 -0.19961488]
2024-12-02 11:18:39,781 -      Epoch 25, Loss: 847.2801220154267, Gradient_Hidden: [ 2.55067712  0.49483663 -2.98596052], Gradient_Output: [-0.72436777 -0.15222425]
2024-12-02 11:18:41,437 -      Epoch 26, Loss: 847.2284145307281, Gradient_Hidden: [ 2.5181609   0.65331875 -2.7445876 ], Gradient_Output: [-0.6452459  -0.11768922]
2024-12-02 11:18:43,132 -      Epoch 27, Loss: 847.1738723531611, Gradient_Hidden: [ 2.47509851  0.82079537 -2.53068681], Gradient_Output: [-0.57082618 -0.09309995]
2024-12-02 11:18:44,788 -      Epoch 28, Loss: 847.1126884595221, Gradient_Hidden: [ 2.42448439  0.99651113 -2.33956885], Gradient_Output: [-0.50090246 -0.07632057]
2024-12-02 11:18:46,444 -      Epoch 29, Loss: 847.0421731317431, Gradient_Hidden: [ 2.36887981  1.18116973 -2.16742949], Gradient_Output: [-0.43486801 -0.06581191]
2024-12-02 11:18:48,103 -      Epoch 30, Loss: 846.9602033099305, Gradient_Hidden: [ 2.31044346  1.37667371 -2.01116467], Gradient_Output: [-0.37187209 -0.06048795]
2024-12-02 11:18:49,759 -      Epoch 31, Loss: 846.8648441856983, Gradient_Hidden: [ 2.25097727  1.58600818 -1.8682292 ], Gradient_Output: [-0.31089467 -0.05960629]
2024-12-02 11:18:51,418 -      Epoch 32, Loss: 846.7540706726579, Gradient_Hidden: [ 2.1919776   1.81324994 -1.73653219], Gradient_Output: [-0.25076471 -0.06268685]
2024-12-02 11:18:53,073 -      Epoch 33, Loss: 846.6255380313128, Gradient_Hidden: [ 2.13468575  2.06369199 -1.61436477], Gradient_Output: [-0.19013682 -0.0694507 ]
2024-12-02 11:18:54,729 -      Epoch 34, Loss: 846.4763638205368, Gradient_Hidden: [ 2.08013418  2.34408224 -1.50035905], Gradient_Output: [-0.12743262 -0.07977019]
2024-12-02 11:18:56,388 -      Epoch 35, Loss: 846.3028896573978, Gradient_Hidden: [ 2.02918618  2.66298187 -1.39348166], Gradient_Output: [-0.06074709 -0.09361945]
2024-12-02 11:18:58,043 -      Epoch 36, Loss: 846.1003926631719, Gradient_Hidden: [ 1.98256731  3.03124715 -1.29307122], Gradient_Output: [ 0.01228399 -0.11101005]
2024-12-02 11:18:59,702 -      Epoch 37, Loss: 845.86271449019, Gradient_Hidden: [ 1.94088741  3.46261932 -1.19893732], Gradient_Output: [ 0.09466034 -0.13188682]
2024-12-02 11:19:01,361 -      Epoch 38, Loss: 845.5817727931338, Gradient_Hidden: [ 1.90465194  3.9743463  -1.1115495 ], Gradient_Output: [ 0.19023648 -0.15594111]
2024-12-02 11:19:03,022 -      Epoch 39, Loss: 845.2469210667454, Gradient_Hidden: [ 1.87426463  4.58761048 -1.0323551 ], Gradient_Output: [ 0.30396246 -0.18226909]
2024-12-02 11:19:04,681 -      Epoch 40, Loss: 844.8441396277564, Gradient_Hidden: [ 1.85003133  5.32721765 -0.96426371], Gradient_Output: [ 0.44207105 -0.20876224]
2024-12-02 11:19:06,341 -      Epoch 41, Loss: 844.3550962862164, Gradient_Hidden: [ 1.832201    6.21941881 -0.91228711], Gradient_Output: [ 0.61202658 -0.23109034]
2024-12-02 11:19:08,002 -      Epoch 42, Loss: 843.7562413688721, Gradient_Hidden: [ 1.82114251  7.28596411 -0.8841543 ], Gradient_Output: [ 0.82187934 -0.24121464]
2024-12-02 11:19:09,661 -      Epoch 43, Loss: 843.0182922290284, Gradient_Hidden: [ 1.81788446  8.53235691 -0.89034842], Gradient_Output: [ 1.07855636 -0.22576731]
2024-12-02 11:19:11,316 -      Epoch 44, Loss: 842.1065259780131, Gradient_Hidden: [ 1.82540682  9.93129487 -0.94258719], Gradient_Output: [ 1.38498846 -0.16557669]
2024-12-02 11:19:12,967 -      Epoch 45, Loss: 840.9817283032797, Gradient_Hidden: [ 1.8509711  11.41122261 -1.05015532], Gradient_Output: [ 1.73736114 -0.0385478 ]
2024-12-02 11:19:14,620 -      Epoch 46, Loss: 839.600313517476, Gradient_Hidden: [ 1.90870066 12.8680567  -1.21578248], Gradient_Output: [2.12517892 0.17339565]
2024-12-02 11:19:16,272 -      Epoch 47, Loss: 837.9121615011353, Gradient_Hidden: [ 2.01962411 14.20251177 -1.43483761], Gradient_Output: [2.53446296 0.47781404]
2024-12-02 11:19:17,927 -      Epoch 48, Loss: 835.8587019503731, Gradient_Hidden: [ 2.20650639 15.34858134 -1.69828067], Gradient_Output: [2.94863277 0.87161544]
2024-12-02 11:19:19,593 -      Epoch 49, Loss: 833.3772629195962, Gradient_Hidden: [ 2.48513015 16.26496106 -1.99482728], Gradient_Output: [3.34326407 1.34386606]
2024-12-02 11:19:21,246 -      Epoch 50, Loss: 830.4144572668598, Gradient_Hidden: [ 2.85627612 16.9150552  -2.31100253], Gradient_Output: [3.68119877 1.8729515 ]
2024-12-02 11:19:22,903 -      Epoch 51, Loss: 826.946514604654, Gradient_Hidden: [ 3.30030903 17.26743307 -2.63249908], Gradient_Output: [3.91698168 2.4197789 ]
2024-12-02 11:19:24,557 -      Epoch 52, Loss: 823.0018573562937, Gradient_Hidden: [ 3.77623933 17.30995131 -2.94744925], Gradient_Output: [4.01126544 2.92716479]
2024-12-02 11:19:26,206 -      Epoch 53, Loss: 818.6768800511283, Gradient_Hidden: [ 4.22875811 17.05818376 -3.24852626], Gradient_Output: [3.94724005 3.33109874]
2024-12-02 11:19:27,853 -      Epoch 54, Loss: 814.1334413404609, Gradient_Hidden: [ 4.60256434 16.55111695 -3.53173773], Gradient_Output: [3.73834086 3.57950846]
2024-12-02 11:19:29,527 -      Epoch 55, Loss: 809.5737726101186, Gradient_Hidden: [ 4.85678998 15.83953067 -3.79318999], Gradient_Output: [3.42221668 3.64774634]
2024-12-02 11:19:31,184 -      Epoch 56, Loss: 805.2019357140463, Gradient_Hidden: [ 4.97247472 14.97621228 -4.02686454], Gradient_Output: [3.04597836 3.5426982 ]
2024-12-02 11:19:32,838 -      Epoch 57, Loss: 801.1880740491946, Gradient_Hidden: [ 4.95213045 14.01188166 -4.22494045], Gradient_Output: [2.65224872 3.29591941]
2024-12-02 11:19:34,492 -      Epoch 58, Loss: 797.6470842202252, Gradient_Hidden: [ 4.81468731 12.99432227 -4.37984191], Gradient_Output: [2.27178602 2.95189507]
2024-12-02 11:19:36,142 -      Epoch 59, Loss: 794.6339059230738, Gradient_Hidden: [ 4.58887927 11.96725222 -4.48644089], Gradient_Output: [1.92258109 2.55710322]
2024-12-02 11:19:37,792 -      Epoch 60, Loss: 792.151346263992, Gradient_Hidden: [ 4.30660703 10.96809839 -4.5434017 ], Gradient_Output: [1.61251769 2.15241151]
2024-12-02 11:19:39,445 -      Epoch 61, Loss: 790.1645533574743, Gradient_Hidden: [ 3.99729939 10.02577297 -4.55336736], Gradient_Output: [1.3429231  1.76901453]
2024-12-02 11:19:41,101 -      Epoch 62, Loss: 788.61683832873, Gradient_Hidden: [ 3.68422434  9.15960463 -4.52217336], Gradient_Output: [1.11157351 1.42726089]
2024-12-02 11:19:42,756 -      Epoch 63, Loss: 787.4431186794047, Gradient_Hidden: [ 3.38315474  8.37975845 -4.45754238], Gradient_Output: [0.91472091 1.13753725]
2024-12-02 11:19:44,407 -      Epoch 64, Loss: 786.5792355537832, Gradient_Hidden: [ 3.10297023  7.68878067 -4.36774977], Gradient_Output: [0.74823522 0.90234488]
2024-12-02 11:19:46,057 -      Epoch 65, Loss: 785.9671468083811, Gradient_Hidden: [ 2.84729935  7.08365017 -4.26059294], Gradient_Output: [0.60813721 0.7187739 ]
2024-12-02 11:19:47,707 -      Epoch 66, Loss: 785.556997088962, Gradient_Hidden: [ 2.61636118  6.55780478 -4.14277897], Gradient_Output: [0.49079006 0.58078813]
2024-12-02 11:19:49,359 -      Epoch 67, Loss: 785.3072820508023, Gradient_Hidden: [ 2.40850572  6.10283073 -4.01968353], Gradient_Output: [0.39293625 0.48100993]
2024-12-02 11:19:51,009 -      Epoch 68, Loss: 785.1840794889874, Gradient_Hidden: [ 2.2212887   5.70970663 -3.89536579], Gradient_Output: [0.31168173 0.41193356]
2024-12-02 11:19:52,658 -      Epoch 69, Loss: 785.1599566901195, Gradient_Hidden: [ 2.05211947  5.36962449 -3.77272381], Gradient_Output: [0.24447024 0.36664033]
2024-12-02 11:19:54,309 -      Epoch 70, Loss: 785.2128669179197, Gradient_Hidden: [ 1.89859572  5.07446872 -3.65370492], Gradient_Output: [0.1890598  0.33914404]
2024-12-02 11:19:55,958 -      Epoch 71, Loss: 785.3251636201137, Gradient_Hidden: [ 1.75863958  4.81704754 -3.53951876], Gradient_Output: [0.14350138 0.32449384]
2024-12-02 11:19:57,608 -      Epoch 72, Loss: 785.4827664495466, Gradient_Hidden: [ 1.63052231  4.59115994 -3.43082692], Gradient_Output: [0.10611733 0.3187355 ]
2024-12-02 11:19:59,261 -      Epoch 73, Loss: 785.674472959224, Gradient_Hidden: [ 1.51283451  4.39156315 -3.32789951], Gradient_Output: [0.07547821 0.31880142]
2024-12-02 11:20:00,915 -      Epoch 74, Loss: 785.8913967299553, Gradient_Hidden: [ 1.40443539  4.21388648 -3.23073805], Gradient_Output: [0.05037774 0.32237398]
2024-12-02 11:20:02,566 -      Epoch 75, Loss: 786.1265110153953, Gradient_Hidden: [ 1.3043989   4.05452206 -3.13916848], Gradient_Output: [0.02980696 0.32774764]
2024-12-02 11:20:04,217 -      Epoch 76, Loss: 786.3742791748235, Gradient_Hidden: [ 1.21196492  3.91051117 -3.05290929], Gradient_Output: [0.01292839 0.33370298]
2024-12-02 11:20:05,869 -      Epoch 77, Loss: 786.6303561258611, Gradient_Hidden: [ 1.1264988   3.77943683 -2.97162019], Gradient_Output: [-0.00094854  0.33939819]
2024-12-02 11:20:07,522 -      Epoch 78, Loss: 786.8913477711254, Gradient_Hidden: [ 1.04745945  3.65932785 -2.89493577], Gradient_Output: [-0.0123901   0.34427906]
2024-12-02 11:20:09,179 -      Epoch 79, Loss: 787.1546176308003, Gradient_Hidden: [ 0.97437507  3.54857624 -2.82248799], Gradient_Output: [-0.02185861  0.34800645]
2024-12-02 11:20:10,833 -      Epoch 80, Loss: 787.4181317893223, Gradient_Hidden: [ 0.90682542  3.44586794 -2.75392061], Gradient_Output: [-0.02973016  0.3503989 ]
2024-12-02 11:20:12,488 -      Epoch 81, Loss: 787.6803348221057, Gradient_Hidden: [ 0.84442896  3.35012566 -2.68889782], Gradient_Output: [-0.03630977  0.35138818]
2024-12-02 11:20:14,140 -      Epoch 82, Loss: 787.9400506754955, Gradient_Hidden: [ 0.78683393  3.26046255 -2.62710883], Gradient_Output: [-0.04184431  0.35098521]
2024-12-02 11:20:15,792 -      Epoch 83, Loss: 788.1964035752444, Gradient_Hidden: [ 0.73371221  3.17614478 -2.56826981], Gradient_Output: [-0.04653316  0.34925439]
2024-12-02 11:20:17,444 -      Epoch 84, Loss: 788.4487549618983, Gradient_Hidden: [ 0.68475525  3.09656164 -2.51212391], Gradient_Output: [-0.05053713  0.34629441]
2024-12-02 11:20:19,095 -      Epoch 85, Loss: 788.6966532239899, Gradient_Hidden: [ 0.63967138  3.02120172 -2.45844032], Gradient_Output: [-0.05398568  0.34222421]
2024-12-02 11:20:20,770 -      Epoch 86, Loss: 788.9397936353228, Gradient_Hidden: [ 0.59818415  2.94963393 -2.40701255], Gradient_Output: [-0.05698293  0.33717271]
2024-12-02 11:20:22,418 -      Epoch 87, Loss: 789.1779864229792, Gradient_Hidden: [ 0.56003132  2.8814925  -2.35765641], Gradient_Output: [-0.05961245  0.33127162]
2024-12-02 11:20:24,068 -      Epoch 88, Loss: 789.4111313139816, Gradient_Hidden: [ 0.52496421  2.81646491 -2.31020795], Gradient_Output: [-0.06194125  0.32465036]
2024-12-02 11:20:25,722 -      Epoch 89, Loss: 789.6391972467945, Gradient_Hidden: [ 0.49274737  2.75428238 -2.2645213 ], Gradient_Output: [-0.0640229   0.31743262]
2024-12-02 11:20:27,373 -      Epoch 90, Loss: 789.8622062035976, Gradient_Hidden: [ 0.46315834  2.69471223 -2.2204667 ], Gradient_Output: [-0.06590016  0.30973422]
2024-12-02 11:20:29,030 -      Epoch 91, Loss: 790.0802203342643, Gradient_Hidden: [ 0.43598745  2.6375517  -2.17792858], Gradient_Output: [-0.06760708  0.30166181]
2024-12-02 11:20:30,685 -      Epoch 92, Loss: 790.2933317128105, Gradient_Hidden: [ 0.41103766  2.58262303 -2.13680395], Gradient_Output: [-0.06917068  0.29331221]
2024-12-02 11:20:32,336 -      Epoch 93, Loss: 790.5016542014636, Gradient_Hidden: [ 0.38812434  2.52976942 -2.0970008 ], Gradient_Output: [-0.07061233  0.28477224]
2024-12-02 11:20:33,986 -      Epoch 94, Loss: 790.7053170040284, Gradient_Hidden: [ 0.367075    2.47885178 -2.0584368 ], Gradient_Output: [-0.07194889  0.27611885]
2024-12-02 11:20:35,637 -      Epoch 95, Loss: 790.9044595747026, Gradient_Hidden: [ 0.34772899  2.42974604 -2.02103807], Gradient_Output: [-0.0731936   0.26741951]
2024-12-02 11:20:37,291 -      Epoch 96, Loss: 791.0992276144398, Gradient_Hidden: [ 0.32993714  2.38234095 -1.98473818], Gradient_Output: [-0.07435682  0.25873273]
2024-12-02 11:20:38,942 -      Epoch 97, Loss: 791.2897699412014, Gradient_Hidden: [ 0.31356134  2.33653628 -1.94947717], Gradient_Output: [-0.07544661  0.25010867]
2024-12-02 11:20:40,593 -      Epoch 98, Loss: 791.4762360616862, Gradient_Hidden: [ 0.29847406  2.29224126 -1.91520081], Gradient_Output: [-0.07646927  0.24158978]
2024-12-02 11:20:42,244 -      Epoch 99, Loss: 791.6587743061302, Gradient_Hidden: [ 0.28455789  2.24937339 -1.88185986], Gradient_Output: [-0.07742964  0.23321153]
2024-12-02 11:20:43,897 -      Epoch 100, Loss: 791.837530415125, Gradient_Hidden: [ 0.271705    2.2078573  -1.84940948], Gradient_Output: [-0.07833151  0.22500306]
2024-12-02 11:20:43,897 - Testing in process
2024-12-02 11:20:43,897 - MSE threshold: 0.05
2024-12-02 11:20:44,081 - Test Accuracy: 95.45%
2024-12-02 11:20:44,081 - Fold 1 completed 

2024-12-02 11:20:44,150 - TrainingSet_shape: (64640, 2), TestingSet_shaape: (16160, 2)
2024-12-02 11:20:44,150 - Fold: 2
2024-12-02 11:20:45,799 -      Epoch 1, Loss: 792.7517377527448, Gradient_Hidden: [ 0.28959776  1.69431036 -2.08574218], Gradient_Output: [-0.03811597  0.15889942]
2024-12-02 11:20:47,450 -      Epoch 2, Loss: 793.1334821685933, Gradient_Hidden: [ 0.16145548  2.18044279 -1.66967799], Gradient_Output: [-0.12483705  0.35189487]
2024-12-02 11:20:49,098 -      Epoch 3, Loss: 793.3769738086519, Gradient_Hidden: [ 0.2166288   2.13758329 -1.61935592], Gradient_Output: [-0.12103908  0.29895629]
2024-12-02 11:20:50,752 -      Epoch 4, Loss: 793.5997290957229, Gradient_Hidden: [ 0.24448216  2.09479832 -1.5791577 ], Gradient_Output: [-0.11762091  0.25761494]
2024-12-02 11:20:52,402 -      Epoch 5, Loss: 793.8072301167628, Gradient_Hidden: [ 0.25731528  2.05358039 -1.54527676], Gradient_Output: [-0.11428423  0.22568257]
2024-12-02 11:20:54,054 -      Epoch 6, Loss: 794.0029042281666, Gradient_Hidden: [ 0.26179002  2.01438339 -1.51551446], Gradient_Output: [-0.11097689  0.20103152]
2024-12-02 11:20:55,702 -      Epoch 7, Loss: 794.1889985742687, Gradient_Hidden: [ 0.261584    1.97718159 -1.48853034], Gradient_Output: [-0.10773192  0.18185945]
2024-12-02 11:20:57,357 -      Epoch 8, Loss: 794.3670589708889, Gradient_Hidden: [ 0.25876309  1.94177995 -1.46348707], Gradient_Output: [-0.10460041  0.16674423]
2024-12-02 11:20:59,136 -      Epoch 9, Loss: 794.5381983921712, Gradient_Hidden: [ 0.25450493  1.90794949 -1.43985069], Gradient_Output: [-0.10162642  0.15460855]
2024-12-02 11:21:00,789 -      Epoch 10, Loss: 794.7032524506909, Gradient_Hidden: [ 0.24948895  1.8754805  -1.4172745 ], Gradient_Output: [-0.09883995  0.14465675]
2024-12-02 11:21:02,441 -      Epoch 11, Loss: 794.862872236286, Gradient_Hidden: [ 0.24411044  1.84419868 -1.39552973], Gradient_Output: [-0.09625706  0.13631091]
2024-12-02 11:21:04,092 -      Epoch 12, Loss: 795.0175814338588, Gradient_Hidden: [ 0.23860015  1.81396548 -1.37446316], Gradient_Output: [-0.09388257  0.12915568]
2024-12-02 11:21:05,745 -      Epoch 13, Loss: 795.1678125239982, Gradient_Hidden: [ 0.23309214  1.78467296 -1.35397067], Gradient_Output: [-0.09171305  0.12289452]
2024-12-02 11:21:07,402 -      Epoch 14, Loss: 795.3139304185559, Gradient_Hidden: [ 0.22766297  1.7562373  -1.33398038], Gradient_Output: [-0.08973953  0.11731633]
2024-12-02 11:21:09,054 -      Epoch 15, Loss: 795.4562483569408, Gradient_Hidden: [ 0.22235467  1.72859288 -1.31444188], Gradient_Output: [-0.08794967  0.11227079]
2024-12-02 11:21:10,726 -      Epoch 16, Loss: 795.595038916708, Gradient_Hidden: [ 0.21718841  1.7016875  -1.29531902], Gradient_Output: [-0.08632929  0.10765047]
2024-12-02 11:21:12,377 -      Epoch 17, Loss: 795.7305418637371, Gradient_Hidden: [ 0.21217277  1.67547874 -1.27658532], Gradient_Output: [-0.08486351  0.10337809]
2024-12-02 11:21:14,029 -      Epoch 18, Loss: 795.862969908839, Gradient_Hidden: [ 0.20730882  1.64993122 -1.25822076], Gradient_Output: [-0.08353749  0.09939741]
2024-12-02 11:21:15,684 -      Epoch 19, Loss: 795.9925130441537, Gradient_Hidden: [ 0.20259326  1.62501465 -1.24020978], Gradient_Output: [-0.08233692  0.09566697]
2024-12-02 11:21:17,339 -      Epoch 20, Loss: 796.1193418938466, Gradient_Hidden: [ 0.19802034  1.60070252 -1.22253977], Gradient_Output: [-0.08124828  0.09215559]
2024-12-02 11:21:18,995 -      Epoch 21, Loss: 796.243610364831, Gradient_Hidden: [ 0.1935831   1.57697107 -1.20520023], Gradient_Output: [-0.08025901  0.0888393 ]
2024-12-02 11:21:20,651 -      Epoch 22, Loss: 796.3654577892605, Gradient_Hidden: [ 0.18927409  1.55379868 -1.18818202], Gradient_Output: [-0.07935761  0.08569923]
2024-12-02 11:21:22,305 -      Epoch 23, Loss: 796.4850106893068, Gradient_Hidden: [ 0.18508589  1.53116536 -1.171477  ], Gradient_Output: [-0.0785336   0.08272014]
2024-12-02 11:21:23,962 -      Epoch 24, Loss: 796.6023842555926, Gradient_Hidden: [ 0.1810113   1.50905249 -1.15507774], Gradient_Output: [-0.07777749  0.07988937]
2024-12-02 11:21:25,612 -      Epoch 25, Loss: 796.7176836032914, Gradient_Hidden: [ 0.17704356  1.48744253 -1.13897726], Gradient_Output: [-0.07708079  0.07719618]
2024-12-02 11:21:27,265 -      Epoch 26, Loss: 796.8310048524454, Gradient_Hidden: [ 0.17317636  1.46631888 -1.12316896], Gradient_Output: [-0.07643587  0.07463122]
2024-12-02 11:21:28,921 -      Epoch 27, Loss: 796.9424360661761, Gradient_Hidden: [ 0.16940392  1.4456658  -1.1076465 ], Gradient_Output: [-0.07583593  0.07218622]
2024-12-02 11:21:30,574 -      Epoch 28, Loss: 797.0520580725647, Gradient_Hidden: [ 0.16572098  1.42546826 -1.09240376], Gradient_Output: [-0.07527495  0.06985378]
2024-12-02 11:21:32,229 -      Epoch 29, Loss: 797.1599451888206, Gradient_Hidden: [ 0.16212271  1.40571193 -1.07743477], Gradient_Output: [-0.07474756  0.06762715]
2024-12-02 11:21:33,881 -      Epoch 30, Loss: 797.2661658632442, Gradient_Hidden: [ 0.15860478  1.38638309 -1.06273374], Gradient_Output: [-0.07424905  0.06550014]
2024-12-02 11:21:35,534 -      Epoch 31, Loss: 797.3707832463456, Gradient_Hidden: [ 0.15516326  1.3674686  -1.04829497], Gradient_Output: [-0.07377524  0.06346706]
2024-12-02 11:21:37,190 -      Epoch 32, Loss: 797.4738557008269, Gradient_Hidden: [ 0.15179456  1.34895588 -1.0341129 ], Gradient_Output: [-0.07332247  0.06152259]
2024-12-02 11:21:38,845 -      Epoch 33, Loss: 797.5754372579585, Gradient_Hidden: [ 0.14849548  1.33083283 -1.02018209], Gradient_Output: [-0.07288752  0.05966181]
2024-12-02 11:21:40,502 -      Epoch 34, Loss: 797.6755780270337, Gradient_Hidden: [ 0.14526309  1.31308785 -1.00649718], Gradient_Output: [-0.07246758  0.0578801 ]
2024-12-02 11:21:42,152 -      Epoch 35, Loss: 797.7743245630186, Gradient_Hidden: [ 0.14209473  1.29570981 -0.99305295], Gradient_Output: [-0.07206019  0.05617317]
2024-12-02 11:21:43,795 -      Epoch 36, Loss: 797.8717201973257, Gradient_Hidden: [ 0.13898798  1.27868797 -0.97984425], Gradient_Output: [-0.07166323  0.05453697]
2024-12-02 11:21:45,441 -      Epoch 37, Loss: 797.9678053355104, Gradient_Hidden: [ 0.13594065  1.26201205 -0.96686606], Gradient_Output: [-0.07127483  0.05296772]
2024-12-02 11:21:47,087 -      Epoch 38, Loss: 798.0626177255409, Gradient_Hidden: [ 0.1329507   1.24567213 -0.95411345], Gradient_Output: [-0.07089342  0.05146186]
2024-12-02 11:21:48,735 -      Epoch 39, Loss: 798.1561926994515, Gradient_Hidden: [ 0.13001628  1.22965866 -0.94158159], Gradient_Output: [-0.07051761  0.05001605]
2024-12-02 11:21:50,409 -      Epoch 40, Loss: 798.2485633914316, Gradient_Hidden: [ 0.12713568  1.21396247 -0.92926575], Gradient_Output: [-0.07014622  0.04862717]
2024-12-02 11:21:52,058 -      Epoch 41, Loss: 798.3397609345061, Gradient_Hidden: [ 0.12430732  1.19857469 -0.91716131], Gradient_Output: [-0.06977827  0.04729227]
2024-12-02 11:21:53,701 -      Epoch 42, Loss: 798.4298146379878, Gradient_Hidden: [ 0.12152972  1.18348681 -0.90526373], Gradient_Output: [-0.0694129   0.04600859]
2024-12-02 11:21:55,346 -      Epoch 43, Loss: 798.5187521477005, Gradient_Hidden: [ 0.11880151  1.16869059 -0.89356859], Gradient_Output: [-0.06904941  0.04477352]
2024-12-02 11:21:56,998 -      Epoch 44, Loss: 798.6065995905965, Gradient_Hidden: [ 0.11612141  1.15417811 -0.88207156], Gradient_Output: [-0.0686872   0.04358461]
2024-12-02 11:21:58,650 -      Epoch 45, Loss: 798.6933817053734, Gradient_Hidden: [ 0.11348821  1.13994171 -0.87076839], Gradient_Output: [-0.06832579  0.04243957]
2024-12-02 11:22:00,323 -      Epoch 46, Loss: 798.7791219604529, Gradient_Hidden: [ 0.11090078  1.12597403 -0.85965496], Gradient_Output: [-0.06796478  0.04133623]
2024-12-02 11:22:01,975 -      Epoch 47, Loss: 798.8638426606196, Gradient_Hidden: [ 0.10835803  1.11226791 -0.84872721], Gradient_Output: [-0.06760386  0.04027256]
2024-12-02 11:22:03,625 -      Epoch 48, Loss: 798.9475650432192, Gradient_Hidden: [ 0.10585893  1.0988165  -0.8379812 ], Gradient_Output: [-0.06724278  0.03924663]
2024-12-02 11:22:05,269 -      Epoch 49, Loss: 799.0303093653532, Gradient_Hidden: [ 0.10340253  1.08561313 -0.82741305], Gradient_Output: [-0.06688136  0.03825663]
2024-12-02 11:22:06,914 -      Epoch 50, Loss: 799.1120949824513, Gradient_Hidden: [ 0.10098788  1.07265138 -0.817019  ], Gradient_Output: [-0.06651946  0.03730087]
2024-12-02 11:22:08,558 -      Epoch 51, Loss: 799.1929404196583, Gradient_Hidden: [ 0.09861409  1.05992504 -0.80679536], Gradient_Output: [-0.066157    0.03637774]
2024-12-02 11:22:10,206 -      Epoch 52, Loss: 799.2728634359937, Gradient_Hidden: [ 0.0962803   1.04742811 -0.79673854], Gradient_Output: [-0.06579391  0.03548573]
2024-12-02 11:22:11,857 -      Epoch 53, Loss: 799.3518810828567, Gradient_Hidden: [ 0.09398568  1.03515479 -0.78684502], Gradient_Output: [-0.06543019  0.0346234 ]
2024-12-02 11:22:13,503 -      Epoch 54, Loss: 799.4300097566729, Gradient_Hidden: [ 0.09172945  1.02309945 -0.77711137], Gradient_Output: [-0.06506583  0.03378942]
2024-12-02 11:22:15,149 -      Epoch 55, Loss: 799.5072652468027, Gradient_Hidden: [ 0.08951082  1.01125667 -0.76753426], Gradient_Output: [-0.06470087  0.03298251]
2024-12-02 11:22:16,799 -      Epoch 56, Loss: 799.5836627787759, Gradient_Hidden: [ 0.08732905  0.99962118 -0.7581104 ], Gradient_Output: [-0.06433536  0.03220147]
2024-12-02 11:22:18,455 -      Epoch 57, Loss: 799.6592170536616, Gradient_Hidden: [ 0.08518342  0.98818789 -0.74883661], Gradient_Output: [-0.06396937  0.03144516]
2024-12-02 11:22:20,109 -      Epoch 58, Loss: 799.7339422836402, Gradient_Hidden: [ 0.08307321  0.97695187 -0.73970979], Gradient_Output: [-0.06360298  0.03071252]
2024-12-02 11:22:21,757 -      Epoch 59, Loss: 799.8078522244589, Gradient_Hidden: [ 0.08099775  0.96590834 -0.73072688], Gradient_Output: [-0.06323626  0.03000252]
2024-12-02 11:22:23,408 -      Epoch 60, Loss: 799.8809602047884, Gradient_Hidden: [ 0.07895636  0.95505269 -0.72188494], Gradient_Output: [-0.06286933  0.02931421]
2024-12-02 11:22:25,061 -      Epoch 61, Loss: 799.953279153003, Gradient_Hidden: [ 0.0769484   0.94438043 -0.71318105], Gradient_Output: [-0.06250227  0.02864667]
2024-12-02 11:22:26,711 -      Epoch 62, Loss: 800.0248216214565, Gradient_Hidden: [ 0.07497322  0.9338872  -0.70461242], Gradient_Output: [-0.06213521  0.02799905]
2024-12-02 11:22:28,363 -      Epoch 63, Loss: 800.0955998087695, Gradient_Hidden: [ 0.07303021  0.92356881 -0.69617627], Gradient_Output: [-0.06176824  0.02737053]
2024-12-02 11:22:30,014 -      Epoch 64, Loss: 800.1656255798941, Gradient_Hidden: [ 0.07111877  0.91342116 -0.68786992], Gradient_Output: [-0.06140148  0.02676033]
2024-12-02 11:22:31,667 -      Epoch 65, Loss: 800.2349104847549, Gradient_Hidden: [ 0.06923829  0.9034403  -0.67969074], Gradient_Output: [-0.06103504  0.02616772]
2024-12-02 11:22:33,318 -      Epoch 66, Loss: 800.3034657749319, Gradient_Hidden: [ 0.06738821  0.89362239 -0.67163619], Gradient_Output: [-0.06066903  0.02559201]
2024-12-02 11:22:34,966 -      Epoch 67, Loss: 800.371302419223, Gradient_Hidden: [ 0.06556795  0.88396369 -0.66370375], Gradient_Output: [-0.06030356  0.02503253]
2024-12-02 11:22:36,616 -      Epoch 68, Loss: 800.4384311177685, Gradient_Hidden: [ 0.06377696  0.87446059 -0.655891  ], Gradient_Output: [-0.05993873  0.02448865]
2024-12-02 11:22:38,262 -      Epoch 69, Loss: 800.504862314964, Gradient_Hidden: [ 0.06201469  0.86510958 -0.64819555], Gradient_Output: [-0.05957466  0.02395977]
2024-12-02 11:22:39,915 -      Epoch 70, Loss: 800.5706062114417, Gradient_Hidden: [ 0.06028062  0.85590725 -0.64061509], Gradient_Output: [-0.05921144  0.02344533]
2024-12-02 11:22:41,564 -      Epoch 71, Loss: 800.6356727749707, Gradient_Hidden: [ 0.05857422  0.84685029 -0.63314733], Gradient_Output: [-0.05884917  0.02294478]
2024-12-02 11:22:43,214 -      Epoch 72, Loss: 800.7000717507041, Gradient_Hidden: [ 0.05689498  0.83793548 -0.62579009], Gradient_Output: [-0.05848795  0.02245762]
2024-12-02 11:22:44,863 -      Epoch 73, Loss: 800.7638126703254, Gradient_Hidden: [ 0.05524241  0.82915971 -0.61854119], Gradient_Output: [-0.05812786  0.02198334]
2024-12-02 11:22:46,514 -      Epoch 74, Loss: 800.8269048608116, Gradient_Hidden: [ 0.05361602  0.82051995 -0.61139853], Gradient_Output: [-0.05776901  0.02152148]
2024-12-02 11:22:48,167 -      Epoch 75, Loss: 800.8893574524171, Gradient_Hidden: [ 0.05201532  0.81201323 -0.60436005], Gradient_Output: [-0.05741146  0.0210716 ]
2024-12-02 11:22:49,822 -      Epoch 76, Loss: 800.9511793860594, Gradient_Hidden: [ 0.05043985  0.8036367  -0.59742375], Gradient_Output: [-0.0570553   0.02063327]
2024-12-02 11:22:51,494 -      Epoch 77, Loss: 801.0123794202211, Gradient_Hidden: [ 0.04888914  0.79538758 -0.59058766], Gradient_Output: [-0.05670061  0.02020608]
2024-12-02 11:22:53,149 -      Epoch 78, Loss: 801.0729661374027, Gradient_Hidden: [ 0.04736275  0.78726315 -0.58384987], Gradient_Output: [-0.05634746  0.01978964]
2024-12-02 11:22:54,830 -      Epoch 79, Loss: 801.132947950171, Gradient_Hidden: [ 0.04586024  0.77926079 -0.57720851], Gradient_Output: [-0.0559959  0.0193836]
2024-12-02 11:22:56,484 -      Epoch 80, Loss: 801.1923331066713, Gradient_Hidden: [ 0.04438116  0.77137794 -0.57066176], Gradient_Output: [-0.05564601  0.01898758]
2024-12-02 11:22:58,135 -      Epoch 81, Loss: 801.2511296959514, Gradient_Hidden: [ 0.04292511  0.76361209 -0.56420784], Gradient_Output: [-0.05529785  0.01860126]
2024-12-02 11:22:59,791 -      Epoch 82, Loss: 801.3093456529322, Gradient_Hidden: [ 0.04149165  0.75596084 -0.557845  ], Gradient_Output: [-0.05495147  0.01822431]
2024-12-02 11:23:01,450 -      Epoch 83, Loss: 801.3669887630635, Gradient_Hidden: [ 0.0400804   0.74842182 -0.55157155], Gradient_Output: [-0.05460692  0.01785642]
2024-12-02 11:23:03,105 -      Epoch 84, Loss: 801.4240666666258, Gradient_Hidden: [ 0.03869094  0.74099274 -0.54538582], Gradient_Output: [-0.05426425  0.0174973 ]
2024-12-02 11:23:04,759 -      Epoch 85, Loss: 801.4805868629527, Gradient_Hidden: [ 0.0373229   0.73367136 -0.5392862 ], Gradient_Output: [-0.05392351  0.01714665]
2024-12-02 11:23:06,414 -      Epoch 86, Loss: 801.5365567143708, Gradient_Hidden: [ 0.03597588  0.72645551 -0.5332711 ], Gradient_Output: [-0.05358473  0.01680421]
2024-12-02 11:23:08,068 -      Epoch 87, Loss: 801.5919834498702, Gradient_Hidden: [ 0.03464951  0.71934308 -0.52733897], Gradient_Output: [-0.05324795  0.01646972]
2024-12-02 11:23:09,727 -      Epoch 88, Loss: 801.6468741687046, Gradient_Hidden: [ 0.03334342  0.712332   -0.5214883 ], Gradient_Output: [-0.05291322  0.01614293]
2024-12-02 11:23:11,384 -      Epoch 89, Loss: 801.7012358436648, Gradient_Hidden: [ 0.03205727  0.70542025 -0.51571761], Gradient_Output: [-0.05258054  0.01582359]
2024-12-02 11:23:13,042 -      Epoch 90, Loss: 801.7550753244041, Gradient_Hidden: [ 0.03079069  0.6986059  -0.51002546], Gradient_Output: [-0.05224997  0.01551148]
2024-12-02 11:23:14,701 -      Epoch 91, Loss: 801.808399340443, Gradient_Hidden: [ 0.02954334  0.69188702 -0.50441044], Gradient_Output: [-0.05192152  0.01520637]
2024-12-02 11:23:16,358 -      Epoch 92, Loss: 801.8612145041221, Gradient_Hidden: [ 0.02831488  0.68526177 -0.49887117], Gradient_Output: [-0.05159521  0.01490806]
2024-12-02 11:23:18,015 -      Epoch 93, Loss: 801.913527313423, Gradient_Hidden: [ 0.02710498  0.67872832 -0.4934063 ], Gradient_Output: [-0.05127107  0.01461633]
2024-12-02 11:23:19,675 -      Epoch 94, Loss: 801.9653441546428, Gradient_Hidden: [ 0.02591333  0.67228493 -0.48801452], Gradient_Output: [-0.05094911  0.014331  ]
2024-12-02 11:23:21,333 -      Epoch 95, Loss: 802.0166713050696, Gradient_Hidden: [ 0.0247396   0.66592985 -0.48269453], Gradient_Output: [-0.05062935  0.01405187]
2024-12-02 11:23:22,986 -      Epoch 96, Loss: 802.0675149353473, Gradient_Hidden: [ 0.02358348  0.65966143 -0.47744507], Gradient_Output: [-0.05031181  0.01377876]
2024-12-02 11:23:24,639 -      Epoch 97, Loss: 802.1178811120529, Gradient_Hidden: [ 0.02244467  0.65347802 -0.47226492], Gradient_Output: [-0.04999648  0.0135115 ]
2024-12-02 11:23:26,291 -      Epoch 98, Loss: 802.1677757998903, Gradient_Hidden: [ 0.02132287  0.64737802 -0.46715286], Gradient_Output: [-0.04968339  0.01324991]
2024-12-02 11:23:27,948 -      Epoch 99, Loss: 802.217204863978, Gradient_Hidden: [ 0.02021779  0.64135989 -0.46210773], Gradient_Output: [-0.04937253  0.01299385]
2024-12-02 11:23:29,606 -      Epoch 100, Loss: 802.2661740720482, Gradient_Hidden: [ 0.01912914  0.6354221  -0.45712837], Gradient_Output: [-0.04906392  0.01274314]
2024-12-02 11:23:29,607 - Testing in process
2024-12-02 11:23:29,607 - MSE threshold: 0.05
2024-12-02 11:23:29,790 - Test Accuracy: 95.97%
2024-12-02 11:23:29,790 - Fold 2 completed 

2024-12-02 11:23:29,857 - TrainingSet_shape: (64640, 2), TestingSet_shaape: (16160, 2)
2024-12-02 11:23:29,857 - Fold: 3
2024-12-02 11:23:31,517 -      Epoch 1, Loss: 802.6489575951828, Gradient_Hidden: [-0.7323776   0.8072576  -0.47738964], Gradient_Output: [-0.1054778   0.05913231]
2024-12-02 11:23:33,170 -      Epoch 2, Loss: 802.6732087518805, Gradient_Hidden: [-0.25560021  0.56029412 -0.49890216], Gradient_Output: [-0.05272565 -0.08930326]
2024-12-02 11:23:34,822 -      Epoch 3, Loss: 802.7348935579518, Gradient_Hidden: [-0.15295071  0.58586962 -0.48129057], Gradient_Output: [-0.0385654  -0.04063251]
2024-12-02 11:23:36,479 -      Epoch 4, Loss: 802.7842585375856, Gradient_Hidden: [-0.08847655  0.5955374  -0.46802204], Gradient_Output: [-0.03092774 -0.01561787]
2024-12-02 11:23:38,136 -      Epoch 5, Loss: 802.8260144209534, Gradient_Hidden: [-0.04741255  0.59636758 -0.45705251], Gradient_Output: [-0.02709431 -0.00319693]
2024-12-02 11:23:39,795 -      Epoch 6, Loss: 802.8631455607361, Gradient_Hidden: [-0.02115238  0.59272617 -0.44776755], Gradient_Output: [-0.0254745   0.00270316]
2024-12-02 11:23:41,450 -      Epoch 7, Loss: 802.8975476860119, Gradient_Hidden: [-0.00441409  0.58696724 -0.43972961], Gradient_Output: [-0.02512722  0.0053201 ]
2024-12-02 11:23:43,110 -      Epoch 8, Loss: 802.930424255085, Gradient_Hidden: [ 0.0061171   0.5803339  -0.43262088], Gradient_Output: [-0.02549383  0.00635161]
2024-12-02 11:23:44,849 -      Epoch 9, Loss: 802.962535316558, Gradient_Hidden: [ 0.01256068  0.57346245 -0.42620958], Gradient_Output: [-0.02624163  0.00666706]
2024-12-02 11:23:46,503 -      Epoch 10, Loss: 802.9943546887185, Gradient_Hidden: [ 0.01629347  0.56666192 -0.42032623], Gradient_Output: [-0.02717222  0.00669624]
2024-12-02 11:23:48,156 -      Epoch 11, Loss: 803.0261703188168, Gradient_Hidden: [ 0.01822177  0.56006807 -0.41484671], Gradient_Output: [-0.02816768  0.00664004]
2024-12-02 11:23:49,811 -      Epoch 12, Loss: 803.0581491159228, Gradient_Hidden: [ 0.01894879  0.55372757 -0.40967993], Gradient_Output: [-0.02915866  0.00658352]
2024-12-02 11:23:51,460 -      Epoch 13, Loss: 803.090379278528, Gradient_Hidden: [ 0.01887952  0.54764351 -0.40475884], Gradient_Output: [-0.03010539  0.00655554]
2024-12-02 11:23:53,110 -      Epoch 14, Loss: 803.1228981647984, Gradient_Hidden: [ 0.0182877   0.54179946 -0.40003395], Gradient_Output: [-0.03098618  0.0065596 ]
2024-12-02 11:23:54,761 -      Epoch 15, Loss: 803.155710753938, Gradient_Hidden: [ 0.01735922  0.53617192 -0.39546852], Gradient_Output: [-0.03179044  0.00658922]
2024-12-02 11:23:56,416 -      Epoch 16, Loss: 803.1888019143672, Gradient_Hidden: [ 0.01622061  0.53073641 -0.3910352 ], Gradient_Output: [-0.03251435  0.00663531]
2024-12-02 11:23:58,071 -      Epoch 17, Loss: 803.2221445574445, Gradient_Hidden: [ 0.01495804  0.52547027 -0.38671346], Gradient_Output: [-0.03315823  0.00668929]
2024-12-02 11:23:59,728 -      Epoch 18, Loss: 803.2557050384271, Gradient_Hidden: [ 0.01363003  0.5203536  -0.38248784], Gradient_Output: [-0.03372483  0.00674428]
2024-12-02 11:24:01,383 -      Epoch 19, Loss: 803.289446705821, Gradient_Hidden: [ 0.01227609  0.51536953 -0.37834654], Gradient_Output: [-0.03421827  0.00679525]
2024-12-02 11:24:03,040 -      Epoch 20, Loss: 803.3233322024635, Gradient_Hidden: [ 0.01092266  0.51050393 -0.37428057], Gradient_Output: [-0.0346434   0.00683882]
2024-12-02 11:24:04,694 -      Epoch 21, Loss: 803.3573249235935, Gradient_Hidden: [ 0.00958711  0.50574512 -0.37028294], Gradient_Output: [-0.03500535  0.00687294]
2024-12-02 11:24:06,348 -      Epoch 22, Loss: 803.3913899074812, Gradient_Hidden: [ 0.00828058  0.50108341 -0.36634822], Gradient_Output: [-0.03530929  0.00689655]
2024-12-02 11:24:08,003 -      Epoch 23, Loss: 803.425494344935, Gradient_Hidden: [ 0.0070099   0.4965108  -0.36247211], Gradient_Output: [-0.03556024  0.00690927]
2024-12-02 11:24:09,659 -      Epoch 24, Loss: 803.4596078357071, Gradient_Hidden: [ 0.00577893  0.49202065 -0.35865118], Gradient_Output: [-0.03576299  0.00691125]
2024-12-02 11:24:11,314 -      Epoch 25, Loss: 803.4937024782444, Gradient_Hidden: [ 0.00458955  0.48760738 -0.35488268], Gradient_Output: [-0.03592206  0.0069029 ]
2024-12-02 11:24:12,968 -      Epoch 26, Loss: 803.527752852337, Gradient_Hidden: [ 0.00344224  0.48326631 -0.35116432], Gradient_Output: [-0.03604164  0.00688485]
2024-12-02 11:24:14,623 -      Epoch 27, Loss: 803.5617359348781, Gradient_Hidden: [ 0.00233659  0.47899347 -0.34749423], Gradient_Output: [-0.03612561  0.00685783]
2024-12-02 11:24:16,275 -      Epoch 28, Loss: 803.5956309758585, Gradient_Hidden: [ 0.0012716   0.47478544 -0.34387083], Gradient_Output: [-0.03617755  0.0068226 ]
2024-12-02 11:24:17,927 -      Epoch 29, Loss: 803.6294193531918, Gradient_Hidden: [ 2.45886343e-04  4.70639276e-01 -3.40292749e-01], Gradient_Output: [-0.03620073  0.00677992]
2024-12-02 11:24:19,573 -      Epoch 30, Loss: 803.6630844180482, Gradient_Hidden: [-0.00074214  0.46655239 -0.33675882], Gradient_Output: [-0.03619812  0.00673055]
2024-12-02 11:24:21,231 -      Epoch 31, Loss: 803.6966113390833, Gradient_Hidden: [-0.00169417  0.46252251 -0.33326798], Gradient_Output: [-0.03617245  0.00667519]
2024-12-02 11:24:23,051 -      Epoch 32, Loss: 803.7299869501785, Gradient_Hidden: [-0.00261196  0.45854761 -0.32981932], Gradient_Output: [-0.03612618  0.00661451]
2024-12-02 11:24:24,722 -      Epoch 33, Loss: 803.7631996050139, Gradient_Hidden: [-0.00349725  0.45462586 -0.32641199], Gradient_Output: [-0.03606155  0.00654911]
2024-12-02 11:24:26,420 -      Epoch 34, Loss: 803.7962390401821, Gradient_Hidden: [-0.00435172  0.45075562 -0.3230452 ], Gradient_Output: [-0.03598058  0.00647957]
2024-12-02 11:24:28,082 -      Epoch 35, Loss: 803.8290962473793, Gradient_Hidden: [-0.00517703  0.44693537 -0.31971822], Gradient_Output: [-0.03588513  0.00640639]
2024-12-02 11:24:29,737 -      Epoch 36, Loss: 803.861763355501, Gradient_Hidden: [-0.00597473  0.44316374 -0.31643039], Gradient_Output: [-0.03577683  0.00633006]
2024-12-02 11:24:31,397 -      Epoch 37, Loss: 803.8942335219341, Gradient_Hidden: [-0.00674633  0.43943944 -0.31318106], Gradient_Output: [-0.03565718  0.00625099]
2024-12-02 11:24:33,115 -      Epoch 38, Loss: 803.926500833117, Gradient_Hidden: [-0.00749323  0.43576129 -0.30996961], Gradient_Output: [-0.03552754  0.00616958]
2024-12-02 11:24:34,781 -      Epoch 39, Loss: 803.9585602137026, Gradient_Hidden: [-0.00821675  0.43212817 -0.30679545], Gradient_Output: [-0.03538913  0.00608617]
2024-12-02 11:24:36,434 -      Epoch 40, Loss: 803.9904073438369, Gradient_Hidden: [-0.00891816  0.42853903 -0.30365801], Gradient_Output: [-0.03524302  0.00600109]
2024-12-02 11:24:38,090 -      Epoch 41, Loss: 804.0220385838777, Gradient_Hidden: [-0.00959862  0.4249929  -0.30055674], Gradient_Output: [-0.03509023  0.00591461]
2024-12-02 11:24:39,753 -      Epoch 42, Loss: 804.0534509060869, Gradient_Hidden: [-0.01025923  0.42148884 -0.2974911 ], Gradient_Output: [-0.03493161  0.00582699]
2024-12-02 11:24:41,426 -      Epoch 43, Loss: 804.0846418326512, Gradient_Hidden: [-0.01090103  0.41802597 -0.29446058], Gradient_Output: [-0.03476799  0.00573847]
2024-12-02 11:24:43,123 -      Epoch 44, Loss: 804.1156093796442, Gradient_Hidden: [-0.01152497  0.41460344 -0.29146465], Gradient_Output: [-0.03460006  0.00564925]
2024-12-02 11:24:44,791 -      Epoch 45, Loss: 804.1463520059892, Gradient_Hidden: [-0.01213195  0.41122046 -0.28850282], Gradient_Output: [-0.03442847  0.00555952]
2024-12-02 11:24:46,448 -      Epoch 46, Loss: 804.1768685675962, Gradient_Hidden: [-0.01272282  0.40787626 -0.28557461], Gradient_Output: [-0.0342538   0.00546946]
2024-12-02 11:24:48,103 -      Epoch 47, Loss: 804.207158275697, Gradient_Hidden: [-0.01329836  0.4045701  -0.28267953], Gradient_Output: [-0.03407655  0.00537921]
2024-12-02 11:24:49,759 -      Epoch 48, Loss: 804.2372206592166, Gradient_Hidden: [-0.01385931  0.40130128 -0.2798171 ], Gradient_Output: [-0.03389719  0.00528891]
2024-12-02 11:24:51,430 -      Epoch 49, Loss: 804.2670555307537, Gradient_Hidden: [-0.01440635  0.39806911 -0.27698687], Gradient_Output: [-0.03371614  0.00519869]
2024-12-02 11:24:53,091 -      Epoch 50, Loss: 804.2966629558729, Gradient_Hidden: [-0.01494013  0.39487296 -0.27418839], Gradient_Output: [-0.03353375  0.00510865]
2024-12-02 11:24:54,754 -      Epoch 51, Loss: 804.3260432253961, Gradient_Hidden: [-0.01546124  0.39171218 -0.2714212 ], Gradient_Output: [-0.03335035  0.00501888]
2024-12-02 11:24:56,423 -      Epoch 52, Loss: 804.3551968302673, Gradient_Hidden: [-0.01597025  0.38858616 -0.26868487], Gradient_Output: [-0.03316624  0.00492949]
2024-12-02 11:24:58,086 -      Epoch 53, Loss: 804.3841244390863, Gradient_Hidden: [-0.01646768  0.38549433 -0.26597897], Gradient_Output: [-0.03298168  0.00484054]
2024-12-02 11:24:59,750 -      Epoch 54, Loss: 804.4128268776436, Gradient_Hidden: [-0.01695401  0.38243611 -0.26330307], Gradient_Output: [-0.03279689  0.0047521 ]
2024-12-02 11:25:01,446 -      Epoch 55, Loss: 804.4413051105607, Gradient_Hidden: [-0.01742972  0.37941095 -0.26065675], Gradient_Output: [-0.03261208  0.00466424]
2024-12-02 11:25:03,285 -      Epoch 56, Loss: 804.4695602247353, Gradient_Hidden: [-0.01789523  0.37641832 -0.25803961], Gradient_Output: [-0.03242743  0.00457701]
2024-12-02 11:25:04,996 -      Epoch 57, Loss: 804.497593414444, Gradient_Hidden: [-0.01835093  0.3734577  -0.25545124], Gradient_Output: [-0.0322431   0.00449046]
2024-12-02 11:25:06,730 -      Epoch 58, Loss: 804.5254059678599, Gradient_Hidden: [-0.01879722  0.37052858 -0.25289125], Gradient_Output: [-0.03205923  0.00440463]
2024-12-02 11:25:08,391 -      Epoch 59, Loss: 804.5529992550423, Gradient_Hidden: [-0.01923444  0.36763048 -0.25035924], Gradient_Output: [-0.03187594  0.00431955]
2024-12-02 11:25:10,067 -      Epoch 60, Loss: 804.5803747170091, Gradient_Hidden: [-0.01966292  0.36476292 -0.24785484], Gradient_Output: [-0.03169334  0.00423526]
2024-12-02 11:25:11,721 -      Epoch 61, Loss: 804.6075338559784, Gradient_Hidden: [-0.02008298  0.36192543 -0.24537767], Gradient_Output: [-0.03151153  0.00415178]
2024-12-02 11:25:13,376 -      Epoch 62, Loss: 804.63447822664, Gradient_Hidden: [-0.02049491  0.35911758 -0.24292735], Gradient_Output: [-0.03133059  0.00406914]
2024-12-02 11:25:15,029 -      Epoch 63, Loss: 804.6612094281635, Gradient_Hidden: [-0.02089898  0.35633891 -0.24050353], Gradient_Output: [-0.03115058  0.00398736]
2024-12-02 11:25:16,691 -      Epoch 64, Loss: 804.6877290972919, Gradient_Hidden: [-0.02129546  0.353589   -0.23810584], Gradient_Output: [-0.03097158  0.00390645]
2024-12-02 11:25:18,352 -      Epoch 65, Loss: 804.7140389019031, Gradient_Hidden: [-0.02168458  0.35086742 -0.23573394], Gradient_Output: [-0.03079363  0.00382642]
2024-12-02 11:25:20,018 -      Epoch 66, Loss: 804.7401405353418, Gradient_Hidden: [-0.02206657  0.34817378 -0.23338747], Gradient_Output: [-0.03061677  0.0037473 ]
2024-12-02 11:25:21,692 -      Epoch 67, Loss: 804.7660357114104, Gradient_Hidden: [-0.02244166  0.34550767 -0.2310661 ], Gradient_Output: [-0.03044105  0.00366907]
2024-12-02 11:25:23,350 -      Epoch 68, Loss: 804.7917261598506, Gradient_Hidden: [-0.02281004  0.34286871 -0.2287695 ], Gradient_Output: [-0.0302665   0.00359177]
2024-12-02 11:25:25,011 -      Epoch 69, Loss: 804.8172136221428, Gradient_Hidden: [-0.02317191  0.3402565  -0.22649733], Gradient_Output: [-0.03009314  0.00351537]
2024-12-02 11:25:26,670 -      Epoch 70, Loss: 804.8424998481094, Gradient_Hidden: [-0.02352744  0.33767069 -0.22424927], Gradient_Output: [-0.029921   0.0034399]
2024-12-02 11:25:28,353 -      Epoch 71, Loss: 804.8675865926114, Gradient_Hidden: [-0.02387682  0.3351109  -0.22202501], Gradient_Output: [-0.02975009  0.00336534]
2024-12-02 11:25:30,014 -      Epoch 72, Loss: 804.8924756127138, Gradient_Hidden: [-0.0242202   0.33257677 -0.21982423], Gradient_Output: [-0.02958042  0.0032917 ]
2024-12-02 11:25:31,672 -      Epoch 73, Loss: 804.9171686650757, Gradient_Hidden: [-0.02455774  0.33006797 -0.21764662], Gradient_Output: [-0.029412    0.00321899]
2024-12-02 11:25:33,330 -      Epoch 74, Loss: 804.9416675038847, Gradient_Hidden: [-0.02488958  0.32758414 -0.21549189], Gradient_Output: [-0.02924485  0.00314718]
2024-12-02 11:25:34,986 -      Epoch 75, Loss: 804.9659738787453, Gradient_Hidden: [-0.02521586  0.32512495 -0.21335973], Gradient_Output: [-0.02907895  0.00307629]
2024-12-02 11:25:36,646 -      Epoch 76, Loss: 804.9900895329708, Gradient_Hidden: [-0.02553672  0.32269008 -0.21124985], Gradient_Output: [-0.02891433  0.0030063 ]
2024-12-02 11:25:38,305 -      Epoch 77, Loss: 805.0140162020631, Gradient_Hidden: [-0.02585227  0.3202792  -0.20916198], Gradient_Output: [-0.02875096  0.00293721]
2024-12-02 11:25:39,964 -      Epoch 78, Loss: 805.037755612384, Gradient_Hidden: [-0.02616264  0.31789199 -0.20709581], Gradient_Output: [-0.02858886  0.00286901]
2024-12-02 11:25:41,622 -      Epoch 79, Loss: 805.0613094799628, Gradient_Hidden: [-0.02646795  0.31552814 -0.20505109], Gradient_Output: [-0.02842802  0.00280171]
2024-12-02 11:25:43,289 -      Epoch 80, Loss: 805.0846795095063, Gradient_Hidden: [-0.02676829  0.31318736 -0.20302753], Gradient_Output: [-0.02826843  0.00273528]
2024-12-02 11:25:44,947 -      Epoch 81, Loss: 805.1078673934107, Gradient_Hidden: [-0.02706378  0.31086934 -0.20102486], Gradient_Output: [-0.02811009  0.00266972]
2024-12-02 11:25:46,604 -      Epoch 82, Loss: 805.1308748111895, Gradient_Hidden: [-0.02735451  0.30857379 -0.19904282], Gradient_Output: [-0.02795298  0.00260503]
2024-12-02 11:25:48,264 -      Epoch 83, Loss: 805.153703428687, Gradient_Hidden: [-0.02764057  0.30630042 -0.19708115], Gradient_Output: [-0.02779711  0.00254119]
2024-12-02 11:25:49,923 -      Epoch 84, Loss: 805.17635489759, Gradient_Hidden: [-0.02792206  0.30404895 -0.1951396 ], Gradient_Output: [-0.02764245  0.0024782 ]
2024-12-02 11:25:51,584 -      Epoch 85, Loss: 805.1988308549137, Gradient_Hidden: [-0.02819907  0.3018191  -0.19321791], Gradient_Output: [-0.02748901  0.00241605]
2024-12-02 11:25:53,239 -      Epoch 86, Loss: 805.2211329226607, Gradient_Hidden: [-0.02847167  0.2996106  -0.19131584], Gradient_Output: [-0.02733677  0.00235472]
2024-12-02 11:25:54,894 -      Epoch 87, Loss: 805.2432627075459, Gradient_Hidden: [-0.02873994  0.29742319 -0.18943314], Gradient_Output: [-0.02718572  0.00229421]
2024-12-02 11:25:56,570 -      Epoch 88, Loss: 805.2652218006436, Gradient_Hidden: [-0.02900397  0.2952566  -0.18756957], Gradient_Output: [-0.02703585  0.00223451]
2024-12-02 11:25:58,229 -      Epoch 89, Loss: 805.2870117772839, Gradient_Hidden: [-0.02926383  0.29311056 -0.1857249 ], Gradient_Output: [-0.02688715  0.0021756 ]
2024-12-02 11:25:59,886 -      Epoch 90, Loss: 805.3086341968648, Gradient_Hidden: [-0.02951958  0.29098483 -0.18389889], Gradient_Output: [-0.02673961  0.00211749]
2024-12-02 11:26:01,543 -      Epoch 91, Loss: 805.3300906027935, Gradient_Hidden: [-0.0297713   0.28887916 -0.18209132], Gradient_Output: [-0.02659321  0.00206015]
2024-12-02 11:26:03,199 -      Epoch 92, Loss: 805.3513825223516, Gradient_Hidden: [-0.03001905  0.2867933  -0.18030196], Gradient_Output: [-0.02644794  0.00200359]
2024-12-02 11:26:04,856 -      Epoch 93, Loss: 805.3725114667145, Gradient_Hidden: [-0.0302629   0.28472701 -0.17853059], Gradient_Output: [-0.0263038   0.00194778]
2024-12-02 11:26:06,515 -      Epoch 94, Loss: 805.393478930983, Gradient_Hidden: [-0.0305029   0.28268005 -0.176777  ], Gradient_Output: [-0.02616077  0.00189272]
2024-12-02 11:26:08,172 -      Epoch 95, Loss: 805.4142863941597, Gradient_Hidden: [-0.03073913  0.28065219 -0.17504096], Gradient_Output: [-0.02601883  0.0018384 ]
2024-12-02 11:26:09,830 -      Epoch 96, Loss: 805.4349353192131, Gradient_Hidden: [-0.03097162  0.27864319 -0.17332226], Gradient_Output: [-0.02587798  0.0017848 ]
2024-12-02 11:26:11,485 -      Epoch 97, Loss: 805.4554271531644, Gradient_Hidden: [-0.03120045  0.27665284 -0.17162071], Gradient_Output: [-0.0257382   0.00173193]
2024-12-02 11:26:13,144 -      Epoch 98, Loss: 805.4757633271978, Gradient_Hidden: [-0.03142567  0.2746809  -0.16993609], Gradient_Output: [-0.02559948  0.00167976]
2024-12-02 11:26:14,800 -      Epoch 99, Loss: 805.4959452566725, Gradient_Hidden: [-0.03164732  0.27272716 -0.1682682 ], Gradient_Output: [-0.02546182  0.0016283 ]
2024-12-02 11:26:16,463 -      Epoch 100, Loss: 805.5159743413715, Gradient_Hidden: [-0.03186546  0.2707914  -0.16661685], Gradient_Output: [-0.02532519  0.00157752]
2024-12-02 11:26:16,463 - Testing in process
2024-12-02 11:26:16,463 - MSE threshold: 0.05
2024-12-02 11:26:16,646 - Test Accuracy: 96.16%
2024-12-02 11:26:16,646 - Fold 3 completed 

2024-12-02 11:26:16,712 - TrainingSet_shape: (64640, 2), TestingSet_shaape: (16160, 2)
2024-12-02 11:26:16,712 - Fold: 4
2024-12-02 11:26:18,367 -      Epoch 1, Loss: 804.2810161630853, Gradient_Hidden: [ 1.10730597  0.24434509 -0.20906161], Gradient_Output: [ 0.01364694 -0.07602311]
2024-12-02 11:26:20,028 -      Epoch 2, Loss: 804.1860421277183, Gradient_Hidden: [0.55837441 0.12049527 0.02499606], Gradient_Output: [-0.09299874 -0.03178903]
2024-12-02 11:26:21,686 -      Epoch 3, Loss: 804.1782902053881, Gradient_Hidden: [ 0.38565513  0.1186339  -0.01527253], Gradient_Output: [-0.10566251 -0.02889334]
2024-12-02 11:26:23,343 -      Epoch 4, Loss: 804.1934679432115, Gradient_Hidden: [ 0.25930658  0.12345854 -0.04546001], Gradient_Output: [-0.11148218 -0.02184838]
2024-12-02 11:26:25,004 -      Epoch 5, Loss: 804.2238145031741, Gradient_Hidden: [ 0.16753774  0.13086451 -0.06795853], Gradient_Output: [-0.11292863 -0.01422894]
2024-12-02 11:26:26,672 -      Epoch 6, Loss: 804.2637659250053, Gradient_Hidden: [ 0.10130297  0.1387872  -0.08454541], Gradient_Output: [-0.1116111 -0.0075507]
2024-12-02 11:26:28,608 -      Epoch 7, Loss: 804.3093832516639, Gradient_Hidden: [ 0.05367149  0.14622233 -0.09663895], Gradient_Output: [-0.10859114 -0.00228531]
2024-12-02 11:26:30,265 -      Epoch 8, Loss: 804.3579298790918, Gradient_Hidden: [ 0.01947812  0.15274666 -0.10534234], Gradient_Output: [-0.10456825  0.00157938]
2024-12-02 11:26:31,921 -      Epoch 9, Loss: 804.4075401800911, Gradient_Hidden: [-0.00505825  0.15824254 -0.11149963], Gradient_Output: [-0.10000298  0.00424778]
2024-12-02 11:26:33,576 -      Epoch 10, Loss: 804.4569697528166, Gradient_Hidden: [-0.02267436  0.16274294 -0.11574999], Gradient_Output: [-0.09519782  0.00597311]
2024-12-02 11:26:35,228 -      Epoch 11, Loss: 804.5054120212528, Gradient_Hidden: [-0.0353372   0.16634683 -0.11857445], Gradient_Output: [-0.09035021  0.00699315]
2024-12-02 11:26:36,885 -      Epoch 12, Loss: 804.5523658423213, Gradient_Hidden: [-0.04445467  0.16917453 -0.12033376], Gradient_Output: [-0.08558737  0.0075066 ]
2024-12-02 11:26:38,542 -      Epoch 13, Loss: 804.5975410206371, Gradient_Hidden: [-0.05103226  0.17134563 -0.12129801], Gradient_Output: [-0.08098934  0.00766895]
2024-12-02 11:26:40,195 -      Epoch 14, Loss: 804.6407914144249, Gradient_Hidden: [-0.05578745  0.17296894 -0.12166937], Gradient_Output: [-0.07660426  0.00759672]
2024-12-02 11:26:41,851 -      Epoch 15, Loss: 804.6820678630025, Gradient_Hidden: [-0.05923217  0.17413908 -0.12159925], Gradient_Output: [-0.07245872  0.0073745 ]
2024-12-02 11:26:43,522 -      Epoch 16, Loss: 804.7213852369506, Gradient_Hidden: [-0.06173198  0.17493611 -0.12120121], Gradient_Output: [-0.06856473  0.00706209]
2024-12-02 11:26:45,179 -      Epoch 17, Loss: 804.7587994964068, Gradient_Hidden: [-0.06354818  0.17542671 -0.12056049], Gradient_Output: [-0.06492454  0.00670078]
2024-12-02 11:26:46,856 -      Epoch 18, Loss: 804.7943918149703, Gradient_Hidden: [-0.06486792  0.17566584 -0.11974125], Gradient_Output: [-0.06153391  0.00631837]
2024-12-02 11:26:48,510 -      Epoch 19, Loss: 804.8282576771625, Gradient_Hidden: [-0.06582545  0.17569862 -0.11879181], Gradient_Output: [-0.05838445  0.00593307]
2024-12-02 11:26:50,168 -      Epoch 20, Loss: 804.8604994678133, Gradient_Hidden: [-0.06651737  0.1755619  -0.11774861], Gradient_Output: [-0.05546516  0.00555638]
2024-12-02 11:26:51,823 -      Epoch 21, Loss: 804.8912215056611, Gradient_Hidden: [-0.06701339  0.17528579 -0.1166392 ], Gradient_Output: [-0.05276357  0.00519517]
2024-12-02 11:26:53,478 -      Epoch 22, Loss: 804.9205267821558, Gradient_Hidden: [-0.06736398  0.17489487 -0.11548436], Gradient_Output: [-0.0502665   0.00485321]
2024-12-02 11:26:55,136 -      Epoch 23, Loss: 804.9485148847838, Gradient_Hidden: [-0.06760587  0.17440924 -0.1142998 ], Gradient_Output: [-0.04796057  0.00453221]
2024-12-02 11:26:56,794 -      Epoch 24, Loss: 804.975280738232, Gradient_Hidden: [-0.06776589  0.17384534 -0.11309737], Gradient_Output: [-0.04583256  0.00423254]
2024-12-02 11:26:58,451 -      Epoch 25, Loss: 805.0009139060687, Gradient_Hidden: [-0.06786375  0.17321668 -0.11188599], Gradient_Output: [-0.04386966  0.00395375]
2024-12-02 11:27:00,105 -      Epoch 26, Loss: 805.0254982720792, Gradient_Hidden: [-0.06791407  0.17253437 -0.11067233], Gradient_Output: [-0.04205957  0.00369491]
2024-12-02 11:27:01,758 -      Epoch 27, Loss: 805.0491119755338, Gradient_Hidden: [-0.0679277   0.17180756 -0.10946137], Gradient_Output: [-0.04039066  0.0034548 ]
2024-12-02 11:27:03,414 -      Epoch 28, Loss: 805.0718275116591, Gradient_Hidden: [-0.06791282  0.17104384 -0.1082568 ], Gradient_Output: [-0.03885196  0.00323212]
2024-12-02 11:27:05,071 -      Epoch 29, Loss: 805.0937119370732, Gradient_Hidden: [-0.06787562  0.17024951 -0.10706131], Gradient_Output: [-0.03743319  0.00302552]
2024-12-02 11:27:06,728 -      Epoch 30, Loss: 805.1148271374907, Gradient_Hidden: [-0.06782084  0.16942982 -0.10587682], Gradient_Output: [-0.03612477  0.00283371]
2024-12-02 11:27:08,387 -      Epoch 31, Loss: 805.1352301292878, Gradient_Hidden: [-0.06775212  0.16858918 -0.1047047 ], Gradient_Output: [-0.0349178   0.00265543]
2024-12-02 11:27:10,044 -      Epoch 32, Loss: 805.154973375294, Gradient_Hidden: [-0.06767232  0.16773127 -0.10354585], Gradient_Output: [-0.03380402  0.00248954]
2024-12-02 11:27:11,702 -      Epoch 33, Loss: 805.1741051021469, Gradient_Hidden: [-0.06758369  0.16685922 -0.10240086], Gradient_Output: [-0.0327758   0.00233496]
2024-12-02 11:27:13,360 -      Epoch 34, Loss: 805.1926696105573, Gradient_Hidden: [-0.06748799  0.16597567 -0.10127005], Gradient_Output: [-0.03182608  0.00219073]
2024-12-02 11:27:15,019 -      Epoch 35, Loss: 805.2107075733102, Gradient_Hidden: [-0.06738666  0.16508287 -0.10015357], Gradient_Output: [-0.03094838  0.00205596]
2024-12-02 11:27:16,676 -      Epoch 36, Loss: 805.2282563182342, Gradient_Hidden: [-0.06728085  0.16418274 -0.09905141], Gradient_Output: [-0.03013669  0.00192983]
2024-12-02 11:27:18,334 -      Epoch 37, Loss: 805.2453500939372, Gradient_Hidden: [-0.06717149  0.16327694 -0.09796347], Gradient_Output: [-0.02938551  0.00181163]
2024-12-02 11:27:19,997 -      Epoch 38, Loss: 805.2620203183066, Gradient_Hidden: [-0.06705935  0.16236688 -0.09688958], Gradient_Output: [-0.02868979  0.00170068]
2024-12-02 11:27:21,656 -      Epoch 39, Loss: 805.2782958093459, Gradient_Hidden: [-0.06694505  0.1614538  -0.0958295 ], Gradient_Output: [-0.02804487  0.00159639]
2024-12-02 11:27:23,313 -      Epoch 40, Loss: 805.2942029991138, Gradient_Hidden: [-0.06682911  0.16053877 -0.09478297], Gradient_Output: [-0.02744649  0.00149823]
2024-12-02 11:27:24,971 -      Epoch 41, Loss: 805.3097661312295, Gradient_Hidden: [-0.06671194  0.15962272 -0.09374971], Gradient_Output: [-0.02689072  0.00140568]
2024-12-02 11:27:26,629 -      Epoch 42, Loss: 805.3250074431447, Gradient_Hidden: [-0.06659391  0.15870647 -0.09272942], Gradient_Output: [-0.02637399  0.00131832]
2024-12-02 11:27:28,286 -      Epoch 43, Loss: 805.339947333626, Gradient_Hidden: [-0.06647529  0.15779072 -0.09172178], Gradient_Output: [-0.02589299  0.00123573]
2024-12-02 11:27:29,941 -      Epoch 44, Loss: 805.3546045169949, Gradient_Hidden: [-0.06635632  0.15687611 -0.0907265 ], Gradient_Output: [-0.02544471  0.00115755]
2024-12-02 11:27:31,596 -      Epoch 45, Loss: 805.3689961646799, Gradient_Hidden: [-0.06623719  0.1559632  -0.08974328], Gradient_Output: [-0.0250264   0.00108343]
2024-12-02 11:27:33,253 -      Epoch 46, Loss: 805.3831380350771, Gradient_Hidden: [-0.06611805  0.15505246 -0.08877181], Gradient_Output: [-0.02463552  0.00101308]
2024-12-02 11:27:34,909 -      Epoch 47, Loss: 805.3970445927623, Gradient_Hidden: [-0.06599902  0.15414433 -0.08781183], Gradient_Output: [-0.02426975  0.0009462 ]
2024-12-02 11:27:36,566 -      Epoch 48, Loss: 805.4107291177448, Gradient_Hidden: [-0.0658802   0.1532392  -0.08686305], Gradient_Output: [-0.02392698  0.00088256]
2024-12-02 11:27:38,242 -      Epoch 49, Loss: 805.4242038056706, Gradient_Hidden: [-0.06576167  0.1523374  -0.0859252 ], Gradient_Output: [-0.02360527  0.0008219 ]
2024-12-02 11:27:39,898 -      Epoch 50, Loss: 805.4374798594939, Gradient_Hidden: [-0.06564346  0.15143923 -0.08499804], Gradient_Output: [-0.02330284  0.00076401]
2024-12-02 11:27:41,555 -      Epoch 51, Loss: 805.4505675736726, Gradient_Hidden: [-0.06552564  0.15054496 -0.08408133], Gradient_Output: [-0.02301808  0.00070871]
2024-12-02 11:27:43,206 -      Epoch 52, Loss: 805.4634764110461, Gradient_Hidden: [-0.06540821  0.14965483 -0.08317483], Gradient_Output: [-0.02274948  0.0006558 ]
2024-12-02 11:27:44,858 -      Epoch 53, Loss: 805.4762150734396, Gradient_Hidden: [-0.06529119  0.14876903 -0.08227832], Gradient_Output: [-0.02249571  0.00060512]
2024-12-02 11:27:46,506 -      Epoch 54, Loss: 805.4887915661558, Gradient_Hidden: [-0.06517459  0.14788777 -0.0813916 ], Gradient_Output: [-0.02225551  0.00055651]
2024-12-02 11:27:48,156 -      Epoch 55, Loss: 805.5012132571015, Gradient_Hidden: [-0.06505839  0.14701119 -0.08051446], Gradient_Output: [-0.02202776  0.00050985]
2024-12-02 11:27:49,809 -      Epoch 56, Loss: 805.5134869309469, Gradient_Hidden: [-0.0649426   0.14613945 -0.07964673], Gradient_Output: [-0.02181141  0.00046498]
2024-12-02 11:27:51,465 -      Epoch 57, Loss: 805.525618838539, Gradient_Hidden: [-0.0648272   0.14527266 -0.07878821], Gradient_Output: [-0.02160552  0.00042181]
2024-12-02 11:27:53,115 -      Epoch 58, Loss: 805.5376147423319, Gradient_Hidden: [-0.06471215  0.14441093 -0.07793874], Gradient_Output: [-0.02140922  0.00038021]
2024-12-02 11:27:54,769 -      Epoch 59, Loss: 805.5494799578121, Gradient_Hidden: [-0.06459745  0.14355437 -0.07709815], Gradient_Output: [-0.02122173  0.00034008]
2024-12-02 11:27:56,423 -      Epoch 60, Loss: 805.5612193914557, Gradient_Hidden: [-0.06448307  0.14270306 -0.07626629], Gradient_Output: [-0.02104231  0.00030134]
2024-12-02 11:27:58,073 -      Epoch 61, Loss: 805.5728375754472, Gradient_Hidden: [-0.06436897  0.14185705 -0.07544301], Gradient_Output: [-0.02087031  0.00026389]
2024-12-02 11:27:59,722 -      Epoch 62, Loss: 805.5843386994553, Gradient_Hidden: [-0.06425513  0.14101642 -0.07462817], Gradient_Output: [-0.02070513  0.00022765]
2024-12-02 11:28:01,374 -      Epoch 63, Loss: 805.5957266397527, Gradient_Hidden: [-0.06414151  0.14018121 -0.07382163], Gradient_Output: [-0.0205462   0.00019256]
2024-12-02 11:28:03,026 -      Epoch 64, Loss: 805.6070049857251, Gradient_Hidden: [-0.06402809  0.13935146 -0.07302326], Gradient_Output: [-0.02039304  0.00015853]
2024-12-02 11:28:04,679 -      Epoch 65, Loss: 805.6181770641825, Gradient_Hidden: [-0.06391484  0.13852722 -0.07223295], Gradient_Output: [-0.02024518  0.00012552]
2024-12-02 11:28:06,326 -      Epoch 66, Loss: 805.629245961721, Gradient_Hidden: [-0.06380173  0.13770849 -0.07145056], Gradient_Output: [-2.01021910e-02  9.34561087e-05]
2024-12-02 11:28:07,977 -      Epoch 67, Loss: 805.6402145449325, Gradient_Hidden: [-0.06368872  0.1368953  -0.07067598], Gradient_Output: [-1.99637014e-02  6.22908877e-05]
2024-12-02 11:28:09,632 -      Epoch 68, Loss: 805.6510854790803, Gradient_Hidden: [-0.06357579  0.13608767 -0.06990911], Gradient_Output: [-1.98293569e-02  3.19730582e-05]
2024-12-02 11:28:11,282 -      Epoch 69, Loss: 805.6618612451077, Gradient_Hidden: [-0.0634629   0.1352856  -0.06914984], Gradient_Output: [-1.96988377e-02  2.45645565e-06]
2024-12-02 11:28:12,928 -      Epoch 70, Loss: 805.6725441551657, Gradient_Hidden: [-0.06335003  0.1344891  -0.06839806], Gradient_Output: [-1.95718515e-02 -2.63016630e-05]
2024-12-02 11:28:14,577 -      Epoch 71, Loss: 805.6831363668844, Gradient_Hidden: [-0.06323716  0.13369816 -0.06765368], Gradient_Output: [-1.94481315e-02 -5.43408990e-05]
2024-12-02 11:28:16,226 -      Epoch 72, Loss: 805.6936398963295, Gradient_Hidden: [-0.06312425  0.13291278 -0.0669166 ], Gradient_Output: [-1.93274340e-02 -8.16979441e-05]
2024-12-02 11:28:17,878 -      Epoch 73, Loss: 805.7040566299041, Gradient_Hidden: [-0.06301129  0.13213295 -0.06618672], Gradient_Output: [-0.01920954 -0.00010841]
2024-12-02 11:28:19,530 -      Epoch 74, Loss: 805.714388335229, Gradient_Hidden: [-0.06289824  0.13135865 -0.06546396], Gradient_Output: [-0.01909424 -0.0001345 ]
2024-12-02 11:28:21,180 -      Epoch 75, Loss: 805.7246366711034, Gradient_Hidden: [-0.0627851   0.13058987 -0.06474824], Gradient_Output: [-0.01898135 -0.00016   ]
2024-12-02 11:28:22,831 -      Epoch 76, Loss: 805.7348031965092, Gradient_Hidden: [-0.06267183  0.12982659 -0.06403945], Gradient_Output: [-0.0188707  -0.00018495]
2024-12-02 11:28:24,479 -      Epoch 77, Loss: 805.7448893790204, Gradient_Hidden: [-0.06255841  0.12906879 -0.06333753], Gradient_Output: [-0.01876214 -0.00020936]
2024-12-02 11:28:26,125 -      Epoch 78, Loss: 805.7548966022795, Gradient_Hidden: [-0.06244484  0.12831645 -0.06264239], Gradient_Output: [-0.01865552 -0.00023326]
2024-12-02 11:28:27,776 -      Epoch 79, Loss: 805.7648261730199, Gradient_Hidden: [-0.06233108  0.12756954 -0.06195395], Gradient_Output: [-0.01855072 -0.00025667]
2024-12-02 11:28:29,448 -      Epoch 80, Loss: 805.774679327361, Gradient_Hidden: [-0.06221713  0.12682804 -0.06127214], Gradient_Output: [-0.01844761 -0.00027961]
2024-12-02 11:28:31,101 -      Epoch 81, Loss: 805.7844572366154, Gradient_Hidden: [-0.06210297  0.12609191 -0.06059688], Gradient_Output: [-0.0183461  -0.00030209]
2024-12-02 11:28:32,751 -      Epoch 82, Loss: 805.7941610125821, Gradient_Hidden: [-0.06198859  0.12536113 -0.0599281 ], Gradient_Output: [-0.01824608 -0.00032415]
2024-12-02 11:28:34,399 -      Epoch 83, Loss: 805.8037917123486, Gradient_Hidden: [-0.06187398  0.12463566 -0.05926573], Gradient_Output: [-0.01814746 -0.00034579]
2024-12-02 11:28:36,051 -      Epoch 84, Loss: 805.8133503428014, Gradient_Hidden: [-0.06175911  0.12391548 -0.05860969], Gradient_Output: [-0.01805016 -0.00036703]
2024-12-02 11:28:37,703 -      Epoch 85, Loss: 805.8228378645667, Gradient_Hidden: [-0.06164399  0.12320054 -0.05795992], Gradient_Output: [-0.0179541  -0.00038788]
2024-12-02 11:28:39,352 -      Epoch 86, Loss: 805.8322551957594, Gradient_Hidden: [-0.0615286   0.12249082 -0.05731636], Gradient_Output: [-0.01785921 -0.00040836]
2024-12-02 11:28:40,997 -      Epoch 87, Loss: 805.8416032153117, Gradient_Hidden: [-0.06141294  0.12178628 -0.05667893], Gradient_Output: [-0.01776544 -0.00042848]
2024-12-02 11:28:42,646 -      Epoch 88, Loss: 805.8508827661572, Gradient_Hidden: [-0.06129699  0.12108688 -0.05604757], Gradient_Output: [-0.01767272 -0.00044825]
2024-12-02 11:28:44,294 -      Epoch 89, Loss: 805.860094657913, Gradient_Hidden: [-0.06118075  0.1203926  -0.05542222], Gradient_Output: [-0.017581   -0.00046768]
2024-12-02 11:28:45,949 -      Epoch 90, Loss: 805.8692396695419, Gradient_Hidden: [-0.06106422  0.11970338 -0.05480282], Gradient_Output: [-0.01749024 -0.00048678]
2024-12-02 11:28:47,598 -      Epoch 91, Loss: 805.8783185517148, Gradient_Hidden: [-0.06094739  0.1190192  -0.0541893 ], Gradient_Output: [-0.01740038 -0.00050556]
2024-12-02 11:28:49,249 -      Epoch 92, Loss: 805.8873320288858, Gradient_Hidden: [-0.06083025  0.11834001 -0.0535816 ], Gradient_Output: [-0.01731139 -0.00052404]
2024-12-02 11:28:50,896 -      Epoch 93, Loss: 805.8962808013157, Gradient_Hidden: [-0.0607128   0.11766578 -0.05297967], Gradient_Output: [-0.01722323 -0.00054221]
2024-12-02 11:28:52,546 -      Epoch 94, Loss: 805.9051655468637, Gradient_Hidden: [-0.06059504  0.11699647 -0.05238344], Gradient_Output: [-0.01713586 -0.00056009]
2024-12-02 11:28:54,206 -      Epoch 95, Loss: 805.9139869226271, Gradient_Hidden: [-0.06047697  0.11633205 -0.05179286], Gradient_Output: [-0.01704926 -0.00057769]
2024-12-02 11:28:55,867 -      Epoch 96, Loss: 805.9227455664291, Gradient_Hidden: [-0.06035858  0.11567247 -0.05120787], Gradient_Output: [-0.0169634  -0.00059501]
2024-12-02 11:28:57,529 -      Epoch 97, Loss: 805.9314420981707, Gradient_Hidden: [-0.06023987  0.11501769 -0.05062842], Gradient_Output: [-0.01687824 -0.00061205]
2024-12-02 11:28:59,200 -      Epoch 98, Loss: 805.9400771211727, Gradient_Hidden: [-0.06012084  0.11436768 -0.05005445], Gradient_Output: [-0.01679377 -0.00062883]
2024-12-02 11:29:00,871 -      Epoch 99, Loss: 805.9486512232417, Gradient_Hidden: [-0.06000149  0.11372241 -0.0494859 ], Gradient_Output: [-0.01670996 -0.00064536]
2024-12-02 11:29:02,593 -      Epoch 100, Loss: 805.9571649777088, Gradient_Hidden: [-0.05988183  0.11308182 -0.04892273], Gradient_Output: [-0.0166268  -0.00066162]
2024-12-02 11:29:02,593 - Testing in process
2024-12-02 11:29:02,593 - MSE threshold: 0.05
2024-12-02 11:29:02,802 - Test Accuracy: 95.93%
2024-12-02 11:29:02,802 - Fold 4 completed 

2024-12-02 11:29:02,868 - TrainingSet_shape: (64640, 2), TestingSet_shaape: (16160, 2)
2024-12-02 11:29:02,869 - Fold: 5
2024-12-02 11:29:04,623 -      Epoch 1, Loss: 807.0214839505778, Gradient_Hidden: [-0.70425844  0.06566271  0.02063221], Gradient_Output: [0.19578452 0.14876202]
2024-12-02 11:29:06,332 -      Epoch 2, Loss: 807.1564601683332, Gradient_Hidden: [-0.52868389  0.26030442 -0.27690701], Gradient_Output: [0.09828765 0.13767815]
2024-12-02 11:29:08,039 -      Epoch 3, Loss: 807.1685189918463, Gradient_Hidden: [-0.40863325  0.24124487 -0.24565842], Gradient_Output: [0.0959042 0.0899721]
2024-12-02 11:29:09,881 -      Epoch 4, Loss: 807.1672765744576, Gradient_Hidden: [-0.32086271  0.2284011  -0.22306812], Gradient_Output: [0.09232117 0.06002901]
2024-12-02 11:29:11,538 -      Epoch 5, Loss: 807.1576713727296, Gradient_Hidden: [-0.25593527  0.21947799 -0.20681031], Gradient_Output: [0.08776986 0.04099656]
2024-12-02 11:29:13,346 -      Epoch 6, Loss: 807.1430991736581, Gradient_Hidden: [-0.20744245  0.21283463 -0.19496574], Gradient_Output: [0.08253744 0.02871637]
2024-12-02 11:29:15,092 -      Epoch 7, Loss: 807.125899083552, Gradient_Hidden: [-0.17088782  0.20756924 -0.18622456], Gradient_Output: [0.07689442 0.02067775]
2024-12-02 11:29:16,756 -      Epoch 8, Loss: 807.1076684267621, Gradient_Hidden: [-0.14307118  0.20318481 -0.17968262], Gradient_Output: [0.07106451 0.01534635]
2024-12-02 11:29:18,429 -      Epoch 9, Loss: 807.0894827997948, Gradient_Hidden: [-0.12169216  0.19940264 -0.17470848], Gradient_Output: [0.06521937 0.01177037]
2024-12-02 11:29:20,088 -      Epoch 10, Loss: 807.0720506857768, Gradient_Hidden: [-0.10508528  0.19606104 -0.17085667], Gradient_Output: [0.05948354 0.00934954]
2024-12-02 11:29:21,742 -      Epoch 11, Loss: 807.055822634527, Gradient_Hidden: [-0.09203812  0.19306102 -0.16781035], Gradient_Output: [0.05394279 0.0076988 ]
2024-12-02 11:29:23,397 -      Epoch 12, Loss: 807.0410686589677, Gradient_Hidden: [-0.08166411  0.19033756 -0.16534264], Gradient_Output: [0.04865269 0.00656704]
2024-12-02 11:29:25,053 -      Epoch 13, Loss: 807.0279332342116, Gradient_Hidden: [-0.07331239  0.18784453 -0.16329023], Gradient_Output: [0.04364611 0.00578795]
2024-12-02 11:29:26,708 -      Epoch 14, Loss: 807.0164744180505, Gradient_Hidden: [-0.06650321  0.18554679 -0.16153514], Gradient_Output: [0.03893942 0.00524993]
2024-12-02 11:29:28,365 -      Epoch 15, Loss: 807.006691663396, Gradient_Hidden: [-0.06088155  0.18341618 -0.1599919 ], Gradient_Output: [0.03453725 0.00487725]
2024-12-02 11:29:30,024 -      Epoch 16, Loss: 806.9985455528914, Gradient_Hidden: [-0.05618349  0.18142931 -0.15859853], Gradient_Output: [0.0304361  0.00461804]
2024-12-02 11:29:31,684 -      Epoch 17, Loss: 806.9919717528668, Gradient_Hidden: [-0.0522118   0.17956642 -0.15731007], Gradient_Output: [0.0266271  0.00443657]
2024-12-02 11:29:33,477 -      Epoch 18, Loss: 806.9868908277643, Gradient_Hidden: [-0.04881827  0.17781064 -0.15609395], Gradient_Output: [0.02309792 0.00430811]
2024-12-02 11:29:35,134 -      Epoch 19, Loss: 806.9832150906834, Gradient_Hidden: [-0.04589071  0.17614755 -0.15492663], Gradient_Output: [0.01983417 0.00421551]
2024-12-02 11:29:36,787 -      Epoch 20, Loss: 806.9808533344204, Gradient_Hidden: [-0.04334357  0.1745648  -0.1537912 ], Gradient_Output: [0.01682045 0.00414686]
2024-12-02 11:29:38,446 -      Epoch 21, Loss: 806.9797140502161, Gradient_Hidden: [-0.04111103  0.17305187 -0.1526756 ], Gradient_Output: [0.01404099 0.00409392]
2024-12-02 11:29:40,101 -      Epoch 22, Loss: 806.9797075702155, Gradient_Hidden: [-0.03914192  0.17159979 -0.15157131], Gradient_Output: [0.01148011 0.00405104]
2024-12-02 11:29:41,756 -      Epoch 23, Loss: 806.9807474477306, Gradient_Hidden: [-0.03739606  0.17020095 -0.1504724 ], Gradient_Output: [0.00912261 0.0040143 ]
2024-12-02 11:29:43,408 -      Epoch 24, Loss: 806.9827513007195, Gradient_Hidden: [-0.0358415   0.16884887 -0.14937488], Gradient_Output: [0.00695385 0.00398107]
2024-12-02 11:29:45,063 -      Epoch 25, Loss: 806.9856412800398, Gradient_Hidden: [-0.03445255  0.16753807 -0.14827612], Gradient_Output: [0.00495998 0.00394959]
2024-12-02 11:29:46,717 -      Epoch 26, Loss: 806.9893442784455, Gradient_Hidden: [-0.03320823  0.16626392 -0.14717453], Gradient_Output: [0.00312792 0.00391869]
2024-12-02 11:29:48,377 -      Epoch 27, Loss: 806.9937919629938, Gradient_Hidden: [-0.03209127  0.16502246 -0.14606922], Gradient_Output: [0.00144543 0.00388765]
2024-12-02 11:29:50,035 -      Epoch 28, Loss: 806.9989206896284, Gradient_Hidden: [-0.03108719  0.16381037 -0.14495986], Gradient_Output: [-9.89292979e-05  3.85598975e-03]
2024-12-02 11:29:51,689 -      Epoch 29, Loss: 807.0046713418607, Gradient_Hidden: [-0.03018376  0.1626248  -0.14384647], Gradient_Output: [-0.00151579  0.00382347]
2024-12-02 11:29:53,345 -      Epoch 30, Loss: 807.0109891225029, Gradient_Hidden: [-0.02937051  0.16146333 -0.14272933], Gradient_Output: [-0.00281502  0.00378997]
2024-12-02 11:29:55,002 -      Epoch 31, Loss: 807.0178233195144, Gradient_Hidden: [-0.0286384   0.1603239  -0.14160891], Gradient_Output: [-0.00400576  0.00375544]
2024-12-02 11:29:56,658 -      Epoch 32, Loss: 807.0251270596293, Gradient_Hidden: [-0.02797952  0.15920473 -0.14048578], Gradient_Output: [-0.00509648  0.00371991]
2024-12-02 11:29:58,313 -      Epoch 33, Loss: 807.0328570597404, Gradient_Hidden: [-0.02738693  0.15810431 -0.13936057], Gradient_Output: [-0.00609498  0.00368342]
2024-12-02 11:29:59,971 -      Epoch 34, Loss: 807.0409733822843, Gradient_Hidden: [-0.02685447  0.15702132 -0.13823397], Gradient_Output: [-0.00700848  0.00364606]
2024-12-02 11:30:01,628 -      Epoch 35, Loss: 807.0494391989168, Gradient_Hidden: [-0.02637667  0.15595463 -0.13710665], Gradient_Output: [-0.00784366  0.00360789]
2024-12-02 11:30:03,283 -      Epoch 36, Loss: 807.0582205649332, Gradient_Hidden: [-0.02594859  0.15490323 -0.13597931], Gradient_Output: [-0.00860666  0.00356901]
2024-12-02 11:30:04,937 -      Epoch 37, Loss: 807.0672862059179, Gradient_Hidden: [-0.02556583  0.15386626 -0.1348526 ], Gradient_Output: [-0.00930314  0.0035295 ]
2024-12-02 11:30:06,616 -      Epoch 38, Loss: 807.0766073173733, Gradient_Hidden: [-0.02522439  0.15284295 -0.13372717], Gradient_Output: [-0.00993833  0.00348945]
2024-12-02 11:30:08,275 -      Epoch 39, Loss: 807.0861573771562, Gradient_Hidden: [-0.02492064  0.15183262 -0.1326036 ], Gradient_Output: [-0.01051707  0.00344894]
2024-12-02 11:30:09,933 -      Epoch 40, Loss: 807.0959119709865, Gradient_Hidden: [-0.02465129  0.15083468 -0.13148249], Gradient_Output: [-0.01104378  0.00340803]
2024-12-02 11:30:11,586 -      Epoch 41, Loss: 807.1058486302232, Gradient_Hidden: [-0.02441337  0.14984857 -0.13036435], Gradient_Output: [-0.01152256  0.00336679]
2024-12-02 11:30:13,234 -      Epoch 42, Loss: 807.1159466814086, Gradient_Hidden: [-0.02420413  0.14887383 -0.12924969], Gradient_Output: [-0.0119572  0.0033253]
2024-12-02 11:30:14,885 -      Epoch 43, Loss: 807.1261871071788, Gradient_Hidden: [-0.02402108  0.14791002 -0.12813897], Gradient_Output: [-0.01235116  0.0032836 ]
2024-12-02 11:30:16,537 -      Epoch 44, Loss: 807.1365524173822, Gradient_Hidden: [-0.02386196  0.14695673 -0.1270326 ], Gradient_Output: [-0.01270767  0.00324175]
2024-12-02 11:30:18,188 -      Epoch 45, Loss: 807.1470265303115, Gradient_Hidden: [-0.02372467  0.1460136  -0.12593099], Gradient_Output: [-0.01302968  0.0031998 ]
2024-12-02 11:30:19,844 -      Epoch 46, Loss: 807.1575946628382, Gradient_Hidden: [-0.02360731  0.14508031 -0.12483448], Gradient_Output: [-0.01331991  0.00315779]
2024-12-02 11:30:21,494 -      Epoch 47, Loss: 807.1682432290552, Gradient_Hidden: [-0.02350813  0.14415656 -0.12374341], Gradient_Output: [-0.01358088  0.00311577]
2024-12-02 11:30:23,144 -      Epoch 48, Loss: 807.1789597468656, Gradient_Hidden: [-0.02342552  0.14324206 -0.12265806], Gradient_Output: [-0.0138149   0.00307376]
2024-12-02 11:30:24,796 -      Epoch 49, Loss: 807.1897327518058, Gradient_Hidden: [-0.02335803  0.14233656 -0.12157871], Gradient_Output: [-0.01402412  0.0030318 ]
2024-12-02 11:30:26,447 -      Epoch 50, Loss: 807.2005517174086, Gradient_Hidden: [-0.0233043   0.14143981 -0.12050559], Gradient_Output: [-0.0142105   0.00298993]
2024-12-02 11:30:28,093 -      Epoch 51, Loss: 807.2114069820102, Gradient_Hidden: [-0.02326309  0.1405516  -0.11943891], Gradient_Output: [-0.01437586  0.00294816]
2024-12-02 11:30:29,746 -      Epoch 52, Loss: 807.2222896810854, Gradient_Hidden: [-0.02323328  0.13967171 -0.11837888], Gradient_Output: [-0.01452187  0.00290653]
2024-12-02 11:30:31,396 -      Epoch 53, Loss: 807.2331916849391, Gradient_Hidden: [-0.02321381  0.13879994 -0.11732567], Gradient_Output: [-0.01465007  0.00286506]
2024-12-02 11:30:33,043 -      Epoch 54, Loss: 807.2441055412154, Gradient_Hidden: [-0.02320372  0.13793613 -0.11627942], Gradient_Output: [-0.0147619   0.00282376]
2024-12-02 11:30:34,699 -      Epoch 55, Loss: 807.2550244219959, Gradient_Hidden: [-0.02320215  0.13708009 -0.11524027], Gradient_Output: [-0.01485866  0.00278266]
2024-12-02 11:30:36,352 -      Epoch 56, Loss: 807.2659420747821, Gradient_Hidden: [-0.02320829  0.13623165 -0.11420834], Gradient_Output: [-0.01494157  0.00274177]
2024-12-02 11:30:37,998 -      Epoch 57, Loss: 807.2768527775693, Gradient_Hidden: [-0.02322139  0.13539068 -0.11318372], Gradient_Output: [-0.01501173  0.00270112]
2024-12-02 11:30:39,647 -      Epoch 58, Loss: 807.2877512972361, Gradient_Hidden: [-0.02324077  0.13455702 -0.11216651], Gradient_Output: [-0.01507018  0.0026607 ]
2024-12-02 11:30:41,293 -      Epoch 59, Loss: 807.2986328513182, Gradient_Hidden: [-0.02326581  0.13373053 -0.11115678], Gradient_Output: [-0.01511787  0.00262054]
2024-12-02 11:30:42,935 -      Epoch 60, Loss: 807.3094930724932, Gradient_Hidden: [-0.02329593  0.13291109 -0.11015459], Gradient_Output: [-0.01515567  0.00258065]
2024-12-02 11:30:44,581 -      Epoch 61, Loss: 807.3203279762239, Gradient_Hidden: [-0.02333061  0.13209856 -0.10915998], Gradient_Output: [-0.0151844   0.00254104]
2024-12-02 11:30:46,233 -      Epoch 62, Loss: 807.331133930535, Gradient_Hidden: [-0.02336937  0.13129284 -0.10817301], Gradient_Output: [-0.01520478  0.00250171]
2024-12-02 11:30:47,887 -      Epoch 63, Loss: 807.3419076284072, Gradient_Hidden: [-0.02341176  0.1304938  -0.1071937 ], Gradient_Output: [-0.01521751  0.00246267]
2024-12-02 11:30:49,538 -      Epoch 64, Loss: 807.3526460621475, Gradient_Hidden: [-0.02345737  0.12970135 -0.10622207], Gradient_Output: [-0.01522322  0.00242394]
2024-12-02 11:30:51,184 -      Epoch 65, Loss: 807.3633464998512, Gradient_Hidden: [-0.02350583  0.12891537 -0.10525814], Gradient_Output: [-0.0152225   0.00238551]
2024-12-02 11:30:52,829 -      Epoch 66, Loss: 807.374006463641, Gradient_Hidden: [-0.0235568   0.12813576 -0.10430192], Gradient_Output: [-0.01521588  0.0023474 ]
2024-12-02 11:30:54,481 -      Epoch 67, Loss: 807.3846237096271, Gradient_Hidden: [-0.02360997  0.12736244 -0.1033534 ], Gradient_Output: [-0.01520386  0.0023096 ]
2024-12-02 11:30:56,157 -      Epoch 68, Loss: 807.3951962094279, Gradient_Hidden: [-0.02366503  0.12659531 -0.10241257], Gradient_Output: [-0.01518688  0.00227213]
2024-12-02 11:30:57,815 -      Epoch 69, Loss: 807.4057221330567, Gradient_Hidden: [-0.02372174  0.12583429 -0.10147944], Gradient_Output: [-0.01516539  0.00223498]
2024-12-02 11:30:59,469 -      Epoch 70, Loss: 807.416199833232, Gradient_Hidden: [-0.02377985  0.12507928 -0.10055397], Gradient_Output: [-0.01513976  0.00219816]
2024-12-02 11:31:01,120 -      Epoch 71, Loss: 807.4266278308417, Gradient_Hidden: [-0.02383913  0.12433022 -0.09963616], Gradient_Output: [-0.01511034  0.00216167]
2024-12-02 11:31:02,768 -      Epoch 72, Loss: 807.4370048015704, Gradient_Hidden: [-0.02389939  0.12358701 -0.09872597], Gradient_Output: [-0.01507748  0.00212552]
2024-12-02 11:31:04,416 -      Epoch 73, Loss: 807.4473295635479, Gradient_Hidden: [-0.02396043  0.12284959 -0.09782339], Gradient_Output: [-0.01504147  0.0020897 ]
2024-12-02 11:31:06,065 -      Epoch 74, Loss: 807.4576010659673, Gradient_Hidden: [-0.0240221   0.12211787 -0.09692836], Gradient_Output: [-0.0150026   0.00205422]
2024-12-02 11:31:07,716 -      Epoch 75, Loss: 807.4678183785827, Gradient_Hidden: [-0.02408422  0.1213918  -0.09604087], Gradient_Output: [-0.01496112  0.00201907]
2024-12-02 11:31:09,366 -      Epoch 76, Loss: 807.4779806820043, Gradient_Hidden: [-0.02414666  0.1206713  -0.09516088], Gradient_Output: [-0.01491727  0.00198426]
2024-12-02 11:31:11,014 -      Epoch 77, Loss: 807.4880872588275, Gradient_Hidden: [-0.02420929  0.1199563  -0.09428833], Gradient_Output: [-0.01487127  0.00194979]
2024-12-02 11:31:12,664 -      Epoch 78, Loss: 807.4981374852898, Gradient_Hidden: [-0.02427199  0.11924674 -0.0934232 ], Gradient_Output: [-0.01482332  0.00191566]
2024-12-02 11:31:14,315 -      Epoch 79, Loss: 807.5081308237818, Gradient_Hidden: [-0.02433466  0.11854256 -0.09256544], Gradient_Output: [-0.0147736   0.00188186]
2024-12-02 11:31:15,967 -      Epoch 80, Loss: 807.5180668157772, Gradient_Hidden: [-0.02439719  0.1178437  -0.091715  ], Gradient_Output: [-0.0147223  0.0018484]
2024-12-02 11:31:17,617 -      Epoch 81, Loss: 807.5279450754236, Gradient_Hidden: [-0.02445949  0.11715009 -0.09087183], Gradient_Output: [-0.01466956  0.00181527]
2024-12-02 11:31:19,272 -      Epoch 82, Loss: 807.537765283529, Gradient_Hidden: [-0.02452148  0.11646169 -0.09003589], Gradient_Output: [-0.01461552  0.00178248]
2024-12-02 11:31:20,920 -      Epoch 83, Loss: 807.5475271821098, Gradient_Hidden: [-0.0245831   0.11577842 -0.08920712], Gradient_Output: [-0.01456034  0.00175002]
2024-12-02 11:31:22,566 -      Epoch 84, Loss: 807.557230569318, Gradient_Hidden: [-0.02464426  0.11510025 -0.08838548], Gradient_Output: [-0.01450412  0.00171789]
2024-12-02 11:31:24,215 -      Epoch 85, Loss: 807.5668752947661, Gradient_Hidden: [-0.02470491  0.11442711 -0.08757091], Gradient_Output: [-0.01444698  0.00168609]
2024-12-02 11:31:25,869 -      Epoch 86, Loss: 807.5764612552357, Gradient_Hidden: [-0.024765    0.11375895 -0.08676335], Gradient_Output: [-0.01438902  0.00165462]
2024-12-02 11:31:27,523 -      Epoch 87, Loss: 807.5859883907071, Gradient_Hidden: [-0.02482447  0.11309572 -0.08596277], Gradient_Output: [-0.01433034  0.00162348]
2024-12-02 11:31:29,173 -      Epoch 88, Loss: 807.5954566807219, Gradient_Hidden: [-0.02488328  0.11243737 -0.08516909], Gradient_Output: [-0.01427103  0.00159266]
2024-12-02 11:31:30,824 -      Epoch 89, Loss: 807.6048661409588, Gradient_Hidden: [-0.02494139  0.11178386 -0.08438227], Gradient_Output: [-0.01421117  0.00156216]
2024-12-02 11:31:32,476 -      Epoch 90, Loss: 807.614216820194, Gradient_Hidden: [-0.02499877  0.11113513 -0.08360225], Gradient_Output: [-0.01415084  0.00153198]
2024-12-02 11:31:34,128 -      Epoch 91, Loss: 807.6235087974123, Gradient_Hidden: [-0.02505537  0.11049113 -0.08282898], Gradient_Output: [-0.01409009  0.00150212]
2024-12-02 11:31:35,777 -      Epoch 92, Loss: 807.6327421791159, Gradient_Hidden: [-0.02511117  0.10985183 -0.0820624 ], Gradient_Output: [-0.014029    0.00147257]
2024-12-02 11:31:37,429 -      Epoch 93, Loss: 807.6419170970051, Gradient_Hidden: [-0.02516615  0.10921717 -0.08130246], Gradient_Output: [-0.01396762  0.00144334]
2024-12-02 11:31:39,147 -      Epoch 94, Loss: 807.6510337056683, Gradient_Hidden: [-0.02522028  0.10858711 -0.08054909], Gradient_Output: [-0.013906    0.00141442]
2024-12-02 11:31:40,807 -      Epoch 95, Loss: 807.6600921805202, Gradient_Hidden: [-0.02527354  0.10796161 -0.07980225], Gradient_Output: [-0.0138442  0.0013858]
2024-12-02 11:31:42,523 -      Epoch 96, Loss: 807.6690927159094, Gradient_Hidden: [-0.02532591  0.10734063 -0.07906188], Gradient_Output: [-0.01378226  0.00135749]
2024-12-02 11:31:44,220 -      Epoch 97, Loss: 807.6780355233758, Gradient_Hidden: [-0.02537739  0.10672412 -0.07832792], Gradient_Output: [-0.01372021  0.00132948]
2024-12-02 11:31:46,021 -      Epoch 98, Loss: 807.6869208300668, Gradient_Hidden: [-0.02542794  0.10611204 -0.07760032], Gradient_Output: [-0.01365811  0.00130177]
2024-12-02 11:31:47,770 -      Epoch 99, Loss: 807.6957488771835, Gradient_Hidden: [-0.02547757  0.10550435 -0.07687902], Gradient_Output: [-0.01359597  0.00127436]
2024-12-02 11:31:49,429 -      Epoch 100, Loss: 807.704519918711, Gradient_Hidden: [-0.02552627  0.10490101 -0.07616397], Gradient_Output: [-0.01353383  0.00124724]
2024-12-02 11:31:49,429 - Testing in process
2024-12-02 11:31:49,429 - MSE threshold: 0.05
2024-12-02 11:31:49,611 - Test Accuracy: 95.97%
2024-12-02 11:31:49,611 - Fold 5 completed 

2024-12-02 11:31:49,675 - Cross-validation finished


