2024-12-03 10:21:18,330 - Data_shape: (80800, 4)
2024-12-03 10:21:18,330 - Network: learning rate=0.008, momentum=0.55, min_gradient=1e-05
2024-12-03 10:21:18,330 - Training in process
2024-12-03 10:21:18,330 - n_splits=5, random_state=3
2024-12-03 10:21:18,333 - TrainingSet_shape: (64640, 2), TestingSet_shaape: (16160, 2)
2024-12-03 10:21:18,333 - Fold: 1
2024-12-03 10:21:20,024 -      Epoch 1, Loss: 1478.8157600984187, Gradient_Hidden: [  0.54950612 -62.86778326 -20.77076531], Gradient_Output: [-18.26243623 -50.49316462]
2024-12-03 10:21:21,675 -      Epoch 2, Loss: 1262.0280059416452, Gradient_Hidden: [ -6.25986147 -22.67113045  10.95691879], Gradient_Output: [-2.11741662 -8.2209424 ]
2024-12-03 10:21:23,322 -      Epoch 3, Loss: 1180.4265669816004, Gradient_Hidden: [ 1.29083983 -1.57867144 -2.5055898 ], Gradient_Output: [-11.89996976   2.7825464 ]
2024-12-03 10:21:24,983 -      Epoch 4, Loss: 1033.766733321439, Gradient_Hidden: [ 70.18663147  -2.82846911 -10.60532488], Gradient_Output: [-16.92445705  -0.7150912 ]
2024-12-03 10:21:26,653 -      Epoch 5, Loss: 981.9107454578951, Gradient_Hidden: [  7.05970584  -8.07760428 -10.66195916], Gradient_Output: [-1.04102234 -7.68213799]
2024-12-03 10:21:28,331 -      Epoch 6, Loss: 973.075845892022, Gradient_Hidden: [-13.91417909 -10.78113056  -7.56327809], Gradient_Output: [ 7.07516319 -8.95943548]
2024-12-03 10:21:30,416 -      Epoch 7, Loss: 968.8949981727825, Gradient_Hidden: [-13.27459741 -13.08939441  -7.03557051], Gradient_Output: [ 8.18745228 -8.13516195]
2024-12-03 10:21:32,106 -      Epoch 8, Loss: 965.7436478883278, Gradient_Hidden: [-10.25622289 -16.80380408  -9.41998226], Gradient_Output: [ 7.54586042 -7.58885738]
2024-12-03 10:21:33,902 -      Epoch 9, Loss: 962.7186211257755, Gradient_Hidden: [ -7.90824643 -21.45300167 -13.09836407], Gradient_Output: [ 6.50219045 -7.50574477]
2024-12-03 10:21:35,882 -      Epoch 10, Loss: 959.3259098558783, Gradient_Hidden: [ -6.46161227 -25.92898528 -16.67872089], Gradient_Output: [ 5.27532009 -7.67374735]
2024-12-03 10:21:37,785 -      Epoch 11, Loss: 955.4029650032613, Gradient_Hidden: [ -5.85090047 -29.05774001 -19.18857929], Gradient_Output: [ 3.95746782 -7.81183191]
2024-12-03 10:21:39,786 -      Epoch 12, Loss: 951.1631572677952, Gradient_Hidden: [ -5.84292759 -30.15560395 -20.19295315], Gradient_Output: [ 2.7029218  -7.66330591]
2024-12-03 10:21:41,643 -      Epoch 13, Loss: 947.0330622838196, Gradient_Hidden: [ -6.07939577 -29.32367366 -19.80457678], Gradient_Output: [ 1.67681085 -7.11799714]
2024-12-03 10:21:43,529 -      Epoch 14, Loss: 943.3596762379515, Gradient_Hidden: [ -6.24257221 -27.21579817 -18.46231636], Gradient_Output: [ 0.95914446 -6.26127286]
2024-12-03 10:21:45,231 -      Epoch 15, Loss: 940.2522915280633, Gradient_Hidden: [ -6.17618147 -24.59429952 -16.65824299], Gradient_Output: [ 0.52160329 -5.28156664]
2024-12-03 10:21:46,902 -      Epoch 16, Loss: 937.6281776812796, Gradient_Hidden: [ -5.87154002 -22.04031546 -14.77235845], Gradient_Output: [ 0.27458261 -4.33948969]
2024-12-03 10:21:48,643 -      Epoch 17, Loss: 935.3334908819683, Gradient_Hidden: [ -5.38719128 -19.88835419 -13.02791994], Gradient_Output: [ 0.12519492 -3.50862205]
2024-12-03 10:21:50,316 -      Epoch 18, Loss: 933.2304039201694, Gradient_Hidden: [ -4.78644506 -18.27730529 -11.51301533], Gradient_Output: [ 0.00975197 -2.79035036]
2024-12-03 10:21:52,016 -      Epoch 19, Loss: 931.2301805761763, Gradient_Hidden: [ -4.11608695 -17.21641833 -10.22308071], Gradient_Output: [-0.09978752 -2.1556293 ]
2024-12-03 10:21:53,712 -      Epoch 20, Loss: 929.2915538257092, Gradient_Hidden: [ -3.41091682 -16.62901638  -9.10419635], Gradient_Output: [-0.20358462 -1.57990687]
2024-12-03 10:21:55,381 -      Epoch 21, Loss: 927.4043983817812, Gradient_Hidden: [ -2.7039283  -16.38264356  -8.08984251], Gradient_Output: [-0.28726919 -1.05824894]
2024-12-03 10:21:57,142 -      Epoch 22, Loss: 925.5720122327959, Gradient_Hidden: [ -2.02986795 -16.3242656   -7.12592213], Gradient_Output: [-0.33554369 -0.60081598]
2024-12-03 10:21:58,890 -      Epoch 23, Loss: 923.7995509300301, Gradient_Hidden: [ -1.42017695 -16.3203599   -6.18066303], Gradient_Output: [-0.34106826 -0.21905894]
2024-12-03 10:22:00,627 -      Epoch 24, Loss: 922.0898073593954, Gradient_Hidden: [ -0.89550469 -16.2836064   -5.24187141], Gradient_Output: [-0.30588108  0.08426018]
2024-12-03 10:22:02,326 -      Epoch 25, Loss: 920.4431291076279, Gradient_Hidden: [ -0.46269312 -16.17493335  -4.30864589], Gradient_Output: [-0.23746447  0.31611059]
2024-12-03 10:22:04,032 -      Epoch 26, Loss: 918.8581904828484, Gradient_Hidden: [ -0.11742983 -15.98882318  -3.3837685 ], Gradient_Output: [-0.14400854  0.48897934]
2024-12-03 10:22:05,830 -      Epoch 27, Loss: 917.3323315905884, Gradient_Hidden: [  0.15072443 -15.73635904  -2.46924136], Gradient_Output: [-0.03162797  0.61648495]
2024-12-03 10:22:07,539 -      Epoch 28, Loss: 915.8614925776601, Gradient_Hidden: [  0.35407097 -15.43381091  -1.56469374], Gradient_Output: [0.09639914 0.71087901]
2024-12-03 10:22:09,320 -      Epoch 29, Loss: 914.4400296775615, Gradient_Hidden: [  0.5042794  -15.09712707  -0.66752704], Gradient_Output: [0.23936435 0.78217601]
2024-12-03 10:22:11,018 -      Epoch 30, Loss: 913.0605614501536, Gradient_Hidden: [  0.61130227 -14.74000703   0.22612745], Gradient_Output: [0.39861017 0.83811291]
2024-12-03 10:22:12,706 -      Epoch 31, Loss: 911.7138663895876, Gradient_Hidden: [  0.68306248 -14.37356601   1.12009772], Gradient_Output: [0.57707238 0.88437664]
2024-12-03 10:22:14,511 -      Epoch 32, Loss: 910.388814243654, Gradient_Hidden: [  0.72546534 -14.00652653   2.01660593], Gradient_Output: [0.77890786 0.924816  ]
2024-12-03 10:22:16,244 -      Epoch 33, Loss: 909.0723344881662, Gradient_Hidden: [  0.7425043  -13.64547765   2.91436137], Gradient_Output: [1.00910019 0.96150273]
2024-12-03 10:22:18,085 -      Epoch 34, Loss: 907.7494795464862, Gradient_Hidden: [  0.73637295 -13.29500646   3.80619843], Gradient_Output: [1.27285994 0.99456973]
2024-12-03 10:22:19,756 -      Epoch 35, Loss: 906.4037174541216, Gradient_Hidden: [  0.70759368 -12.95759811   4.67630612], Gradient_Output: [1.57457434 1.02179512]
2024-12-03 10:22:21,468 -      Epoch 36, Loss: 905.017680002544, Gradient_Hidden: [  0.65527039 -12.63324768   5.49751795], Gradient_Output: [1.9160372  1.03797966]
2024-12-03 10:22:23,137 -      Epoch 37, Loss: 903.5746640270953, Gradient_Hidden: [  0.57768425 -12.31882034   6.22986823], Gradient_Output: [2.29381677 1.03434065]
2024-12-03 10:22:24,848 -      Epoch 38, Loss: 902.0611458282617, Gradient_Hidden: [  0.47352234 -12.00741334   6.82245944], Gradient_Output: [2.69607848 0.99844417]
2024-12-03 10:22:26,539 -      Epoch 39, Loss: 900.470273756955, Gradient_Hidden: [  0.34388723 -11.68832092   7.22082663], Gradient_Output: [3.1000668  0.91549736]
2024-12-03 10:22:28,383 -      Epoch 40, Loss: 898.8056477170503, Gradient_Hidden: [  0.19466205 -11.34845582   7.3801778 ], Gradient_Output: [3.47237225 0.77171848]
2024-12-03 10:22:30,082 -      Epoch 41, Loss: 897.0838716722001, Gradient_Hidden: [  0.03791824 -10.97570872   7.28084715], Gradient_Output: [3.77392218 0.55948505]
2024-12-03 10:22:31,793 -      Epoch 42, Loss: 895.3340620675624, Gradient_Hidden: [ -0.10926863 -10.56338451   6.93859923], Gradient_Output: [3.96931597 0.28220924]
2024-12-03 10:22:33,473 -      Epoch 43, Loss: 893.5934818476037, Gradient_Hidden: [ -0.22895497 -10.11335781   6.40334655], Gradient_Output: [ 4.03673606 -0.04407843]
2024-12-03 10:22:35,190 -      Epoch 44, Loss: 891.9005426982253, Gradient_Hidden: [-0.30748837 -9.63574093  5.74613497], Gradient_Output: [ 3.97341789 -0.39402426]
2024-12-03 10:22:36,898 -      Epoch 45, Loss: 890.2880174924397, Gradient_Hidden: [-0.33878933 -9.14514947  5.04089111], Gradient_Output: [ 3.79428283 -0.73961205]
2024-12-03 10:22:38,753 -      Epoch 46, Loss: 888.7789862895922, Gradient_Hidden: [-0.32435388 -8.65596543  4.34908575], Gradient_Output: [ 3.52549305 -1.05673637]
2024-12-03 10:22:40,420 -      Epoch 47, Loss: 887.3861867289469, Gradient_Hidden: [-0.27086515 -8.17911618  3.71202674], Gradient_Output: [ 3.19679698 -1.32901451]
2024-12-03 10:22:42,148 -      Epoch 48, Loss: 886.1137387491971, Gradient_Hidden: [-0.18725388 -7.72120435  3.15072086], Gradient_Output: [ 2.83570986 -1.54837264]
2024-12-03 10:22:43,875 -      Epoch 49, Loss: 884.9597216914771, Gradient_Hidden: [-0.08248407 -7.28527864  2.67036757], Gradient_Output: [ 2.46451727 -1.71352769]
2024-12-03 10:22:45,542 -      Epoch 50, Loss: 883.9185377833808, Gradient_Hidden: [ 0.03562375 -6.87213534  2.26622545], Gradient_Output: [ 2.09957497 -1.82775959]
2024-12-03 10:22:47,236 -      Epoch 51, Loss: 882.9826503489476, Gradient_Hidden: [ 0.16078323 -6.48142939  1.92872134], Gradient_Output: [ 1.75190586 -1.89687865]
2024-12-03 10:22:48,905 -      Epoch 52, Loss: 882.1437049879531, Gradient_Hidden: [ 0.28820614 -6.1123717   1.64698476], Gradient_Output: [ 1.42827939 -1.92773034]
2024-12-03 10:22:50,655 -      Epoch 53, Loss: 881.3931938824065, Gradient_Hidden: [ 0.41439512 -5.76407233  1.41085171], Gradient_Output: [ 1.13231124 -1.9272398 ]
2024-12-03 10:22:52,324 -      Epoch 54, Loss: 880.7228264876302, Gradient_Hidden: [ 0.53689809 -5.43566642  1.21173949], Gradient_Output: [ 0.8653938  -1.90187135]
2024-12-03 10:22:53,991 -      Epoch 55, Loss: 880.1247255872252, Gradient_Hidden: [ 0.65407856 -5.12633571  1.0428301 ], Gradient_Output: [ 0.62741688 -1.85736699]
2024-12-03 10:22:55,662 -      Epoch 56, Loss: 879.5915235608178, Gradient_Hidden: [ 0.76491854 -4.83529343  0.898902  ], Gradient_Output: [ 0.41729966 -1.79865684]
2024-12-03 10:22:57,366 -      Epoch 57, Loss: 879.1164024957401, Gradient_Hidden: [ 0.86885683 -4.5617641   0.77602825], Gradient_Output: [ 0.23337191 -1.72986818]
2024-12-03 10:22:59,068 -      Epoch 58, Loss: 878.6931025974801, Gradient_Hidden: [ 0.96566004 -4.30496961  0.67126122], Gradient_Output: [ 0.07364111 -1.65438622]
2024-12-03 10:23:00,859 -      Epoch 59, Loss: 878.3159123952378, Gradient_Hidden: [ 1.05532257 -4.06412314  0.58235893], Gradient_Output: [-0.06402441 -1.5749381 ]
2024-12-03 10:23:02,586 -      Epoch 60, Loss: 877.9796482336444, Gradient_Hidden: [ 1.13799113 -3.83842933  0.50757033], Gradient_Output: [-0.18177296 -1.49368351]
2024-12-03 10:23:04,256 -      Epoch 61, Loss: 877.6796273378162, Gradient_Hidden: [ 1.21390926 -3.62708823  0.44547796], Gradient_Output: [-0.28169029 -1.4123027 ]
2024-12-03 10:23:05,926 -      Epoch 62, Loss: 877.4116370522565, Gradient_Hidden: [ 1.28337772 -3.42930131  0.39488861], Gradient_Output: [-0.36575088 -1.3320772 ]
2024-12-03 10:23:07,596 -      Epoch 63, Loss: 877.1719019602994, Gradient_Hidden: [ 1.34672694 -3.24427795  0.35476087], Gradient_Output: [-0.43579044 -1.25396118]
2024-12-03 10:23:09,302 -      Epoch 64, Loss: 876.9570500942036, Gradient_Hidden: [ 1.40429857 -3.07124186  0.32415914], Gradient_Output: [-0.49349282 -1.17864317]
2024-12-03 10:23:10,970 -      Epoch 65, Loss: 876.7640791421802, Gradient_Hidden: [ 1.45643343 -2.90943669  0.30222587], Gradient_Output: [-0.54038661 -1.10659849]
2024-12-03 10:23:12,641 -      Epoch 66, Loss: 876.5903233445698, Gradient_Hidden: [ 1.50346414 -2.75813083  0.28816573], Gradient_Output: [-0.5778482  -1.03813311]
2024-12-03 10:23:14,315 -      Epoch 67, Loss: 876.4334216046636, Gradient_Hidden: [ 1.54571084 -2.61662112  0.28123716], Gradient_Output: [-0.60710861 -0.97342009]
2024-12-03 10:23:16,022 -      Epoch 68, Loss: 876.2912871976712, Gradient_Hidden: [ 1.583479   -2.48423576  0.28074822], Gradient_Output: [-0.62926281 -0.91252957]
2024-12-03 10:23:17,691 -      Epoch 69, Loss: 876.1620793409909, Gradient_Hidden: [ 1.61705864 -2.36033616  0.28605474], Gradient_Output: [-0.64528018 -0.85545313]
2024-12-03 10:23:19,398 -      Epoch 70, Loss: 876.0441767861283, Gradient_Hidden: [ 1.64672431 -2.24431812  0.29655955], Gradient_Output: [-0.65601543 -0.80212362]
2024-12-03 10:23:21,069 -      Epoch 71, Loss: 875.9361535081487, Gradient_Hidden: [ 1.67273565 -2.13561229  0.31171187], Gradient_Output: [-0.66221949 -0.75243105]
2024-12-03 10:23:22,740 -      Epoch 72, Loss: 875.836756500551, Gradient_Hidden: [ 1.69533808 -2.03368408  0.33100673], Gradient_Output: [-0.66455001 -0.70623521]
2024-12-03 10:23:24,450 -      Epoch 73, Loss: 875.7448856314192, Gradient_Hidden: [ 1.71476374 -1.93803309  0.35398391], Gradient_Output: [-0.66358124 -0.66337571]
2024-12-03 10:23:26,120 -      Epoch 74, Loss: 875.6595754781547, Gradient_Hidden: [ 1.73123231 -1.84819224  0.38022668], Gradient_Output: [-0.6598133  -0.62367982]
2024-12-03 10:23:27,790 -      Epoch 75, Loss: 875.5799790314255, Gradient_Hidden: [ 1.74495191 -1.76372651  0.40936007], Gradient_Output: [-0.6536806  -0.58696853]
2024-12-03 10:23:29,500 -      Epoch 76, Loss: 875.5053531423937, Gradient_Hidden: [ 1.75611983 -1.68423164  0.44104899], Gradient_Output: [-0.64555954 -0.55306117]
2024-12-03 10:23:31,180 -      Epoch 77, Loss: 875.4350455775456, Gradient_Hidden: [ 1.76492326 -1.60933255  0.47499603], Gradient_Output: [-0.6357755 -0.5217789]
2024-12-03 10:23:32,849 -      Epoch 78, Loss: 875.3684835428197, Gradient_Hidden: [ 1.77153989 -1.53868179  0.51093922], Gradient_Output: [-0.624609   -0.49294728]
2024-12-03 10:23:34,561 -      Epoch 79, Loss: 875.3051635398101, Gradient_Hidden: [ 1.77613846 -1.47195785  0.54864973], Gradient_Output: [-0.61230132 -0.46639809]
2024-12-03 10:23:36,230 -      Epoch 80, Loss: 875.2446424214412, Gradient_Hidden: [ 1.77887926 -1.40886356  0.58792956], Gradient_Output: [-0.59905934 -0.44197059]
2024-12-03 10:23:37,888 -      Epoch 81, Loss: 875.1865295214873, Gradient_Hidden: [ 1.7799145  -1.34912447  0.6286093 ], Gradient_Output: [-0.58505997 -0.41951233]
2024-12-03 10:23:39,593 -      Epoch 82, Loss: 875.1304797402892, Gradient_Hidden: [ 1.77938875 -1.29248724  0.670546  ], Gradient_Output: [-0.57045392 -0.39887959]
2024-12-03 10:23:41,350 -      Epoch 83, Loss: 875.0761874779328, Gradient_Hidden: [ 1.77743922 -1.23871815  0.71362112], Gradient_Output: [-0.55536906 -0.37993763]
2024-12-03 10:23:43,073 -      Epoch 84, Loss: 875.0233813156119, Gradient_Hidden: [ 1.77419612 -1.18760161  0.7577387 ], Gradient_Output: [-0.53991339 -0.3625606 ]
2024-12-03 10:23:44,735 -      Epoch 85, Loss: 874.9718193549375, Gradient_Hidden: [ 1.76978289 -1.13893884  0.8028236 ], Gradient_Output: [-0.52417754 -0.34663147]
2024-12-03 10:23:46,402 -      Epoch 86, Loss: 874.9212851338682, Gradient_Hidden: [ 1.76431652 -1.09254651  0.84881997], Gradient_Output: [-0.50823705 -0.33204174]
2024-12-03 10:23:48,058 -      Epoch 87, Loss: 874.8715840460803, Gradient_Hidden: [ 1.75790781 -1.04825553  0.89568988], Gradient_Output: [-0.49215427 -0.31869111]
2024-12-03 10:23:49,713 -      Epoch 88, Loss: 874.8225401989082, Gradient_Hidden: [ 1.75066159 -1.00590994  0.94341203], Gradient_Output: [-0.47598005 -0.3064871 ]
2024-12-03 10:23:51,420 -      Epoch 89, Loss: 874.7739936516153, Gradient_Hidden: [ 1.74267697 -0.9653658   0.99198074], Gradient_Output: [-0.45975514 -0.29534465]
2024-12-03 10:23:53,084 -      Epoch 90, Loss: 874.7257979828178, Gradient_Hidden: [ 1.73404765 -0.92649023  1.04140505], Gradient_Output: [-0.44351147 -0.28518571]
2024-12-03 10:23:54,746 -      Epoch 91, Loss: 874.6778181413441, Gradient_Hidden: [ 1.72486209 -0.88916047  1.09170791], Gradient_Output: [-0.42727322 -0.27593878]
2024-12-03 10:23:56,405 -      Epoch 92, Loss: 874.6299285400099, Gradient_Hidden: [ 1.7152038  -0.85326306  1.14292564], Gradient_Output: [-0.41105768 -0.26753853]
2024-12-03 10:23:58,116 -      Epoch 93, Loss: 874.582011357211, Gradient_Hidden: [ 1.70515157 -0.81869306  1.19510742], Gradient_Output: [-0.39487603 -0.25992538]
2024-12-03 10:23:59,777 -      Epoch 94, Loss: 874.5339550141006, Gradient_Hidden: [ 1.69477971 -0.78535331  1.24831499], Gradient_Output: [-0.37873404 -0.25304508]
2024-12-03 10:24:01,441 -      Epoch 95, Loss: 874.4856527995979, Gradient_Hidden: [ 1.68415831 -0.7531538   1.30262247], Gradient_Output: [-0.36263252 -0.24684837]
2024-12-03 10:24:03,103 -      Epoch 96, Loss: 874.4370016182135, Gradient_Hidden: [ 1.67335347 -0.72201104  1.35811629], Gradient_Output: [-0.34656783 -0.24129061]
2024-12-03 10:24:04,819 -      Epoch 97, Loss: 874.3879008381683, Gradient_Hidden: [ 1.66242755 -0.69184754  1.41489528], Gradient_Output: [-0.33053222 -0.23633141]
2024-12-03 10:24:06,483 -      Epoch 98, Loss: 874.3382512197488, Gradient_Hidden: [ 1.65143937 -0.66259134  1.4730709 ], Gradient_Output: [-0.31451408 -0.23193436]
2024-12-03 10:24:08,140 -      Epoch 99, Loss: 874.2879539053458, Gradient_Hidden: [ 1.64044449 -0.63417548  1.53276757], Gradient_Output: [-0.29849818 -0.22806671]
2024-12-03 10:24:09,853 -      Epoch 100, Loss: 874.2369094542928, Gradient_Hidden: [ 1.62949537 -0.60653767  1.59412316], Gradient_Output: [-0.2824658  -0.22469906]
2024-12-03 10:24:09,853 - Testing in process
2024-12-03 10:24:09,853 - MSE threshold: 0.05
2024-12-03 10:24:10,040 - Test Accuracy: 96.45%
2024-12-03 10:24:10,040 - Fold 1 completed 

2024-12-03 10:24:10,112 - TrainingSet_shape: (64640, 2), TestingSet_shaape: (16160, 2)
2024-12-03 10:24:10,112 - Fold: 2
2024-12-03 10:24:11,764 -      Epoch 1, Loss: 875.8794692523268, Gradient_Hidden: [ 3.14385238 -1.17033731  0.52748248], Gradient_Output: [-1.01202463 -0.79282399]
2024-12-03 10:24:13,418 -      Epoch 2, Loss: 875.7891786179014, Gradient_Hidden: [ 1.63574069 -0.27634536  1.15995714], Gradient_Output: [-0.41632093 -0.02159598]
2024-12-03 10:24:15,098 -      Epoch 3, Loss: 875.7638252643594, Gradient_Hidden: [ 1.59318567 -0.27655308  1.29734072], Gradient_Output: [-0.35096709 -0.02831225]
2024-12-03 10:24:16,819 -      Epoch 4, Loss: 875.7318177752722, Gradient_Hidden: [ 1.56721372 -0.26747073  1.41898316], Gradient_Output: [-0.30576335 -0.05074817]
2024-12-03 10:24:18,481 -      Epoch 5, Loss: 875.6955404292481, Gradient_Hidden: [ 1.54429616 -0.25575058  1.53231731], Gradient_Output: [-0.26730251 -0.07015533]
2024-12-03 10:24:20,144 -      Epoch 6, Loss: 875.6556392641161, Gradient_Hidden: [ 1.52363449 -0.24299988  1.64014772], Gradient_Output: [-0.23362343 -0.08629892]
2024-12-03 10:24:21,808 -      Epoch 7, Loss: 875.6124794229879, Gradient_Hidden: [ 1.50485386 -0.22955362  1.74457586], Gradient_Output: [-0.20350005 -0.09988414]
2024-12-03 10:24:23,473 -      Epoch 8, Loss: 875.5662992143235, Gradient_Hidden: [ 1.48768441 -0.21557906  1.8472606 ], Gradient_Output: [-0.17600589 -0.11150673]
2024-12-03 10:24:25,189 -      Epoch 9, Loss: 875.5172450449026, Gradient_Hidden: [ 1.47192546 -0.20119522  1.94954138], Gradient_Output: [-0.15042828 -0.12162386]
2024-12-03 10:24:26,852 -      Epoch 10, Loss: 875.4653904620042, Gradient_Hidden: [ 1.45742733 -0.18649216  2.05252793], Gradient_Output: [-0.12621207 -0.13058465]
2024-12-03 10:24:28,514 -      Epoch 11, Loss: 875.4107496793157, Gradient_Hidden: [ 1.44407826 -0.17153914  2.15716768], Gradient_Output: [-0.1029177  -0.13865668]
2024-12-03 10:24:30,225 -      Epoch 12, Loss: 875.3532874083879, Gradient_Hidden: [ 1.43179468 -0.15639028  2.2642966 ], Gradient_Output: [-0.08019008 -0.14604597]
2024-12-03 10:24:31,884 -      Epoch 13, Loss: 875.2929258285058, Gradient_Hidden: [ 1.42051402 -0.14108886  2.37467782], Gradient_Output: [-0.0577353  -0.15291164]
2024-12-03 10:24:33,548 -      Epoch 14, Loss: 875.2295493039298, Gradient_Hidden: [ 1.41018927 -0.12567076  2.48903124], Gradient_Output: [-0.03530313 -0.15937675]
2024-12-03 10:24:35,212 -      Epoch 15, Loss: 875.1630073190403, Gradient_Hidden: [ 1.40078489 -0.11016717  2.60805624], Gradient_Output: [-0.01267383 -0.16553614]
2024-12-03 10:24:36,872 -      Epoch 16, Loss: 875.09311599133, Gradient_Hidden: [ 1.39227374 -0.09460699  2.73244954], Gradient_Output: [ 0.01035191 -0.17146207]
2024-12-03 10:24:38,541 -      Epoch 17, Loss: 875.0196584296484, Gradient_Hidden: [ 1.38463463 -0.07901879  2.86291917], Gradient_Output: [ 0.03396072 -0.17720816]
2024-12-03 10:24:40,426 -      Epoch 18, Loss: 874.9423841349611, Gradient_Hidden: [ 1.37785045 -0.06343272  3.00019554], Gradient_Output: [ 0.05833258 -0.18281195]
2024-12-03 10:24:42,172 -      Epoch 19, Loss: 874.8610075860364, Gradient_Hidden: [ 1.37190658 -0.04788235  3.14504009], Gradient_Output: [ 0.08364553 -0.18829643]
2024-12-03 10:24:44,006 -      Epoch 20, Loss: 874.775206113183, Gradient_Hidden: [ 1.36678959 -0.03240647  3.29825192], Gradient_Output: [ 0.11007941 -0.19367058]
2024-12-03 10:24:45,758 -      Epoch 21, Loss: 874.6846171366024, Gradient_Hidden: [ 1.3624861  -0.01705103  3.46067217], Gradient_Output: [ 0.13781881 -0.19892922]
2024-12-03 10:24:47,432 -      Epoch 22, Loss: 874.5888348312498, Gradient_Hidden: [ 1.35898168e+00 -1.87126412e-03  3.63318635e+00], Gradient_Output: [ 0.16705531 -0.20405199]
2024-12-03 10:24:49,129 -      Epoch 23, Loss: 874.4874062753896, Gradient_Hidden: [1.35625989 0.01306606 3.81672384], Gradient_Output: [ 0.19798911 -0.20900167]
2024-12-03 10:24:51,051 -      Epoch 24, Loss: 874.3798271491517, Gradient_Hidden: [1.35430128 0.02768011 4.01225418], Gradient_Output: [ 0.23082998 -0.21372182]
2024-12-03 10:24:52,991 -      Epoch 25, Loss: 874.2655370678375, Gradient_Hidden: [1.35308257 0.04187329 4.22077907], Gradient_Output: [ 0.26579744 -0.21813361]
2024-12-03 10:24:54,658 -      Epoch 26, Loss: 874.1439146699918, Gradient_Hidden: [1.35257585 0.05552824 4.4433191 ], Gradient_Output: [ 0.30312009 -0.222132  ]
2024-12-03 10:24:56,396 -      Epoch 27, Loss: 874.0142726282849, Gradient_Hidden: [1.35274797 0.06850478 4.68089356], Gradient_Output: [ 0.34303376 -0.22558112]
2024-12-03 10:24:58,322 -      Epoch 28, Loss: 873.8758528177453, Gradient_Hidden: [1.35356034 0.0806368  4.93449187], Gradient_Output: [ 0.38577836 -0.22830914]
2024-12-03 10:25:00,128 -      Epoch 29, Loss: 873.7278219562014, Gradient_Hidden: [1.35496917 0.09172936 5.20503488], Gradient_Output: [ 0.43159309 -0.23010265]
2024-12-03 10:25:01,795 -      Epoch 30, Loss: 873.5692681255007, Gradient_Hidden: [1.35692664 0.10155633 5.49332428], Gradient_Output: [ 0.48070963 -0.23070091]
2024-12-03 10:25:03,502 -      Epoch 31, Loss: 873.3991986765999, Gradient_Hidden: [1.35938318 0.10985889 5.79997912], Gradient_Output: [ 0.53334329 -0.2297906 ]
2024-12-03 10:25:05,176 -      Epoch 32, Loss: 873.2165401024023, Gradient_Hidden: [1.36229157 0.11634568 6.1253593 ], Gradient_Output: [ 0.58968179 -0.2270018 ]
2024-12-03 10:25:06,886 -      Epoch 33, Loss: 873.0201404979916, Gradient_Hidden: [1.36561326 0.12069496 6.46947757], Gradient_Output: [ 0.64987201 -0.22190643]
2024-12-03 10:25:08,550 -      Epoch 34, Loss: 872.8087751808889, Gradient_Hidden: [1.36932768 0.12255974 6.83190465], Gradient_Output: [ 0.71400519 -0.21402042]
2024-12-03 10:25:10,234 -      Epoch 35, Loss: 872.5811558641394, Gradient_Hidden: [1.37344501 0.12157635 7.21167563], Gradient_Output: [ 0.78210171 -0.2028116 ]
2024-12-03 10:25:12,218 -      Epoch 36, Loss: 872.3359434176523, Gradient_Hidden: [1.37802279 0.1173768  7.60721021], Gradient_Output: [ 0.85409731 -0.18771481]
2024-12-03 10:25:14,065 -      Epoch 37, Loss: 872.071763696858, Gradient_Hidden: [1.38318609 0.10960469 8.0162638 ], Gradient_Output: [ 0.92983302 -0.16815557]
2024-12-03 10:25:15,726 -      Epoch 38, Loss: 871.7872251984802, Gradient_Hidden: [1.38915033 0.09793363 8.43592928], Gradient_Output: [ 1.0090518  -0.14358273]
2024-12-03 10:25:17,440 -      Epoch 39, Loss: 871.480936548748, Gradient_Hidden: [1.39624445 0.08208607 8.8627082 ], Gradient_Output: [ 1.09140459 -0.11350855]
2024-12-03 10:25:19,101 -      Epoch 40, Loss: 871.1515212708434, Gradient_Hidden: [1.40493107 0.06184966 9.2926633 ], Gradient_Output: [ 1.17646735 -0.07755262]
2024-12-03 10:25:21,045 -      Epoch 41, Loss: 870.7976272178884, Gradient_Hidden: [1.41581889 0.03708773 9.72165052], Gradient_Output: [ 1.26376909 -0.03548324]
2024-12-03 10:25:22,732 -      Epoch 42, Loss: 870.4179287545246, Gradient_Hidden: [1.42966275e+00 7.74094859e-03 1.01456087e+01], Gradient_Output: [1.35282775 0.01275145]
2024-12-03 10:25:24,394 -      Epoch 43, Loss: 870.0111212803948, Gradient_Hidden: [ 1.44734704 -0.0261811  10.56086442], Gradient_Output: [1.44318803 0.06701077]
2024-12-03 10:25:26,055 -      Epoch 44, Loss: 869.5759097225404, Gradient_Hidden: [ 1.46985128 -0.06461726 10.96439588], Gradient_Output: [1.53445352 0.12697221]
2024-12-03 10:25:27,785 -      Epoch 45, Loss: 869.1109945545988, Gradient_Hidden: [ 1.4982     -0.10747745 11.35399912], Gradient_Output: [1.6263054 0.1921664]
2024-12-03 10:25:29,455 -      Epoch 46, Loss: 868.615059991142, Gradient_Hidden: [ 1.53340309 -0.15466514 11.72832018], Gradient_Output: [1.71850257 0.2620305 ]
2024-12-03 10:25:31,131 -      Epoch 47, Loss: 868.0867687812066, Gradient_Hidden: [ 1.57639556 -0.20609448 12.08674813], Gradient_Output: [1.8108627  0.33596934]
2024-12-03 10:25:32,811 -      Epoch 48, Loss: 867.5247665669809, Gradient_Hidden: [ 1.62798559 -0.26169871 12.42920005], Gradient_Output: [1.90322809 0.41341188]
2024-12-03 10:25:34,761 -      Epoch 49, Loss: 866.9276967066471, Gradient_Hidden: [ 1.68881732 -0.32142945 12.75585299], Gradient_Output: [1.99542381 0.49385195]
2024-12-03 10:25:36,417 -      Epoch 50, Loss: 866.2942246229832, Gradient_Hidden: [ 1.75935061 -0.38524901 13.066883  ], Gradient_Output: [2.08721639 0.57686728]
2024-12-03 10:25:38,073 -      Epoch 51, Loss: 865.6230697356615, Gradient_Hidden: [ 1.83985506 -0.45311932 13.36225766], Gradient_Output: [2.17827951 0.66211654]
2024-12-03 10:25:39,728 -      Epoch 52, Loss: 864.9130429916869, Gradient_Hidden: [ 1.93041292 -0.52499093 13.64160462], Gradient_Output: [2.26817082 0.74931854]
2024-12-03 10:25:41,377 -      Epoch 53, Loss: 864.1630886093061, Gradient_Hidden: [ 2.03092421 -0.60079408 13.90415553], Gradient_Output: [2.35632054 0.83822034]
2024-12-03 10:25:43,092 -      Epoch 54, Loss: 863.3723294143275, Gradient_Hidden: [ 2.14110888 -0.68043286 14.14875028], Gradient_Output: [2.44203105 0.92856069]
2024-12-03 10:25:44,810 -      Epoch 55, Loss: 862.5401156723109, Gradient_Hidden: [ 2.26050291 -0.76378192 14.37388143], Gradient_Output: [2.5244856  1.02003404]
2024-12-03 10:25:46,463 -      Epoch 56, Loss: 861.6660774226884, Gradient_Hidden: [ 2.38844806 -0.85068504 14.5777616 ], Gradient_Output: [2.60276453 1.11225855]
2024-12-03 10:25:48,118 -      Epoch 57, Loss: 860.7501800138941, Gradient_Hidden: [ 2.52407701 -0.94095468 14.75840255], Gradient_Output: [2.6758678  1.20475016]
2024-12-03 10:25:49,767 -      Epoch 58, Loss: 859.7927819396717, Gradient_Hidden: [ 2.66629706 -1.03437196 14.91369955], Gradient_Output: [2.74274313 1.2969038 ]
2024-12-03 10:25:51,418 -      Epoch 59, Loss: 858.7946933232058, Gradient_Hidden: [ 2.81377648 -1.13068676 15.04151882], Gradient_Output: [2.80231919 1.38798255]
2024-12-03 10:25:53,073 -      Epoch 60, Loss: 857.7572326026603, Gradient_Hidden: [ 2.96493772 -1.22961757 15.13978657], Gradient_Output: [2.85354298 1.47711561]
2024-12-03 10:25:54,744 -      Epoch 61, Loss: 856.6822782271917, Gradient_Hidden: [ 3.11796153 -1.33085114 15.20657854], Gradient_Output: [2.89542045 1.56330561]
2024-12-03 10:25:56,456 -      Epoch 62, Loss: 855.5723115579193, Gradient_Hidden: [ 3.27080566 -1.43404177 15.24020788], Gradient_Output: [2.92705841 1.64544574]
2024-12-03 10:25:58,117 -      Epoch 63, Loss: 854.4304467662506, Gradient_Hidden: [ 3.42124046 -1.53880999 15.23930852], Gradient_Output: [2.94770573 1.72234692]
2024-12-03 10:25:59,785 -      Epoch 64, Loss: 853.2604434236305, Gradient_Hidden: [ 3.56690281 -1.64474078 15.20291009], Gradient_Output: [2.95679096 1.79277415]
2024-12-03 10:26:01,451 -      Epoch 65, Loss: 852.0666977657312, Gradient_Hidden: [ 3.70536738 -1.75138139 15.13050051], Gradient_Output: [2.95395362 1.85549105]
2024-12-03 10:26:03,112 -      Epoch 66, Loss: 850.8542093560654, Gradient_Hidden: [ 3.83423276 -1.85823888 15.02207214], Gradient_Output: [2.93906651 1.90931001]
2024-12-03 10:26:04,776 -      Epoch 67, Loss: 849.628521089271, Gradient_Hidden: [ 3.95121738 -1.96477824 14.87814846], Gradient_Output: [2.91224683 1.95314519]
2024-12-03 10:26:06,457 -      Epoch 68, Loss: 848.3956321270188, Gradient_Hidden: [ 4.05425862 -2.07042151 14.69978904], Gradient_Output: [2.87385485 1.9860647 ]
2024-12-03 10:26:08,121 -      Epoch 69, Loss: 847.1618853384521, Gradient_Hidden: [ 4.14160706 -2.17454908 14.48857228], Gradient_Output: [2.82448005 2.00733808]
2024-12-03 10:26:09,856 -      Epoch 70, Loss: 845.9338329458275, Gradient_Hidden: [ 4.21190772 -2.27650395 14.24655694], Gradient_Output: [2.76491564 2.01647537]
2024-12-03 10:26:11,518 -      Epoch 71, Loss: 844.7180861176992, Gradient_Hidden: [ 4.26426067 -2.37559974 13.9762248 ], Gradient_Output: [2.69612373 2.01325484]
2024-12-03 10:26:13,178 -      Epoch 72, Loss: 843.5211559465057, Gradient_Hidden: [ 4.29825534 -2.47113277 13.68040843], Gradient_Output: [2.61919402 1.997737  ]
2024-12-03 10:26:14,837 -      Epoch 73, Loss: 842.3492943502159, Gradient_Hidden: [ 4.31397552 -2.56239817 13.36220851], Gradient_Output: [2.53529944 1.97026414]
2024-12-03 10:26:16,499 -      Epoch 74, Loss: 841.2083437654568, Gradient_Hidden: [ 4.31197512 -2.64870908 13.02490587], Gradient_Output: [2.4456521  1.93144573]
2024-12-03 10:26:18,167 -      Epoch 75, Loss: 840.103603970901, Gradient_Hidden: [ 4.29322776 -2.72941797 12.67187303], Gradient_Output: [2.35146244 1.88213111]
2024-12-03 10:26:19,839 -      Epoch 76, Loss: 839.0397230385828, Gradient_Hidden: [ 4.25905594 -2.80393818 12.30648986], Gradient_Output: [2.25390399 1.82337201]
2024-12-03 10:26:21,503 -      Epoch 77, Loss: 838.0206174226843, Gradient_Hidden: [ 4.21104693 -2.871764   11.93206692], Gradient_Output: [2.15408489 1.75637804]
2024-12-03 10:26:23,363 -      Epoch 78, Loss: 837.0494238159106, Gradient_Hidden: [ 4.15096323 -2.93248765 11.55177918], Gradient_Output: [2.05302695 1.68246828]
2024-12-03 10:26:25,187 -      Epoch 79, Loss: 836.1284829379362, Gradient_Hidden: [ 4.0806549  -2.98581184 11.16861176], Gradient_Output: [1.95165192 1.60302238]
2024-12-03 10:26:26,893 -      Epoch 80, Loss: 835.2593531599356, Gradient_Hidden: [ 4.00197969 -3.03155701 10.78531832], Gradient_Output: [1.85077422 1.51943385]
2024-12-03 10:26:28,558 -      Epoch 81, Loss: 834.4428500455186, Gradient_Hidden: [ 3.91673525 -3.06966297 10.40439201], Gradient_Output: [1.75109924 1.43306783]
2024-12-03 10:26:30,233 -      Epoch 82, Loss: 833.6791066479076, Gradient_Hidden: [ 3.82660581 -3.1001854  10.0280479 ], Gradient_Output: [1.65322579 1.34522507]
2024-12-03 10:26:31,901 -      Epoch 83, Loss: 832.9676487877083, Gradient_Hidden: [ 3.73312391 -3.12328757  9.65821592], Gradient_Output: [1.55765171 1.25711282]
2024-12-03 10:26:33,564 -      Epoch 84, Loss: 832.3074795032227, Gradient_Hidden: [ 3.63764652 -3.13922858  9.29654242], Gradient_Output: [1.46478146 1.16982317]
2024-12-03 10:26:35,226 -      Epoch 85, Loss: 831.6971673077896, Gradient_Hidden: [ 3.54134383 -3.14834903  8.94439888], Gradient_Output: [1.37493489 1.08431866]
2024-12-03 10:26:36,883 -      Epoch 86, Loss: 831.1349336638026, Gradient_Hidden: [ 3.44519843 -3.15105533  8.60289609], Gradient_Output: [1.28835644 1.00142443]
2024-12-03 10:26:38,533 -      Epoch 87, Loss: 830.6187360448937, Gradient_Hidden: [ 3.35001261 -3.14780369  8.27290227], Gradient_Output: [1.20522432 0.92182632]
2024-12-03 10:26:40,182 -      Epoch 88, Loss: 830.1463439715877, Gradient_Hidden: [ 3.25642135 -3.13908457  7.95506381], Gradient_Output: [1.12565925 0.84607382]
2024-12-03 10:26:41,906 -      Epoch 89, Loss: 829.715406369755, Gradient_Hidden: [ 3.16490892 -3.12540828  7.64982742], Gradient_Output: [1.04973265 0.77458678]
2024-12-03 10:26:43,567 -      Epoch 90, Loss: 829.3235094432564, Gradient_Hidden: [ 3.07582749 -3.10729224  7.35746284], Gradient_Output: [0.97747406 0.70766506]
2024-12-03 10:26:45,221 -      Epoch 91, Loss: 828.9682249355288, Gradient_Hidden: [ 2.98941617 -3.08524997  7.07808534], Gradient_Output: [0.90887778 0.64550004]
2024-12-03 10:26:46,884 -      Epoch 92, Loss: 828.6471491676411, Gradient_Hidden: [ 2.9058197  -3.05978211  6.81167731], Gradient_Output: [0.84390884 0.58818719]
2024-12-03 10:26:48,666 -      Epoch 93, Loss: 828.3579335895678, Gradient_Hidden: [ 2.82510588 -3.03136927  6.55810877], Gradient_Output: [0.78250812 0.53573909]
2024-12-03 10:26:50,323 -      Epoch 94, Loss: 828.0983077914548, Gradient_Hidden: [ 2.74728143 -3.00046665  6.3171563 ], Gradient_Output: [0.72459692 0.48809829]
2024-12-03 10:26:51,984 -      Epoch 95, Loss: 827.8660960146649, Gradient_Hidden: [ 2.67230601 -2.96750029  6.08852033], Gradient_Output: [0.67008086 0.44514959]
2024-12-03 10:26:53,645 -      Epoch 96, Loss: 827.6592282105735, Gradient_Hidden: [ 2.60010429 -2.93286467  5.87184073], Gradient_Output: [0.61885324 0.40673151]
2024-12-03 10:26:55,303 -      Epoch 97, Loss: 827.4757466430211, Gradient_Hidden: [ 2.53057617 -2.89692148  5.66671057], Gradient_Output: [0.57079798 0.37264671]
2024-12-03 10:26:57,035 -      Epoch 98, Loss: 827.3138089395329, Gradient_Hidden: [ 2.46360516 -2.85999929  5.4726883 ], Gradient_Output: [0.52579212 0.34267125]
2024-12-03 10:26:58,695 -      Epoch 99, Loss: 827.171688386973, Gradient_Hidden: [ 2.39906523 -2.82239403  5.28930819], Gradient_Output: [0.48370793 0.31656272]
2024-12-03 10:27:00,355 -      Epoch 100, Loss: 827.0477721503376, Gradient_Hidden: [ 2.33682613 -2.78437003  5.11608934], Gradient_Output: [0.44441472 0.29406722]
2024-12-03 10:27:00,355 - Testing in process
2024-12-03 10:27:00,355 - MSE threshold: 0.05
2024-12-03 10:27:00,541 - Test Accuracy: 97.06%
2024-12-03 10:27:00,542 - Fold 2 completed 

2024-12-03 10:27:00,611 - TrainingSet_shape: (64640, 2), TestingSet_shaape: (16160, 2)
2024-12-03 10:27:00,611 - Fold: 3
2024-12-03 10:27:02,276 -      Epoch 1, Loss: 827.4197315211374, Gradient_Hidden: [ 1.70014744 -2.25191812  4.92083111], Gradient_Output: [0.71952145 0.44695217]
2024-12-03 10:27:03,937 -      Epoch 2, Loss: 827.4280902460868, Gradient_Hidden: [ 2.04906312 -2.83134577  4.6183586 ], Gradient_Output: [0.3456036  0.05915558]
2024-12-03 10:27:05,739 -      Epoch 3, Loss: 827.3679154681786, Gradient_Hidden: [ 2.03729564 -2.7693765   4.49755379], Gradient_Output: [0.31977555 0.07728471]
2024-12-03 10:27:07,404 -      Epoch 4, Loss: 827.3158688744214, Gradient_Hidden: [ 2.01628212 -2.71765905  4.3924814 ], Gradient_Output: [0.29648454 0.08893176]
2024-12-03 10:27:09,059 -      Epoch 5, Loss: 827.2716447247005, Gradient_Hidden: [ 1.98988859 -2.67085571  4.29224715], Gradient_Output: [0.27437319 0.09920203]
2024-12-03 10:27:10,715 -      Epoch 6, Loss: 827.2349690768486, Gradient_Hidden: [ 1.95928712 -2.62697605  4.19473862], Gradient_Output: [0.25335323 0.10889748]
2024-12-03 10:27:12,371 -      Epoch 7, Loss: 827.2055653677762, Gradient_Hidden: [ 1.9256262 -2.5853926  4.0999649], Gradient_Output: [0.23343729 0.11827136]
2024-12-03 10:27:14,065 -      Epoch 8, Loss: 827.1831027461515, Gradient_Hidden: [ 1.88982558 -2.54578814  4.00817361], Gradient_Output: [0.21463689 0.12745665]
2024-12-03 10:27:15,727 -      Epoch 9, Loss: 827.167207916847, Gradient_Hidden: [ 1.85259473 -2.50794467  3.91955514], Gradient_Output: [0.19694926 0.1365354 ]
2024-12-03 10:27:17,391 -      Epoch 10, Loss: 827.1574818309925, Gradient_Hidden: [ 1.81447748 -2.47169647  3.83421776], Gradient_Output: [0.18035818 0.14555703]
2024-12-03 10:27:19,055 -      Epoch 11, Loss: 827.1535133473616, Gradient_Hidden: [ 1.77588999 -2.43691351  3.75220123], Gradient_Output: [0.16483688 0.15454738]
2024-12-03 10:27:20,723 -      Epoch 12, Loss: 827.1548895435182, Gradient_Hidden: [ 1.73715016 -2.40349185  3.67349281], Gradient_Output: [0.15035061 0.163515  ]
2024-12-03 10:27:22,456 -      Epoch 13, Loss: 827.1612032873913, Gradient_Hidden: [ 1.69850002 -2.37134692  3.59804052], Gradient_Output: [0.13685889 0.17245606]
2024-12-03 10:27:24,122 -      Epoch 14, Loss: 827.1720586731253, Gradient_Hidden: [ 1.66012289 -2.3404085   3.52576365], Gradient_Output: [0.12431736 0.18135802]
2024-12-03 10:27:25,789 -      Epoch 15, Loss: 827.187074809599, Gradient_Hidden: [ 1.62215661 -2.31061699  3.45656115], Gradient_Output: [0.11267919 0.19020261]
2024-12-03 10:27:27,568 -      Epoch 16, Loss: 827.2058883445698, Gradient_Hidden: [ 1.58470376 -2.28192057  3.39031802], Gradient_Output: [0.10189627 0.19896803]
2024-12-03 10:27:29,310 -      Epoch 17, Loss: 827.2281550238474, Gradient_Hidden: [ 1.54783958 -2.25427313  3.32691047], Gradient_Output: [0.09192015 0.20763068]
2024-12-03 10:27:31,052 -      Epoch 18, Loss: 827.253550518841, Gradient_Hidden: [ 1.51161813 -2.22763267  3.26620978], Gradient_Output: [0.0827027  0.21616645]
2024-12-03 10:27:32,727 -      Epoch 19, Loss: 827.2817707049138, Gradient_Hidden: [ 1.47607713 -2.20196022  3.20808535], Gradient_Output: [0.07419671 0.22455164]
2024-12-03 10:27:34,397 -      Epoch 20, Loss: 827.3125315324633, Gradient_Hidden: [ 1.44124165 -2.17721896  3.15240695], Gradient_Output: [0.06635623 0.23276366]
2024-12-03 10:27:36,058 -      Epoch 21, Loss: 827.3455686014038, Gradient_Hidden: [ 1.4071271  -2.15337371  3.09904653], Gradient_Output: [0.05913694 0.24078148]
2024-12-03 10:27:38,189 -      Epoch 22, Loss: 827.3806365250356, Gradient_Hidden: [ 1.37374144 -2.13039044  3.04787935], Gradient_Output: [0.05249628 0.24858595]
2024-12-03 10:27:39,884 -      Epoch 23, Loss: 827.4175081495339, Gradient_Hidden: [ 1.34108695 -2.10823607  2.998785  ], Gradient_Output: [0.04639365 0.25616   ]
2024-12-03 10:27:41,554 -      Epoch 24, Loss: 827.4559736801648, Gradient_Hidden: [ 1.30916164 -2.08687826  2.9516479 ], Gradient_Output: [0.04079046 0.26348866]
2024-12-03 10:27:43,243 -      Epoch 25, Loss: 827.495839753248, Gradient_Hidden: [ 1.2779603  -2.06628536  2.90635778], Gradient_Output: [0.03565015 0.27055915]
2024-12-03 10:27:44,917 -      Epoch 26, Loss: 827.5369284833153, Gradient_Hidden: [ 1.24747528 -2.04642628  2.86280982], Gradient_Output: [0.03093822 0.27736077]
2024-12-03 10:27:46,768 -      Epoch 27, Loss: 827.5790765077776, Gradient_Hidden: [ 1.21769717 -2.02727054  2.82090477], Gradient_Output: [0.02662221 0.28388489]
2024-12-03 10:27:48,485 -      Epoch 28, Loss: 827.6221340449241, Gradient_Hidden: [ 1.18861527 -2.00878826  2.78054893], Gradient_Output: [0.0226716  0.29012476]
2024-12-03 10:27:50,150 -      Epoch 29, Loss: 827.6659639774593, Gradient_Hidden: [ 1.16021795 -1.9909502   2.741654  ], Gradient_Output: [0.0190578  0.29607546]
2024-12-03 10:27:51,817 -      Epoch 30, Loss: 827.7104409696293, Gradient_Hidden: [ 1.13249294 -1.97372775  2.704137  ], Gradient_Output: [0.01575409 0.30173374]
2024-12-03 10:27:53,508 -      Epoch 31, Loss: 827.7554506232686, Gradient_Hidden: [ 1.10542757 -1.95709299  2.66792003], Gradient_Output: [0.01273547 0.30709786]
2024-12-03 10:27:55,183 -      Epoch 32, Loss: 827.8008886764551, Gradient_Hidden: [ 1.07900889 -1.94101875  2.63293005], Gradient_Output: [0.00997866 0.31216748]
2024-12-03 10:27:56,846 -      Epoch 33, Loss: 827.8466602463744, Gradient_Hidden: [ 1.05322381 -1.92547859  2.59909867], Gradient_Output: [0.00746196 0.31694351]
2024-12-03 10:27:58,504 -      Epoch 34, Loss: 827.8926791170954, Gradient_Hidden: [ 1.0280592  -1.91044687  2.5663619 ], Gradient_Output: [0.00516519 0.32142797]
2024-12-03 10:28:00,169 -      Epoch 35, Loss: 827.9388670719926, Gradient_Hidden: [ 1.00350196 -1.89589876  2.53465988], Gradient_Output: [0.00306959 0.32562388]
2024-12-03 10:28:01,835 -      Epoch 36, Loss: 827.9851532698191, Gradient_Hidden: [ 0.97953906 -1.88181024  2.50393665], Gradient_Output: [0.00115776 0.32953511]
2024-12-03 10:28:03,504 -      Epoch 37, Loss: 828.0314736631606, Gradient_Hidden: [ 0.95615757 -1.86815815  2.47413992], Gradient_Output: [-0.00058647  0.3331663 ]
2024-12-03 10:28:05,168 -      Epoch 38, Loss: 828.0777704573806, Gradient_Hidden: [ 0.93334472 -1.85492017  2.44522083], Gradient_Output: [-0.00217805  0.33652273]
2024-12-03 10:28:06,940 -      Epoch 39, Loss: 828.123991608211, Gradient_Hidden: [ 0.91108788 -1.84207486  2.41713371], Gradient_Output: [-0.00363084  0.33961024]
2024-12-03 10:28:08,609 -      Epoch 40, Loss: 828.1700903561281, Gradient_Hidden: [ 0.88937461 -1.8296016   2.38983588], Gradient_Output: [-0.00495769  0.34243512]
2024-12-03 10:28:10,312 -      Epoch 41, Loss: 828.2160247950125, Gradient_Hidden: [ 0.86819263 -1.81748065  2.36328745], Gradient_Output: [-0.00617043  0.34500407]
2024-12-03 10:28:11,981 -      Epoch 42, Loss: 828.2617574733964, Gradient_Hidden: [ 0.84752988 -1.80569307  2.33745111], Gradient_Output: [-0.00728004  0.34732408]
2024-12-03 10:28:13,674 -      Epoch 43, Loss: 828.3072550259484, Gradient_Hidden: [ 0.82737448 -1.7942208   2.31229197], Gradient_Output: [-0.00829663  0.34940237]
2024-12-03 10:28:15,345 -      Epoch 44, Loss: 828.3524878332324, Gradient_Hidden: [ 0.80771475 -1.78304656  2.2877774 ], Gradient_Output: [-0.00922954  0.35124637]
2024-12-03 10:28:17,013 -      Epoch 45, Loss: 828.3974297080051, Gradient_Hidden: [ 0.7885392  -1.77215388  2.26387681], Gradient_Output: [-0.01008737  0.35286362]
2024-12-03 10:28:18,681 -      Epoch 46, Loss: 828.4420576056023, Gradient_Hidden: [ 0.76983658 -1.76152707  2.24056158], Gradient_Output: [-0.01087806  0.35426174]
2024-12-03 10:28:20,343 -      Epoch 47, Loss: 828.486351357436, Gradient_Hidden: [ 0.7515958  -1.75115119  2.21780487], Gradient_Output: [-0.01160892  0.35544841]
2024-12-03 10:28:22,001 -      Epoch 48, Loss: 828.5302934253002, Gradient_Hidden: [ 0.73380601 -1.74101204  2.19558151], Gradient_Output: [-0.01228666  0.35643128]
2024-12-03 10:28:23,762 -      Epoch 49, Loss: 828.5738686751399, Gradient_Hidden: [ 0.71645653 -1.73109615  2.17386788], Gradient_Output: [-0.01291746  0.35721799]
2024-12-03 10:28:25,425 -      Epoch 50, Loss: 828.6170641688323, Gradient_Hidden: [ 0.69953691 -1.72139071  2.15264179], Gradient_Output: [-0.01350698  0.35781612]
2024-12-03 10:28:27,088 -      Epoch 51, Loss: 828.6598689725406, Gradient_Hidden: [ 0.68303688 -1.71188359  2.13188241], Gradient_Output: [-0.01406044  0.35823316]
2024-12-03 10:28:28,759 -      Epoch 52, Loss: 828.7022739803191, Gradient_Hidden: [ 0.66694638 -1.70256331  2.11157011], Gradient_Output: [-0.01458261  0.35847651]
2024-12-03 10:28:30,427 -      Epoch 53, Loss: 828.7442717519837, Gradient_Hidden: [ 0.65125556 -1.69341899  2.09168644], Gradient_Output: [-0.01507784  0.35855342]
2024-12-03 10:28:32,092 -      Epoch 54, Loss: 828.7858563637088, Gradient_Hidden: [ 0.63595474 -1.68444034  2.07221402], Gradient_Output: [-0.01555014  0.35847103]
2024-12-03 10:28:33,761 -      Epoch 55, Loss: 828.8270232708704, Gradient_Hidden: [ 0.62103445 -1.67561766  2.05313645], Gradient_Output: [-0.01600315  0.35823631]
2024-12-03 10:28:35,424 -      Epoch 56, Loss: 828.8677691817595, Gradient_Hidden: [ 0.60648542 -1.66694177  2.03443828], Gradient_Output: [-0.01644018  0.3578561 ]
2024-12-03 10:28:37,087 -      Epoch 57, Loss: 828.9080919413959, Gradient_Hidden: [ 0.59229857 -1.65840401  2.0161049 ], Gradient_Output: [-0.01686427  0.35733703]
2024-12-03 10:28:38,753 -      Epoch 58, Loss: 828.9479904248324, Gradient_Hidden: [ 0.57846498 -1.64999622  1.99812251], Gradient_Output: [-0.01727816  0.3566856 ]
2024-12-03 10:28:40,424 -      Epoch 59, Loss: 828.987464438908, Gradient_Hidden: [ 0.56497596 -1.64171071  1.98047807], Gradient_Output: [-0.01768434  0.35590809]
2024-12-03 10:28:42,090 -      Epoch 60, Loss: 829.0265146319682, Gradient_Hidden: [ 0.55182297 -1.63354025  1.96315924], Gradient_Output: [-0.01808506  0.35501064]
2024-12-03 10:28:43,751 -      Epoch 61, Loss: 829.0651424107876, Gradient_Hidden: [ 0.53899767 -1.62547803  1.9461543 ], Gradient_Output: [-0.01848235  0.35399918]
2024-12-03 10:28:45,417 -      Epoch 62, Loss: 829.1033498643036, Gradient_Hidden: [ 0.5264919  -1.61751764  1.92945218], Gradient_Output: [-0.01887804  0.35287946]
2024-12-03 10:28:47,088 -      Epoch 63, Loss: 829.1411396934284, Gradient_Hidden: [ 0.51429765 -1.60965307  1.91304236], Gradient_Output: [-0.01927375  0.35165705]
2024-12-03 10:28:48,912 -      Epoch 64, Loss: 829.1785151464536, Gradient_Hidden: [ 0.50240713 -1.60187866  1.89691485], Gradient_Output: [-0.01967095  0.35033734]
2024-12-03 10:28:50,668 -      Epoch 65, Loss: 829.2154799597535, Gradient_Hidden: [ 0.49081268 -1.59418913  1.88106018], Gradient_Output: [-0.02007093  0.34892552]
2024-12-03 10:28:52,334 -      Epoch 66, Loss: 829.2520383034139, Gradient_Hidden: [ 0.47950682 -1.58657951  1.86546931], Gradient_Output: [-0.02047484  0.34742663]
2024-12-03 10:28:54,003 -      Epoch 67, Loss: 829.288194731006, Gradient_Hidden: [ 0.46848225 -1.57904513  1.85013368], Gradient_Output: [-0.02088367  0.34584551]
2024-12-03 10:28:55,666 -      Epoch 68, Loss: 829.3239541336092, Gradient_Hidden: [ 0.45773181 -1.57158165  1.83504511], Gradient_Output: [-0.0212983   0.34418684]
2024-12-03 10:28:57,334 -      Epoch 69, Loss: 829.3593216975721, Gradient_Hidden: [ 0.44724852 -1.56418499  1.82019583], Gradient_Output: [-0.02171948  0.34245512]
2024-12-03 10:28:59,003 -      Epoch 70, Loss: 829.3943028657499, Gradient_Hidden: [ 0.43702554 -1.55685134  1.80557842], Gradient_Output: [-0.02214786  0.34065469]
2024-12-03 10:29:00,672 -      Epoch 71, Loss: 829.4289033018423, Gradient_Hidden: [ 0.42705621 -1.54957714  1.7911858 ], Gradient_Output: [-0.02258398  0.33878972]
2024-12-03 10:29:02,341 -      Epoch 72, Loss: 829.4631288577434, Gradient_Hidden: [ 0.41733398 -1.54235907  1.77701123], Gradient_Output: [-0.02302827  0.33686423]
2024-12-03 10:29:04,010 -      Epoch 73, Loss: 829.4969855435972, Gradient_Hidden: [ 0.40785249 -1.53519403  1.76304827], Gradient_Output: [-0.0234811   0.33488208]
2024-12-03 10:29:05,676 -      Epoch 74, Loss: 829.5304795003632, Gradient_Hidden: [ 0.3986055  -1.52807914  1.74929074], Gradient_Output: [-0.02394275  0.33284699]
2024-12-03 10:29:07,344 -      Epoch 75, Loss: 829.563616974666, Gradient_Hidden: [ 0.38958692 -1.52101172  1.73573276], Gradient_Output: [-0.02441342  0.33076253]
2024-12-03 10:29:09,014 -      Epoch 76, Loss: 829.5964042958011, Gradient_Hidden: [ 0.38079081 -1.51398927  1.7223687 ], Gradient_Output: [-0.02489324  0.32863211]
2024-12-03 10:29:10,680 -      Epoch 77, Loss: 829.6288478547333, Gradient_Hidden: [ 0.37221134 -1.50700946  1.70919317], Gradient_Output: [-0.0253823   0.32645904]
2024-12-03 10:29:12,353 -      Epoch 78, Loss: 829.6609540848635, Gradient_Hidden: [ 0.36384286 -1.50007016  1.696201  ], Gradient_Output: [-0.0258806   0.32424645]
2024-12-03 10:29:14,099 -      Epoch 79, Loss: 829.6927294446026, Gradient_Hidden: [ 0.35567981 -1.49316936  1.68338725], Gradient_Output: [-0.02638811  0.3219974 ]
2024-12-03 10:29:15,766 -      Epoch 80, Loss: 829.7241804012568, Gradient_Hidden: [ 0.34771678 -1.48630522  1.67074719], Gradient_Output: [-0.02690474  0.31971477]
2024-12-03 10:29:17,435 -      Epoch 81, Loss: 829.7553134167039, Gradient_Hidden: [ 0.33994848 -1.47947604  1.65827626], Gradient_Output: [-0.02743038  0.31740135]
2024-12-03 10:29:19,105 -      Epoch 82, Loss: 829.7861349340646, Gradient_Hidden: [ 0.33236975 -1.47268024  1.64597011], Gradient_Output: [-0.02796486  0.31505981]
2024-12-03 10:29:20,773 -      Epoch 83, Loss: 829.8166513658828, Gradient_Hidden: [ 0.32497555 -1.46591637  1.63382456], Gradient_Output: [-0.02850797  0.31269271]
2024-12-03 10:29:22,443 -      Epoch 84, Loss: 829.8468690832285, Gradient_Hidden: [ 0.31776097 -1.45918309  1.62183558], Gradient_Output: [-0.02905949  0.31030249]
2024-12-03 10:29:24,112 -      Epoch 85, Loss: 829.8767944059994, Gradient_Hidden: [ 0.31072119 -1.45247917  1.60999933], Gradient_Output: [-0.02961914  0.3078915 ]
2024-12-03 10:29:25,781 -      Epoch 86, Loss: 829.9064335941357, Gradient_Hidden: [ 0.30385153 -1.4458035   1.59831209], Gradient_Output: [-0.03018666  0.30546198]
2024-12-03 10:29:27,450 -      Epoch 87, Loss: 829.9357928397731, Gradient_Hidden: [ 0.29714742 -1.43915504  1.58677029], Gradient_Output: [-0.03076172  0.30301607]
2024-12-03 10:29:29,120 -      Epoch 88, Loss: 829.9648782601913, Gradient_Hidden: [ 0.2906044  -1.43253285  1.57537053], Gradient_Output: [-0.03134401  0.30055584]
2024-12-03 10:29:30,941 -      Epoch 89, Loss: 829.9936958916696, Gradient_Hidden: [ 0.2842181  -1.42593607  1.56410948], Gradient_Output: [-0.03193317  0.29808324]
2024-12-03 10:29:32,608 -      Epoch 90, Loss: 830.0222516837338, Gradient_Hidden: [ 0.27798428 -1.41936394  1.55298399], Gradient_Output: [-0.03252884  0.29560014]
2024-12-03 10:29:34,276 -      Epoch 91, Loss: 830.0505514944961, Gradient_Hidden: [ 0.27189879 -1.41281574  1.541991  ], Gradient_Output: [-0.03313065  0.29310833]
2024-12-03 10:29:35,943 -      Epoch 92, Loss: 830.0786010863067, Gradient_Hidden: [ 0.2659576  -1.40629084  1.53112757], Gradient_Output: [-0.03373822  0.29060953]
2024-12-03 10:29:37,700 -      Epoch 93, Loss: 830.1064061220634, Gradient_Hidden: [ 0.26015675 -1.39978867  1.52039086], Gradient_Output: [-0.03435115  0.28810537]
2024-12-03 10:29:39,353 -      Epoch 94, Loss: 830.1339721620539, Gradient_Hidden: [ 0.2544924  -1.39330872  1.50977815], Gradient_Output: [-0.03496904  0.2855974 ]
2024-12-03 10:29:41,013 -      Epoch 95, Loss: 830.1613046612559, Gradient_Hidden: [ 0.24896082 -1.38685052  1.49928679], Gradient_Output: [-0.0355915  0.2830871]
2024-12-03 10:29:42,672 -      Epoch 96, Loss: 830.1884089671177, Gradient_Hidden: [ 0.24355833 -1.38041369  1.48891425], Gradient_Output: [-0.0362181  0.2805759]
2024-12-03 10:29:44,335 -      Epoch 97, Loss: 830.2152903176678, Gradient_Hidden: [ 0.23828137 -1.37399785  1.47865809], Gradient_Output: [-0.03684844  0.27806513]
2024-12-03 10:29:46,180 -      Epoch 98, Loss: 830.2419538401637, Gradient_Hidden: [ 0.23312649 -1.36760271  1.46851592], Gradient_Output: [-0.03748211  0.27555608]
2024-12-03 10:29:47,846 -      Epoch 99, Loss: 830.2684045499116, Gradient_Hidden: [ 0.22809028 -1.36122799  1.45848548], Gradient_Output: [-0.03811869  0.27304996]
2024-12-03 10:29:49,508 -      Epoch 100, Loss: 830.2946473494574, Gradient_Hidden: [ 0.22316946 -1.35487346  1.44856456], Gradient_Output: [-0.03875778  0.27054793]
2024-12-03 10:29:49,508 - Testing in process
2024-12-03 10:29:49,508 - MSE threshold: 0.05
2024-12-03 10:29:49,694 - Test Accuracy: 97.06%
2024-12-03 10:29:49,694 - Fold 3 completed 

2024-12-03 10:29:49,761 - TrainingSet_shape: (64640, 2), TestingSet_shaape: (16160, 2)
2024-12-03 10:29:49,761 - Fold: 4
2024-12-03 10:29:51,413 -      Epoch 1, Loss: 828.5085540296591, Gradient_Hidden: [ 0.88683988 -2.30227393  2.26505773], Gradient_Output: [0.02341862 0.2988184 ]
2024-12-03 10:29:53,166 -      Epoch 2, Loss: 828.3736729908113, Gradient_Hidden: [ 0.66887407 -1.31056778  1.37039318], Gradient_Output: [0.03050412 0.247729  ]
2024-12-03 10:29:54,826 -      Epoch 3, Loss: 828.3782353799294, Gradient_Hidden: [ 0.57016145 -1.29630815  1.31286045], Gradient_Output: [0.02171472 0.23508537]
2024-12-03 10:29:56,489 -      Epoch 4, Loss: 828.3874799499256, Gradient_Hidden: [ 0.49449164 -1.30288572  1.2913    ], Gradient_Output: [0.01524019 0.22944721]
2024-12-03 10:29:58,146 -      Epoch 5, Loss: 828.3999343914459, Gradient_Hidden: [ 0.43326767 -1.30810931  1.2762788 ], Gradient_Output: [0.01026869 0.22652202]
2024-12-03 10:29:59,902 -      Epoch 6, Loss: 828.4147960509328, Gradient_Hidden: [ 0.38365959 -1.31104569  1.26477813], Gradient_Output: [0.00638719 0.22536002]
2024-12-03 10:30:01,566 -      Epoch 7, Loss: 828.4314665701363, Gradient_Hidden: [ 0.34339887 -1.31207841  1.25570928], Gradient_Output: [0.00330477 0.22535828]
2024-12-03 10:30:03,257 -      Epoch 8, Loss: 828.4494881599895, Gradient_Hidden: [ 0.31062985 -1.31161544  1.24835259], Gradient_Output: [0.00080426 0.22607682]
2024-12-03 10:30:04,922 -      Epoch 9, Loss: 828.4685101522178, Gradient_Hidden: [ 0.28385063 -1.30998849  1.24217574], Gradient_Output: [-0.0012773   0.22719442]
2024-12-03 10:30:06,585 -      Epoch 10, Loss: 828.4882644990122, Gradient_Hidden: [ 0.26185394 -1.30745789  1.23678144], Gradient_Output: [-0.00306163  0.22848013]
2024-12-03 10:30:08,253 -      Epoch 11, Loss: 828.5085469171908, Gradient_Hidden: [ 0.24367392 -1.30422638  1.2318758 ], Gradient_Output: [-0.00463907  0.22977156]
2024-12-03 10:30:09,919 -      Epoch 12, Loss: 828.5292022749318, Gradient_Hidden: [ 0.22854042 -1.30045135  1.22724444], Gradient_Output: [-0.00607602  0.23095798]
2024-12-03 10:30:11,689 -      Epoch 13, Loss: 828.5501132626631, Gradient_Hidden: [ 0.21584082 -1.29625483  1.22273369], Gradient_Output: [-0.0074208   0.23196718]
2024-12-03 10:30:13,368 -      Epoch 14, Loss: 828.5711916178083, Gradient_Hidden: [ 0.20508855 -1.29173128  1.21823595], Gradient_Output: [-0.00870808  0.23275541]
2024-12-03 10:30:15,056 -      Epoch 15, Loss: 828.5923713352425, Gradient_Hidden: [ 0.19589748 -1.28695382  1.21367825], Gradient_Output: [-0.00996225  0.23329962]
2024-12-03 10:30:16,763 -      Epoch 16, Loss: 828.6136034211071, Gradient_Hidden: [ 0.18796127 -1.28197906  1.20901344], Gradient_Output: [-0.01120006  0.23359161]
2024-12-03 10:30:18,468 -      Epoch 17, Loss: 828.6348518441821, Gradient_Hidden: [ 0.18103682 -1.27685087  1.20421338], Gradient_Output: [-0.01243257  0.23363358]
2024-12-03 10:30:20,197 -      Epoch 18, Loss: 828.6560904169139, Gradient_Hidden: [ 0.17493107 -1.2716033   1.19926374], Gradient_Output: [-0.01366671  0.23343474]
2024-12-03 10:30:22,001 -      Epoch 19, Loss: 828.6773003962242, Gradient_Hidden: [ 0.16949058 -1.26626282  1.19416007], Gradient_Output: [-0.01490637  0.23300889]
2024-12-03 10:30:23,768 -      Epoch 20, Loss: 828.6984686414919, Gradient_Hidden: [ 0.16459315 -1.26085011  1.18890483], Gradient_Output: [-0.0161533   0.23237256]
2024-12-03 10:30:25,575 -      Epoch 21, Loss: 828.7195862034964, Gradient_Hidden: [ 0.16014133 -1.25538137  1.18350512], Gradient_Output: [-0.01740774  0.2315437 ]
2024-12-03 10:30:27,372 -      Epoch 22, Loss: 828.7406472458938, Gradient_Hidden: [ 0.15605722 -1.24986936  1.17797106], Gradient_Output: [-0.01866889  0.23054073]
2024-12-03 10:30:29,138 -      Epoch 23, Loss: 828.7616482232568, Gradient_Hidden: [ 0.15227839 -1.24432419  1.17231455], Gradient_Output: [-0.01993529  0.22938184]
2024-12-03 10:30:30,810 -      Epoch 24, Loss: 828.7825872565556, Gradient_Hidden: [ 0.14875466 -1.23875394  1.16654839], Gradient_Output: [-0.02120508  0.22808462]
2024-12-03 10:30:32,563 -      Epoch 25, Loss: 828.8034636604699, Gradient_Hidden: [ 0.14544559 -1.23316513  1.16068563], Gradient_Output: [-0.02247617  0.22666569]
2024-12-03 10:30:34,231 -      Epoch 26, Loss: 828.8242775873283, Gradient_Hidden: [ 0.14231842 -1.22756303  1.15473917], Gradient_Output: [-0.0237464   0.22514059]
2024-12-03 10:30:35,887 -      Epoch 27, Loss: 828.8450297601743, Gradient_Hidden: [ 0.13934657 -1.22195202  1.14872142], Gradient_Output: [-0.02501361  0.22352367]
2024-12-03 10:30:37,553 -      Epoch 28, Loss: 828.8657212740611, Gradient_Hidden: [ 0.13650834 -1.2163357   1.14264415], Gradient_Output: [-0.02627573  0.22182802]
2024-12-03 10:30:39,210 -      Epoch 29, Loss: 828.8863534494038, Gradient_Hidden: [ 0.13378595 -1.2107171   1.13651833], Gradient_Output: [-0.02753079  0.22006558]
2024-12-03 10:30:40,870 -      Epoch 30, Loss: 828.906927724791, Gradient_Hidden: [ 0.13116478 -1.20509883  1.1303541 ], Gradient_Output: [-0.02877698  0.21824709]
2024-12-03 10:30:42,527 -      Epoch 31, Loss: 828.9274455796783, Gradient_Hidden: [ 0.12863269 -1.1994831   1.12416076], Gradient_Output: [-0.03001264  0.21638221]
2024-12-03 10:30:44,192 -      Epoch 32, Loss: 828.9479084797105, Gradient_Hidden: [ 0.12617963 -1.19387185  1.11794676], Gradient_Output: [-0.03123627  0.21447957]
2024-12-03 10:30:45,853 -      Epoch 33, Loss: 828.968317838984, Gradient_Hidden: [ 0.12379714 -1.18826678  1.11171973], Gradient_Output: [-0.03244653  0.21254683]
2024-12-03 10:30:47,598 -      Epoch 34, Loss: 828.9886749948948, Gradient_Hidden: [ 0.12147814 -1.18266941  1.10548656], Gradient_Output: [-0.03364225  0.21059082]
2024-12-03 10:30:49,243 -      Epoch 35, Loss: 829.0089811923003, Gradient_Hidden: [ 0.11921662 -1.17708108  1.09925339], Gradient_Output: [-0.03482238  0.20861754]
2024-12-03 10:30:50,895 -      Epoch 36, Loss: 829.0292375747283, Gradient_Hidden: [ 0.11700747 -1.171503    1.0930257 ], Gradient_Output: [-0.03598602  0.2066323 ]
2024-12-03 10:30:52,548 -      Epoch 37, Loss: 829.0494451802055, Gradient_Hidden: [ 0.11484631 -1.16593628  1.08680837], Gradient_Output: [-0.03713241  0.20463975]
2024-12-03 10:30:54,200 -      Epoch 38, Loss: 829.0696049411432, Gradient_Hidden: [ 0.11272937 -1.16038193  1.0806057 ], Gradient_Output: [-0.03826089  0.20264397]
2024-12-03 10:30:55,857 -      Epoch 39, Loss: 829.0897176860972, Gradient_Hidden: [ 0.11065338 -1.15484085  1.07442151], Gradient_Output: [-0.03937091  0.20064851]
2024-12-03 10:30:57,507 -      Epoch 40, Loss: 829.1097841437365, Gradient_Hidden: [ 0.10861549 -1.1493139   1.06825912], Gradient_Output: [-0.04046203  0.19865649]
2024-12-03 10:30:59,161 -      Epoch 41, Loss: 829.1298049475675, Gradient_Hidden: [ 0.10661322 -1.14380185  1.06212148], Gradient_Output: [-0.04153387  0.19667059]
2024-12-03 10:31:00,819 -      Epoch 42, Loss: 829.1497806413988, Gradient_Hidden: [ 0.10464435 -1.13830541  1.05601113], Gradient_Output: [-0.04258615  0.19469313]
2024-12-03 10:31:02,472 -      Epoch 43, Loss: 829.1697116852501, Gradient_Hidden: [ 0.10270695 -1.13282525  1.04993031], Gradient_Output: [-0.04361865  0.19272613]
2024-12-03 10:31:04,173 -      Epoch 44, Loss: 829.1895984612038, Gradient_Hidden: [ 0.10079928 -1.12736198  1.04388093], Gradient_Output: [-0.04463123  0.19077132]
2024-12-03 10:31:05,861 -      Epoch 45, Loss: 829.2094412792312, Gradient_Hidden: [ 0.09891979 -1.12191616  1.03786468], Gradient_Output: [-0.04562377  0.18883017]
2024-12-03 10:31:07,513 -      Epoch 46, Loss: 829.2292403830093, Gradient_Hidden: [ 0.09706709 -1.11648832  1.03188296], Gradient_Output: [-0.04659622  0.18690393]
2024-12-03 10:31:09,188 -      Epoch 47, Loss: 829.2489959552832, Gradient_Hidden: [ 0.09523993 -1.11107895  1.025937  ], Gradient_Output: [-0.04754859  0.18499368]
2024-12-03 10:31:10,872 -      Epoch 48, Loss: 829.268708123137, Gradient_Hidden: [ 0.09343716 -1.1056885   1.02002784], Gradient_Output: [-0.0484809  0.1831003]
2024-12-03 10:31:12,549 -      Epoch 49, Loss: 829.2883769628489, Gradient_Hidden: [ 0.09165775 -1.10031739  1.01415634], Gradient_Output: [-0.04939321  0.18122454]
2024-12-03 10:31:14,293 -      Epoch 50, Loss: 829.3080025044875, Gradient_Hidden: [ 0.08990076 -1.09496601  1.00832322], Gradient_Output: [-0.05028562  0.17936701]
2024-12-03 10:31:15,952 -      Epoch 51, Loss: 829.3275847361855, Gradient_Hidden: [ 0.08816532 -1.08963472  1.00252908], Gradient_Output: [-0.05115825  0.17752822]
2024-12-03 10:31:17,611 -      Epoch 52, Loss: 829.3471236080909, Gradient_Hidden: [ 0.08645064 -1.08432385  0.99677439], Gradient_Output: [-0.05201123  0.17570857]
2024-12-03 10:31:19,269 -      Epoch 53, Loss: 829.3666190360024, Gradient_Hidden: [ 0.08475598 -1.07903372  0.99105955], Gradient_Output: [-0.05284473  0.17390837]
2024-12-03 10:31:20,954 -      Epoch 54, Loss: 829.3860709048556, Gradient_Hidden: [ 0.08308068 -1.07376461  0.98538484], Gradient_Output: [-0.05365892  0.17212786]
2024-12-03 10:31:22,616 -      Epoch 55, Loss: 829.4054790717979, Gradient_Hidden: [ 0.08142409 -1.06851679  0.97975047], Gradient_Output: [-0.054454    0.17036722]
2024-12-03 10:31:24,403 -      Epoch 56, Loss: 829.4248433690738, Gradient_Hidden: [ 0.07978564 -1.0632905   0.9741566 ], Gradient_Output: [-0.05523017  0.16862656]
2024-12-03 10:31:26,068 -      Epoch 57, Loss: 829.444163606646, Gradient_Hidden: [ 0.07816479 -1.05808598  0.9686033 ], Gradient_Output: [-0.05598765  0.16690594]
2024-12-03 10:31:27,725 -      Epoch 58, Loss: 829.4634395747627, Gradient_Hidden: [ 0.07656103 -1.05290343  0.96309061], Gradient_Output: [-0.05672666  0.1652054 ]
2024-12-03 10:31:29,395 -      Epoch 59, Loss: 829.4826710460516, Gradient_Hidden: [ 0.07497388 -1.04774305  0.95761851], Gradient_Output: [-0.05744743  0.16352491]
2024-12-03 10:31:31,068 -      Epoch 60, Loss: 829.5018577777345, Gradient_Hidden: [ 0.0734029  -1.04260502  0.95218696], Gradient_Output: [-0.0581502   0.16186442]
2024-12-03 10:31:32,818 -      Epoch 61, Loss: 829.5209995134378, Gradient_Hidden: [ 0.07184768 -1.03748949  0.94679585], Gradient_Output: [-0.05883523  0.16022387]
2024-12-03 10:31:34,494 -      Epoch 62, Loss: 829.5400959849505, Gradient_Hidden: [ 0.07030782 -1.03239663  0.94144507], Gradient_Output: [-0.05950274  0.15860315]
2024-12-03 10:31:36,152 -      Epoch 63, Loss: 829.5591469139155, Gradient_Hidden: [ 0.06878295 -1.02732656  0.93613448], Gradient_Output: [-0.060153    0.15700214]
2024-12-03 10:31:37,808 -      Epoch 64, Loss: 829.5781520132426, Gradient_Hidden: [ 0.06727272 -1.02227942  0.93086389], Gradient_Output: [-0.06078626  0.15542071]
2024-12-03 10:31:39,555 -      Epoch 65, Loss: 829.5971109884186, Gradient_Hidden: [ 0.0657768  -1.01725531  0.92563311], Gradient_Output: [-0.06140278  0.15385869]
2024-12-03 10:31:41,214 -      Epoch 66, Loss: 829.6160235389348, Gradient_Hidden: [ 0.06429487 -1.01225435  0.92044194], Gradient_Output: [-0.06200282  0.15231592]
2024-12-03 10:31:42,878 -      Epoch 67, Loss: 829.6348893593047, Gradient_Hidden: [ 0.06282666 -1.00727661  0.91529015], Gradient_Output: [-0.06258663  0.15079223]
2024-12-03 10:31:44,543 -      Epoch 68, Loss: 829.6537081401667, Gradient_Hidden: [ 0.06137186 -1.00232219  0.9101775 ], Gradient_Output: [-0.06315447  0.14928743]
2024-12-03 10:31:46,301 -      Epoch 69, Loss: 829.6724795692405, Gradient_Hidden: [ 0.05993021 -0.99739116  0.90510374], Gradient_Output: [-0.06370661  0.14780132]
2024-12-03 10:31:47,963 -      Epoch 70, Loss: 829.6912033323207, Gradient_Hidden: [ 0.05850146 -0.99248359  0.90006861], Gradient_Output: [-0.0642433  0.1463337]
2024-12-03 10:31:49,620 -      Epoch 71, Loss: 829.7098791139675, Gradient_Hidden: [ 0.05708536 -0.98759953  0.89507184], Gradient_Output: [-0.0647648   0.14488438]
2024-12-03 10:31:51,282 -      Epoch 72, Loss: 829.7285065984242, Gradient_Hidden: [ 0.05568169 -0.98273903  0.89011315], Gradient_Output: [-0.06527137  0.14345313]
2024-12-03 10:31:52,941 -      Epoch 73, Loss: 829.7470854702161, Gradient_Hidden: [ 0.05429022 -0.97790213  0.88519226], Gradient_Output: [-0.06576326  0.14203974]
2024-12-03 10:31:54,593 -      Epoch 74, Loss: 829.7656154148091, Gradient_Hidden: [ 0.05291073 -0.97308886  0.8803089 ], Gradient_Output: [-0.06624074  0.14064401]
2024-12-03 10:31:56,245 -      Epoch 75, Loss: 829.7840961192418, Gradient_Hidden: [ 0.05154304 -0.96829926  0.87546275], Gradient_Output: [-0.06670404  0.1392657 ]
2024-12-03 10:31:57,901 -      Epoch 76, Loss: 829.8025272726811, Gradient_Hidden: [ 0.05018694 -0.96353335  0.87065354], Gradient_Output: [-0.06715343  0.13790461]
2024-12-03 10:31:59,557 -      Epoch 77, Loss: 829.8209085668792, Gradient_Hidden: [ 0.04884224 -0.95879114  0.86588097], Gradient_Output: [-0.06758915  0.13656051]
2024-12-03 10:32:01,215 -      Epoch 78, Loss: 829.8392396966644, Gradient_Hidden: [ 0.04750877 -0.95407263  0.86114474], Gradient_Output: [-0.06801144  0.13523318]
2024-12-03 10:32:02,871 -      Epoch 79, Loss: 829.8575203603802, Gradient_Hidden: [ 0.04618636 -0.94937784  0.85644454], Gradient_Output: [-0.06842056  0.13392241]
2024-12-03 10:32:04,622 -      Epoch 80, Loss: 829.8757502602472, Gradient_Hidden: [ 0.04487485 -0.94470676  0.85178009], Gradient_Output: [-0.06881675  0.13262797]
2024-12-03 10:32:06,284 -      Epoch 81, Loss: 829.89392910272, Gradient_Hidden: [ 0.04357407 -0.94005938  0.84715107], Gradient_Output: [-0.06920024  0.13134964]
2024-12-03 10:32:07,948 -      Epoch 82, Loss: 829.9120565988144, Gradient_Hidden: [ 0.04228387 -0.9354357   0.84255719], Gradient_Output: [-0.06957128  0.13008722]
2024-12-03 10:32:09,596 -      Epoch 83, Loss: 829.930132464428, Gradient_Hidden: [ 0.0410041  -0.93083568  0.83799816], Gradient_Output: [-0.06993009  0.12884047]
2024-12-03 10:32:11,253 -      Epoch 84, Loss: 829.9481564205634, Gradient_Hidden: [ 0.03973463 -0.92625932  0.83347366], Gradient_Output: [-0.07027691  0.12760919]
2024-12-03 10:32:12,917 -      Epoch 85, Loss: 829.966128193646, Gradient_Hidden: [ 0.03847532 -0.92170659  0.8289834 ], Gradient_Output: [-0.07061197  0.12639317]
2024-12-03 10:32:14,578 -      Epoch 86, Loss: 829.9840475156192, Gradient_Hidden: [ 0.03722604 -0.91717745  0.82452708], Gradient_Output: [-0.0709355   0.12519219]
2024-12-03 10:32:16,236 -      Epoch 87, Loss: 830.0019141243201, Gradient_Hidden: [ 0.03598665 -0.91267188  0.82010441], Gradient_Output: [-0.07124771  0.12400604]
2024-12-03 10:32:17,897 -      Epoch 88, Loss: 830.0197277634522, Gradient_Hidden: [ 0.03475704 -0.90818983  0.81571509], Gradient_Output: [-0.07154883  0.12283451]
2024-12-03 10:32:19,559 -      Epoch 89, Loss: 830.0374881829578, Gradient_Hidden: [ 0.03353709 -0.90373126  0.81135883], Gradient_Output: [-0.07183908  0.12167741]
2024-12-03 10:32:21,212 -      Epoch 90, Loss: 830.0551951389629, Gradient_Hidden: [ 0.03232668 -0.89929613  0.80703533], Gradient_Output: [-0.07211867  0.12053452]
2024-12-03 10:32:22,867 -      Epoch 91, Loss: 830.0728483940875, Gradient_Hidden: [ 0.0311257  -0.89488439  0.8027443 ], Gradient_Output: [-0.07238782  0.11940565]
2024-12-03 10:32:24,526 -      Epoch 92, Loss: 830.0904477173901, Gradient_Hidden: [ 0.02993404 -0.890496    0.79848546], Gradient_Output: [-0.07264672  0.11829059]
2024-12-03 10:32:26,178 -      Epoch 93, Loss: 830.1079928845571, Gradient_Hidden: [ 0.0287516  -0.88613088  0.79425852], Gradient_Output: [-0.0728956   0.11718915]
2024-12-03 10:32:27,839 -      Epoch 94, Loss: 830.1254836779925, Gradient_Hidden: [ 0.02757828 -0.88178899  0.79006319], Gradient_Output: [-0.07313465  0.11610114]
2024-12-03 10:32:29,498 -      Epoch 95, Loss: 830.1429198868265, Gradient_Hidden: [ 0.02641398 -0.87747027  0.7858992 ], Gradient_Output: [-0.07336407  0.11502636]
2024-12-03 10:32:31,152 -      Epoch 96, Loss: 830.1603013070136, Gradient_Hidden: [ 0.0252586  -0.87317465  0.78176625], Gradient_Output: [-0.07358405  0.11396463]
2024-12-03 10:32:32,816 -      Epoch 97, Loss: 830.1776277414015, Gradient_Hidden: [ 0.02411206 -0.86890207  0.77766408], Gradient_Output: [-0.0737948   0.11291575]
2024-12-03 10:32:34,569 -      Epoch 98, Loss: 830.1948989996788, Gradient_Hidden: [ 0.02297425 -0.86465246  0.77359241], Gradient_Output: [-0.07399651  0.11187955]
2024-12-03 10:32:36,230 -      Epoch 99, Loss: 830.2121148985004, Gradient_Hidden: [ 0.02184509 -0.86042575  0.76955096], Gradient_Output: [-0.07418936  0.11085584]
2024-12-03 10:32:37,892 -      Epoch 100, Loss: 830.2292752614752, Gradient_Hidden: [ 0.0207245  -0.85622186  0.76553947], Gradient_Output: [-0.07437354  0.10984444]
2024-12-03 10:32:37,892 - Testing in process
2024-12-03 10:32:37,892 - MSE threshold: 0.05
2024-12-03 10:32:38,107 - Test Accuracy: 96.96%
2024-12-03 10:32:38,107 - Fold 4 completed 

2024-12-03 10:32:38,173 - TrainingSet_shape: (64640, 2), TestingSet_shaape: (16160, 2)
2024-12-03 10:32:38,174 - Fold: 5
2024-12-03 10:32:39,832 -      Epoch 1, Loss: 831.918712078141, Gradient_Hidden: [-1.04817517 -0.74345971  0.22155326], Gradient_Output: [0.19204514 0.04212533]
2024-12-03 10:32:41,580 -      Epoch 2, Loss: 832.1452370337547, Gradient_Hidden: [-0.56868431 -1.02667984  0.81151301], Gradient_Output: [-0.08955352  0.25003859]
2024-12-03 10:32:43,240 -      Epoch 3, Loss: 832.1825912727614, Gradient_Hidden: [-0.45996875 -1.01653048  0.84653615], Gradient_Output: [-0.08328996  0.24704243]
2024-12-03 10:32:44,912 -      Epoch 4, Loss: 832.2149407980478, Gradient_Hidden: [-0.38584044 -0.99762498  0.85166208], Gradient_Output: [-0.07855506  0.24034213]
2024-12-03 10:32:46,571 -      Epoch 5, Loss: 832.2445225192231, Gradient_Hidden: [-0.3256885  -0.980265    0.85203524], Gradient_Output: [-0.07489897  0.23230755]
2024-12-03 10:32:48,345 -      Epoch 6, Loss: 832.2718751378039, Gradient_Hidden: [-0.27625138 -0.96504189  0.85011653], Gradient_Output: [-0.07207917  0.22360893]
2024-12-03 10:32:50,010 -      Epoch 7, Loss: 832.2973794202461, Gradient_Hidden: [-0.23542997 -0.95166732  0.8466669 ], Gradient_Output: [-0.06991754  0.21465078]
2024-12-03 10:32:51,679 -      Epoch 8, Loss: 832.3213423263517, Gradient_Hidden: [-0.20158529 -0.93982379  0.84216155], Gradient_Output: [-0.06827511  0.20571238]
2024-12-03 10:32:53,346 -      Epoch 9, Loss: 832.3440144523784, Gradient_Hidden: [-0.17341949 -0.92924594  0.83694599], Gradient_Output: [-0.06704252  0.19698621]
2024-12-03 10:32:55,011 -      Epoch 10, Loss: 832.3656012028827, Gradient_Hidden: [-0.14989822 -0.91971828  0.83127625], Gradient_Output: [-0.06613353  0.18860063]
2024-12-03 10:32:56,767 -      Epoch 11, Loss: 832.3862714961335, Gradient_Hidden: [-0.13019235 -0.91106583  0.82534132], Gradient_Output: [-0.06548     0.18063645]
2024-12-03 10:32:58,428 -      Epoch 12, Loss: 832.4061646952471, Gradient_Hidden: [-0.11363372 -0.90314584  0.81927924], Gradient_Output: [-0.06502805  0.17313949]
2024-12-03 10:33:00,092 -      Epoch 13, Loss: 832.4253961502682, Gradient_Hidden: [-0.09968125 -0.89584137  0.81318943], Gradient_Output: [-0.06473502  0.16613013]
2024-12-03 10:33:01,753 -      Epoch 14, Loss: 832.4440616407085, Gradient_Hidden: [-0.08789485 -0.88905618  0.80714204], Gradient_Output: [-0.06456711  0.15961053]
2024-12-03 10:33:03,416 -      Epoch 15, Loss: 832.462240945828, Gradient_Hidden: [-0.07791504 -0.88271073  0.80118519], Gradient_Output: [-0.06449747  0.15357019]
2024-12-03 10:33:05,081 -      Epoch 16, Loss: 832.4800007220542, Gradient_Hidden: [-0.06944709 -0.87673902  0.79535048], Gradient_Output: [-0.06450483  0.14799002]
2024-12-03 10:33:06,744 -      Epoch 17, Loss: 832.4973968288914, Gradient_Hidden: [-0.06224845 -0.8710861   0.78965731], Gradient_Output: [-0.06457225  0.14284543]
2024-12-03 10:33:08,409 -      Epoch 18, Loss: 832.5144762147494, Gradient_Hidden: [-0.05611884 -0.86570606  0.78411606], Gradient_Output: [-0.06468625  0.13810868]
2024-12-03 10:33:10,078 -      Epoch 19, Loss: 832.531278450487, Gradient_Hidden: [-0.05089234 -0.8605604   0.7787306 ], Gradient_Output: [-0.06483613  0.13375046]
2024-12-03 10:33:11,832 -      Epoch 20, Loss: 832.5478369806208, Gradient_Hidden: [-0.04643105 -0.85561674  0.7735002 ], Gradient_Output: [-0.06501334  0.12974117]
2024-12-03 10:33:13,499 -      Epoch 21, Loss: 832.5641801472318, Gradient_Hidden: [-0.04262002 -0.85084777  0.76842091], Gradient_Output: [-0.06521108  0.12605171]
2024-12-03 10:33:15,162 -      Epoch 22, Loss: 832.5803320301419, Gradient_Hidden: [-0.03936315 -0.84623039  0.76348669], Gradient_Output: [-0.0654239   0.12265409]
2024-12-03 10:33:16,828 -      Epoch 23, Loss: 832.5963131389227, Gradient_Hidden: [-0.03657988 -0.84174503  0.75869016], Gradient_Output: [-0.06564747  0.11952178]
2024-12-03 10:33:18,493 -      Epoch 24, Loss: 832.6121409839099, Gradient_Hidden: [-0.03420245 -0.83737505  0.75402321], Gradient_Output: [-0.06587832  0.11662994]
2024-12-03 10:33:20,156 -      Epoch 25, Loss: 832.6278305493489, Gradient_Hidden: [-0.03217377 -0.83310626  0.74947742], Gradient_Output: [-0.06611367  0.11395553]
2024-12-03 10:33:21,819 -      Epoch 26, Loss: 832.6433946859937, Gradient_Hidden: [-0.03044558 -0.82892657  0.74504438], Gradient_Output: [-0.0663513   0.11147737]
2024-12-03 10:33:23,491 -      Epoch 27, Loss: 832.6588444381816, Gradient_Hidden: [-0.02897697 -0.82482564  0.7407159 ], Gradient_Output: [-0.06658943  0.10917605]
2024-12-03 10:33:25,151 -      Epoch 28, Loss: 832.6741893167542, Gradient_Hidden: [-0.02773321 -0.82079461  0.73648414], Gradient_Output: [-0.06682663  0.10703396]
2024-12-03 10:33:26,805 -      Epoch 29, Loss: 832.689437527691, Gradient_Hidden: [-0.02668471 -0.81682589  0.7323417 ], Gradient_Output: [-0.06706175  0.1050351 ]
2024-12-03 10:33:28,554 -      Epoch 30, Loss: 832.7045961637916, Gradient_Hidden: [-0.02580621 -0.81291295  0.72828169], Gradient_Output: [-0.06729387  0.10316506]
2024-12-03 10:33:30,216 -      Epoch 31, Loss: 832.7196713660769, Gradient_Hidden: [-0.0250761  -0.80905019  0.72429775], Gradient_Output: [-0.06752225  0.10141087]
2024-12-03 10:33:31,885 -      Epoch 32, Loss: 832.7346684599282, Gradient_Hidden: [-0.02447583 -0.80523276  0.72038402], Gradient_Output: [-0.0677463   0.09976087]
2024-12-03 10:33:33,547 -      Epoch 33, Loss: 832.7495920700335, Gradient_Hidden: [-0.02398948 -0.80145653  0.71653518], Gradient_Output: [-0.06796554  0.09820465]
2024-12-03 10:33:35,204 -      Epoch 34, Loss: 832.7644462180281, Gradient_Hidden: [-0.02360329 -0.7977179   0.71274638], Gradient_Output: [-0.06817958  0.09673287]
2024-12-03 10:33:36,864 -      Epoch 35, Loss: 832.7792344053267, Gradient_Hidden: [-0.02330541 -0.79401379  0.70901325], Gradient_Output: [-0.06838813  0.09533723]
2024-12-03 10:33:38,528 -      Epoch 36, Loss: 832.7939596836078, Gradient_Hidden: [-0.02308556 -0.79034152  0.70533185], Gradient_Output: [-0.06859094  0.0940103 ]
2024-12-03 10:33:40,196 -      Epoch 37, Loss: 832.8086247150812, Gradient_Hidden: [-0.02293484 -0.78669879  0.70169863], Gradient_Output: [-0.06878782  0.09274548]
2024-12-03 10:33:41,944 -      Epoch 38, Loss: 832.8232318239545, Gradient_Hidden: [-0.0228455  -0.78308362  0.69811041], Gradient_Output: [-0.06897862  0.09153688]
2024-12-03 10:33:43,611 -      Epoch 39, Loss: 832.8377830406116, Gradient_Hidden: [-0.02281077 -0.77949429  0.69456437], Gradient_Output: [-0.06916324  0.09037929]
2024-12-03 10:33:45,302 -      Epoch 40, Loss: 832.8522801394658, Gradient_Hidden: [-0.02282477 -0.77592933  0.69105796], Gradient_Output: [-0.06934157  0.08926804]
2024-12-03 10:33:46,999 -      Epoch 41, Loss: 832.8667246717504, Gradient_Hidden: [-0.02288231 -0.77238745  0.68758892], Gradient_Output: [-0.06951357  0.08819901]
2024-12-03 10:33:48,668 -      Epoch 42, Loss: 832.8811179934742, Gradient_Hidden: [-0.02297888 -0.76886754  0.68415523], Gradient_Output: [-0.0696792   0.08716851]
2024-12-03 10:33:50,326 -      Epoch 43, Loss: 832.8954612900043, Gradient_Hidden: [-0.02311048 -0.76536867  0.68075511], Gradient_Output: [-0.06983843  0.08617329]
2024-12-03 10:33:51,984 -      Epoch 44, Loss: 832.9097555970227, Gradient_Hidden: [-0.02327359 -0.76189     0.67738695], Gradient_Output: [-0.06999125  0.08521042]
2024-12-03 10:33:53,656 -      Epoch 45, Loss: 832.9240018188734, Gradient_Hidden: [-0.02346511 -0.75843083  0.67404933], Gradient_Output: [-0.07013768  0.08427732]
2024-12-03 10:33:55,319 -      Epoch 46, Loss: 832.9382007444934, Gradient_Hidden: [-0.02368229 -0.75499055  0.67074099], Gradient_Output: [-0.07027772  0.08337167]
2024-12-03 10:33:56,974 -      Epoch 47, Loss: 832.9523530612938, Gradient_Hidden: [-0.02392268 -0.75156863  0.6674608 ], Gradient_Output: [-0.07041141  0.08249143]
2024-12-03 10:33:58,743 -      Epoch 48, Loss: 832.9664593673235, Gradient_Hidden: [-0.02418411 -0.74816463  0.66420775], Gradient_Output: [-0.07053879  0.08163475]
2024-12-03 10:34:00,402 -      Epoch 49, Loss: 832.9805201817682, Gradient_Hidden: [-0.02446464 -0.74477815  0.66098094], Gradient_Output: [-0.07065988  0.08079999]
2024-12-03 10:34:02,105 -      Epoch 50, Loss: 832.9945359543442, Gradient_Hidden: [-0.02476252 -0.74140886  0.65777958], Gradient_Output: [-0.07077475  0.07998568]
2024-12-03 10:34:03,773 -      Epoch 51, Loss: 833.008507073398, Gradient_Hidden: [-0.02507621 -0.73805647  0.65460294], Gradient_Output: [-0.07088346  0.0791905 ]
2024-12-03 10:34:05,434 -      Epoch 52, Loss: 833.0224338731381, Gradient_Hidden: [-0.02540431 -0.73472073  0.65145039], Gradient_Output: [-0.07098605  0.07841327]
2024-12-03 10:34:07,090 -      Epoch 53, Loss: 833.0363166399025, Gradient_Hidden: [-0.02574555 -0.73140142  0.64832135], Gradient_Output: [-0.0710826   0.07765293]
2024-12-03 10:34:08,749 -      Epoch 54, Loss: 833.0501556177635, Gradient_Hidden: [-0.0260988  -0.72809838  0.64521529], Gradient_Output: [-0.07117318  0.0769085 ]
2024-12-03 10:34:10,413 -      Epoch 55, Loss: 833.0639510134702, Gradient_Hidden: [-0.02646303 -0.72481142  0.64213174], Gradient_Output: [-0.07125786  0.07617913]
2024-12-03 10:34:12,095 -      Epoch 56, Loss: 833.0777030007945, Gradient_Hidden: [-0.02683729 -0.72154043  0.63907028], Gradient_Output: [-0.07133671  0.07546403]
2024-12-03 10:34:13,756 -      Epoch 57, Loss: 833.0914117244827, Gradient_Hidden: [-0.02722074 -0.71828527  0.63603051], Gradient_Output: [-0.07140983  0.07476249]
2024-12-03 10:34:15,419 -      Epoch 58, Loss: 833.1050773035686, Gradient_Hidden: [-0.02761259 -0.71504585  0.63301209], Gradient_Output: [-0.07147729  0.07407386]
2024-12-03 10:34:17,166 -      Epoch 59, Loss: 833.1186998345805, Gradient_Hidden: [-0.02801214 -0.71182207  0.63001469], Gradient_Output: [-0.07153917  0.07339755]
2024-12-03 10:34:18,849 -      Epoch 60, Loss: 833.1322793941966, Gradient_Hidden: [-0.02841874 -0.70861386  0.627038  ], Gradient_Output: [-0.07159557  0.07273302]
2024-12-03 10:34:20,514 -      Epoch 61, Loss: 833.1458160416555, Gradient_Hidden: [-0.02883178 -0.70542115  0.62408176], Gradient_Output: [-0.07164657  0.07207978]
2024-12-03 10:34:22,174 -      Epoch 62, Loss: 833.1593098209962, Gradient_Hidden: [-0.02925071 -0.70224386  0.6211457 ], Gradient_Output: [-0.07169227  0.07143736]
2024-12-03 10:34:23,839 -      Epoch 63, Loss: 833.1727607630622, Gradient_Hidden: [-0.02967502 -0.69908195  0.61822958], Gradient_Output: [-0.07173275  0.07080535]
2024-12-03 10:34:25,501 -      Epoch 64, Loss: 833.1861688870682, Gradient_Hidden: [-0.03010425 -0.69593537  0.61533317], Gradient_Output: [-0.07176811  0.07018337]
2024-12-03 10:34:27,167 -      Epoch 65, Loss: 833.1995342022827, Gradient_Hidden: [-0.03053794 -0.69280405  0.61245627], Gradient_Output: [-0.07179845  0.06957104]
2024-12-03 10:34:28,828 -      Epoch 66, Loss: 833.2128567094824, Gradient_Hidden: [-0.03097571 -0.68968797  0.60959867], Gradient_Output: [-0.07182385  0.06896805]
2024-12-03 10:34:30,592 -      Epoch 67, Loss: 833.226136402095, Gradient_Hidden: [-0.03141716 -0.68658708  0.60676018], Gradient_Output: [-0.07184442  0.06837408]
2024-12-03 10:34:32,247 -      Epoch 68, Loss: 833.2393732674083, Gradient_Hidden: [-0.03186195 -0.68350133  0.60394061], Gradient_Output: [-0.07186025  0.06778884]
2024-12-03 10:34:33,911 -      Epoch 69, Loss: 833.2525672876144, Gradient_Hidden: [-0.03230974 -0.68043069  0.6011398 ], Gradient_Output: [-0.07187143  0.06721206]
2024-12-03 10:34:35,569 -      Epoch 70, Loss: 833.2657184406037, Gradient_Hidden: [-0.03276024 -0.67737512  0.59835757], Gradient_Output: [-0.07187806  0.06664348]
2024-12-03 10:34:37,226 -      Epoch 71, Loss: 833.2788267009729, Gradient_Hidden: [-0.03321314 -0.67433458  0.59559376], Gradient_Output: [-0.07188024  0.06608287]
2024-12-03 10:34:38,897 -      Epoch 72, Loss: 833.2918920406503, Gradient_Hidden: [-0.03366819 -0.67130903  0.59284821], Gradient_Output: [-0.07187807  0.06552999]
2024-12-03 10:34:40,592 -      Epoch 73, Loss: 833.3049144295625, Gradient_Hidden: [-0.03412511 -0.66829844  0.59012076], Gradient_Output: [-0.07187163  0.06498464]
2024-12-03 10:34:42,287 -      Epoch 74, Loss: 833.3178938363634, Gradient_Hidden: [-0.03458368 -0.66530276  0.58741128], Gradient_Output: [-0.07186103  0.06444662]
2024-12-03 10:34:43,967 -      Epoch 75, Loss: 833.3308302287816, Gradient_Hidden: [-0.03504367 -0.66232196  0.5847196 ], Gradient_Output: [-0.07184635  0.06391573]
2024-12-03 10:34:45,718 -      Epoch 76, Loss: 833.3437235743395, Gradient_Hidden: [-0.03550487 -0.65935599  0.58204559], Gradient_Output: [-0.0718277   0.06339179]
2024-12-03 10:34:47,374 -      Epoch 77, Loss: 833.3565738405891, Gradient_Hidden: [-0.03596707 -0.65640481  0.5793891 ], Gradient_Output: [-0.07180516  0.06287462]
2024-12-03 10:34:49,058 -      Epoch 78, Loss: 833.3693809956515, Gradient_Hidden: [-0.03643008 -0.65346839  0.57675   ], Gradient_Output: [-0.07177883  0.06236408]
2024-12-03 10:34:50,719 -      Epoch 79, Loss: 833.3821450085437, Gradient_Hidden: [-0.03689374 -0.65054667  0.57412814], Gradient_Output: [-0.0717488   0.06185998]
2024-12-03 10:34:52,377 -      Epoch 80, Loss: 833.3948658494389, Gradient_Hidden: [-0.03735785 -0.64763962  0.57152341], Gradient_Output: [-0.07171516  0.0613622 ]
2024-12-03 10:34:54,040 -      Epoch 81, Loss: 833.4075434900249, Gradient_Hidden: [-0.03782228 -0.64474718  0.56893565], Gradient_Output: [-0.071678    0.06087057]
2024-12-03 10:34:55,731 -      Epoch 82, Loss: 833.4201779037397, Gradient_Hidden: [-0.03828685 -0.64186932  0.56636474], Gradient_Output: [-0.07163741  0.06038497]
2024-12-03 10:34:57,405 -      Epoch 83, Loss: 833.4327690659692, Gradient_Hidden: [-0.03875143 -0.63900598  0.56381055], Gradient_Output: [-0.07159347  0.05990526]
2024-12-03 10:34:59,074 -      Epoch 84, Loss: 833.445316954288, Gradient_Hidden: [-0.03921589 -0.63615712  0.56127294], Gradient_Output: [-0.07154628  0.05943131]
2024-12-03 10:35:00,851 -      Epoch 85, Loss: 833.4578215486348, Gradient_Hidden: [-0.03968008 -0.63332268  0.5587518 ], Gradient_Output: [-0.07149592  0.058963  ]
2024-12-03 10:35:02,544 -      Epoch 86, Loss: 833.4702828314345, Gradient_Hidden: [-0.0401439  -0.63050262  0.55624699], Gradient_Output: [-0.07144246  0.05850022]
2024-12-03 10:35:04,243 -      Epoch 87, Loss: 833.482700787817, Gradient_Hidden: [-0.04060721 -0.62769687  0.5537584 ], Gradient_Output: [-0.07138601  0.05804284]
2024-12-03 10:35:05,924 -      Epoch 88, Loss: 833.495075405633, Gradient_Hidden: [-0.04106992 -0.6249054   0.55128588], Gradient_Output: [-0.07132663  0.05759077]
2024-12-03 10:35:07,584 -      Epoch 89, Loss: 833.5074066756446, Gradient_Hidden: [-0.0415319  -0.62212814  0.54882932], Gradient_Output: [-0.07126441  0.05714388]
2024-12-03 10:35:09,258 -      Epoch 90, Loss: 833.5196945915582, Gradient_Hidden: [-0.04199308 -0.61936504  0.5463886 ], Gradient_Output: [-0.07119943  0.05670209]
2024-12-03 10:35:10,920 -      Epoch 91, Loss: 833.5319391501625, Gradient_Hidden: [-0.04245334 -0.61661604  0.54396359], Gradient_Output: [-0.07113176  0.05626529]
2024-12-03 10:35:12,595 -      Epoch 92, Loss: 833.5441403513079, Gradient_Hidden: [-0.0429126  -0.61388109  0.54155417], Gradient_Output: [-0.07106149  0.05583338]
2024-12-03 10:35:14,267 -      Epoch 93, Loss: 833.5562981980182, Gradient_Hidden: [-0.04337077 -0.61116013  0.53916023], Gradient_Output: [-0.07098868  0.05540628]
2024-12-03 10:35:15,930 -      Epoch 94, Loss: 833.5684126965015, Gradient_Hidden: [-0.04382777 -0.6084531   0.53678163], Gradient_Output: [-0.07091341  0.0549839 ]
2024-12-03 10:35:17,592 -      Epoch 95, Loss: 833.5804838562324, Gradient_Hidden: [-0.04428353 -0.60575993  0.53441827], Gradient_Output: [-0.07083576  0.05456614]
2024-12-03 10:35:19,254 -      Epoch 96, Loss: 833.5925116899025, Gradient_Hidden: [-0.04473797 -0.60308058  0.53207002], Gradient_Output: [-0.07075579  0.05415292]
2024-12-03 10:35:21,012 -      Epoch 97, Loss: 833.6044962134408, Gradient_Hidden: [-0.04519102 -0.60041497  0.52973677], Gradient_Output: [-0.07067358  0.05374416]
2024-12-03 10:35:22,699 -      Epoch 98, Loss: 833.6164374460892, Gradient_Hidden: [-0.04564261 -0.59776305  0.5274184 ], Gradient_Output: [-0.07058919  0.05333979]
2024-12-03 10:35:24,372 -      Epoch 99, Loss: 833.6283354103603, Gradient_Hidden: [-0.04609268 -0.59512476  0.52511479], Gradient_Output: [-0.07050269  0.05293972]
2024-12-03 10:35:26,032 -      Epoch 100, Loss: 833.6401901319545, Gradient_Hidden: [-0.04654118 -0.59250002  0.52282583], Gradient_Output: [-0.07041415  0.05254388]
2024-12-03 10:35:26,032 - Testing in process
2024-12-03 10:35:26,032 - MSE threshold: 0.05
2024-12-03 10:35:26,219 - Test Accuracy: 97.16%
2024-12-03 10:35:26,219 - Fold 5 completed 

2024-12-03 10:35:26,284 - Cross-validation finished


