2024-12-03 11:10:05,694 - Data_shape: (80800, 4)
2024-12-03 11:10:05,694 - Network: learning rate=0.01, momentum=0.55, min_gradient=1e-05
2024-12-03 11:10:05,694 - Training in process
2024-12-03 11:10:05,694 - n_splits=5, random_state=3
2024-12-03 11:10:05,697 - TrainingSet_shape: (64640, 2), TestingSet_shaape: (16160, 2)
2024-12-03 11:10:05,697 - Fold: 1
2024-12-03 11:10:07,327 -      Epoch 1, Loss: 1411.4062088069657, Gradient_Hidden: [-37.97384726 -24.44749094   4.67573774], Gradient_Output: [-12.23890015 -55.37260715]
2024-12-03 11:10:08,958 -      Epoch 2, Loss: 1065.5579985475933, Gradient_Hidden: [-19.64289194  54.07749454  43.23416162], Gradient_Output: [-6.72164029  4.42710927]
2024-12-03 11:10:10,585 -      Epoch 3, Loss: 957.6370692334356, Gradient_Hidden: [ 6.62718605 13.94682901 20.45550748], Gradient_Output: [3.4305363  1.98120149]
2024-12-03 11:10:12,245 -      Epoch 4, Loss: 943.8691834724358, Gradient_Hidden: [20.65988138 -7.83478861 17.84823102], Gradient_Output: [4.57772232 1.3326843 ]
2024-12-03 11:10:13,871 -      Epoch 5, Loss: 937.6342435601379, Gradient_Hidden: [24.4823371  -6.21288068 19.82610987], Gradient_Output: [1.68537666 1.60092437]
2024-12-03 11:10:15,488 -      Epoch 6, Loss: 932.9104435233543, Gradient_Hidden: [23.67619391 -4.37039738 20.97345992], Gradient_Output: [0.09589799 1.57231074]
2024-12-03 11:10:17,105 -      Epoch 7, Loss: 929.0804604801491, Gradient_Hidden: [20.69316737 -3.31788262 21.14990854], Gradient_Output: [-0.58991791  1.28871687]
2024-12-03 11:10:18,741 -      Epoch 8, Loss: 925.9067956826882, Gradient_Hidden: [16.95010636 -2.66320765 20.7335911 ], Gradient_Output: [-0.82463302  0.8661212 ]
2024-12-03 11:10:20,363 -      Epoch 9, Loss: 923.1871149708969, Gradient_Hidden: [13.25086764 -2.17384921 20.06029285], Gradient_Output: [-0.84412773  0.41493744]
2024-12-03 11:10:21,990 -      Epoch 10, Loss: 920.7392977753732, Gradient_Hidden: [ 9.88415315 -1.74198853 19.3788687 ], Gradient_Output: [-0.76477141  0.02098652]
2024-12-03 11:10:23,616 -      Epoch 11, Loss: 918.4181633018635, Gradient_Hidden: [ 6.84515027 -1.32893052 18.82592708], Gradient_Output: [-0.6531476 -0.2635297]
2024-12-03 11:10:25,253 -      Epoch 12, Loss: 916.1143441563983, Gradient_Hidden: [ 4.01172485 -0.93095285 18.43733439], Gradient_Output: [-0.55863499 -0.41072237]
2024-12-03 11:10:26,899 -      Epoch 13, Loss: 913.7292291195181, Gradient_Hidden: [ 1.25466039 -0.55560731 18.19941366], Gradient_Output: [-0.53046514 -0.3954998 ]
2024-12-03 11:10:28,515 -      Epoch 14, Loss: 911.1307779421124, Gradient_Hidden: [-1.41559424 -0.20480453 18.11620063], Gradient_Output: [-0.62900852 -0.16870232]
2024-12-03 11:10:30,131 -      Epoch 15, Loss: 908.1242125579153, Gradient_Hidden: [-3.5965681   0.12952131 18.24363784], Gradient_Output: [-0.90661358  0.33513966]
2024-12-03 11:10:31,746 -      Epoch 16, Loss: 904.5453583993727, Gradient_Hidden: [-4.58067709  0.43598772 18.55614947], Gradient_Output: [-1.29170679  1.06734191]
2024-12-03 11:10:33,360 -      Epoch 17, Loss: 900.4824920238196, Gradient_Hidden: [-4.36027766  0.64571482 18.70730651], Gradient_Output: [-1.48990359  1.75720065]
2024-12-03 11:10:34,976 -      Epoch 18, Loss: 896.2645407656345, Gradient_Hidden: [-3.80095152  0.7028067  18.31451844], Gradient_Output: [-1.24547788  2.17901753]
2024-12-03 11:10:36,594 -      Epoch 19, Loss: 892.2029219472261, Gradient_Hidden: [-3.53503593  0.64892894 17.39040409], Gradient_Output: [-0.60931164  2.38042029]
2024-12-03 11:10:38,217 -      Epoch 20, Loss: 888.468538161767, Gradient_Hidden: [-3.76450752  0.57029265 16.15212586], Gradient_Output: [0.19814565 2.56087961]
2024-12-03 11:10:39,838 -      Epoch 21, Loss: 885.1049114818679, Gradient_Hidden: [-4.54578618  0.52936148 14.76506238], Gradient_Output: [0.98239538 2.93247552]
2024-12-03 11:10:41,455 -      Epoch 22, Loss: 882.0783198748538, Gradient_Hidden: [-5.87513667  0.55658024 13.28777805], Gradient_Output: [1.61322859 3.65526579]
2024-12-03 11:10:43,076 -      Epoch 23, Loss: 879.3245567321214, Gradient_Hidden: [-7.63545223  0.66968093 11.69537029], Gradient_Output: [1.9690145  4.78430962]
2024-12-03 11:10:44,691 -      Epoch 24, Loss: 876.7764727916809, Gradient_Hidden: [-9.4444532   0.88806998  9.93827337], Gradient_Output: [1.89036675 6.15770887]
2024-12-03 11:10:46,303 -      Epoch 25, Loss: 874.373011576422, Gradient_Hidden: [-10.45944811   1.22901257   8.05969885], Gradient_Output: [1.25525235 7.21840185]
2024-12-03 11:10:47,909 -      Epoch 26, Loss: 872.0692145986401, Gradient_Hidden: [-9.60268172  1.67146508  6.29010898], Gradient_Output: [0.24186665 7.1342138 ]
2024-12-03 11:10:49,516 -      Epoch 27, Loss: 869.883229100701, Gradient_Hidden: [-6.74187837  2.1026227   4.86092705], Gradient_Output: [-0.61029738  5.70673622]
2024-12-03 11:10:51,123 -      Epoch 28, Loss: 867.9282327456024, Gradient_Hidden: [-3.21372054  2.39948607  3.78996776], Gradient_Output: [-0.96378393  3.82254956]
2024-12-03 11:10:52,730 -      Epoch 29, Loss: 866.3283920278259, Gradient_Hidden: [-0.31388134  2.57166065  3.02007662], Gradient_Output: [-0.9544251  2.3359881]
2024-12-03 11:10:54,340 -      Epoch 30, Loss: 865.1149601658278, Gradient_Hidden: [1.64081382 2.6882988  2.49916908], Gradient_Output: [-0.81406725  1.41393235]
2024-12-03 11:10:55,949 -      Epoch 31, Loss: 864.2277751313813, Gradient_Hidden: [2.87481552 2.7837453  2.16493196], Gradient_Output: [-0.65822418  0.89307925]
2024-12-03 11:10:57,560 -      Epoch 32, Loss: 863.5730355801094, Gradient_Hidden: [3.67996668 2.86344765 1.96045118], Gradient_Output: [-0.52102934  0.6022734 ]
2024-12-03 11:10:59,195 -      Epoch 33, Loss: 863.0650626155095, Gradient_Hidden: [4.26672052 2.92631929 1.84410806], Gradient_Output: [-0.40793016  0.43455018]
2024-12-03 11:11:00,834 -      Epoch 34, Loss: 862.6402648316598, Gradient_Hidden: [4.76135908 2.97262466 1.78738245], Gradient_Output: [-0.31700983  0.3322404 ]
2024-12-03 11:11:02,474 -      Epoch 35, Loss: 862.2559493541881, Gradient_Hidden: [5.23291104 3.00454104 1.77084394], Gradient_Output: [-0.24496745  0.26565364]
2024-12-03 11:11:04,110 -      Epoch 36, Loss: 861.8846054451884, Gradient_Hidden: [5.71638041 3.0252495  1.78138835], Gradient_Output: [-0.18858719  0.21971749]
2024-12-03 11:11:05,752 -      Epoch 37, Loss: 861.50843854172, Gradient_Hidden: [6.22771699 3.03818595 1.81044937], Gradient_Output: [-0.14510316  0.18684077]
2024-12-03 11:11:07,368 -      Epoch 38, Loss: 861.1154483007816, Gradient_Hidden: [6.77238346 3.04663619 1.85271916], Gradient_Output: [-0.11228541  0.16324038]
2024-12-03 11:11:08,981 -      Epoch 39, Loss: 860.6969686394237, Gradient_Hidden: [7.34986485 3.05357941 1.90516167], Gradient_Output: [-0.08843356  0.14705226]
2024-12-03 11:11:10,591 -      Epoch 40, Loss: 860.2462500027123, Gradient_Hidden: [7.95586883 3.06167849 1.96623035], Gradient_Output: [-0.07232517  0.13734366]
2024-12-03 11:11:12,203 -      Epoch 41, Loss: 859.7576949097614, Gradient_Hidden: [8.58338541 3.07334594 2.03524616], Gradient_Output: [-0.06313231  0.13357515]
2024-12-03 11:11:13,811 -      Epoch 42, Loss: 859.2264662401474, Gradient_Hidden: [9.22336081 3.09083858 2.11191575], Gradient_Output: [-0.06030983  0.13528576]
2024-12-03 11:11:15,418 -      Epoch 43, Loss: 858.6482818920458, Gradient_Hidden: [9.86543255 3.11634782 2.19598886], Gradient_Output: [-0.06345892  0.14189841]
2024-12-03 11:11:17,027 -      Epoch 44, Loss: 858.0192781486521, Gradient_Hidden: [10.49889674  3.15206087  2.28706349], Gradient_Output: [-0.07217965  0.15261102]
2024-12-03 11:11:18,634 -      Epoch 45, Loss: 857.3358787131973, Gradient_Hidden: [11.11381676  3.20017519  2.38453716], Gradient_Output: [-0.0859401   0.16637197]
2024-12-03 11:11:20,242 -      Epoch 46, Loss: 856.5946552271415, Gradient_Hidden: [11.7019891   3.26285803  2.48767232], Gradient_Output: [-0.10399821  0.1819402 ]
2024-12-03 11:11:21,849 -      Epoch 47, Loss: 855.7922045487716, Gradient_Hidden: [12.25744936  3.34215575  2.59571188], Gradient_Output: [-0.12540391  0.19800973]
2024-12-03 11:11:23,462 -      Epoch 48, Loss: 854.9250867424697, Gradient_Hidden: [12.77636263  3.43987024  2.70797217], Gradient_Output: [-0.14908058  0.21335391]
2024-12-03 11:11:25,073 -      Epoch 49, Loss: 853.9898591960182, Gradient_Hidden: [13.25640648  3.55742497  2.82386722], Gradient_Output: [-0.17395169  0.2269373 ]
2024-12-03 11:11:26,681 -      Epoch 50, Loss: 852.9832147086812, Gradient_Hidden: [13.69594995  3.69573874  2.94286531], Gradient_Output: [-0.19906121  0.23796286]
2024-12-03 11:11:28,293 -      Epoch 51, Loss: 851.9022033674405, Gradient_Hidden: [14.09334524  3.85511283  3.06441436], Gradient_Output: [-0.22364636  0.24585497]
2024-12-03 11:11:29,905 -      Epoch 52, Loss: 850.7445043893712, Gradient_Hidden: [14.4465112   4.03512649  3.18787933], Gradient_Output: [-0.24714927  0.25020459]
2024-12-03 11:11:31,516 -      Epoch 53, Loss: 849.5087163957462, Gradient_Hidden: [14.75282245  4.23453335  3.31251699], Gradient_Output: [-0.26917913  0.25070817]
2024-12-03 11:11:33,124 -      Epoch 54, Loss: 848.1946441628828, Gradient_Hidden: [15.00922085  4.4511579   3.43749131], Gradient_Output: [-0.28944817  0.24712217]
2024-12-03 11:11:34,736 -      Epoch 55, Loss: 846.803567565688, Gradient_Hidden: [15.21245055  4.68180279  3.56191855], Gradient_Output: [-0.30770283  0.23924238]
2024-12-03 11:11:36,350 -      Epoch 56, Loss: 845.3384804840204, Gradient_Hidden: [15.35934359  4.92218828  3.68492651], Gradient_Output: [-0.3236646   0.22690748]
2024-12-03 11:11:37,965 -      Epoch 57, Loss: 843.8042852123787, Gradient_Hidden: [15.44711232  5.16695149  3.80571325], Gradient_Output: [-0.33698976  0.21002233]
2024-12-03 11:11:39,578 -      Epoch 58, Loss: 842.2079245115648, Gradient_Hidden: [15.47362313  5.40973447  3.92359211], Gradient_Output: [-0.34725317  0.18859387]
2024-12-03 11:11:41,193 -      Epoch 59, Loss: 840.5584313874904, Gradient_Hidden: [15.43763355  5.64338516  4.03801241], Gradient_Output: [-0.35395941  0.1627714 ]
2024-12-03 11:11:42,809 -      Epoch 60, Loss: 838.8668772954442, Gradient_Hidden: [15.33897981  5.86028425  4.1485485 ], Gradient_Output: [-0.35658093  0.13288191]
2024-12-03 11:11:44,431 -      Epoch 61, Loss: 837.1462032043775, Gradient_Hidden: [15.17870464  6.05279327  4.25485513], Gradient_Output: [-0.35461945  0.09945154]
2024-12-03 11:11:46,054 -      Epoch 62, Loss: 835.4109248847975, Gradient_Hidden: [14.95911849  6.21379531  4.35659468], Gradient_Output: [-0.34768147  0.06320615]
2024-12-03 11:11:47,678 -      Epoch 63, Loss: 833.6767138764137, Gradient_Hidden: [14.68378991  6.33727321  4.45334945], Gradient_Output: [-0.33555534  0.02504721]
2024-12-03 11:11:49,307 -      Epoch 64, Loss: 831.9598686087674, Gradient_Hidden: [14.35746316  6.418847    4.54453871], Gradient_Output: [-0.31827459 -0.0139961 ]
2024-12-03 11:11:50,934 -      Epoch 65, Loss: 830.2767051552403, Gradient_Hidden: [13.98590471  6.45618229  4.62936233], Gradient_Output: [-0.29615356 -0.05283389]
2024-12-03 11:11:52,564 -      Epoch 66, Loss: 828.6429118833954, Gradient_Hidden: [13.57568586  6.44919147  4.70678921], Gradient_Output: [-0.26978561 -0.09039261]
2024-12-03 11:11:54,201 -      Epoch 67, Loss: 827.0729232682476, Gradient_Hidden: [13.13391628  6.39998304  4.77559951], Gradient_Output: [-0.24000201 -0.12569181]
2024-12-03 11:11:55,833 -      Epoch 68, Loss: 825.5793714062584, Gradient_Hidden: [12.66795054  6.31256397  4.83447668], Gradient_Output: [-0.20779813 -0.15790992]
2024-12-03 11:11:57,479 -      Epoch 69, Loss: 824.1726667218641, Gradient_Hidden: [12.18509457  6.19235112  4.88213329], Gradient_Output: [-0.17424095 -0.18643031]
2024-12-03 11:11:59,122 -      Epoch 70, Loss: 822.8607424096857, Gradient_Hidden: [11.69233892  6.04558296  4.91744678], Gradient_Output: [-0.14037512 -0.21086302]
2024-12-03 11:12:00,765 -      Epoch 71, Loss: 821.6489740280985, Gradient_Hidden: [11.19613991  5.87873193  4.93958015], Gradient_Output: [-0.10714322 -0.23104186]
2024-12-03 11:12:02,442 -      Epoch 72, Loss: 820.5402620691841, Gradient_Hidden: [10.7022613   5.69800117  4.94806821], Gradient_Output: [-0.07533077 -0.2470007 ]
2024-12-03 11:12:04,070 -      Epoch 73, Loss: 819.5352466961566, Gradient_Hidden: [10.21567911  5.50895586  4.94285904], Gradient_Output: [-0.04553889 -0.25893563]
2024-12-03 11:12:05,685 -      Epoch 74, Loss: 818.6326134145866, Gradient_Hidden: [9.74054419 5.31630361 4.92431026], Gradient_Output: [-0.01818204 -0.26716065]
2024-12-03 11:12:07,342 -      Epoch 75, Loss: 817.8294466414843, Gradient_Hidden: [9.28019239 5.12380957 4.89314744], Gradient_Output: [ 0.00649606 -0.2720635 ]
2024-12-03 11:12:08,985 -      Epoch 76, Loss: 817.1215931356578, Gradient_Hidden: [8.83719003 4.93431584 4.85039638], Gradient_Output: [ 0.02839577 -0.27406673]
2024-12-03 11:12:10,624 -      Epoch 77, Loss: 816.5040061927002, Gradient_Hidden: [8.41340277 4.74983003 4.79730195], Gradient_Output: [ 0.04753089 -0.27359668]
2024-12-03 11:12:12,273 -      Epoch 78, Loss: 815.9710516137175, Gradient_Hidden: [8.01007775 4.57165108 4.73524484], Gradient_Output: [ 0.06399879 -0.27106123]
2024-12-03 11:12:13,918 -      Epoch 79, Loss: 815.5167657059405, Gradient_Hidden: [7.62793096 4.40050774 4.66566446], Gradient_Output: [ 0.07795403 -0.26683563]
2024-12-03 11:12:15,557 -      Epoch 80, Loss: 815.1350628656994, Gradient_Hidden: [7.26723402 4.23669293 4.58999357], Gradient_Output: [ 0.08958656 -0.26125513]
2024-12-03 11:12:17,197 -      Epoch 81, Loss: 814.8198953158628, Gradient_Hidden: [6.92789636 4.08018418 4.50960676], Gradient_Output: [ 0.09910478 -0.25461262]
2024-12-03 11:12:18,848 -      Epoch 82, Loss: 814.5653705136373, Gradient_Hidden: [6.60954021 3.93074545 4.42578324], Gradient_Output: [ 0.10672278 -0.24715973]
2024-12-03 11:12:20,491 -      Epoch 83, Loss: 814.3658330529207, Gradient_Hidden: [6.3115671  3.78800903 4.33968283], Gradient_Output: [ 0.11265127 -0.23910995]
2024-12-03 11:12:22,134 -      Epoch 84, Loss: 814.2159180539791, Gradient_Hidden: [6.03321523 3.65153867 4.25233289], Gradient_Output: [ 0.1170915 -0.2306428]
2024-12-03 11:12:23,774 -      Epoch 85, Loss: 814.110582507222, Gradient_Hidden: [5.77360795 3.52087582 4.16462424], Gradient_Output: [ 0.12023139 -0.22190823]
2024-12-03 11:12:25,416 -      Epoch 86, Loss: 814.0451201552803, Gradient_Hidden: [5.53179371 3.39557162 4.07731354], Gradient_Output: [ 0.12224348 -0.21303088]
2024-12-03 11:12:27,043 -      Epoch 87, Loss: 814.0151644995443, Gradient_Hidden: [5.30677842 3.27520739 3.99103033], Gradient_Output: [ 0.12328408 -0.20411396]
2024-12-03 11:12:28,665 -      Epoch 88, Loss: 814.0166835462437, Gradient_Hidden: [5.09755114 3.15940608 3.90628694], Gradient_Output: [ 0.12349345 -0.19524251]
2024-12-03 11:12:30,291 -      Epoch 89, Loss: 814.0459690452702, Gradient_Hidden: [4.90310402 3.04783702 3.82349001], Gradient_Output: [ 0.12299648 -0.18648627]
2024-12-03 11:12:31,921 -      Epoch 90, Loss: 814.0996222537822, Gradient_Hidden: [4.72244744 2.94021591 3.74295259], Gradient_Output: [ 0.12190376 -0.17790195]
2024-12-03 11:12:33,550 -      Epoch 91, Loss: 814.1745376810948, Gradient_Hidden: [4.55462128 2.83630176 3.66490618], Gradient_Output: [ 0.12031282 -0.16953514]
2024-12-03 11:12:35,180 -      Epoch 92, Loss: 814.2678858298949, Gradient_Hidden: [4.39870301 2.73589195 3.58951222], Gradient_Output: [ 0.11830946 -0.16142197]
2024-12-03 11:12:36,837 -      Epoch 93, Loss: 814.3770956210436, Gradient_Hidden: [4.25381321 2.63881652 3.51687279], Gradient_Output: [ 0.11596899 -0.15359036]
2024-12-03 11:12:38,486 -      Epoch 94, Loss: 814.4998369545659, Gradient_Hidden: [4.11911917 2.54493225 3.44704029], Gradient_Output: [ 0.11335739 -0.14606117]
2024-12-03 11:12:40,130 -      Epoch 95, Loss: 814.6340036954791, Gradient_Hidden: [3.99383679 2.45411717 3.38002614], Gradient_Output: [ 0.11053237 -0.13884916]
2024-12-03 11:12:41,777 -      Epoch 96, Loss: 814.7776972628038, Gradient_Hidden: [3.87723136 2.36626559 3.31580843], Gradient_Output: [ 0.10754432 -0.13196385]
2024-12-03 11:12:43,421 -      Epoch 97, Loss: 814.9292109269993, Gradient_Hidden: [3.76861727 2.28128395 3.25433868], Gradient_Output: [ 0.10443707 -0.12541024]
2024-12-03 11:12:45,062 -      Epoch 98, Loss: 815.0870148737739, Gradient_Hidden: [3.66735708 2.19908738 3.19554755], Gradient_Output: [ 0.10124865 -0.1191895 ]
2024-12-03 11:12:46,703 -      Epoch 99, Loss: 815.2497420627011, Gradient_Hidden: [3.57285998 2.11959704 3.13934992], Gradient_Output: [ 0.09801191 -0.11329951]
2024-12-03 11:12:48,346 -      Epoch 100, Loss: 815.4161748893266, Gradient_Hidden: [3.48457983 2.04273812 3.08564904], Gradient_Output: [ 0.09475501 -0.10773547]
2024-12-03 11:12:48,346 - Testing in process
2024-12-03 11:12:48,346 - MSE threshold: 0.05
2024-12-03 11:12:48,529 - Test Accuracy: 96.75%
2024-12-03 11:12:48,529 - Fold 1 completed 

2024-12-03 11:12:48,602 - TrainingSet_shape: (64640, 2), TestingSet_shaape: (16160, 2)
2024-12-03 11:12:48,602 - Fold: 2
2024-12-03 11:12:50,242 -      Epoch 1, Loss: 816.7600200225216, Gradient_Hidden: [2.6511552  2.25936704 3.4319469 ], Gradient_Output: [-0.65761796 -0.18473893]
2024-12-03 11:12:51,880 -      Epoch 2, Loss: 817.000255298778, Gradient_Hidden: [3.5622383  1.6797388  2.84199304], Gradient_Output: [ 0.02252098 -0.01796469]
2024-12-03 11:12:53,540 -      Epoch 3, Loss: 817.2059851564671, Gradient_Hidden: [3.43353459 1.65337042 2.76832326], Gradient_Output: [ 0.045506   -0.05714969]
2024-12-03 11:12:55,180 -      Epoch 4, Loss: 817.4096828991838, Gradient_Hidden: [3.33109123 1.62028992 2.72782587], Gradient_Output: [ 0.05058084 -0.06293522]
2024-12-03 11:12:56,816 -      Epoch 5, Loss: 817.6102951630561, Gradient_Hidden: [3.24139608 1.58118498 2.69287432], Gradient_Output: [ 0.05269249 -0.06340648]
2024-12-03 11:12:58,457 -      Epoch 6, Loss: 817.8072023172793, Gradient_Hidden: [3.16103837 1.53816108 2.6595662 ], Gradient_Output: [ 0.05381341 -0.06271676]
2024-12-03 11:13:00,098 -      Epoch 7, Loss: 817.9999037652781, Gradient_Hidden: [3.08856078 1.49271595 2.6273596 ], Gradient_Output: [ 0.05430462 -0.06162245]
2024-12-03 11:13:01,739 -      Epoch 8, Loss: 818.1880090251041, Gradient_Hidden: [3.02289181 1.44592148 2.59620782], Gradient_Output: [ 0.0542896  -0.06032713]
2024-12-03 11:13:03,387 -      Epoch 9, Loss: 818.3712256065162, Gradient_Hidden: [2.96310783 1.39854735 2.56611994], Gradient_Output: [ 0.05385816 -0.05892332]
2024-12-03 11:13:05,026 -      Epoch 10, Loss: 818.549347258551, Gradient_Hidden: [2.90839912 1.35114857 2.53709467], Gradient_Output: [ 0.05309189 -0.05746883]
2024-12-03 11:13:06,666 -      Epoch 11, Loss: 818.7222421238037, Gradient_Hidden: [2.85806185 1.30412612 2.50911418], Gradient_Output: [ 0.05206461 -0.05600352]
2024-12-03 11:13:08,311 -      Epoch 12, Loss: 818.8898413217877, Gradient_Hidden: [2.81149029 1.25776917 2.48214725], Gradient_Output: [ 0.05084088 -0.05455515]
2024-12-03 11:13:09,955 -      Epoch 13, Loss: 819.0521284080443, Gradient_Hidden: [2.76816731 1.21228479 2.45615326], Gradient_Output: [ 0.04947555 -0.05314278]
2024-12-03 11:13:11,597 -      Epoch 14, Loss: 819.2091299346406, Gradient_Hidden: [2.72765399 1.16781912 2.43108576], Gradient_Output: [ 0.04801413 -0.05177901]
2024-12-03 11:13:13,232 -      Epoch 15, Loss: 819.3609071776085, Gradient_Hidden: [2.68957935 1.12447271 2.40689521], Gradient_Output: [ 0.04649365 -0.05047164]
2024-12-03 11:13:14,867 -      Epoch 16, Loss: 819.5075490026293, Gradient_Hidden: [2.65363067 1.08231176 2.38353109], Gradient_Output: [ 0.04494368 -0.04922503]
2024-12-03 11:13:16,511 -      Epoch 17, Loss: 819.6491657895598, Gradient_Hidden: [2.61954478 1.04137648 2.36094343], Gradient_Output: [ 0.04338748 -0.04804096]
2024-12-03 11:13:18,153 -      Epoch 18, Loss: 819.7858843117867, Gradient_Hidden: [2.58710025 1.00168731 2.33908385], Gradient_Output: [ 0.041843   -0.04691938]
2024-12-03 11:13:19,793 -      Epoch 19, Loss: 819.9178434598035, Gradient_Hidden: [2.55611075 0.96324975 2.31790629], Gradient_Output: [ 0.04032382 -0.04585898]
2024-12-03 11:13:21,435 -      Epoch 20, Loss: 820.045190698346, Gradient_Hidden: [2.52641923 0.92605792 2.29736735], Gradient_Output: [ 0.03883998 -0.04485756]
2024-12-03 11:13:23,077 -      Epoch 21, Loss: 820.1680791546847, Gradient_Hidden: [2.49789306 0.89009744 2.27742655], Gradient_Output: [ 0.03739867 -0.04391236]
2024-12-03 11:13:24,718 -      Epoch 22, Loss: 820.2866652443618, Gradient_Hidden: [2.47041991 0.85534757 2.25804634], Gradient_Output: [ 0.03600483 -0.04302032]
2024-12-03 11:13:26,357 -      Epoch 23, Loss: 820.401106751013, Gradient_Hidden: [2.44390426 0.82178294 2.23919205], Gradient_Output: [ 0.03466162 -0.04217817]
2024-12-03 11:13:28,000 -      Epoch 24, Loss: 820.5115612877412, Gradient_Hidden: [2.41826462 0.78937482 2.22083174], Gradient_Output: [ 0.03337081 -0.04138264]
2024-12-03 11:13:29,636 -      Epoch 25, Loss: 820.6181850769609, Gradient_Hidden: [2.39343105 0.75809226 2.20293608], Gradient_Output: [ 0.03213312 -0.0406305 ]
2024-12-03 11:13:31,303 -      Epoch 26, Loss: 820.7211319951471, Gradient_Hidden: [2.36934324 0.72790278 2.18547812], Gradient_Output: [ 0.03094845 -0.03991863]
2024-12-03 11:13:32,945 -      Epoch 27, Loss: 820.8205528365215, Gradient_Hidden: [2.34594889 0.6987731  2.16843308], Gradient_Output: [ 0.02981613 -0.03924406]
2024-12-03 11:13:34,589 -      Epoch 28, Loss: 820.9165947571106, Gradient_Hidden: [2.32320232 0.67066957 2.15177819], Gradient_Output: [ 0.02873502 -0.03860399]
2024-12-03 11:13:36,271 -      Epoch 29, Loss: 821.0094008668264, Gradient_Hidden: [2.30106341 0.6435586  2.13549247], Gradient_Output: [ 0.02770369 -0.03799584]
2024-12-03 11:13:37,924 -      Epoch 30, Loss: 821.099109942215, Gradient_Hidden: [2.27949668 0.61740688 2.11955655], Gradient_Output: [ 0.02672048 -0.03741718]
2024-12-03 11:13:39,557 -      Epoch 31, Loss: 821.1858562370688, Gradient_Hidden: [2.25847052 0.59218166 2.10395253], Gradient_Output: [ 0.02578362 -0.0368658 ]
2024-12-03 11:13:41,193 -      Epoch 32, Loss: 821.2697693722774, Gradient_Hidden: [2.23795658 0.56785087 2.08866378], Gradient_Output: [ 0.02489123 -0.03633966]
2024-12-03 11:13:42,831 -      Epoch 33, Loss: 821.3509742889202, Gradient_Hidden: [2.21792929 0.54438327 2.07367488], Gradient_Output: [ 0.02404143 -0.0358369 ]
2024-12-03 11:13:44,471 -      Epoch 34, Loss: 821.4295912517773, Gradient_Hidden: [2.19836541 0.52174847 2.05897143], Gradient_Output: [ 0.0232323  -0.03535583]
2024-12-03 11:13:46,115 -      Epoch 35, Loss: 821.5057358922736, Gradient_Hidden: [2.1792437  0.49991707 2.04453997], Gradient_Output: [ 0.02246199 -0.0348949 ]
2024-12-03 11:13:47,770 -      Epoch 36, Loss: 821.5795192821728, Gradient_Hidden: [2.16054461 0.4788606  2.03036789], Gradient_Output: [ 0.02172864 -0.03445272]
2024-12-03 11:13:49,430 -      Epoch 37, Loss: 821.6510480306644, Gradient_Hidden: [2.14225008 0.45855159 2.01644335], Gradient_Output: [ 0.02103049 -0.03402801]
2024-12-03 11:13:51,071 -      Epoch 38, Loss: 821.7204243986816, Gradient_Hidden: [2.12434333 0.43896356 2.00275521], Gradient_Output: [ 0.02036581 -0.03361961]
2024-12-03 11:13:52,711 -      Epoch 39, Loss: 821.787746425794, Gradient_Hidden: [2.10680869 0.42007099 1.98929294], Gradient_Output: [ 0.01973295 -0.03322647]
2024-12-03 11:13:54,346 -      Epoch 40, Loss: 821.8531080654494, Gradient_Hidden: [2.08963145 0.4018493  1.97604661], Gradient_Output: [ 0.01913032 -0.03284763]
2024-12-03 11:13:55,986 -      Epoch 41, Loss: 821.9165993255646, Gradient_Hidden: [2.07279779 0.38427485 1.96300681], Gradient_Output: [ 0.0185564  -0.03248222]
2024-12-03 11:13:57,632 -      Epoch 42, Loss: 821.9783064117861, Gradient_Hidden: [2.05629464 0.36732491 1.95016461], Gradient_Output: [ 0.01800976 -0.03212945]
2024-12-03 11:13:59,283 -      Epoch 43, Loss: 822.0383118710683, Gradient_Hidden: [2.04010964 0.35097759 1.93751154], Gradient_Output: [ 0.01748902 -0.03178858]
2024-12-03 11:14:00,925 -      Epoch 44, Loss: 822.0966947345945, Gradient_Hidden: [2.02423104 0.33521185 1.92503956], Gradient_Output: [ 0.01699285 -0.03145895]
2024-12-03 11:14:02,570 -      Epoch 45, Loss: 822.1535306580794, Gradient_Hidden: [2.00864766 0.32000745 1.91274102], Gradient_Output: [ 0.01652002 -0.03113993]
2024-12-03 11:14:04,217 -      Epoch 46, Loss: 822.2088920589455, Gradient_Hidden: [1.99334884 0.3053449  1.90060864], Gradient_Output: [ 0.01606934 -0.03083096]
2024-12-03 11:14:05,858 -      Epoch 47, Loss: 822.2628482494978, Gradient_Hidden: [1.9783244  0.29120547 1.8886355 ], Gradient_Output: [ 0.01563968 -0.03053151]
2024-12-03 11:14:07,495 -      Epoch 48, Loss: 822.3154655655902, Gradient_Hidden: [1.96356459 0.27757111 1.87681499], Gradient_Output: [ 0.01522997 -0.03024109]
2024-12-03 11:14:09,133 -      Epoch 49, Loss: 822.3668074905197, Gradient_Hidden: [1.94906009 0.26442442 1.86514083], Gradient_Output: [ 0.0148392  -0.02995925]
2024-12-03 11:14:10,770 -      Epoch 50, Loss: 822.4169347737846, Gradient_Hidden: [1.93480195 0.25174866 1.85360705], Gradient_Output: [ 0.0144664  -0.02968556]
2024-12-03 11:14:12,427 -      Epoch 51, Loss: 822.4659055449106, Gradient_Hidden: [1.9207816  0.23952768 1.84220796], Gradient_Output: [ 0.01411065 -0.02941961]
2024-12-03 11:14:14,075 -      Epoch 52, Loss: 822.5137754219029, Gradient_Hidden: [1.90699081 0.2277459  1.83093813], Gradient_Output: [ 0.01377107 -0.02916104]
2024-12-03 11:14:15,723 -      Epoch 53, Loss: 822.5605976148476, Gradient_Hidden: [1.89342166 0.21638829 1.81979243], Gradient_Output: [ 0.01344684 -0.02890948]
2024-12-03 11:14:17,370 -      Epoch 54, Loss: 822.6064230244601, Gradient_Hidden: [1.88006655 0.20544035 1.80876595], Gradient_Output: [ 0.01313716 -0.0286646 ]
2024-12-03 11:14:19,017 -      Epoch 55, Loss: 822.6513003359163, Gradient_Hidden: [1.8669182  0.19488806 1.79785404], Gradient_Output: [ 0.01284129 -0.02842608]
2024-12-03 11:14:20,660 -      Epoch 56, Loss: 822.6952761080187, Gradient_Hidden: [1.85396957 0.18471788 1.78705228], Gradient_Output: [ 0.01255851 -0.02819361]
2024-12-03 11:14:22,303 -      Epoch 57, Loss: 822.7383948580429, Gradient_Hidden: [1.84121392 0.17491672 1.77635649], Gradient_Output: [ 0.01228814 -0.02796691]
2024-12-03 11:14:23,940 -      Epoch 58, Loss: 822.7806991424355, Gradient_Hidden: [1.82864477 0.1654719  1.7657627 ], Gradient_Output: [ 0.01202954 -0.0277457 ]
2024-12-03 11:14:25,600 -      Epoch 59, Loss: 822.8222296334717, Gradient_Hidden: [1.81625588 0.15637119 1.75526714], Gradient_Output: [ 0.01178208 -0.02752971]
2024-12-03 11:14:27,238 -      Epoch 60, Loss: 822.8630251923674, Gradient_Hidden: [1.80404127 0.14760271 1.74486627], Gradient_Output: [ 0.01154517 -0.02731869]
2024-12-03 11:14:28,874 -      Epoch 61, Loss: 822.9031229388814, Gradient_Hidden: [1.79199519 0.13915499 1.73455671], Gradient_Output: [ 0.01131827 -0.0271124 ]
2024-12-03 11:14:30,520 -      Epoch 62, Loss: 822.9425583176412, Gradient_Hidden: [1.7801121  0.13101688 1.72433531], Gradient_Output: [ 0.01110084 -0.02691061]
2024-12-03 11:14:32,167 -      Epoch 63, Loss: 822.9813651614985, Gradient_Hidden: [1.76838669 0.12317763 1.71419907], Gradient_Output: [ 0.01089236 -0.02671308]
2024-12-03 11:14:33,812 -      Epoch 64, Loss: 823.019575752095, Gradient_Hidden: [1.75681388 0.11562677 1.70414517], Gradient_Output: [ 0.01069236 -0.02651962]
2024-12-03 11:14:35,458 -      Epoch 65, Loss: 823.0572208777995, Gradient_Hidden: [1.74538875 0.10835418 1.69417097], Gradient_Output: [ 0.01050038 -0.02633   ]
2024-12-03 11:14:37,101 -      Epoch 66, Loss: 823.0943298893062, Gradient_Hidden: [1.73410662 0.10135003 1.68427398], Gradient_Output: [ 0.01031598 -0.02614404]
2024-12-03 11:14:38,741 -      Epoch 67, Loss: 823.1309307528185, Gradient_Hidden: [1.72296299 0.0946048  1.67445187], Gradient_Output: [ 0.01013873 -0.02596155]
2024-12-03 11:14:40,378 -      Epoch 68, Loss: 823.1670501014302, Gradient_Hidden: [1.71195353 0.08810926 1.66470245], Gradient_Output: [ 0.00996825 -0.02578234]
2024-12-03 11:14:42,014 -      Epoch 69, Loss: 823.202713284343, Gradient_Hidden: [1.7010741  0.08185445 1.65502368], Gradient_Output: [ 0.00980416 -0.02560624]
2024-12-03 11:14:43,673 -      Epoch 70, Loss: 823.2379444144507, Gradient_Hidden: [1.69032073 0.07583167 1.64541364], Gradient_Output: [ 0.00964609 -0.02543308]
2024-12-03 11:14:45,328 -      Epoch 71, Loss: 823.2727664142335, Gradient_Hidden: [1.67968963 0.0700325  1.63587055], Gradient_Output: [ 0.0094937 -0.0252627]
2024-12-03 11:14:46,969 -      Epoch 72, Loss: 823.3072010600351, Gradient_Hidden: [1.66917716 0.06444877 1.62639276], Gradient_Output: [ 0.00934667 -0.02509496]
2024-12-03 11:14:48,617 -      Epoch 73, Loss: 823.3412690250323, Gradient_Hidden: [1.65877983 0.05907253 1.61697872], Gradient_Output: [ 0.00920468 -0.0249297 ]
2024-12-03 11:14:50,275 -      Epoch 74, Loss: 823.374989920737, Gradient_Hidden: [1.6484943  0.05389612 1.60762699], Gradient_Output: [ 0.00906745 -0.02476678]
2024-12-03 11:14:51,936 -      Epoch 75, Loss: 823.4083823373206, Gradient_Hidden: [1.6383174  0.04891206 1.59833625], Gradient_Output: [ 0.0089347  -0.02460609]
2024-12-03 11:14:53,579 -      Epoch 76, Loss: 823.4414638827311, Gradient_Hidden: [1.62824607 0.04411315 1.58910527], Gradient_Output: [ 0.00880615 -0.02444748]
2024-12-03 11:14:55,219 -      Epoch 77, Loss: 823.4742512205454, Gradient_Hidden: [1.61827741 0.03949236 1.57993289], Gradient_Output: [ 0.00868156 -0.02429084]
2024-12-03 11:14:56,864 -      Epoch 78, Loss: 823.5067601069463, Gradient_Hidden: [1.60840862 0.03504291 1.57081808], Gradient_Output: [ 0.00856069 -0.02413605]
2024-12-03 11:14:58,507 -      Epoch 79, Loss: 823.5390054265874, Gradient_Hidden: [1.59863706 0.03075823 1.56175987], Gradient_Output: [ 0.00844331 -0.02398302]
2024-12-03 11:15:00,148 -      Epoch 80, Loss: 823.5710012273805, Gradient_Hidden: [1.58896019 0.02663195 1.55275736], Gradient_Output: [ 0.00832921 -0.02383163]
2024-12-03 11:15:01,794 -      Epoch 81, Loss: 823.6027607544896, Gradient_Hidden: [1.57937559 0.0226579  1.54380973], Gradient_Output: [ 0.0082182 -0.0236818]
2024-12-03 11:15:03,444 -      Epoch 82, Loss: 823.6342964832821, Gradient_Hidden: [1.56988094 0.01883011 1.53491624], Gradient_Output: [ 0.00811006 -0.02353343]
2024-12-03 11:15:05,093 -      Epoch 83, Loss: 823.6656201514194, Gradient_Hidden: [1.56047405 0.01514281 1.52607619], Gradient_Output: [ 0.00800464 -0.02338643]
2024-12-03 11:15:06,738 -      Epoch 84, Loss: 823.6967427901135, Gradient_Hidden: [1.55115282 0.0115904  1.51728895], Gradient_Output: [ 0.00790175 -0.02324074]
2024-12-03 11:15:08,381 -      Epoch 85, Loss: 823.7276747544736, Gradient_Hidden: [1.54191524 0.00816748 1.50855395], Gradient_Output: [ 0.00780124 -0.02309626]
2024-12-03 11:15:10,016 -      Epoch 86, Loss: 823.7584257530037, Gradient_Hidden: [1.53275942 0.00486884 1.49987067], Gradient_Output: [ 0.00770295 -0.02295294]
2024-12-03 11:15:11,671 -      Epoch 87, Loss: 823.7890048763421, Gradient_Hidden: [1.52368352 0.00168942 1.49123862], Gradient_Output: [ 0.00760675 -0.02281072]
2024-12-03 11:15:13,316 -      Epoch 88, Loss: 823.819420625101, Gradient_Hidden: [ 1.51468583e+00 -1.37565510e-03  1.48265737e+00], Gradient_Output: [ 0.0075125  -0.02266952]
2024-12-03 11:15:14,960 -      Epoch 89, Loss: 823.8496809369631, Gradient_Hidden: [ 1.5057647  -0.00433108  1.47412653], Gradient_Output: [ 0.00742008 -0.02252929]
2024-12-03 11:15:16,610 -      Epoch 90, Loss: 823.8797932129556, Gradient_Hidden: [ 1.49691855 -0.00718141  1.46564573], Gradient_Output: [ 0.00732937 -0.02238999]
2024-12-03 11:15:18,282 -      Epoch 91, Loss: 823.909764342914, Gradient_Hidden: [ 1.48814589 -0.00993101  1.45721465], Gradient_Output: [ 0.00724025 -0.02225156]
2024-12-03 11:15:19,923 -      Epoch 92, Loss: 823.9396007301477, Gradient_Hidden: [ 1.47944531 -0.01258412  1.44883299], Gradient_Output: [ 0.00715263 -0.02211396]
2024-12-03 11:15:21,560 -      Epoch 93, Loss: 823.969308315492, Gradient_Hidden: [ 1.47081544 -0.0151448   1.44050048], Gradient_Output: [ 0.00706642 -0.02197715]
2024-12-03 11:15:23,198 -      Epoch 94, Loss: 823.9988926002924, Gradient_Hidden: [ 1.46225501 -0.01761698  1.43221688], Gradient_Output: [ 0.00698151 -0.0218411 ]
2024-12-03 11:15:24,836 -      Epoch 95, Loss: 824.0283586689052, Gradient_Hidden: [ 1.45376278 -0.02000444  1.42398196], Gradient_Output: [ 0.00689783 -0.02170577]
2024-12-03 11:15:26,471 -      Epoch 96, Loss: 824.0577112102947, Gradient_Hidden: [ 1.44533759 -0.02231081  1.41579553], Gradient_Output: [ 0.00681531 -0.02157112]
2024-12-03 11:15:28,110 -      Epoch 97, Loss: 824.0869545389426, Gradient_Hidden: [ 1.43697833 -0.02453959  1.40765739], Gradient_Output: [ 0.00673386 -0.02143714]
2024-12-03 11:15:29,751 -      Epoch 98, Loss: 824.1160926149819, Gradient_Hidden: [ 1.42868394 -0.02669415  1.39956738], Gradient_Output: [ 0.00665343 -0.0213038 ]
2024-12-03 11:15:31,388 -      Epoch 99, Loss: 824.1451290636247, Gradient_Hidden: [ 1.42045342 -0.02877772  1.39152533], Gradient_Output: [ 0.00657395 -0.02117108]
2024-12-03 11:15:33,053 -      Epoch 100, Loss: 824.1740671938512, Gradient_Hidden: [ 1.4122858  -0.0307934   1.38353112], Gradient_Output: [ 0.00649536 -0.02103896]
2024-12-03 11:15:33,053 - Testing in process
2024-12-03 11:15:33,053 - MSE threshold: 0.05
2024-12-03 11:15:33,236 - Test Accuracy: 97.10%
2024-12-03 11:15:33,236 - Fold 2 completed 

2024-12-03 11:15:33,303 - TrainingSet_shape: (64640, 2), TestingSet_shaape: (16160, 2)
2024-12-03 11:15:33,303 - Fold: 3
2024-12-03 11:15:34,954 -      Epoch 1, Loss: 824.6877665958359, Gradient_Hidden: [ 1.36633465 -0.58548236  0.80766393], Gradient_Output: [0.46030946 0.38365886]
2024-12-03 11:15:36,638 -      Epoch 2, Loss: 824.792739615155, Gradient_Hidden: [ 1.21548428 -0.16573823  1.31634959], Gradient_Output: [ 0.06475614 -0.03126814]
2024-12-03 11:15:38,314 -      Epoch 3, Loss: 824.8322563125852, Gradient_Hidden: [ 1.28580009 -0.09402491  1.32386655], Gradient_Output: [ 0.04420646 -0.02496852]
2024-12-03 11:15:39,961 -      Epoch 4, Loss: 824.8668300901526, Gradient_Hidden: [ 1.33017644 -0.05013744  1.32413074], Gradient_Output: [ 0.0327312  -0.02442798]
2024-12-03 11:15:41,619 -      Epoch 5, Loss: 824.8984210484878, Gradient_Hidden: [ 1.35653187 -0.0222484   1.32178541], Gradient_Output: [ 0.02495884 -0.02414052]
2024-12-03 11:15:43,265 -      Epoch 6, Loss: 824.9281144712072, Gradient_Hidden: [ 1.37083253 -0.00507683  1.3177919 ], Gradient_Output: [ 0.01960134 -0.02382818]
2024-12-03 11:15:44,914 -      Epoch 7, Loss: 824.9566560124292, Gradient_Hidden: [1.3770603  0.00488489 1.31264697], Gradient_Output: [ 0.01587676 -0.02349181]
2024-12-03 11:15:46,558 -      Epoch 8, Loss: 824.98454273384, Gradient_Hidden: [1.37790745 0.00999974 1.3066848 ], Gradient_Output: [ 0.01326466 -0.0231447 ]
2024-12-03 11:15:48,201 -      Epoch 9, Loss: 825.01209673585, Gradient_Hidden: [1.37519701 0.01186647 1.30014317], Gradient_Output: [ 0.01141282 -0.02279608]
2024-12-03 11:15:49,848 -      Epoch 10, Loss: 825.0395197072193, Gradient_Hidden: [1.37016153 0.0115701  1.29319368], Gradient_Output: [ 0.01008188 -0.02245165]
2024-12-03 11:15:51,498 -      Epoch 11, Loss: 825.0669319633707, Gradient_Hidden: [1.36363217 0.00984856 1.28596099], Gradient_Output: [ 0.00910886 -0.02211493]
2024-12-03 11:15:53,143 -      Epoch 12, Loss: 825.0943997726072, Gradient_Hidden: [1.35616736 0.00720424 1.27853611], Gradient_Output: [ 0.00838274 -0.02178805]
2024-12-03 11:15:54,789 -      Epoch 13, Loss: 825.1219541840013, Gradient_Hidden: [1.34814051 0.00397927 1.27098579], Gradient_Output: [ 0.00782775 -0.02147226]
2024-12-03 11:15:56,435 -      Epoch 14, Loss: 825.1496038407794, Gradient_Hidden: [1.33979976e+00 4.06423808e-04 1.26335923e+00], Gradient_Output: [ 0.00739218 -0.02116822]
2024-12-03 11:15:58,079 -      Epoch 15, Loss: 825.1773436063482, Gradient_Hidden: [ 1.33130857 -0.00335625  1.25569287], Gradient_Output: [ 0.00704064 -0.02087616]
2024-12-03 11:15:59,747 -      Epoch 16, Loss: 825.2051603072057, Gradient_Hidden: [ 1.32277335 -0.00720186  1.24801381], Gradient_Output: [ 0.00674887 -0.02059605]
2024-12-03 11:16:01,394 -      Epoch 17, Loss: 825.2330365077514, Gradient_Hidden: [ 1.31426224 -0.01105852  1.24034226], Gradient_Output: [ 0.00650021 -0.02032761]
2024-12-03 11:16:03,038 -      Epoch 18, Loss: 825.2609529511184, Gradient_Hidden: [ 1.30581775 -0.01487842  1.23269337], Gradient_Output: [ 0.00628314 -0.02007047]
2024-12-03 11:16:04,680 -      Epoch 19, Loss: 825.2888901012831, Gradient_Hidden: [ 1.29746542 -0.01863018  1.22507848], Gradient_Output: [ 0.00608967 -0.01982415]
2024-12-03 11:16:06,324 -      Epoch 20, Loss: 825.3168290848143, Gradient_Hidden: [ 1.28921959 -0.02229378  1.21750608], Gradient_Output: [ 0.00591423 -0.0195881 ]
2024-12-03 11:16:07,965 -      Epoch 21, Loss: 825.3447522343639, Gradient_Hidden: [ 1.2810873  -0.02585691  1.20998252], Gradient_Output: [ 0.00575288 -0.01936177]
2024-12-03 11:16:09,609 -      Epoch 22, Loss: 825.3726433712471, Gradient_Hidden: [ 1.27307089 -0.02931258  1.20251248], Gradient_Output: [ 0.00560281 -0.01914457]
2024-12-03 11:16:11,252 -      Epoch 23, Loss: 825.4004879198245, Gradient_Hidden: [ 1.2651698  -0.03265742  1.19509942], Gradient_Output: [ 0.00546199 -0.01893593]
2024-12-03 11:16:12,935 -      Epoch 24, Loss: 825.4282729154806, Gradient_Hidden: [ 1.25738168 -0.03589052  1.18774579], Gradient_Output: [ 0.00532893 -0.01873528]
2024-12-03 11:16:14,620 -      Epoch 25, Loss: 825.4559869479234, Gradient_Hidden: [ 1.24970316 -0.03901262  1.18045332], Gradient_Output: [ 0.0052025 -0.0185421]
2024-12-03 11:16:16,258 -      Epoch 26, Loss: 825.4836200674076, Gradient_Hidden: [ 1.24213035 -0.04202559  1.17322313], Gradient_Output: [ 0.00508186 -0.01835585]
2024-12-03 11:16:17,900 -      Epoch 27, Loss: 825.5111636713721, Gradient_Hidden: [ 1.23465917 -0.04493201  1.1660559 ], Gradient_Output: [ 0.00496632 -0.01817606]
2024-12-03 11:16:19,564 -      Epoch 28, Loss: 825.5386103836553, Gradient_Hidden: [ 1.22728553 -0.0477349   1.15895195], Gradient_Output: [ 0.00485535 -0.01800226]
2024-12-03 11:16:21,212 -      Epoch 29, Loss: 825.5659539334222, Gradient_Hidden: [ 1.22000546 -0.05043759  1.15191131], Gradient_Output: [ 0.0047485  -0.01783402]
2024-12-03 11:16:22,849 -      Epoch 30, Loss: 825.5931890381964, Gradient_Hidden: [ 1.21281515 -0.05304354  1.1449338 ], Gradient_Output: [ 0.0046454  -0.01767094]
2024-12-03 11:16:24,486 -      Epoch 31, Loss: 825.6203112935744, Gradient_Hidden: [ 1.20571103 -0.05555629  1.13801906], Gradient_Output: [ 0.00454574 -0.01751264]
2024-12-03 11:16:26,121 -      Epoch 32, Loss: 825.6473170713939, Gradient_Hidden: [ 1.19868978 -0.05797936  1.13116661], Gradient_Output: [ 0.00444925 -0.0173588 ]
2024-12-03 11:16:27,753 -      Epoch 33, Loss: 825.6742034261051, Gradient_Hidden: [ 1.19174828 -0.06031625  1.12437587], Gradient_Output: [ 0.00435568 -0.01720907]
2024-12-03 11:16:29,430 -      Epoch 34, Loss: 825.7009680101683, Gradient_Hidden: [ 1.18488364 -0.06257039  1.11764616], Gradient_Output: [ 0.00426483 -0.01706318]
2024-12-03 11:16:31,074 -      Epoch 35, Loss: 825.7276089976623, Gradient_Hidden: [ 1.17809322 -0.06474514  1.11097677], Gradient_Output: [ 0.0041765  -0.01692084]
2024-12-03 11:16:32,712 -      Epoch 36, Loss: 825.7541250159995, Gradient_Hidden: [ 1.17137454 -0.06684374  1.10436695], Gradient_Output: [ 0.00409053 -0.01678182]
2024-12-03 11:16:34,351 -      Epoch 37, Loss: 825.7805150846845, Gradient_Hidden: [ 1.16472532 -0.06886935  1.09781589], Gradient_Output: [ 0.00400676 -0.01664588]
2024-12-03 11:16:35,991 -      Epoch 38, Loss: 825.8067785613612, Gradient_Hidden: [ 1.15814345 -0.07082502  1.09132279], Gradient_Output: [ 0.00392504 -0.01651282]
2024-12-03 11:16:37,630 -      Epoch 39, Loss: 825.8329150933639, Gradient_Hidden: [ 1.15162698 -0.07271368  1.08488684], Gradient_Output: [ 0.00384527 -0.01638244]
2024-12-03 11:16:39,266 -      Epoch 40, Loss: 825.8589245756291, Gradient_Hidden: [ 1.14517409 -0.07453816  1.07850722], Gradient_Output: [ 0.0037673  -0.01625457]
2024-12-03 11:16:40,904 -      Epoch 41, Loss: 825.8848071128273, Gradient_Hidden: [ 1.13878309 -0.07630119  1.0721831 ], Gradient_Output: [ 0.00369105 -0.01612905]
2024-12-03 11:16:42,543 -      Epoch 42, Loss: 825.9105629867182, Gradient_Hidden: [ 1.13245243 -0.07800538  1.06591368], Gradient_Output: [ 0.00361641 -0.01600573]
2024-12-03 11:16:44,220 -      Epoch 43, Loss: 825.936192627013, Gradient_Hidden: [ 1.12618064 -0.07965325  1.05969815], Gradient_Output: [ 0.0035433  -0.01588447]
2024-12-03 11:16:45,873 -      Epoch 44, Loss: 825.9616965862433, Gradient_Hidden: [ 1.11996635 -0.0812472   1.05353572], Gradient_Output: [ 0.00347163 -0.01576516]
2024-12-03 11:16:47,532 -      Epoch 45, Loss: 825.9870755175086, Gradient_Hidden: [ 1.11380829 -0.08278954  1.04742562], Gradient_Output: [ 0.00340132 -0.01564768]
2024-12-03 11:16:49,185 -      Epoch 46, Loss: 826.0123301553009, Gradient_Hidden: [ 1.10770526 -0.08428251  1.04136708], Gradient_Output: [ 0.00333231 -0.01553193]
2024-12-03 11:16:50,839 -      Epoch 47, Loss: 826.0374612987428, Gradient_Hidden: [ 1.10165614 -0.0857282   1.03535935], Gradient_Output: [ 0.00326453 -0.01541781]
2024-12-03 11:16:52,478 -      Epoch 48, Loss: 826.0624697971465, Gradient_Hidden: [ 1.09565987 -0.08712867  1.02940171], Gradient_Output: [ 0.00319792 -0.01530525]
2024-12-03 11:16:54,116 -      Epoch 49, Loss: 826.0873565375199, Gradient_Hidden: [ 1.08971546 -0.08848586  1.02349344], Gradient_Output: [ 0.00313243 -0.01519415]
2024-12-03 11:16:55,753 -      Epoch 50, Loss: 826.1121224337454, Gradient_Hidden: [ 1.08382195 -0.08980162  1.01763384], Gradient_Output: [ 0.00306801 -0.01508446]
2024-12-03 11:16:57,389 -      Epoch 51, Loss: 826.1367684174783, Gradient_Hidden: [ 1.07797847 -0.09107774  1.01182223], Gradient_Output: [ 0.00300461 -0.0149761 ]
2024-12-03 11:16:59,027 -      Epoch 52, Loss: 826.1612954302741, Gradient_Hidden: [ 1.07218417 -0.09231592  1.00605796], Gradient_Output: [ 0.00294219 -0.01486901]
2024-12-03 11:17:00,665 -      Epoch 53, Loss: 826.1857044169438, Gradient_Hidden: [ 1.06643824 -0.09351779  1.00034038], Gradient_Output: [ 0.0028807  -0.01476314]
2024-12-03 11:17:02,304 -      Epoch 54, Loss: 826.2099963199879, Gradient_Hidden: [ 1.06073991 -0.0946849   0.99466885], Gradient_Output: [ 0.00282011 -0.01465845]
2024-12-03 11:17:03,943 -      Epoch 55, Loss: 826.2341720749097, Gradient_Hidden: [ 1.05508847 -0.09581875  0.98904277], Gradient_Output: [ 0.00276039 -0.01455487]
2024-12-03 11:17:05,586 -      Epoch 56, Loss: 826.2582326064124, Gradient_Hidden: [ 1.04948321 -0.09692073  0.98346153], Gradient_Output: [ 0.00270151 -0.01445238]
2024-12-03 11:17:07,225 -      Epoch 57, Loss: 826.2821788252146, Gradient_Hidden: [ 1.04392346 -0.09799223  0.97792456], Gradient_Output: [ 0.00264342 -0.01435093]
2024-12-03 11:17:08,865 -      Epoch 58, Loss: 826.306011625499, Gradient_Hidden: [ 1.0384086  -0.09903451  0.97243129], Gradient_Output: [ 0.00258611 -0.01425048]
2024-12-03 11:17:10,498 -      Epoch 59, Loss: 826.3297318829342, Gradient_Hidden: [ 1.032938   -0.10004883  0.96698116], Gradient_Output: [ 0.00252955 -0.01415101]
2024-12-03 11:17:12,136 -      Epoch 60, Loss: 826.3533404532061, Gradient_Hidden: [ 1.02751108 -0.10103635  0.96157365], Gradient_Output: [ 0.00247372 -0.01405249]
2024-12-03 11:17:13,773 -      Epoch 61, Loss: 826.3768381707141, Gradient_Hidden: [ 1.02212727 -0.1019982   0.95620821], Gradient_Output: [ 0.00241859 -0.01395488]
2024-12-03 11:17:15,414 -      Epoch 62, Loss: 826.4002258479268, Gradient_Hidden: [ 1.01678602 -0.10293545  0.95088434], Gradient_Output: [ 0.00236415 -0.01385817]
2024-12-03 11:17:17,052 -      Epoch 63, Loss: 826.4235042748014, Gradient_Hidden: [ 1.0114868  -0.10384912  0.94560154], Gradient_Output: [ 0.00231037 -0.01376233]
2024-12-03 11:17:18,689 -      Epoch 64, Loss: 826.4466742186196, Gradient_Hidden: [ 1.00622911 -0.10474018  0.94035932], Gradient_Output: [ 0.00225723 -0.01366733]
2024-12-03 11:17:20,327 -      Epoch 65, Loss: 826.4697364238084, Gradient_Hidden: [ 1.00101244 -0.10560956  0.9351572 ], Gradient_Output: [ 0.00220472 -0.01357316]
2024-12-03 11:17:21,965 -      Epoch 66, Loss: 826.4926916122245, Gradient_Hidden: [ 0.99583633 -0.10645815  0.92999473], Gradient_Output: [ 0.00215282 -0.0134798 ]
2024-12-03 11:17:23,608 -      Epoch 67, Loss: 826.515540483358, Gradient_Hidden: [ 0.99070029 -0.10728679  0.92487143], Gradient_Output: [ 0.00210152 -0.01338724]
2024-12-03 11:17:25,244 -      Epoch 68, Loss: 826.5382837148279, Gradient_Hidden: [ 0.98560389 -0.10809628  0.91978687], Gradient_Output: [ 0.00205081 -0.01329545]
2024-12-03 11:17:26,884 -      Epoch 69, Loss: 826.5609219627819, Gradient_Hidden: [ 0.98054669 -0.10888738  0.91474062], Gradient_Output: [ 0.00200066 -0.01320442]
2024-12-03 11:17:28,525 -      Epoch 70, Loss: 826.5834558626352, Gradient_Hidden: [ 0.97552824 -0.10966083  0.90973224], Gradient_Output: [ 0.00195107 -0.01311414]
2024-12-03 11:17:30,163 -      Epoch 71, Loss: 826.605886029633, Gradient_Hidden: [ 0.97054815 -0.11041732  0.90476133], Gradient_Output: [ 0.00190202 -0.0130246 ]
2024-12-03 11:17:31,798 -      Epoch 72, Loss: 826.6282130596474, Gradient_Hidden: [ 0.96560599 -0.11115751  0.89982747], Gradient_Output: [ 0.0018535  -0.01293578]
2024-12-03 11:17:33,434 -      Epoch 73, Loss: 826.6504375298036, Gradient_Hidden: [ 0.96070138 -0.11188203  0.89493027], Gradient_Output: [ 0.00180551 -0.01284768]
2024-12-03 11:17:35,069 -      Epoch 74, Loss: 826.6725599994174, Gradient_Hidden: [ 0.95583392 -0.11259148  0.89006932], Gradient_Output: [ 0.00175804 -0.01276028]
2024-12-03 11:17:36,700 -      Epoch 75, Loss: 826.6945810106795, Gradient_Hidden: [ 0.95100324 -0.11328642  0.88524426], Gradient_Output: [ 0.00171106 -0.01267357]
2024-12-03 11:17:38,343 -      Epoch 76, Loss: 826.7165010895039, Gradient_Hidden: [ 0.94620896 -0.11396741  0.88045471], Gradient_Output: [ 0.00166458 -0.01258755]
2024-12-03 11:17:39,984 -      Epoch 77, Loss: 826.7383207462898, Gradient_Hidden: [ 0.94145072 -0.11463497  0.87570029], Gradient_Output: [ 0.00161859 -0.0125022 ]
2024-12-03 11:17:41,622 -      Epoch 78, Loss: 826.7600404767991, Gradient_Hidden: [ 0.93672816 -0.11528957  0.87098065], Gradient_Output: [ 0.00157308 -0.01241752]
2024-12-03 11:17:43,256 -      Epoch 79, Loss: 826.78166076284, Gradient_Hidden: [ 0.93204093 -0.1159317   0.86629542], Gradient_Output: [ 0.00152803 -0.0123335 ]
2024-12-03 11:17:44,891 -      Epoch 80, Loss: 826.8031820731364, Gradient_Hidden: [ 0.9273887  -0.1165618   0.86164427], Gradient_Output: [ 0.00148345 -0.01225013]
2024-12-03 11:17:46,532 -      Epoch 81, Loss: 826.8246048640494, Gradient_Hidden: [ 0.92277111 -0.11718029  0.85702684], Gradient_Output: [ 0.00143932 -0.01216741]
2024-12-03 11:17:48,173 -      Epoch 82, Loss: 826.8459295803051, Gradient_Hidden: [ 0.91818785 -0.11778758  0.85244281], Gradient_Output: [ 0.00139564 -0.01208533]
2024-12-03 11:17:49,811 -      Epoch 83, Loss: 826.867156655689, Gradient_Hidden: [ 0.91363859 -0.11838406  0.84789184], Gradient_Output: [ 0.0013524  -0.01200387]
2024-12-03 11:17:51,454 -      Epoch 84, Loss: 826.8882865138407, Gradient_Hidden: [ 0.909123   -0.11897009  0.8433736 ], Gradient_Output: [ 0.0013096  -0.01192305]
2024-12-03 11:17:53,093 -      Epoch 85, Loss: 826.9093195687623, Gradient_Hidden: [ 0.90464077 -0.11954602  0.83888778], Gradient_Output: [ 0.00126723 -0.01184284]
2024-12-03 11:17:54,730 -      Epoch 86, Loss: 826.9302562256437, Gradient_Hidden: [ 0.9001916  -0.12011219  0.83443406], Gradient_Output: [ 0.00122528 -0.01176325]
2024-12-03 11:17:56,368 -      Epoch 87, Loss: 826.9510968813246, Gradient_Hidden: [ 0.89577517 -0.12066891  0.83001214], Gradient_Output: [ 0.00118375 -0.01168426]
2024-12-03 11:17:58,010 -      Epoch 88, Loss: 826.9718419249273, Gradient_Hidden: [ 0.89139119 -0.12121649  0.8256217 ], Gradient_Output: [ 0.00114264 -0.01160588]
2024-12-03 11:17:59,647 -      Epoch 89, Loss: 826.9924917384797, Gradient_Hidden: [ 0.88703937 -0.1217552   0.82126245], Gradient_Output: [ 0.00110193 -0.0115281 ]
2024-12-03 11:18:01,283 -      Epoch 90, Loss: 827.0130466973347, Gradient_Hidden: [ 0.8827194  -0.12228534  0.81693409], Gradient_Output: [ 0.00106162 -0.01145091]
2024-12-03 11:18:02,919 -      Epoch 91, Loss: 827.0335071708339, Gradient_Hidden: [ 0.878431   -0.12280714  0.81263633], Gradient_Output: [ 0.00102171 -0.01137431]
2024-12-03 11:18:04,558 -      Epoch 92, Loss: 827.0538735225789, Gradient_Hidden: [ 0.87417388 -0.12332088  0.80836889], Gradient_Output: [ 0.00098219 -0.0112983 ]
2024-12-03 11:18:06,198 -      Epoch 93, Loss: 827.0741461111223, Gradient_Hidden: [ 0.86994778 -0.12382677  0.80413148], Gradient_Output: [ 0.00094306 -0.01122286]
2024-12-03 11:18:07,836 -      Epoch 94, Loss: 827.0943252901698, Gradient_Hidden: [ 0.86575241 -0.12432506  0.79992381], Gradient_Output: [ 0.00090432 -0.01114799]
2024-12-03 11:18:09,471 -      Epoch 95, Loss: 827.1144114091726, Gradient_Hidden: [ 0.86158749 -0.12481595  0.79574563], Gradient_Output: [ 0.00086595 -0.0110737 ]
2024-12-03 11:18:11,109 -      Epoch 96, Loss: 827.1344048135726, Gradient_Hidden: [ 0.85745277 -0.12529964  0.79159666], Gradient_Output: [ 0.00082796 -0.01099997]
2024-12-03 11:18:12,744 -      Epoch 97, Loss: 827.154305845255, Gradient_Hidden: [ 0.85334797 -0.12577634  0.78747662], Gradient_Output: [ 0.00079034 -0.0109268 ]
2024-12-03 11:18:14,386 -      Epoch 98, Loss: 827.174114842803, Gradient_Hidden: [ 0.84927282 -0.12624623  0.78338526], Gradient_Output: [ 0.00075309 -0.01085419]
2024-12-03 11:18:16,025 -      Epoch 99, Loss: 827.1938321419037, Gradient_Hidden: [ 0.84522708 -0.12670949  0.77932231], Gradient_Output: [ 0.00071619 -0.01078212]
2024-12-03 11:18:17,662 -      Epoch 100, Loss: 827.2134580755261, Gradient_Hidden: [ 0.84121049 -0.12716628  0.77528752], Gradient_Output: [ 0.00067966 -0.01071061]
2024-12-03 11:18:17,662 - Testing in process
2024-12-03 11:18:17,662 - MSE threshold: 0.05
2024-12-03 11:18:17,845 - Test Accuracy: 97.02%
2024-12-03 11:18:17,845 - Fold 3 completed 

2024-12-03 11:18:17,912 - TrainingSet_shape: (64640, 2), TestingSet_shaape: (16160, 2)
2024-12-03 11:18:17,912 - Fold: 4
2024-12-03 11:18:19,549 -      Epoch 1, Loss: 825.6015422181795, Gradient_Hidden: [1.54069053 0.68225125 1.84044193], Gradient_Output: [0.14430403 0.0061718 ]
2024-12-03 11:18:21,187 -      Epoch 2, Loss: 825.4848993312111, Gradient_Hidden: [0.74036539 0.40989688 0.72871562], Gradient_Output: [-0.03753194  0.00543369]
2024-12-03 11:18:22,835 -      Epoch 3, Loss: 825.4787400942516, Gradient_Hidden: [0.68061475 0.28991787 0.70390145], Gradient_Output: [-0.01870255 -0.0155988 ]
2024-12-03 11:18:24,476 -      Epoch 4, Loss: 825.4808468818931, Gradient_Hidden: [0.6620971  0.19760739 0.70906783], Gradient_Output: [-0.01180584 -0.0159369 ]
2024-12-03 11:18:26,118 -      Epoch 5, Loss: 825.4884480389715, Gradient_Hidden: [0.65495589 0.12474621 0.71724419], Gradient_Output: [-0.00829567 -0.014288  ]
2024-12-03 11:18:27,759 -      Epoch 6, Loss: 825.4999296671514, Gradient_Hidden: [0.65341946 0.06742163 0.72450139], Gradient_Output: [-0.00611006 -0.01276442]
2024-12-03 11:18:29,402 -      Epoch 7, Loss: 825.5141818914361, Gradient_Hidden: [0.65492807 0.02238015 0.73028665], Gradient_Output: [-0.00465449 -0.01156828]
2024-12-03 11:18:31,040 -      Epoch 8, Loss: 825.5303948563885, Gradient_Hidden: [ 0.65799878 -0.0129805   0.7346181 ], Gradient_Output: [-0.00365375 -0.01065924]
2024-12-03 11:18:32,679 -      Epoch 9, Loss: 825.5479706225569, Gradient_Hidden: [ 0.66172537 -0.04071312  0.73763701], Gradient_Output: [-0.00294543 -0.00997699]
2024-12-03 11:18:34,318 -      Epoch 10, Loss: 825.5664675883145, Gradient_Hidden: [ 0.66555896 -0.06243214  0.73951457], Gradient_Output: [-0.00242706 -0.00946986]
2024-12-03 11:18:35,956 -      Epoch 11, Loss: 825.5855607368412, Gradient_Hidden: [ 0.66917861 -0.07940692  0.74042215], Gradient_Output: [-0.0020333  -0.00909667]
2024-12-03 11:18:37,596 -      Epoch 12, Loss: 825.6050122557665, Gradient_Hidden: [ 0.67240847 -0.09263625  0.7405187 ], Gradient_Output: [-0.00172257 -0.0088251 ]
2024-12-03 11:18:39,239 -      Epoch 13, Loss: 825.6246496003515, Gradient_Hidden: [ 0.67516388 -0.10290701  0.73994551], Gradient_Output: [-0.00146853 -0.00862994]
2024-12-03 11:18:40,883 -      Epoch 14, Loss: 825.6443490374941, Gradient_Hidden: [ 0.67741629 -0.11083999  0.73882463], Gradient_Output: [-0.00125459 -0.00849165]
2024-12-03 11:18:42,527 -      Epoch 15, Loss: 825.6640232663405, Gradient_Hidden: [ 0.6791707  -0.11692572  0.73725949], Gradient_Output: [-0.00107028 -0.00839512]
2024-12-03 11:18:44,170 -      Epoch 16, Loss: 825.6836120874538, Gradient_Hidden: [ 0.68045117 -0.12155236  0.73533648], Gradient_Output: [-0.000909   -0.00832877]
2024-12-03 11:18:45,810 -      Epoch 17, Loss: 825.7030753622871, Gradient_Hidden: [ 0.68129168 -0.12502753  0.73312696], Gradient_Output: [-0.00076652 -0.00828375]
2024-12-03 11:18:47,454 -      Epoch 18, Loss: 825.7223876987487, Gradient_Hidden: [ 0.68173041 -0.12759534  0.73068941], Gradient_Output: [-0.00064006 -0.00825334]
2024-12-03 11:18:49,099 -      Epoch 19, Loss: 825.7415344419907, Gradient_Hidden: [ 0.68180641 -0.12944969  0.7280714 ], Gradient_Output: [-0.00052772 -0.0082325 ]
2024-12-03 11:18:50,743 -      Epoch 20, Loss: 825.7605086541906, Gradient_Hidden: [ 0.68155748 -0.13074478  0.72531145], Gradient_Output: [-0.00042809 -0.00821749]
2024-12-03 11:18:52,382 -      Epoch 21, Loss: 825.7793088455531, Gradient_Hidden: [ 0.68101919 -0.13160328  0.72244062], Gradient_Output: [-0.00034008 -0.00820554]
2024-12-03 11:18:54,021 -      Epoch 22, Loss: 825.7979372763452, Gradient_Hidden: [ 0.68022427 -0.13212286  0.71948386], Gradient_Output: [-0.00026276 -0.00819468]
2024-12-03 11:18:55,662 -      Epoch 23, Loss: 825.8163986933588, Gradient_Hidden: [ 0.67920251 -0.13238124  0.71646116], Gradient_Output: [-0.00019528 -0.0081835 ]
2024-12-03 11:18:57,299 -      Epoch 24, Loss: 825.8346993968731, Gradient_Hidden: [ 0.67798074 -0.1324403   0.7133885 ], Gradient_Output: [-0.0001369  -0.00817104]
2024-12-03 11:18:58,938 -      Epoch 25, Loss: 825.8528465585226, Gradient_Hidden: [ 0.676583   -0.13234925  0.71027866], Gradient_Output: [-8.68774992e-05 -8.15666910e-03]
2024-12-03 11:19:00,576 -      Epoch 26, Loss: 825.8708477297829, Gradient_Hidden: [ 0.67503072 -0.13214718  0.7071418 ], Gradient_Output: [-4.45287227e-05 -8.14001650e-03]
2024-12-03 11:19:02,214 -      Epoch 27, Loss: 825.8887104940294, Gradient_Hidden: [ 0.673343   -0.1318651   0.70398604], Gradient_Output: [-9.19759865e-06 -8.12088760e-03]
2024-12-03 11:19:03,851 -      Epoch 28, Loss: 825.9064422270778, Gradient_Hidden: [ 0.67153675 -0.13152754  0.70081785], Gradient_Output: [ 1.97382709e-05 -8.09922210e-03]
2024-12-03 11:19:05,490 -      Epoch 29, Loss: 825.9240499385182, Gradient_Hidden: [ 0.66962701 -0.13115386  0.69764239], Gradient_Output: [ 4.28664840e-05 -8.07505398e-03]
2024-12-03 11:19:07,130 -      Epoch 30, Loss: 825.9415401731197, Gradient_Hidden: [ 0.6676271  -0.13075928  0.69446377], Gradient_Output: [ 6.0738557e-05 -8.0484822e-03]
2024-12-03 11:19:08,764 -      Epoch 31, Loss: 825.9589189564699, Gradient_Hidden: [ 0.66554881 -0.13035566  0.69128528], Gradient_Output: [ 7.38690839e-05 -8.01964850e-03]
2024-12-03 11:19:10,397 -      Epoch 32, Loss: 825.976191772365, Gradient_Hidden: [ 0.66340259 -0.12995223  0.68810955], Gradient_Output: [ 8.27354879e-05 -7.98872090e-03]
2024-12-03 11:19:12,030 -      Epoch 33, Loss: 825.9933635628904, Gradient_Hidden: [ 0.66119771 -0.12955606  0.68493871], Gradient_Output: [ 8.77783977e-05 -7.95588139e-03]
2024-12-03 11:19:13,665 -      Epoch 34, Loss: 826.0104387442311, Gradient_Hidden: [ 0.65894235 -0.12917254  0.68177445], Gradient_Output: [ 8.94025292e-05 -7.92131708e-03]
2024-12-03 11:19:15,299 -      Epoch 35, Loss: 826.0274212328957, Gradient_Hidden: [ 0.6566438  -0.12880567  0.67861817], Gradient_Output: [ 8.79780446e-05 -7.88521378e-03]
2024-12-03 11:19:16,934 -      Epoch 36, Loss: 826.0443144783553, Gradient_Hidden: [ 0.65430849 -0.12845838  0.67547099], Gradient_Output: [ 8.38421926e-05 -7.84775160e-03]
2024-12-03 11:19:18,566 -      Epoch 37, Loss: 826.0611214994334, Gradient_Hidden: [ 0.65194213 -0.12813271  0.67233384], Gradient_Output: [ 7.73011907e-05 -7.80910196e-03]
2024-12-03 11:19:20,204 -      Epoch 38, Loss: 826.0778449220219, Gradient_Hidden: [ 0.64954979 -0.12783003  0.66920747], Gradient_Output: [ 6.86322561e-05 -7.76942577e-03]
2024-12-03 11:19:21,838 -      Epoch 39, Loss: 826.0944870171011, Gradient_Hidden: [ 0.64713595 -0.12755115  0.66609252], Gradient_Output: [ 5.80856462e-05 -7.72887236e-03]
2024-12-03 11:19:23,474 -      Epoch 40, Loss: 826.1110497373315, Gradient_Hidden: [ 0.6447046  -0.12729645  0.66298952], Gradient_Output: [ 4.58867733e-05 -7.68757906e-03]
2024-12-03 11:19:25,106 -      Epoch 41, Loss: 826.127534752424, Gradient_Hidden: [ 0.64225926 -0.12706599  0.65989893], Gradient_Output: [ 3.22382050e-05 -7.64567119e-03]
2024-12-03 11:19:26,742 -      Epoch 42, Loss: 826.1439434818656, Gradient_Hidden: [ 0.63980307 -0.12685955  0.65682112], Gradient_Output: [ 1.73216705e-05 -7.60326233e-03]
2024-12-03 11:19:28,377 -      Epoch 43, Loss: 826.1602771255654, Gradient_Hidden: [ 0.63733881 -0.1266767   0.65375643], Gradient_Output: [ 1.29988500e-06 -7.56045485e-03]
2024-12-03 11:19:30,012 -      Epoch 44, Loss: 826.1765366917681, Gradient_Hidden: [ 0.63486895 -0.12651689  0.65070515], Gradient_Output: [-1.56816554e-05 -7.51734053e-03]
2024-12-03 11:19:31,644 -      Epoch 45, Loss: 826.1927230225963, Gradient_Hidden: [ 0.63239566 -0.12637942  0.64766751], Gradient_Output: [-3.34930470e-05 -7.47400128e-03]
2024-12-03 11:19:33,283 -      Epoch 46, Loss: 826.2088368169635, Gradient_Hidden: [ 0.6299209  -0.12626353  0.64464375], Gradient_Output: [-5.20184605e-05 -7.43050987e-03]
2024-12-03 11:19:34,924 -      Epoch 47, Loss: 826.2248786512665, Gradient_Hidden: [ 0.62744639 -0.1261684   0.64163406], Gradient_Output: [-7.11547047e-05 -7.38693068e-03]
2024-12-03 11:19:36,614 -      Epoch 48, Loss: 826.240848997624, Gradient_Hidden: [ 0.62497364 -0.12609316  0.63863861], Gradient_Output: [-9.08099974e-05 -7.34332048e-03]
2024-12-03 11:19:38,249 -      Epoch 49, Loss: 826.2567482403438, Gradient_Hidden: [ 0.62250401 -0.12603693  0.63565755], Gradient_Output: [-0.0001109  -0.00729973]
2024-12-03 11:19:39,896 -      Epoch 50, Loss: 826.272576690208, Gradient_Hidden: [ 0.62003871 -0.12599883  0.63269103], Gradient_Output: [-0.00013136 -0.0072562 ]
2024-12-03 11:19:41,530 -      Epoch 51, Loss: 826.2883345970787, Gradient_Hidden: [ 0.61757879 -0.12597795  0.62973916], Gradient_Output: [-0.00015212 -0.00721277]
2024-12-03 11:19:43,170 -      Epoch 52, Loss: 826.3040221610206, Gradient_Hidden: [ 0.61512519 -0.12597343  0.62680205], Gradient_Output: [-0.00017312 -0.00716948]
2024-12-03 11:19:44,862 -      Epoch 53, Loss: 826.3196395418424, Gradient_Hidden: [ 0.61267875 -0.12598438  0.6238798 ], Gradient_Output: [-0.00019432 -0.00712634]
2024-12-03 11:19:46,534 -      Epoch 54, Loss: 826.3351868674263, Gradient_Hidden: [ 0.61024019 -0.12600998  0.62097249], Gradient_Output: [-0.00021566 -0.00708339]
2024-12-03 11:19:48,180 -      Epoch 55, Loss: 826.350664240978, Gradient_Hidden: [ 0.60781017 -0.12604938  0.6180802 ], Gradient_Output: [-0.00023711 -0.00704065]
2024-12-03 11:19:49,820 -      Epoch 56, Loss: 826.3660717470551, Gradient_Hidden: [ 0.60538926 -0.12610181  0.615203  ], Gradient_Output: [-0.00025864 -0.00699814]
2024-12-03 11:19:51,490 -      Epoch 57, Loss: 826.3814094569635, Gradient_Hidden: [ 0.60297796 -0.12616648  0.61234093], Gradient_Output: [-0.00028021 -0.00695586]
2024-12-03 11:19:53,131 -      Epoch 58, Loss: 826.3966774330385, Gradient_Hidden: [ 0.60057672 -0.12624265  0.60949405], Gradient_Output: [-0.0003018  -0.00691384]
2024-12-03 11:19:54,814 -      Epoch 59, Loss: 826.4118757325401, Gradient_Hidden: [ 0.59818591 -0.12632961  0.60666239], Gradient_Output: [-0.00032338 -0.00687208]
2024-12-03 11:19:56,454 -      Epoch 60, Loss: 826.4270044107325, Gradient_Hidden: [ 0.59580589 -0.12642667  0.60384598], Gradient_Output: [-0.00034493 -0.00683059]
2024-12-03 11:19:58,093 -      Epoch 61, Loss: 826.4420635234954, Gradient_Hidden: [ 0.59343695 -0.12653319  0.60104485], Gradient_Output: [-0.00036643 -0.00678938]
2024-12-03 11:19:59,729 -      Epoch 62, Loss: 826.4570531294698, Gradient_Hidden: [ 0.59107933 -0.12664853  0.59825901], Gradient_Output: [-0.00038787 -0.00674846]
2024-12-03 11:20:01,366 -      Epoch 63, Loss: 826.471973291796, Gradient_Hidden: [ 0.58873328 -0.12677209  0.59548847], Gradient_Output: [-0.00040924 -0.00670782]
2024-12-03 11:20:03,004 -      Epoch 64, Loss: 826.4868240794855, Gradient_Hidden: [ 0.58639897 -0.12690332  0.59273323], Gradient_Output: [-0.00043051 -0.00666747]
2024-12-03 11:20:04,637 -      Epoch 65, Loss: 826.501605568514, Gradient_Hidden: [ 0.58407658 -0.12704166  0.5899933 ], Gradient_Output: [-0.00045168 -0.00662742]
2024-12-03 11:20:06,269 -      Epoch 66, Loss: 826.5163178426604, Gradient_Hidden: [ 0.58176623 -0.1271866   0.58726865], Gradient_Output: [-0.00047274 -0.00658767]
2024-12-03 11:20:07,905 -      Epoch 67, Loss: 826.5309609941179, Gradient_Hidden: [ 0.57946806 -0.12733764  0.58455927], Gradient_Output: [-0.00049368 -0.00654821]
2024-12-03 11:20:09,541 -      Epoch 68, Loss: 826.5455351239159, Gradient_Hidden: [ 0.57718215 -0.12749433  0.58186515], Gradient_Output: [-0.0005145  -0.00650904]
2024-12-03 11:20:11,179 -      Epoch 69, Loss: 826.560040342205, Gradient_Hidden: [ 0.57490858 -0.12765622  0.57918625], Gradient_Output: [-0.00053518 -0.00647018]
2024-12-03 11:20:12,817 -      Epoch 70, Loss: 826.5744767683339, Gradient_Hidden: [ 0.57264742 -0.12782288  0.57652256], Gradient_Output: [-0.00055573 -0.0064316 ]
2024-12-03 11:20:14,456 -      Epoch 71, Loss: 826.5888445309976, Gradient_Hidden: [ 0.57039872 -0.12799393  0.57387403], Gradient_Output: [-0.00057614 -0.00639332]
2024-12-03 11:20:16,098 -      Epoch 72, Loss: 826.6031437680261, Gradient_Hidden: [ 0.56816252 -0.12816898  0.57124062], Gradient_Output: [-0.0005964  -0.00635534]
2024-12-03 11:20:17,735 -      Epoch 73, Loss: 826.6173746264041, Gradient_Hidden: [ 0.56593883 -0.12834768  0.5686223 ], Gradient_Output: [-0.00061651 -0.00631765]
2024-12-03 11:20:19,375 -      Epoch 74, Loss: 826.6315372619501, Gradient_Hidden: [ 0.56372767 -0.12852968  0.56601902], Gradient_Output: [-0.00063647 -0.00628024]
2024-12-03 11:20:21,014 -      Epoch 75, Loss: 826.6456318390871, Gradient_Hidden: [ 0.56152906 -0.12871468  0.56343072], Gradient_Output: [-0.00065627 -0.00624312]
2024-12-03 11:20:22,649 -      Epoch 76, Loss: 826.6596585306823, Gradient_Hidden: [ 0.55934298 -0.12890235  0.56085736], Gradient_Output: [-0.00067592 -0.00620629]
2024-12-03 11:20:24,285 -      Epoch 77, Loss: 826.6736175175517, Gradient_Hidden: [ 0.55716942 -0.12909243  0.55829887], Gradient_Output: [-0.00069541 -0.00616974]
2024-12-03 11:20:25,918 -      Epoch 78, Loss: 826.687508988268, Gradient_Hidden: [ 0.55500838 -0.12928464  0.55575521], Gradient_Output: [-0.00071475 -0.00613347]
2024-12-03 11:20:27,557 -      Epoch 79, Loss: 826.7013331388015, Gradient_Hidden: [ 0.55285982 -0.12947871  0.5532263 ], Gradient_Output: [-0.00073392 -0.00609748]
2024-12-03 11:20:29,197 -      Epoch 80, Loss: 826.7150901720837, Gradient_Hidden: [ 0.55072371 -0.12967442  0.55071209], Gradient_Output: [-0.00075294 -0.00606176]
2024-12-03 11:20:30,834 -      Epoch 81, Loss: 826.7287802977429, Gradient_Hidden: [ 0.54860004 -0.12987153  0.54821251], Gradient_Output: [-0.00077179 -0.00602632]
2024-12-03 11:20:32,469 -      Epoch 82, Loss: 826.7424037316737, Gradient_Hidden: [ 0.54648875 -0.13006983  0.54572749], Gradient_Output: [-0.00079049 -0.00599115]
2024-12-03 11:20:34,105 -      Epoch 83, Loss: 826.755960695709, Gradient_Hidden: [ 0.5443898  -0.13026911  0.54325696], Gradient_Output: [-0.00080902 -0.00595624]
2024-12-03 11:20:35,741 -      Epoch 84, Loss: 826.7694514172854, Gradient_Hidden: [ 0.54230316 -0.13046918  0.54080084], Gradient_Output: [-0.00082739 -0.0059216 ]
2024-12-03 11:20:37,381 -      Epoch 85, Loss: 826.7828761291022, Gradient_Hidden: [ 0.54022877 -0.13066987  0.53835907], Gradient_Output: [-0.00084561 -0.00588722]
2024-12-03 11:20:39,019 -      Epoch 86, Loss: 826.7962350686814, Gradient_Hidden: [ 0.53816658 -0.13087099  0.53593158], Gradient_Output: [-0.00086366 -0.00585311]
2024-12-03 11:20:40,653 -      Epoch 87, Loss: 826.8095284782368, Gradient_Hidden: [ 0.53611655 -0.1310724   0.53351827], Gradient_Output: [-0.00088155 -0.00581924]
2024-12-03 11:20:42,285 -      Epoch 88, Loss: 826.8227566041096, Gradient_Hidden: [ 0.5340786  -0.13127394  0.53111908], Gradient_Output: [-0.00089929 -0.00578564]
2024-12-03 11:20:43,918 -      Epoch 89, Loss: 826.8359196967155, Gradient_Hidden: [ 0.5320527  -0.13147547  0.52873392], Gradient_Output: [-0.00091687 -0.00575228]
2024-12-03 11:20:45,554 -      Epoch 90, Loss: 826.8490180100088, Gradient_Hidden: [ 0.53003877 -0.13167685  0.52636272], Gradient_Output: [-0.00093429 -0.00571918]
2024-12-03 11:20:47,188 -      Epoch 91, Loss: 826.8620518014421, Gradient_Hidden: [ 0.52803676 -0.13187796  0.5240054 ], Gradient_Output: [-0.00095155 -0.00568632]
2024-12-03 11:20:48,818 -      Epoch 92, Loss: 826.8750213314981, Gradient_Hidden: [ 0.52604661 -0.13207867  0.52166187], Gradient_Output: [-0.00096866 -0.00565371]
2024-12-03 11:20:50,449 -      Epoch 93, Loss: 826.8879268635318, Gradient_Hidden: [ 0.52406825 -0.13227889  0.51933206], Gradient_Output: [-0.00098561 -0.00562134]
2024-12-03 11:20:52,083 -      Epoch 94, Loss: 826.9007686634826, Gradient_Hidden: [ 0.52210162 -0.1324785   0.51701587], Gradient_Output: [-0.00100241 -0.00558921]
2024-12-03 11:20:53,718 -      Epoch 95, Loss: 826.9135469996822, Gradient_Hidden: [ 0.52014665 -0.1326774   0.51471322], Gradient_Output: [-0.00101906 -0.00555732]
2024-12-03 11:20:55,359 -      Epoch 96, Loss: 826.9262621426096, Gradient_Hidden: [ 0.51820328 -0.13287551  0.51242404], Gradient_Output: [-0.00103556 -0.00552566]
2024-12-03 11:20:56,990 -      Epoch 97, Loss: 826.9389143646669, Gradient_Hidden: [ 0.51627144 -0.13307273  0.51014823], Gradient_Output: [-0.0010519  -0.00549424]
2024-12-03 11:20:58,626 -      Epoch 98, Loss: 826.9515039400337, Gradient_Hidden: [ 0.51435106 -0.13326899  0.50788572], Gradient_Output: [-0.0010681  -0.00546305]
2024-12-03 11:21:00,262 -      Epoch 99, Loss: 826.964031144397, Gradient_Hidden: [ 0.51244207 -0.13346421  0.50563641], Gradient_Output: [-0.00108415 -0.00543209]
2024-12-03 11:21:01,898 -      Epoch 100, Loss: 826.9764962548337, Gradient_Hidden: [ 0.51054442 -0.13365832  0.50340022], Gradient_Output: [-0.00110005 -0.00540135]
2024-12-03 11:21:01,899 - Testing in process
2024-12-03 11:21:01,899 - MSE threshold: 0.05
2024-12-03 11:21:02,098 - Test Accuracy: 96.93%
2024-12-03 11:21:02,098 - Fold 4 completed 

2024-12-03 11:21:02,165 - TrainingSet_shape: (64640, 2), TestingSet_shaape: (16160, 2)
2024-12-03 11:21:02,166 - Fold: 5
2024-12-03 11:21:03,803 -      Epoch 1, Loss: 828.3443844780178, Gradient_Hidden: [ 0.34751745 -1.19699192  0.36515325], Gradient_Output: [ 0.57545618 -0.03586961]
2024-12-03 11:21:05,434 -      Epoch 2, Loss: 828.6331810079128, Gradient_Hidden: [ 0.58136052 -0.73658466  0.72714602], Gradient_Output: [ 0.00877834 -0.01490546]
2024-12-03 11:21:07,067 -      Epoch 3, Loss: 828.6722170166547, Gradient_Hidden: [ 0.60146548 -0.62734714  0.72227826], Gradient_Output: [-0.0021165   0.00095967]
2024-12-03 11:21:08,745 -      Epoch 4, Loss: 828.7032809704741, Gradient_Hidden: [ 0.59905386 -0.54422898  0.69704398], Gradient_Output: [-0.00252493  0.00076458]
2024-12-03 11:21:10,384 -      Epoch 5, Loss: 828.7294993137484, Gradient_Hidden: [ 0.59439744 -0.47630983  0.67338012], Gradient_Output: [-0.00174541 -0.00098522]
2024-12-03 11:21:12,022 -      Epoch 6, Loss: 828.7520322813299, Gradient_Hidden: [ 0.58963618 -0.42055502  0.65355945], Gradient_Output: [-0.00100087 -0.00254302]
2024-12-03 11:21:13,663 -      Epoch 7, Loss: 828.7717126545105, Gradient_Hidden: [ 0.585022   -0.3745659   0.63718873], Gradient_Output: [-0.00043137 -0.00375833]
2024-12-03 11:21:15,304 -      Epoch 8, Loss: 828.7891885689014, Gradient_Hidden: [ 0.58057849 -0.33645165  0.62363732], Gradient_Output: [-2.07956426e-05 -4.67882648e-03]
2024-12-03 11:21:16,944 -      Epoch 9, Loss: 828.804970919986, Gradient_Hidden: [ 0.57630122 -0.30472552  0.61235548], Gradient_Output: [ 0.0002632  -0.00536508]
2024-12-03 11:21:18,585 -      Epoch 10, Loss: 828.8194625003146, Gradient_Hidden: [ 0.57218411 -0.27821022  0.60289665], Gradient_Output: [ 0.00044954 -0.00586796]
2024-12-03 11:21:20,229 -      Epoch 11, Loss: 828.8329800413037, Gradient_Hidden: [ 0.56822216 -0.25596611  0.59490222], Gradient_Output: [ 0.00056165 -0.00622791]
2024-12-03 11:21:21,872 -      Epoch 12, Loss: 828.8457716674329, Gradient_Hidden: [ 0.56441104 -0.23723791  0.58808454], Gradient_Output: [ 0.00061808 -0.00647688]
2024-12-03 11:21:23,512 -      Epoch 13, Loss: 828.8580308449791, Gradient_Hidden: [ 0.56074647 -0.22141483  0.58221277], Gradient_Output: [ 0.00063335 -0.00664002]
2024-12-03 11:21:25,149 -      Epoch 14, Loss: 828.8699075518388, Gradient_Hidden: [ 0.55722381 -0.20800044  0.57710148], Gradient_Output: [ 0.00061871 -0.00673719]
2024-12-03 11:21:26,789 -      Epoch 15, Loss: 828.8815172264207, Gradient_Hidden: [ 0.55383787 -0.19658944  0.57260159], Gradient_Output: [ 0.00058282 -0.006784  ]
2024-12-03 11:21:28,427 -      Epoch 16, Loss: 828.8929479368952, Gradient_Hidden: [ 0.55058289 -0.18684969  0.56859314], Gradient_Output: [ 0.00053233 -0.00679275]
2024-12-03 11:21:30,066 -      Epoch 17, Loss: 828.90426612263, Gradient_Hidden: [ 0.54745257 -0.1785081   0.56497957], Gradient_Output: [ 0.00047228 -0.00677307]
2024-12-03 11:21:31,705 -      Epoch 18, Loss: 828.9155211890909, Gradient_Hidden: [ 0.54444018 -0.17133948  0.56168311], Gradient_Output: [ 0.00040647 -0.00673252]
2024-12-03 11:21:33,343 -      Epoch 19, Loss: 828.9267491817852, Gradient_Hidden: [ 0.54153877 -0.16515763  0.55864112], Gradient_Output: [ 0.00033772 -0.00667699]
2024-12-03 11:21:34,983 -      Epoch 20, Loss: 828.9379757196573, Gradient_Hidden: [ 0.53874122 -0.15980823  0.55580313], Gradient_Output: [ 0.00026812 -0.00661105]
2024-12-03 11:21:36,624 -      Epoch 21, Loss: 828.9492183339632, Gradient_Hidden: [ 0.53604042 -0.15516304  0.55312853], Gradient_Output: [ 0.00019918 -0.00653822]
2024-12-03 11:21:38,267 -      Epoch 22, Loss: 828.9604883287964, Gradient_Hidden: [ 0.5334294  -0.15111534  0.55058464], Gradient_Output: [ 0.00013195 -0.00646121]
2024-12-03 11:21:39,911 -      Epoch 23, Loss: 828.9717922578044, Gradient_Hidden: [ 0.53090135 -0.14757606  0.54814518], Gradient_Output: [ 6.71506401e-05 -6.38207200e-03]
2024-12-03 11:21:41,552 -      Epoch 24, Loss: 828.9831330925427, Gradient_Hidden: [ 0.52844978 -0.14447074  0.54578907], Gradient_Output: [ 5.24676968e-06 -6.30233385e-03]
2024-12-03 11:21:43,191 -      Epoch 25, Loss: 828.9945111438584, Gradient_Hidden: [ 0.52606851 -0.14173699  0.54349941], Gradient_Output: [-5.34943736e-05 -6.22313294e-03]
2024-12-03 11:21:44,825 -      Epoch 26, Loss: 829.0059247850182, Gradient_Hidden: [ 0.5237517  -0.13932243  0.54126269], Gradient_Output: [-0.00010895 -0.00614529]
2024-12-03 11:21:46,456 -      Epoch 27, Loss: 829.0173710166551, Gradient_Hidden: [ 0.52149394 -0.13718298  0.53906814], Gradient_Output: [-0.0001611  -0.00606937]
2024-12-03 11:21:48,091 -      Epoch 28, Loss: 829.028845905239, Gradient_Hidden: [ 0.51929017 -0.13528147  0.5369072 ], Gradient_Output: [-0.00021    -0.00599576]
2024-12-03 11:21:49,725 -      Epoch 29, Loss: 829.0403449207538, Gradient_Hidden: [ 0.51713573 -0.13358647  0.53477308], Gradient_Output: [-0.00025577 -0.00592471]
2024-12-03 11:21:51,360 -      Epoch 30, Loss: 829.0518631944135, Gradient_Hidden: [ 0.51502636 -0.13207135  0.53266046], Gradient_Output: [-0.00029856 -0.00585632]
2024-12-03 11:21:52,993 -      Epoch 31, Loss: 829.063395713075, Gradient_Hidden: [ 0.51295815 -0.13071351  0.53056514], Gradient_Output: [-0.00033853 -0.00579066]
2024-12-03 11:21:54,627 -      Epoch 32, Loss: 829.074937463401, Gradient_Hidden: [ 0.51092754 -0.12949366  0.52848388], Gradient_Output: [-0.00037586 -0.0057277 ]
2024-12-03 11:21:56,261 -      Epoch 33, Loss: 829.0864835370448, Gradient_Hidden: [ 0.50893131 -0.12839535  0.52641418], Gradient_Output: [-0.00041076 -0.00566738]
2024-12-03 11:21:57,893 -      Epoch 34, Loss: 829.0980292048278, Gradient_Hidden: [ 0.50696656 -0.12740449  0.52435412], Gradient_Output: [-0.00044339 -0.00560961]
2024-12-03 11:21:59,524 -      Epoch 35, Loss: 829.1095699673493, Gradient_Hidden: [ 0.50503065 -0.12650895  0.52230227], Gradient_Output: [-0.00047394 -0.00555427]
2024-12-03 11:22:01,154 -      Epoch 36, Loss: 829.1211015870161, Gradient_Hidden: [ 0.50312124 -0.1256983   0.52025758], Gradient_Output: [-0.0005026  -0.00550124]
2024-12-03 11:22:02,787 -      Epoch 37, Loss: 829.1326201061704, Gradient_Hidden: [ 0.50123621 -0.1249635   0.5182193 ], Gradient_Output: [-0.00052953 -0.00545039]
2024-12-03 11:22:04,420 -      Epoch 38, Loss: 829.144121854707, Gradient_Hidden: [ 0.49937367 -0.12429674  0.5161869 ], Gradient_Output: [-0.00055488 -0.00540157]
2024-12-03 11:22:06,056 -      Epoch 39, Loss: 829.1556034497007, Gradient_Hidden: [ 0.49753193 -0.12369117  0.51416006], Gradient_Output: [-0.00057879 -0.00535465]
2024-12-03 11:22:07,689 -      Epoch 40, Loss: 829.1670617893715, Gradient_Hidden: [ 0.4957095  -0.12314085  0.51213859], Gradient_Output: [-0.00060142 -0.00530951]
2024-12-03 11:22:09,325 -      Epoch 41, Loss: 829.1784940432043, Gradient_Hidden: [ 0.49390504 -0.12264055  0.51012239], Gradient_Output: [-0.00062287 -0.005266  ]
2024-12-03 11:22:10,963 -      Epoch 42, Loss: 829.1898976390787, Gradient_Hidden: [ 0.49211737 -0.12218567  0.50811148], Gradient_Output: [-0.00064326 -0.00522403]
2024-12-03 11:22:12,597 -      Epoch 43, Loss: 829.2012702487956, Gradient_Hidden: [ 0.49034544 -0.12177215  0.50610591], Gradient_Output: [-0.0006627  -0.00518346]
2024-12-03 11:22:14,232 -      Epoch 44, Loss: 829.212609772715, Gradient_Hidden: [ 0.48858831 -0.12139639  0.5041058 ], Gradient_Output: [-0.00068128 -0.00514419]
2024-12-03 11:22:15,864 -      Epoch 45, Loss: 829.223914323822, Gradient_Hidden: [ 0.48684517 -0.12105519  0.50211128], Gradient_Output: [-0.00069909 -0.00510613]
2024-12-03 11:22:17,495 -      Epoch 46, Loss: 829.2351822119529, Gradient_Hidden: [ 0.4851153  -0.12074569  0.50012251], Gradient_Output: [-0.0007162  -0.00506918]
2024-12-03 11:22:19,127 -      Epoch 47, Loss: 829.2464119284055, Gradient_Hidden: [ 0.48339805 -0.12046532  0.49813968], Gradient_Output: [-0.00073268 -0.00503325]
2024-12-03 11:22:20,762 -      Epoch 48, Loss: 829.2576021309582, Gradient_Hidden: [ 0.48169286 -0.12021179  0.49616295], Gradient_Output: [-0.00074859 -0.00499828]
2024-12-03 11:22:22,396 -      Epoch 49, Loss: 829.2687516297436, Gradient_Hidden: [ 0.47999924 -0.11998301  0.49419252], Gradient_Output: [-0.000764   -0.00496418]
2024-12-03 11:22:24,031 -      Epoch 50, Loss: 829.2798593738564, Gradient_Hidden: [ 0.47831675 -0.1197771   0.49222856], Gradient_Output: [-0.00077894 -0.00493089]
2024-12-03 11:22:25,667 -      Epoch 51, Loss: 829.2909244388177, Gradient_Hidden: [ 0.476645   -0.11959236  0.49027126], Gradient_Output: [-0.00079347 -0.00489836]
2024-12-03 11:22:27,300 -      Epoch 52, Loss: 829.3019460149835, Gradient_Hidden: [ 0.47498367 -0.11942724  0.48832077], Gradient_Output: [-0.00080762 -0.00486651]
2024-12-03 11:22:28,935 -      Epoch 53, Loss: 829.3129233966911, Gradient_Hidden: [ 0.47333244 -0.11928031  0.48637727], Gradient_Output: [-0.00082143 -0.00483532]
2024-12-03 11:22:30,572 -      Epoch 54, Loss: 829.3238559723991, Gradient_Hidden: [ 0.47169107 -0.11915027  0.48444091], Gradient_Output: [-0.00083493 -0.00480473]
2024-12-03 11:22:32,208 -      Epoch 55, Loss: 829.3347432155188, Gradient_Hidden: [ 0.47005932 -0.11903593  0.48251183], Gradient_Output: [-0.00084814 -0.0047747 ]
2024-12-03 11:22:33,846 -      Epoch 56, Loss: 829.3455846761846, Gradient_Hidden: [ 0.46843699 -0.1189362   0.48059017], Gradient_Output: [-0.0008611  -0.00474519]
2024-12-03 11:22:35,480 -      Epoch 57, Loss: 829.3563799735836, Gradient_Hidden: [ 0.4668239  -0.11885006  0.47867605], Gradient_Output: [-0.00087383 -0.00471617]
2024-12-03 11:22:37,147 -      Epoch 58, Loss: 829.3671287890659, Gradient_Hidden: [ 0.46521989 -0.11877658  0.47676958], Gradient_Output: [-0.00088634 -0.00468762]
2024-12-03 11:22:38,795 -      Epoch 59, Loss: 829.3778308598943, Gradient_Hidden: [ 0.46362483 -0.11871488  0.47487088], Gradient_Output: [-0.00089865 -0.00465949]
2024-12-03 11:22:40,430 -      Epoch 60, Loss: 829.3884859735559, Gradient_Hidden: [ 0.46203858 -0.11866418  0.47298002], Gradient_Output: [-0.00091077 -0.00463177]
2024-12-03 11:22:42,065 -      Epoch 61, Loss: 829.3990939626409, Gradient_Hidden: [ 0.46046105 -0.11862372  0.47109712], Gradient_Output: [-0.00092273 -0.00460443]
2024-12-03 11:22:43,703 -      Epoch 62, Loss: 829.4096547002084, Gradient_Hidden: [ 0.45889213 -0.11859281  0.46922223], Gradient_Output: [-0.00093453 -0.00457745]
2024-12-03 11:22:45,342 -      Epoch 63, Loss: 829.4201680955722, Gradient_Hidden: [ 0.45733173 -0.1185708   0.46735543], Gradient_Output: [-0.00094617 -0.00455082]
2024-12-03 11:22:46,975 -      Epoch 64, Loss: 829.4306340905679, Gradient_Hidden: [ 0.45577977 -0.11855709  0.46549679], Gradient_Output: [-0.00095768 -0.00452452]
2024-12-03 11:22:48,609 -      Epoch 65, Loss: 829.4410526561439, Gradient_Hidden: [ 0.45423618 -0.11855112  0.46364636], Gradient_Output: [-0.00096906 -0.00449852]
2024-12-03 11:22:50,246 -      Epoch 66, Loss: 829.4514237893297, Gradient_Hidden: [ 0.45270089 -0.11855236  0.46180418], Gradient_Output: [-0.00098031 -0.00447282]
2024-12-03 11:22:51,886 -      Epoch 67, Loss: 829.4617475104548, Gradient_Hidden: [ 0.45117385 -0.11856031  0.4599703 ], Gradient_Output: [-0.00099144 -0.00444741]
2024-12-03 11:22:53,522 -      Epoch 68, Loss: 829.4720238607108, Gradient_Hidden: [ 0.44965499 -0.11857451  0.45814476], Gradient_Output: [-0.00100246 -0.00442227]
2024-12-03 11:22:55,189 -      Epoch 69, Loss: 829.4822528999438, Gradient_Hidden: [ 0.44814427 -0.11859453  0.45632757], Gradient_Output: [-0.00101338 -0.00439739]
2024-12-03 11:22:56,856 -      Epoch 70, Loss: 829.4924347046666, Gradient_Hidden: [ 0.44664164 -0.11861997  0.45451878], Gradient_Output: [-0.00102419 -0.00437276]
2024-12-03 11:22:58,500 -      Epoch 71, Loss: 829.5025693662528, Gradient_Hidden: [ 0.44514704 -0.11865044  0.45271839], Gradient_Output: [-0.00103489 -0.00434838]
2024-12-03 11:23:00,137 -      Epoch 72, Loss: 829.5126569893347, Gradient_Hidden: [ 0.44366043 -0.11868558  0.45092643], Gradient_Output: [-0.0010455  -0.00432423]
2024-12-03 11:23:01,773 -      Epoch 73, Loss: 829.5226976904512, Gradient_Hidden: [ 0.44218178 -0.11872505  0.44914289], Gradient_Output: [-0.00105602 -0.00430031]
2024-12-03 11:23:03,411 -      Epoch 74, Loss: 829.5326915966239, Gradient_Hidden: [ 0.44071103 -0.11876855  0.4473678 ], Gradient_Output: [-0.00106645 -0.0042766 ]
2024-12-03 11:23:05,050 -      Epoch 75, Loss: 829.5426388443032, Gradient_Hidden: [ 0.43924816 -0.11881576  0.44560115], Gradient_Output: [-0.00107678 -0.00425311]
2024-12-03 11:23:06,689 -      Epoch 76, Loss: 829.5525395782837, Gradient_Hidden: [ 0.43779311 -0.11886641  0.44384293], Gradient_Output: [-0.00108703 -0.00422983]
2024-12-03 11:23:08,324 -      Epoch 77, Loss: 829.5623939508464, Gradient_Hidden: [ 0.43634586 -0.11892023  0.44209316], Gradient_Output: [-0.0010972  -0.00420675]
2024-12-03 11:23:09,960 -      Epoch 78, Loss: 829.5722021207816, Gradient_Hidden: [ 0.43490636 -0.11897697  0.44035181], Gradient_Output: [-0.00110728 -0.00418387]
2024-12-03 11:23:11,597 -      Epoch 79, Loss: 829.5819642528056, Gradient_Hidden: [ 0.43347458 -0.11903641  0.43861888], Gradient_Output: [-0.00111727 -0.00416118]
2024-12-03 11:23:13,230 -      Epoch 80, Loss: 829.5916805167641, Gradient_Hidden: [ 0.43205049 -0.1190983   0.43689436], Gradient_Output: [-0.00112719 -0.00413868]
2024-12-03 11:23:14,864 -      Epoch 81, Loss: 829.6013510871039, Gradient_Hidden: [ 0.43063403 -0.11916246  0.43517823], Gradient_Output: [-0.00113702 -0.00411636]
2024-12-03 11:23:16,499 -      Epoch 82, Loss: 829.6109761422827, Gradient_Hidden: [ 0.42922518 -0.11922868  0.43347047], Gradient_Output: [-0.00114678 -0.00409423]
2024-12-03 11:23:18,135 -      Epoch 83, Loss: 829.6205558643213, Gradient_Hidden: [ 0.4278239  -0.11929677  0.43177106], Gradient_Output: [-0.00115646 -0.00407227]
2024-12-03 11:23:19,773 -      Epoch 84, Loss: 829.6300904382924, Gradient_Hidden: [ 0.42643016 -0.11936656  0.43007999], Gradient_Output: [-0.00116606 -0.00405048]
2024-12-03 11:23:21,410 -      Epoch 85, Loss: 829.6395800520299, Gradient_Hidden: [ 0.42504391 -0.11943788  0.42839723], Gradient_Output: [-0.00117558 -0.00402886]
2024-12-03 11:23:23,046 -      Epoch 86, Loss: 829.6490248957068, Gradient_Hidden: [ 0.42366511 -0.11951059  0.42672275], Gradient_Output: [-0.00118503 -0.00400741]
2024-12-03 11:23:24,682 -      Epoch 87, Loss: 829.6584251615261, Gradient_Hidden: [ 0.42229375 -0.11958452  0.42505653], Gradient_Output: [-0.0011944  -0.00398612]
2024-12-03 11:23:26,319 -      Epoch 88, Loss: 829.6677810434448, Gradient_Hidden: [ 0.42092976 -0.11965954  0.42339855], Gradient_Output: [-0.0012037 -0.003965 ]
2024-12-03 11:23:27,961 -      Epoch 89, Loss: 829.6770927368959, Gradient_Hidden: [ 0.41957312 -0.11973552  0.42174876], Gradient_Output: [-0.00121292 -0.00394403]
2024-12-03 11:23:29,617 -      Epoch 90, Loss: 829.6863604385863, Gradient_Hidden: [ 0.41822379 -0.11981234  0.42010714], Gradient_Output: [-0.00122207 -0.00392322]
2024-12-03 11:23:31,258 -      Epoch 91, Loss: 829.6955843462611, Gradient_Hidden: [ 0.41688174 -0.11988988  0.41847367], Gradient_Output: [-0.00123115 -0.00390257]
2024-12-03 11:23:32,897 -      Epoch 92, Loss: 829.7047646585037, Gradient_Hidden: [ 0.41554691 -0.11996802  0.4168483 ], Gradient_Output: [-0.00124015 -0.00388206]
2024-12-03 11:23:34,536 -      Epoch 93, Loss: 829.7139015745968, Gradient_Hidden: [ 0.41421928 -0.12004667  0.415231  ], Gradient_Output: [-0.00124908 -0.00386171]
2024-12-03 11:23:36,172 -      Epoch 94, Loss: 829.7229952943461, Gradient_Hidden: [ 0.41289881 -0.12012573  0.41362174], Gradient_Output: [-0.00125794 -0.00384151]
2024-12-03 11:23:37,808 -      Epoch 95, Loss: 829.7320460179689, Gradient_Hidden: [ 0.41158546 -0.1202051   0.41202049], Gradient_Output: [-0.00126673 -0.00382144]
2024-12-03 11:23:39,448 -      Epoch 96, Loss: 829.7410539459194, Gradient_Hidden: [ 0.41027918 -0.12028469  0.4104272 ], Gradient_Output: [-0.00127545 -0.00380153]
2024-12-03 11:23:41,097 -      Epoch 97, Loss: 829.7500192787996, Gradient_Hidden: [ 0.40897995 -0.12036443  0.40884184], Gradient_Output: [-0.0012841  -0.00378175]
2024-12-03 11:23:42,741 -      Epoch 98, Loss: 829.7589422172862, Gradient_Hidden: [ 0.40768772 -0.12044424  0.40726438], Gradient_Output: [-0.00129267 -0.00376212]
2024-12-03 11:23:44,421 -      Epoch 99, Loss: 829.7678229619698, Gradient_Hidden: [ 0.40640245 -0.12052404  0.40569478], Gradient_Output: [-0.00130118 -0.00374263]
2024-12-03 11:23:46,068 -      Epoch 100, Loss: 829.7766617133342, Gradient_Hidden: [ 0.40512411 -0.12060376  0.40413299], Gradient_Output: [-0.00130962 -0.00372327]
2024-12-03 11:23:46,068 - Testing in process
2024-12-03 11:23:46,068 - MSE threshold: 0.05
2024-12-03 11:23:46,251 - Test Accuracy: 97.05%
2024-12-03 11:23:46,251 - Fold 5 completed 

2024-12-03 11:23:46,316 - Cross-validation finished


