2024-12-04 23:04:09,257 - TrainingData_shape: (64640, 4), TestingData_shape: (16160, 4)
2024-12-04 23:04:09,257 - Network: learning rate=0.01, momentum=0.55, min_gradient=1e-05
2024-12-04 23:04:09,257 - Training in process
2024-12-04 23:04:10,890 -      Epoch 1, Loss: 1471.6760529630594, Gradient_Hidden: [-32.10351578 -14.23461076 -14.76687394], Gradient_Output: [ -7.65399369 -57.98595752]
2024-12-04 23:04:12,570 -      Epoch 2, Loss: 1191.0131154843007, Gradient_Hidden: [ -1.56481305 -25.76589274  37.05624931], Gradient_Output: [-2.69384138  9.45360961]
2024-12-04 23:04:14,193 -      Epoch 3, Loss: 1000.0787794502007, Gradient_Hidden: [ -4.20770914 -23.79802634 102.94430122], Gradient_Output: [ 6.01618433 20.47600345]
2024-12-04 23:04:15,819 -      Epoch 4, Loss: 944.3064149593948, Gradient_Hidden: [-2.85064999 -4.1216193  45.0619763 ], Gradient_Output: [ 7.53599832 12.91206122]
2024-12-04 23:04:17,451 -      Epoch 5, Loss: 930.235762211472, Gradient_Hidden: [-0.58278147  2.63390653 25.63272152], Gradient_Output: [4.78581855 7.04637772]
2024-12-04 23:04:19,084 -      Epoch 6, Loss: 922.6504611423419, Gradient_Hidden: [ 1.79232183  2.18364969 18.47282853], Gradient_Output: [1.18420793 3.55765447]
2024-12-04 23:04:20,931 -      Epoch 7, Loss: 917.5138979282576, Gradient_Hidden: [ 3.10254081  1.1315302  16.18032026], Gradient_Output: [-1.75798156  1.75604937]
2024-12-04 23:04:22,573 -      Epoch 8, Loss: 912.9579766000915, Gradient_Hidden: [ 3.75183369  0.6111067  16.19277846], Gradient_Output: [-3.85180708  1.02161359]
2024-12-04 23:04:24,219 -      Epoch 9, Loss: 908.2664613269993, Gradient_Hidden: [ 3.96832052  0.42833677 16.8502209 ], Gradient_Output: [-4.99166695  1.04323348]
2024-12-04 23:04:25,875 -      Epoch 10, Loss: 903.3261861249106, Gradient_Hidden: [ 3.80239138  0.34035904 17.29969388], Gradient_Output: [-5.15584925  1.60751003]
2024-12-04 23:04:27,504 -      Epoch 11, Loss: 898.3138516615757, Gradient_Hidden: [ 3.29132291  0.18550593 17.25597324], Gradient_Output: [-4.52028     2.52912533]
2024-12-04 23:04:29,146 -      Epoch 12, Loss: 893.4459554132109, Gradient_Hidden: [ 2.58709377 -0.28781946 16.72935005], Gradient_Output: [-3.49012956  3.70202074]
2024-12-04 23:04:30,787 -      Epoch 13, Loss: 888.7835750001351, Gradient_Hidden: [ 1.9842576  -1.32513533 15.86623667], Gradient_Output: [-2.59532536  5.09550571]
2024-12-04 23:04:32,425 -      Epoch 14, Loss: 884.1772077173888, Gradient_Hidden: [ 1.81712513 -2.66885994 14.77768825], Gradient_Output: [-2.30245982  6.43679271]
2024-12-04 23:04:34,061 -      Epoch 15, Loss: 879.4410378179214, Gradient_Hidden: [ 2.15255162 -2.83597033 13.41514925], Gradient_Output: [-2.59623792  6.72424743]
2024-12-04 23:04:35,705 -      Epoch 16, Loss: 874.7826506840897, Gradient_Hidden: [ 2.44216979 -0.3881957  11.6647837 ], Gradient_Output: [-2.69269142  5.15800408]
2024-12-04 23:04:37,338 -      Epoch 17, Loss: 870.8413693765744, Gradient_Hidden: [2.28920521 3.31595871 9.71788303], Gradient_Output: [-2.18214039  2.82261715]
2024-12-04 23:04:38,978 -      Epoch 18, Loss: 867.9822647831801, Gradient_Hidden: [2.03456901 6.14231066 8.03994206], Gradient_Output: [-1.50524209  1.09036716]
2024-12-04 23:04:40,620 -      Epoch 19, Loss: 866.0907270873143, Gradient_Hidden: [1.94018167 7.62237183 6.83018461], Gradient_Output: [-0.97826342  0.18070534]
2024-12-04 23:04:42,267 -      Epoch 20, Loss: 864.88289418231, Gradient_Hidden: [1.98108933 8.2195558  6.00314557], Gradient_Output: [-0.61834579 -0.2073451 ]
2024-12-04 23:04:43,923 -      Epoch 21, Loss: 864.0961721252573, Gradient_Hidden: [2.07888644 8.41794931 5.42692401], Gradient_Output: [-0.37263777 -0.34219722]
2024-12-04 23:04:45,668 -      Epoch 22, Loss: 863.5396217248161, Gradient_Hidden: [2.18737202 8.50333669 5.01048882], Gradient_Output: [-0.20206861 -0.36961761]
2024-12-04 23:04:47,314 -      Epoch 23, Loss: 863.0913785141036, Gradient_Hidden: [2.28767113 8.60755374 4.70002331], Gradient_Output: [-0.08380397 -0.35583317]
2024-12-04 23:04:48,959 -      Epoch 24, Loss: 862.6804588457989, Gradient_Hidden: [2.37419014 8.77750979 4.46346109], Gradient_Output: [-0.0036461 -0.328187 ]
2024-12-04 23:04:50,606 -      Epoch 25, Loss: 862.2683843555102, Gradient_Hidden: [2.44685043 9.01986518 4.28084137], Gradient_Output: [ 0.04811528 -0.29691076]
2024-12-04 23:04:52,262 -      Epoch 26, Loss: 861.8356230925571, Gradient_Hidden: [2.50770396 9.32459859 4.1392741 ], Gradient_Output: [ 0.07843523 -0.26515639]
2024-12-04 23:04:53,913 -      Epoch 27, Loss: 861.3729558497542, Gradient_Hidden: [2.55952335 9.67630371 4.0301716 ], Gradient_Output: [ 0.09234827 -0.23340681]
2024-12-04 23:04:55,564 -      Epoch 28, Loss: 860.8764139399877, Gradient_Hidden: [ 2.60521203 10.05923595  3.94759268], Gradient_Output: [ 0.0935155  -0.20137499]
2024-12-04 23:04:57,228 -      Epoch 29, Loss: 860.3444496781269, Gradient_Hidden: [ 2.64756367 10.45942341  3.88722098], Gradient_Output: [ 0.08465331 -0.1687882 ]
2024-12-04 23:04:59,122 -      Epoch 30, Loss: 859.7763963873384, Gradient_Hidden: [ 2.68917563 10.86548443  3.84575581], Gradient_Output: [ 0.0678756  -0.13566761]
2024-12-04 23:05:00,766 -      Epoch 31, Loss: 859.1716452643014, Gradient_Hidden: [ 2.73242987 11.2688607   3.82058144], Gradient_Output: [ 0.04494754 -0.10236909]
2024-12-04 23:05:02,417 -      Epoch 32, Loss: 858.5292236537798, Gradient_Hidden: [ 2.77950085 11.663698    3.8096093 ], Gradient_Output: [ 0.01744599 -0.06950692]
2024-12-04 23:05:04,112 -      Epoch 33, Loss: 857.8476142849096, Gradient_Hidden: [ 2.83237183 12.04642653  3.81120191], Gradient_Output: [-0.01317008 -0.03782728]
2024-12-04 23:05:05,757 -      Epoch 34, Loss: 857.1247361649879, Gradient_Hidden: [ 2.89285119 12.41509583  3.82410764], Gradient_Output: [-0.04556033 -0.00807911]
2024-12-04 23:05:07,393 -      Epoch 35, Loss: 856.3580412963308, Gradient_Hidden: [ 2.96258381 12.76859554  3.84736896], Gradient_Output: [-0.07854271  0.0190832 ]
2024-12-04 23:05:09,044 -      Epoch 36, Loss: 855.5446898508017, Gradient_Hidden: [ 3.04305429 13.10594018  3.88020267], Gradient_Output: [-0.11113681  0.0431489 ]
2024-12-04 23:05:10,682 -      Epoch 37, Loss: 854.6817679052543, Gradient_Hidden: [ 3.13557851 13.42576357  3.92187579], Gradient_Output: [-0.14258527  0.06375548]
2024-12-04 23:05:12,328 -      Epoch 38, Loss: 853.7665165938082, Gradient_Hidden: [ 3.24128087 13.72607623  3.97160441], Gradient_Output: [-0.17234493  0.08066526]
2024-12-04 23:05:13,971 -      Epoch 39, Loss: 852.7965511826966, Gradient_Hidden: [ 3.36105578 14.00424883  4.02849161], Gradient_Output: [-0.20005383  0.09373277]
2024-12-04 23:05:15,610 -      Epoch 40, Loss: 851.7700592926476, Gradient_Hidden: [ 3.49551401 14.25713922  4.09150557], Gradient_Output: [-0.22548615  0.10287541]
2024-12-04 23:05:17,245 -      Epoch 41, Loss: 850.6859750088878, Gradient_Hidden: [ 3.64491708 14.48128548  4.1594897 ], Gradient_Output: [-0.2485052   0.10805258]
2024-12-04 23:05:18,880 -      Epoch 42, Loss: 849.5441283509507, Gradient_Hidden: [ 3.80910553 14.67311514  4.23119468], Gradient_Output: [-0.26902062  0.10925401]
2024-12-04 23:05:20,519 -      Epoch 43, Loss: 848.345368635811, Gradient_Hidden: [ 3.98742882 14.8291477   4.30532418], Gradient_Output: [-0.28695174  0.10649627]
2024-12-04 23:05:22,173 -      Epoch 44, Loss: 847.0916578434612, Gradient_Hidden: [ 4.17868571 14.94618151  4.3805885 ], Gradient_Output: [-0.30219854  0.09982677]
2024-12-04 23:05:23,838 -      Epoch 45, Loss: 845.7861280569583, Gradient_Hidden: [ 4.381084   15.02145993  4.45576119], Gradient_Output: [-0.3146211   0.08933421]
2024-12-04 23:05:25,481 -      Epoch 46, Loss: 844.4330964985119, Gradient_Hidden: [ 4.59222729 15.05281091  4.52973369], Gradient_Output: [-0.32402938  0.0751634 ]
2024-12-04 23:05:27,123 -      Epoch 47, Loss: 843.0380330437878, Gradient_Hidden: [ 4.80913416 15.03875333  4.60156245], Gradient_Output: [-0.33018458  0.05753178]
2024-12-04 23:05:28,765 -      Epoch 48, Loss: 841.6074782711526, Gradient_Hidden: [ 5.02829249 14.97856482  4.67050321], Gradient_Output: [-0.33281267  0.03674384]
2024-12-04 23:05:30,402 -      Epoch 49, Loss: 840.148914556856, Gradient_Hidden: [ 5.24574824 14.87230876  4.73602757], Gradient_Output: [-0.33162915  0.01319957]
2024-12-04 23:05:32,040 -      Epoch 50, Loss: 838.6705975619917, Gradient_Hidden: [ 5.45722563 14.72082253  4.79781883], Gradient_Output: [-0.32637245 -0.01260582]
2024-12-04 23:05:33,677 -      Epoch 51, Loss: 837.1813595856103, Gradient_Hidden: [ 5.65827316 14.52567303  4.85574622], Gradient_Output: [-0.31684195 -0.04009251]
2024-12-04 23:05:35,315 -      Epoch 52, Loss: 835.6903986706765, Gradient_Hidden: [ 5.84442889 14.28908819  4.90981926], Gradient_Output: [-0.30293565 -0.06861668]
2024-12-04 23:05:36,954 -      Epoch 53, Loss: 834.207067417781, Gradient_Hidden: [ 6.01139754 14.01387426  4.96012669], Gradient_Output: [-0.28468243 -0.09749874]
2024-12-04 23:05:38,597 -      Epoch 54, Loss: 832.7406731441064, Gradient_Hidden: [ 6.15523185 13.70332755  5.00676671], Gradient_Output: [-0.26226457 -0.12605603]
2024-12-04 23:05:40,530 -      Epoch 55, Loss: 831.3002969121337, Gradient_Hidden: [ 6.27250989 13.36114679  5.04977651], Gradient_Output: [-0.23602737 -0.15363579]
2024-12-04 23:05:42,169 -      Epoch 56, Loss: 829.8946341255781, Gradient_Hidden: [ 6.36049937 12.99134917  5.08907025], Gradient_Output: [-0.20647452 -0.17964517]
2024-12-04 23:05:43,812 -      Epoch 57, Loss: 828.5318551359666, Gradient_Hidden: [ 6.4172983  12.59819021  5.12439353], Gradient_Output: [-0.17424934 -0.20357544]
2024-12-04 23:05:45,453 -      Epoch 58, Loss: 827.2194817575645, Gradient_Hidden: [ 6.44194047 12.18608505  5.15530149], Gradient_Output: [-0.14010372 -0.22501902]
2024-12-04 23:05:47,090 -      Epoch 59, Loss: 825.9642754011286, Gradient_Hidden: [ 6.4344531  11.75952829  5.18116431], Gradient_Output: [-0.10485781 -0.24367896]
2024-12-04 23:05:48,730 -      Epoch 60, Loss: 824.7721346494334, Gradient_Hidden: [ 6.39585626 11.32300977  5.20120095], Gradient_Output: [-0.06935435 -0.25937133]
2024-12-04 23:05:50,396 -      Epoch 61, Loss: 823.6480037042439, Gradient_Hidden: [ 6.32809766 10.88092577  5.21453756], Gradient_Output: [-0.03441212 -0.27202145]
2024-12-04 23:05:52,061 -      Epoch 62, Loss: 822.5957969073115, Gradient_Hidden: [ 6.23392391 10.43748753  5.22028347], Gradient_Output: [-0.00078286 -0.28165497]
2024-12-04 23:05:53,742 -      Epoch 63, Loss: 821.6183470457786, Gradient_Hidden: [6.11669813 9.99663186 5.21761488], Gradient_Output: [ 0.03088426 -0.28838505]
2024-12-04 23:05:55,398 -      Epoch 64, Loss: 820.7173853853863, Gradient_Hidden: [5.98018227 9.56193976 5.20585517], Gradient_Output: [ 0.06006783 -0.29239659]
2024-12-04 23:05:57,050 -      Epoch 65, Loss: 819.8935591048939, Gradient_Hidden: [5.82830751 9.13656977 5.18454152], Gradient_Output: [ 0.08638756 -0.29392872]
2024-12-04 23:05:58,693 -      Epoch 66, Loss: 819.1464876626874, Gradient_Hidden: [5.66495703 8.72321123 5.15347042], Gradient_Output: [ 0.10960576 -0.2932566 ]
2024-12-04 23:06:00,332 -      Epoch 67, Loss: 818.4748548145204, Gradient_Hidden: [5.49378158 8.32406033 5.11271781], Gradient_Output: [ 0.12961875 -0.29067387]
2024-12-04 23:06:01,970 -      Epoch 68, Loss: 817.8765288100379, Gradient_Hidden: [5.31806106 7.94081926 5.06263413], Gradient_Output: [ 0.14644043 -0.28647685]
2024-12-04 23:06:03,607 -      Epoch 69, Loss: 817.3487006660189, Gradient_Hidden: [5.14061721 7.57471622 5.00381755], Gradient_Output: [ 0.16018127 -0.28095134]
2024-12-04 23:06:05,245 -      Epoch 70, Loss: 816.8880296899273, Gradient_Hidden: [4.96377496 7.22654215 4.93707114], Gradient_Output: [ 0.17102536 -0.27436272]
2024-12-04 23:06:06,893 -      Epoch 71, Loss: 816.4907863967977, Gradient_Hidden: [4.78936483 6.89669937 4.86335066], Gradient_Output: [ 0.17920804 -0.26694939]
2024-12-04 23:06:08,542 -      Epoch 72, Loss: 816.1529850598321, Gradient_Hidden: [4.618756   6.58525707 4.78370923], Gradient_Output: [ 0.18499567 -0.25891951]
2024-12-04 23:06:10,182 -      Epoch 73, Loss: 815.870500707983, Gradient_Hidden: [4.4529093  6.29200919 4.69924444], Gradient_Output: [ 0.18866852 -0.25045036]
2024-12-04 23:06:11,846 -      Epoch 74, Loss: 815.6391678812093, Gradient_Hidden: [4.29244043 6.01653098 4.6110515 ], Gradient_Output: [ 0.19050712 -0.24168982]
2024-12-04 23:06:13,523 -      Epoch 75, Loss: 815.4548605296629, Gradient_Hidden: [4.13768594 5.75823165 4.52018492], Gradient_Output: [ 0.19078193 -0.23275913]
2024-12-04 23:06:15,210 -      Epoch 76, Loss: 815.3135539494265, Gradient_Hidden: [3.98876616 5.5164013  4.42762945], Gradient_Output: [ 0.18974616 -0.22375643]
2024-12-04 23:06:16,880 -      Epoch 77, Loss: 815.2113705910809, Gradient_Hidden: [3.84564202 5.29025116 4.33428005], Gradient_Output: [ 0.18763115 -0.21476049]
2024-12-04 23:06:18,537 -      Epoch 78, Loss: 815.1446120486885, Gradient_Hidden: [3.70816364 5.07894699 4.24093017], Gradient_Output: [ 0.18464387 -0.20583422]
2024-12-04 23:06:20,178 -      Epoch 79, Loss: 815.1097796601822, Gradient_Hidden: [3.57611025 4.88163569 4.14826679], Gradient_Output: [ 0.1809661  -0.19702788]
2024-12-04 23:06:21,815 -      Epoch 80, Loss: 815.1035860431089, Gradient_Hidden: [3.44922158 4.69746578 4.05687086], Gradient_Output: [ 0.17675489 -0.18838171]
2024-12-04 23:06:23,454 -      Epoch 81, Loss: 815.1229596491555, Gradient_Hidden: [3.32722159 4.52560255 3.96722179], Gradient_Output: [ 0.17214389 -0.17992812]
2024-12-04 23:06:25,095 -      Epoch 82, Loss: 815.1650441199852, Gradient_Hidden: [3.2098353  4.36523859 3.87970448], Gradient_Output: [ 0.16724525 -0.17169329]
2024-12-04 23:06:26,738 -      Epoch 83, Loss: 815.2271939103558, Gradient_Hidden: [3.09680018 4.21560074 3.79461814], Gradient_Output: [ 0.16215189 -0.16369843]
2024-12-04 23:06:28,404 -      Epoch 84, Loss: 815.3069673456716, Gradient_Hidden: [2.98787283 4.07595417 3.71218578], Gradient_Output: [ 0.15693987 -0.15596067]
2024-12-04 23:06:30,051 -      Epoch 85, Loss: 815.4021180137139, Gradient_Hidden: [2.88283239 3.94560431 3.63256391], Gradient_Output: [ 0.1516708  -0.14849367]
2024-12-04 23:06:31,740 -      Epoch 86, Loss: 815.5105851628254, Gradient_Hidden: [2.78148126 3.82389733 3.55585194], Gradient_Output: [ 0.14639406 -0.14130808]
2024-12-04 23:06:33,384 -      Epoch 87, Loss: 815.6304835941443, Gradient_Hidden: [2.68364416 3.71021953 3.48210101], Gradient_Output: [ 0.14114889 -0.13441184]
2024-12-04 23:06:35,038 -      Epoch 88, Loss: 815.7600933884984, Gradient_Hidden: [2.58916614 3.60399614 3.41132207], Gradient_Output: [ 0.13596617 -0.1278104 ]
2024-12-04 23:06:36,715 -      Epoch 89, Loss: 815.8978496988055, Gradient_Hidden: [2.49790992 3.50468969 3.34349314], Gradient_Output: [ 0.13086999 -0.12150691]
2024-12-04 23:06:38,372 -      Epoch 90, Loss: 816.04233275679, Gradient_Hidden: [2.40975312 3.41179823 3.27856573], Gradient_Output: [ 0.12587899 -0.1155024 ]
2024-12-04 23:06:40,016 -      Epoch 91, Loss: 816.192258186857, Gradient_Hidden: [2.3245855  3.32485347 3.21647046], Gradient_Output: [ 0.12100742 -0.10979591]
2024-12-04 23:06:41,693 -      Epoch 92, Loss: 816.3464676803443, Gradient_Hidden: [2.24230648 3.24341891 3.15712184], Gradient_Output: [ 0.11626602 -0.10438469]
2024-12-04 23:06:43,361 -      Epoch 93, Loss: 816.5039200593549, Gradient_Hidden: [2.16282299 3.16708806 3.10042246], Gradient_Output: [ 0.11166268 -0.09926434]
2024-12-04 23:06:45,032 -      Epoch 94, Loss: 816.6636827432474, Gradient_Hidden: [2.08604768 3.0954827  3.04626644], Gradient_Output: [ 0.10720307 -0.09442901]
2024-12-04 23:06:46,683 -      Epoch 95, Loss: 816.8249236222713, Gradient_Hidden: [2.01189748 3.0282512  2.99454238], Gradient_Output: [ 0.10289096 -0.08987156]
2024-12-04 23:06:48,380 -      Epoch 96, Loss: 816.9869033370055, Gradient_Hidden: [1.94029253 2.96506695 2.9451358 ], Gradient_Output: [ 0.09872863 -0.08558376]
2024-12-04 23:06:50,040 -      Epoch 97, Loss: 817.1489679601791, Gradient_Hidden: [1.8711554  2.90562682 2.89793112], Gradient_Output: [ 0.09471712 -0.08155647]
2024-12-04 23:06:51,703 -      Epoch 98, Loss: 817.3105420747769, Gradient_Hidden: [1.80441051 2.84964973 2.8528133 ], Gradient_Output: [ 0.09085639 -0.0777798 ]
2024-12-04 23:06:53,358 -      Epoch 99, Loss: 817.4711222417391, Gradient_Hidden: [1.73998383 2.79687525 2.8096691 ], Gradient_Output: [ 0.08714555 -0.0742433 ]
2024-12-04 23:06:54,995 -      Epoch 100, Loss: 817.6302708492542, Gradient_Hidden: [1.67780264 2.74706224 2.76838817], Gradient_Output: [ 0.08358295 -0.07093609]
2024-12-04 23:06:54,995 - Testing in process
2024-12-04 23:06:55,118 - RMSE: 0.12020502300785586
2024-12-04 23:06:55,190 - Cross-validation finished


2024-12-04 23:33:21,156 - TrainingData_shape: (64640, 4), TestingData_shape: (16160, 4)
2024-12-04 23:33:56,466 - TrainingData_shape: (64640, 4), TestingData_shape: (16160, 4)
2024-12-04 23:33:56,466 - Network: learning rate=0.00505, momentum=0.55
2024-12-04 23:33:56,466 - Training in process
2024-12-04 23:33:58,150 -      Epoch 1, Loss: 1629.4213092299976, Gradient_Hidden: [-12.28954061   1.14918029 -46.85101855], Gradient_Output: [ -27.45456795 -117.006322  ]
2024-12-04 23:33:59,845 -      Epoch 2, Loss: 1544.546425663679, Gradient_Hidden: [ 1.82288172 -3.78678992 -4.45037465], Gradient_Output: [ 5.58536714 -5.62800362]
2024-12-04 23:34:01,511 -      Epoch 3, Loss: 1480.3569000508808, Gradient_Hidden: [  2.12040827  30.00082038 -12.21136236], Gradient_Output: [ 7.75366354 -2.44478935]
2024-12-04 23:34:03,171 -      Epoch 4, Loss: 1367.415027598299, Gradient_Hidden: [  5.62217522  83.58034439 -30.1442917 ], Gradient_Output: [10.56252566  1.6759915 ]
2024-12-04 23:34:04,835 -      Epoch 5, Loss: 1242.1259114555007, Gradient_Hidden: [ 14.77668425  81.59421423 -57.84604404], Gradient_Output: [11.85629893  4.11416511]
2024-12-04 23:34:06,498 -      Epoch 6, Loss: 1135.146880842886, Gradient_Hidden: [ 27.88836552  60.00007069 -77.59045797], Gradient_Output: [10.71399769  4.24440948]
2024-12-04 23:34:08,161 -      Epoch 7, Loss: 1054.1584023381831, Gradient_Hidden: [ 35.83091062  48.4697528  -68.10161935], Gradient_Output: [8.74372523 4.53288495]
2024-12-04 23:34:09,827 -      Epoch 8, Loss: 1008.2577277514016, Gradient_Hidden: [ 29.53716789  41.4808935  -39.48021742], Gradient_Output: [7.37156727 4.94505666]
2024-12-04 23:34:11,502 -      Epoch 9, Loss: 988.096790672351, Gradient_Hidden: [ 16.59096044  35.37678715 -13.14454886], Gradient_Output: [6.94353377 4.8741643 ]
2024-12-04 23:34:13,182 -      Epoch 10, Loss: 978.794896099546, Gradient_Hidden: [ 6.00532634 31.04230057  3.63022364], Gradient_Output: [6.75401581 4.39826938]
2024-12-04 23:34:14,952 -      Epoch 11, Loss: 972.9382046492891, Gradient_Hidden: [-0.19987334 28.36878334 12.396403  ], Gradient_Output: [6.30889157 3.79483272]
2024-12-04 23:34:16,637 -      Epoch 12, Loss: 968.2288411533222, Gradient_Hidden: [-3.05941253 26.66967651 16.15153006], Gradient_Output: [5.54602386 3.2111842 ]
2024-12-04 23:34:18,306 -      Epoch 13, Loss: 964.1183359621342, Gradient_Hidden: [-3.98706711 25.45278399 17.14626939], Gradient_Output: [4.60557205 2.69700347]
2024-12-04 23:34:19,978 -      Epoch 14, Loss: 960.4788788151537, Gradient_Hidden: [-4.02384929 24.48530107 16.75992613], Gradient_Output: [3.64162969 2.26092398]
2024-12-04 23:34:21,649 -      Epoch 15, Loss: 957.2513230068305, Gradient_Hidden: [-3.76049306 23.6703333  15.7527591 ], Gradient_Output: [2.74862828 1.89557684]
2024-12-04 23:34:23,340 -      Epoch 16, Loss: 954.3814263594578, Gradient_Hidden: [-3.46277168 22.9612483  14.5091878 ], Gradient_Output: [1.96289563 1.58807183]
2024-12-04 23:34:25,008 -      Epoch 17, Loss: 951.8168478449456, Gradient_Hidden: [-3.21831797 22.32906627 13.21110853], Gradient_Output: [1.28664209 1.32536133]
2024-12-04 23:34:26,676 -      Epoch 18, Loss: 949.5103433916935, Gradient_Hidden: [-3.03699327 21.75401689 11.94120206], Gradient_Output: [0.70755842 1.09675475]
2024-12-04 23:34:28,342 -      Epoch 19, Loss: 947.4210791344676, Gradient_Hidden: [-2.90274719 21.22312341 10.73625047], Gradient_Output: [0.2094276  0.89450129]
2024-12-04 23:34:30,010 -      Epoch 20, Loss: 945.5145197623418, Gradient_Hidden: [-2.79550322 20.72828676  9.61211269], Gradient_Output: [-0.2233088   0.71337091]
2024-12-04 23:34:31,677 -      Epoch 21, Loss: 943.7617769225011, Gradient_Hidden: [-2.69861212 20.26437963  8.57488709], Gradient_Output: [-0.60398207  0.54994695]
2024-12-04 23:34:33,346 -      Epoch 22, Loss: 942.1388399962432, Gradient_Hidden: [-2.60040269 19.82773036  7.62587132], Gradient_Output: [-0.94340208  0.40199248]
2024-12-04 23:34:35,014 -      Epoch 23, Loss: 940.6258392190331, Gradient_Hidden: [-2.49367886 19.41515264  6.76381047], Gradient_Output: [-1.25004696  0.26799702]
2024-12-04 23:34:36,681 -      Epoch 24, Loss: 939.2063837287254, Gradient_Hidden: [-2.37469891 19.0234527   5.98595321], Gradient_Output: [-1.53040751  0.14689038]
2024-12-04 23:34:38,345 -      Epoch 25, Loss: 937.8669817265709, Gradient_Hidden: [-2.2421781  18.64927139  5.28858236], Gradient_Output: [-1.78935484  0.03787627]
2024-12-04 23:34:40,016 -      Epoch 26, Loss: 936.5965398882253, Gradient_Hidden: [-2.09646606 18.28912742  4.66732204], Gradient_Output: [-2.03047981 -0.05965904]
2024-12-04 23:34:41,686 -      Epoch 27, Loss: 935.3859366535117, Gradient_Hidden: [-1.93891373 17.93956032  4.11735981], Gradient_Output: [-2.25638535 -0.14619584]
2024-12-04 23:34:43,357 -      Epoch 28, Loss: 934.2276632407763, Gradient_Hidden: [-1.77140612 17.59730249  3.63364038], Gradient_Output: [-2.46892604 -0.2221089 ]
2024-12-04 23:34:45,029 -      Epoch 29, Loss: 933.1155256654151, Gradient_Hidden: [-1.59603239 17.25943453  3.21104537], Gradient_Output: [-2.66939638 -0.28768673]
2024-12-04 23:34:46,726 -      Epoch 30, Loss: 932.0444005577543, Gradient_Hidden: [-1.41486817 16.92349773  2.84455403], Gradient_Output: [-2.85867277 -0.34314836]
2024-12-04 23:34:48,417 -      Epoch 31, Loss: 931.0100373331777, Gradient_Hidden: [-1.22984743 16.58755358  2.52937366], Gradient_Output: [-3.03731662 -0.38866046]
2024-12-04 23:34:50,084 -      Epoch 32, Loss: 930.0088993828215, Gradient_Hidden: [-1.04270319 16.25019179  2.26103157], Gradient_Output: [-3.2056474  -0.42435508]
2024-12-04 23:34:51,787 -      Epoch 33, Loss: 929.0380374151438, Gradient_Hidden: [-0.85495697 15.91049641  2.03542591], Gradient_Output: [-3.36379385 -0.45034737]
2024-12-04 23:34:53,476 -      Epoch 34, Loss: 928.0949887866269, Gradient_Hidden: [-0.66793891 15.56798341  1.84883898], Gradient_Output: [-3.51173104 -0.4667524 ]
2024-12-04 23:34:55,146 -      Epoch 35, Loss: 927.177697485191, Gradient_Hidden: [-0.48282317 15.22252331  1.69792035], Gradient_Output: [-3.64930942 -0.47370009]
2024-12-04 23:34:56,816 -      Epoch 36, Loss: 926.2844502646781, Gradient_Hidden: [-0.30066714 14.87426047  1.57964909], Gradient_Output: [-3.77627993 -0.47134769]
2024-12-04 23:34:58,485 -      Epoch 37, Loss: 925.4138252059271, Gradient_Hidden: [-0.12244648 14.52353749  1.49128369], Gradient_Output: [-3.89231814 -0.45988945]
2024-12-04 23:35:00,155 -      Epoch 38, Loss: 924.5646496700357, Gradient_Hidden: [ 0.05091795 14.17082987  1.43030707], Gradient_Output: [-3.99704889 -0.43956337]
2024-12-04 23:35:01,841 -      Epoch 39, Loss: 923.7359652094939, Gradient_Hidden: [ 0.2185433  13.81669294  1.39437219], Gradient_Output: [-4.09007163 -0.41065511]
2024-12-04 23:35:03,510 -      Epoch 40, Loss: 922.926997520706, Gradient_Hidden: [ 0.37957748 13.46172155  1.3812519 ], Gradient_Output: [-4.17098665 -0.37349905]
2024-12-04 23:35:05,177 -      Epoch 41, Loss: 922.137129971854, Gradient_Hidden: [ 0.53320033 13.10652127  1.38879541], Gradient_Output: [-4.23942115 -0.32847684]
2024-12-04 23:35:06,843 -      Epoch 42, Loss: 921.3658796311306, Gradient_Hidden: [ 0.67863132 12.75168936  1.4148928 ], Gradient_Output: [-4.29505443 -0.27601355]
2024-12-04 23:35:08,518 -      Epoch 43, Loss: 920.6128750598031, Gradient_Hidden: [ 0.81514161 12.3978038   1.4574483 ], Gradient_Output: [-4.33764114 -0.21657169]
2024-12-04 23:35:10,190 -      Epoch 44, Loss: 919.8778354245449, Gradient_Hidden: [ 0.9420687  12.04541829  1.51436246], Gradient_Output: [-4.36703138 -0.15064352]
2024-12-04 23:35:11,867 -      Epoch 45, Loss: 919.1605507218756, Gradient_Hidden: [ 1.05883171 11.69506174  1.58352325], Gradient_Output: [-4.38318701 -0.07874184]
2024-12-04 23:35:13,563 -      Epoch 46, Loss: 918.4608630924225, Gradient_Hidden: [ 1.16494581 11.34724064  1.6628054 ], Gradient_Output: [-4.38619310e+00 -1.38986921e-03]
2024-12-04 23:35:15,256 -      Epoch 47, Loss: 917.7786493313042, Gradient_Hidden: [ 1.26003461 11.00244316  1.75007744], Gradient_Output: [-4.37626435  0.08088937]
2024-12-04 23:35:17,001 -      Epoch 48, Loss: 917.113804772357, Gradient_Hidden: [ 1.34383953 10.6611439   1.8432151 ], Gradient_Output: [-4.35374617  0.16758376]
2024-12-04 23:35:18,709 -      Epoch 49, Loss: 916.4662287431318, Gradient_Hidden: [ 1.4162256  10.32380846  1.94011973], Gradient_Output: [-4.31911071  0.25820227]
2024-12-04 23:35:20,423 -      Epoch 50, Loss: 915.8358117591702, Gradient_Hidden: [1.47718339 9.99089723 2.0387402 ], Gradient_Output: [-4.27294831  0.35228422]
2024-12-04 23:35:22,121 -      Epoch 51, Loss: 915.2224245646582, Gradient_Hidden: [1.52682725 9.66286795 2.13709637], Gradient_Output: [-4.21595515  0.44940745]
2024-12-04 23:35:23,836 -      Epoch 52, Loss: 914.6259090417024, Gradient_Hidden: [1.56539001 9.34017677 2.23330261], Gradient_Output: [-4.14891818  0.54919477]
2024-12-04 23:35:25,548 -      Epoch 53, Loss: 914.0460709196801, Gradient_Hidden: [1.59321488 9.02327787 2.32558951], Gradient_Output: [-4.07269823  0.65131901]
2024-12-04 23:35:27,240 -      Epoch 54, Loss: 913.4826741292954, Gradient_Hidden: [1.61074496 8.71262161 2.41232263], Gradient_Output: [-3.98821254  0.75550625]
2024-12-04 23:35:28,902 -      Epoch 55, Loss: 912.9354365745838, Gradient_Hidden: [1.61851144 8.40865159 2.49201713], Gradient_Output: [-3.89641761  0.86153761]
2024-12-04 23:35:30,564 -      Epoch 56, Loss: 912.404027045378, Gradient_Hidden: [1.61712087 8.1118008  2.56334755], Gradient_Output: [-3.79829332  0.96924956]
2024-12-04 23:35:32,226 -      Epoch 57, Loss: 911.8880629653365, Gradient_Hidden: [1.6072425  7.82248743 2.62515258], Gradient_Output: [-3.69482892  1.07853309]
2024-12-04 23:35:33,909 -      Epoch 58, Loss: 911.3871086632199, Gradient_Hidden: [1.58959612 7.54111053 2.67643474], Gradient_Output: [-3.58701142  1.1893319 ]
2024-12-04 23:35:35,593 -      Epoch 59, Loss: 910.9006738671737, Gradient_Hidden: [1.56494084 7.26804592 2.71635538], Gradient_Output: [-3.47581662  1.30163988]
2024-12-04 23:35:37,256 -      Epoch 60, Loss: 910.4282121432564, Gradient_Hidden: [1.53406542 7.00364278 2.7442256 ], Gradient_Output: [-3.36220295  1.41549807]
2024-12-04 23:35:38,923 -      Epoch 61, Loss: 909.969119029231, Gradient_Hidden: [1.49778001 6.74822083 2.7594938 ], Gradient_Output: [-3.24710796  1.53099133]
2024-12-04 23:35:40,588 -      Epoch 62, Loss: 909.522729644025, Gradient_Hidden: [1.45690988 6.50206852 2.76173065], Gradient_Output: [-3.13144748  1.64824463]
2024-12-04 23:35:42,254 -      Epoch 63, Loss: 909.0883155803314, Gradient_Hidden: [1.41229071 6.26544209 2.7506124 ], Gradient_Output: [-3.01611702  1.76741928]
2024-12-04 23:35:43,945 -      Epoch 64, Loss: 908.6650809099983, Gradient_Hidden: [1.36476597 6.03856556 2.72590328], Gradient_Output: [-2.9019953  1.8887087]
2024-12-04 23:35:45,625 -      Epoch 65, Loss: 908.2521571469078, Gradient_Hidden: [1.31518579 5.82163148 2.68743776], Gradient_Output: [-2.78994955  2.0123339 ]
2024-12-04 23:35:47,295 -      Epoch 66, Loss: 907.8485970230548, Gradient_Hidden: [1.26440774 5.61480246 2.63510341], Gradient_Output: [-2.68084228  2.13853824]
2024-12-04 23:35:48,971 -      Epoch 67, Loss: 907.4533669410288, Gradient_Hidden: [1.21329898 5.41821315 2.56882506], Gradient_Output: [-2.57553921  2.26758109]
2024-12-04 23:35:50,641 -      Epoch 68, Loss: 907.0653379752896, Gradient_Hidden: [1.16274002 5.23197269 2.48855091], Gradient_Output: [-2.474918    2.39972997]
2024-12-04 23:35:52,308 -      Epoch 69, Loss: 906.6832753122706, Gradient_Hidden: [1.11362955 5.05616726 2.39424146], Gradient_Output: [-2.37987739  2.53525049]
2024-12-04 23:35:53,973 -      Epoch 70, Loss: 906.3058260558525, Gradient_Hidden: [1.06689042 4.89086283 2.28586215], Gradient_Output: [-2.29134625  2.67439294]
2024-12-04 23:35:55,641 -      Epoch 71, Loss: 905.9315053937652, Gradient_Hidden: [1.02347611 4.73610773 2.16338114], Gradient_Output: [-2.2102918   2.81737467]
2024-12-04 23:35:57,310 -      Epoch 72, Loss: 905.5586812462216, Gradient_Hidden: [0.9843773  4.59193518 2.02677392], Gradient_Output: [-2.13772596  2.96435639]
2024-12-04 23:35:58,980 -      Epoch 73, Loss: 905.1855577320671, Gradient_Hidden: [0.95062756 4.45836557 1.87603735], Gradient_Output: [-2.0747085   3.11541065]
2024-12-04 23:36:00,648 -      Epoch 74, Loss: 904.8101581385953, Gradient_Hidden: [0.92330686 4.33540861 1.71121666], Gradient_Output: [-2.02234476  3.27047988]
2024-12-04 23:36:02,314 -      Epoch 75, Loss: 904.4303086359422, Gradient_Hidden: [0.90354084 4.22306553 1.53245024], Gradient_Output: [-1.98177495  3.42932117]
2024-12-04 23:36:03,981 -      Epoch 76, Loss: 904.0436248299393, Gradient_Hidden: [0.89249289 4.12133144 1.3400386 ], Gradient_Output: [-1.95415095  3.5914345 ]
2024-12-04 23:36:05,651 -      Epoch 77, Loss: 903.6475045143968, Gradient_Hidden: [0.8913447  4.03019821 1.13454581], Gradient_Output: [-1.94059474  3.75597105]
2024-12-04 23:36:07,320 -      Epoch 78, Loss: 903.2391317985795, Gradient_Hidden: [0.90125935 3.94965817 0.91694291], Gradient_Output: [-1.94213133  3.92161889]
2024-12-04 23:36:08,986 -      Epoch 79, Loss: 902.8155002592753, Gradient_Hidden: [0.92331913 3.8797085  0.68880367], Gradient_Output: [-1.95958736  4.08646553]
2024-12-04 23:36:10,652 -      Epoch 80, Loss: 902.3734658999825, Gradient_Hidden: [0.9584284  3.82035564 0.45256056], Gradient_Output: [-1.99344582  4.24784078]
2024-12-04 23:36:12,356 -      Epoch 81, Loss: 901.9098442161863, Gradient_Hidden: [1.00717134 3.77161718 0.21182212], Gradient_Output: [-2.04364965  4.40215157]
2024-12-04 23:36:14,108 -      Epoch 82, Loss: 901.4215687027695, Gradient_Hidden: [ 1.06961621  3.73351601 -0.02826279], Gradient_Output: [-2.10935239  4.54473264]
2024-12-04 23:36:15,789 -      Epoch 83, Loss: 900.9059288530716, Gradient_Hidden: [ 1.14506538  3.70605729 -0.26063639], Gradient_Output: [-2.18862838  4.66975489]
2024-12-04 23:36:17,456 -      Epoch 84, Loss: 900.3609008635634, Gradient_Hidden: [ 1.23176714  3.68917411 -0.47604315], Gradient_Output: [-2.27817817  4.77025408]
2024-12-04 23:36:19,123 -      Epoch 85, Loss: 899.7855693997087, Gradient_Hidden: [ 1.3266333   3.68262543 -0.6629569 ], Gradient_Output: [-2.37309893  4.83836034]
2024-12-04 23:36:20,789 -      Epoch 86, Loss: 899.1806096329776, Gradient_Hidden: [ 1.42504588  3.68583509 -0.80790316], Gradient_Output: [-2.46682631  4.86580993]
2024-12-04 23:36:22,453 -      Epoch 87, Loss: 898.5487551329152, Gradient_Hidden: [ 1.52087317  3.69768032 -0.89635564], Gradient_Output: [-2.55137595  4.84478653]
2024-12-04 23:36:24,121 -      Epoch 88, Loss: 897.8951288962878, Gradient_Hidden: [ 1.60682609  3.71627501 -0.9142964 ], Gradient_Output: [-2.6179895   4.76905415]
2024-12-04 23:36:25,792 -      Epoch 89, Loss: 897.2272859732064, Gradient_Hidden: [ 1.67523307  3.73883749 -0.8503224 ], Gradient_Output: [-2.65819439  4.63521305]
2024-12-04 23:36:27,463 -      Epoch 90, Loss: 896.5548399668918, Gradient_Hidden: [ 1.71917726  3.76175546 -0.6978975 ], Gradient_Output: [-2.66512276  4.44377827]
2024-12-04 23:36:29,133 -      Epoch 91, Loss: 895.8886430918624, Gradient_Hidden: [ 1.73375505  3.7809261  -0.45711888], Gradient_Output: [-2.63476425  4.19972659]
2024-12-04 23:36:30,799 -      Epoch 92, Loss: 895.2396406247433, Gradient_Hidden: [ 1.71707674  3.79234513 -0.13536374], Gradient_Output: [-2.5667567   3.91225204]
2024-12-04 23:36:32,464 -      Epoch 93, Loss: 894.6176570846814, Gradient_Hidden: [1.67065138 3.79278852 0.25350964], Gradient_Output: [-2.46442931  3.59370757]
2024-12-04 23:36:34,131 -      Epoch 94, Loss: 894.0304130422575, Gradient_Hidden: [1.59900713 3.78035832 0.69122847], Gradient_Output: [-2.3340773   3.25798742]
2024-12-04 23:36:35,803 -      Epoch 95, Loss: 893.4829871669239, Gradient_Hidden: [1.5086933  3.75470846 1.15782659], Gradient_Output: [-2.18372537  2.91877722]
2024-12-04 23:36:37,468 -      Epoch 96, Loss: 892.977774928689, Gradient_Hidden: [1.40702026 3.71690294 1.63426566], Gradient_Output: [-2.02177882  2.5880884 ]
2024-12-04 23:36:39,133 -      Epoch 97, Loss: 892.5148420394077, Gradient_Hidden: [1.30091695 3.66900327 2.10437892], Gradient_Output: [-1.85591364  2.275332  ]
2024-12-04 23:36:40,795 -      Epoch 98, Loss: 892.0924928547148, Gradient_Hidden: [1.19615188 3.61355434 2.55590018], Gradient_Output: [-1.69238941  1.98698078]
2024-12-04 23:36:42,456 -      Epoch 99, Loss: 891.707880007416, Gradient_Hidden: [1.09697932 3.55312354 2.98065183], Gradient_Output: [-1.53579184  1.7267109 ]
2024-12-04 23:36:44,117 -      Epoch 100, Loss: 891.3575376542448, Gradient_Hidden: [1.00613572 3.48998119 3.37413973], Gradient_Output: [-1.38909991  1.49584504]
2024-12-04 23:36:44,117 - Testing in process
2024-12-04 23:36:44,247 - RMSE: 0.11899163330955334
2024-12-04 23:36:44,321 - Cross-validation finished


