2024-12-01 10:28:59,356 - Data shapes: (80800, 2),(80800, 2)
2024-12-01 10:28:59,356 - Network: learning rate=0.3, momentum=0.55, min_gradient=1e-5
2024-12-01 10:28:59,356 - Training in process
2024-12-01 10:28:59,356 - n_splits=5, random_state=1
2024-12-01 10:28:59,358 - TrainingSet_shape: (64640, 2), TestingSet_shaape: (16160, 2)
2024-12-01 10:28:59,358 - Fold: 1
2024-12-01 10:29:00,972 -      Epoch 1, Loss: 371.5920316769733, Gradient_Hidden: [-13.70703167  -2.73231406   3.70242401], Gradient_Output: [-0.90288753 -2.36761597]
2024-12-01 10:29:02,626 -      Epoch 2, Loss: 282.2773221152121, Gradient_Hidden: [-6.05388285 -9.58853482  0.10524983], Gradient_Output: [-6.11377790e-01  5.43381587e-04]
2024-12-01 10:29:04,234 -      Epoch 3, Loss: 261.9674047195072, Gradient_Hidden: [-5.59492983 -7.78786968 -0.7310161 ], Gradient_Output: [0.11921577 0.0176358 ]
2024-12-01 10:29:05,846 -      Epoch 4, Loss: 256.139039248109, Gradient_Hidden: [-3.90863555 -5.64894274 -0.59126122], Gradient_Output: [0.17524651 0.06446714]
2024-12-01 10:29:07,456 -      Epoch 5, Loss: 261.2001031283834, Gradient_Hidden: [-3.44764459 -4.33039895 -0.40494559], Gradient_Output: [0.10717185 0.04281258]
2024-12-01 10:29:09,066 -      Epoch 6, Loss: 264.05858497084677, Gradient_Hidden: [-3.06503171 -3.6033911  -0.31369649], Gradient_Output: [0.07528263 0.03499731]
2024-12-01 10:29:10,677 -      Epoch 7, Loss: 266.1529578444081, Gradient_Hidden: [-2.76079467 -3.13568427 -0.25454112], Gradient_Output: [0.05557923 0.03143802]
2024-12-01 10:29:12,284 -      Epoch 8, Loss: 268.51935647964467, Gradient_Hidden: [-2.52734952 -2.84022155 -0.21756477], Gradient_Output: [0.04414362 0.02775485]
2024-12-01 10:29:13,891 -      Epoch 9, Loss: 271.0403867755587, Gradient_Hidden: [-2.32476207 -2.59391874 -0.18976028], Gradient_Output: [0.0362748  0.02426839]
2024-12-01 10:29:15,588 -      Epoch 10, Loss: 272.8706417675527, Gradient_Hidden: [-2.1567148  -2.36826748 -0.16802109], Gradient_Output: [0.03055845 0.0221214 ]
2024-12-01 10:29:15,588 - Testing in process
2024-12-01 10:29:15,588 - MSE threshold: 0.05
2024-12-01 10:29:15,769 - Test Accuracy: 86.53%
2024-12-01 10:29:15,769 - Fold 1 completed 

2024-12-01 10:29:15,837 - TrainingSet_shape: (64640, 2), TestingSet_shaape: (16160, 2)
2024-12-01 10:29:15,837 - Fold: 2
2024-12-01 10:29:17,457 -      Epoch 1, Loss: 272.66387601061615, Gradient_Hidden: [-2.00862748 -2.18019895 -0.21239834], Gradient_Output: [0.03962938 0.02139931]
2024-12-01 10:29:19,073 -      Epoch 2, Loss: 274.0913814371276, Gradient_Hidden: [-1.88152052 -2.01432524 -0.14249296], Gradient_Output: [0.02524895 0.01798571]
2024-12-01 10:29:20,693 -      Epoch 3, Loss: 275.4943438305166, Gradient_Hidden: [-1.77697932 -1.87422596 -0.12998875], Gradient_Output: [0.02269125 0.01651382]
2024-12-01 10:29:22,312 -      Epoch 4, Loss: 276.8399018884033, Gradient_Hidden: [-1.68685003 -1.75138492 -0.12139489], Gradient_Output: [0.02023347 0.01533274]
2024-12-01 10:29:23,931 -      Epoch 5, Loss: 278.12308184468804, Gradient_Hidden: [-1.60714425 -1.6434403  -0.1142782 ], Gradient_Output: [0.0181975  0.01430717]
2024-12-01 10:29:25,546 -      Epoch 6, Loss: 279.3541229734492, Gradient_Hidden: [-1.53585748 -1.54787204 -0.10827544], Gradient_Output: [0.01649874 0.01338961]
2024-12-01 10:29:27,157 -      Epoch 7, Loss: 280.54120961369256, Gradient_Hidden: [-1.47153193 -1.46274114 -0.10312917], Gradient_Output: [0.01506784 0.01253685]
2024-12-01 10:29:28,775 -      Epoch 8, Loss: 281.69023407333935, Gradient_Hidden: [-1.41303816 -1.38650369 -0.09862438], Gradient_Output: [0.01385239 0.01171515]
2024-12-01 10:29:30,415 -      Epoch 9, Loss: 282.80565070902287, Gradient_Hidden: [-1.3594663  -1.31784357 -0.0945784 ], Gradient_Output: [0.01281082 0.01091318]
2024-12-01 10:29:32,177 -      Epoch 10, Loss: 283.89128803859194, Gradient_Hidden: [-1.31006814 -1.25560013 -0.09084397], Gradient_Output: [0.01191016 0.01014105]
2024-12-01 10:29:32,177 - Testing in process
2024-12-01 10:29:32,177 - MSE threshold: 0.05
2024-12-01 10:29:32,356 - Test Accuracy: 87.41%
2024-12-01 10:29:32,356 - Fold 2 completed 

2024-12-01 10:29:32,423 - TrainingSet_shape: (64640, 2), TestingSet_shaape: (16160, 2)
2024-12-01 10:29:32,423 - Fold: 3
2024-12-01 10:29:34,037 -      Epoch 1, Loss: 285.4075221353605, Gradient_Hidden: [-1.20794271 -1.19394107 -0.14691112], Gradient_Output: [-0.07773763 -0.04205703]
2024-12-01 10:29:35,650 -      Epoch 2, Loss: 286.36051160413507, Gradient_Hidden: [-1.2492625  -1.15865556 -0.08661749], Gradient_Output: [0.01024872 0.00847827]
2024-12-01 10:29:37,272 -      Epoch 3, Loss: 287.36920927441065, Gradient_Hidden: [-1.20784265 -1.10646171 -0.08316845], Gradient_Output: [0.00978842 0.00814383]
2024-12-01 10:29:38,990 -      Epoch 4, Loss: 288.35905396855617, Gradient_Hidden: [-1.16900336 -1.06005107 -0.07987897], Gradient_Output: [0.00932161 0.00763244]
2024-12-01 10:29:40,611 -      Epoch 5, Loss: 289.3271735420602, Gradient_Hidden: [-1.13258203 -1.01702628 -0.07672085], Gradient_Output: [0.00888229 0.00714681]
2024-12-01 10:29:42,231 -      Epoch 6, Loss: 290.27115559381457, Gradient_Hidden: [-1.09839582 -0.9768667  -0.07371488], Gradient_Output: [0.00847455 0.00671286]
2024-12-01 10:29:43,850 -      Epoch 7, Loss: 291.19035139972766, Gradient_Hidden: [-1.06624642 -0.939328   -0.07086496], Gradient_Output: [0.00809688 0.00632728]
2024-12-01 10:29:45,469 -      Epoch 8, Loss: 292.08539002637644, Gradient_Hidden: [-1.03595082 -0.90421823 -0.06816798], Gradient_Output: [0.00774679 0.00598265]
2024-12-01 10:29:47,090 -      Epoch 9, Loss: 292.95749850957657, Gradient_Hidden: [-1.00734257 -0.87135653 -0.06561642], Gradient_Output: [0.00742201 0.0056718 ]
2024-12-01 10:29:48,718 -      Epoch 10, Loss: 293.808024950651, Gradient_Hidden: [-0.98027315 -0.84056406 -0.06320121], Gradient_Output: [0.00712037 0.00538902]
2024-12-01 10:29:48,718 - Testing in process
2024-12-01 10:29:48,718 - MSE threshold: 0.05
2024-12-01 10:29:48,899 - Test Accuracy: 88.57%
2024-12-01 10:29:48,899 - Fold 3 completed 

2024-12-01 10:29:48,966 - TrainingSet_shape: (64640, 2), TestingSet_shaape: (16160, 2)
2024-12-01 10:29:48,966 - Fold: 4
2024-12-01 10:29:50,598 -      Epoch 1, Loss: 295.9634896267233, Gradient_Hidden: [-0.97539566 -0.82996045 -0.02615556], Gradient_Output: [0.03150488 0.00114024]
2024-12-01 10:29:52,230 -      Epoch 2, Loss: 296.78932093710165, Gradient_Hidden: [-0.90941594 -0.8012234  -0.06077285], Gradient_Output: [0.00636211 0.00487128]
2024-12-01 10:29:53,939 -      Epoch 3, Loss: 297.5900938965383, Gradient_Hidden: [-0.88609278 -0.77732094 -0.05759926], Gradient_Output: [0.00625577 0.00449855]
2024-12-01 10:29:55,561 -      Epoch 4, Loss: 298.3845757667473, Gradient_Hidden: [-0.86477788 -0.75317024 -0.05545731], Gradient_Output: [0.00601263 0.00427733]
2024-12-01 10:29:57,189 -      Epoch 5, Loss: 299.1613387311734, Gradient_Hidden: [-0.84456273 -0.73024292 -0.05356009], Gradient_Output: [0.00578051 0.00409177]
2024-12-01 10:29:58,815 -      Epoch 6, Loss: 299.9203767863909, Gradient_Hidden: [-0.82527876 -0.70858209 -0.05176501], Gradient_Output: [0.0055653  0.00392222]
2024-12-01 10:30:00,437 -      Epoch 7, Loss: 300.662055781262, Gradient_Hidden: [-0.80685705 -0.68809744 -0.05005426], Gradient_Output: [0.00536423 0.00376533]
2024-12-01 10:30:02,059 -      Epoch 8, Loss: 301.38668920236915, Gradient_Hidden: [-0.78923336 -0.66869769 -0.04842113], Gradient_Output: [0.00517569 0.00361956]
2024-12-01 10:30:03,681 -      Epoch 9, Loss: 302.09462752198937, Gradient_Hidden: [-0.77234709 -0.6502986  -0.04685976], Gradient_Output: [0.00499851 0.0034837 ]
2024-12-01 10:30:05,315 -      Epoch 10, Loss: 302.7862677814495, Gradient_Hidden: [-0.75614249 -0.63282349 -0.04536479], Gradient_Output: [0.00483174 0.00335673]
2024-12-01 10:30:05,315 - Testing in process
2024-12-01 10:30:05,315 - MSE threshold: 0.05
2024-12-01 10:30:05,510 - Test Accuracy: 87.63%
2024-12-01 10:30:05,510 - Fold 4 completed 

2024-12-01 10:30:05,577 - TrainingSet_shape: (64640, 2), TestingSet_shaape: (16160, 2)
2024-12-01 10:30:05,577 - Fold: 5
2024-12-01 10:30:07,202 -      Epoch 1, Loss: 302.85596776040603, Gradient_Hidden: [-0.74535518 -0.68456948 -0.14608623], Gradient_Output: [ 0.01142488 -0.02541335]
2024-12-01 10:30:08,828 -      Epoch 2, Loss: 303.7125038683614, Gradient_Hidden: [-0.73406322 -0.59323879 -0.04682088], Gradient_Output: [0.00444663 0.00325067]
2024-12-01 10:30:10,453 -      Epoch 3, Loss: 304.36565525486947, Gradient_Hidden: [-0.72045255 -0.57682073 -0.04130234], Gradient_Output: [0.00424463 0.00321812]
2024-12-01 10:30:12,078 -      Epoch 4, Loss: 304.99211755029154, Gradient_Hidden: [-0.70589098 -0.56262368 -0.03989687], Gradient_Output: [0.00412734 0.00312489]
2024-12-01 10:30:13,698 -      Epoch 5, Loss: 305.60490500466904, Gradient_Hidden: [-0.69177956 -0.54910614 -0.03865131], Gradient_Output: [0.0040118  0.00302877]
2024-12-01 10:30:15,320 -      Epoch 6, Loss: 306.20415304908767, Gradient_Hidden: [-0.67815299 -0.53616797 -0.03745737], Gradient_Output: [0.00390009 0.00293712]
2024-12-01 10:30:16,943 -      Epoch 7, Loss: 306.79011225275116, Gradient_Hidden: [-0.66497931 -0.52377172 -0.03630793], Gradient_Output: [0.00379352 0.00285003]
2024-12-01 10:30:18,568 -      Epoch 8, Loss: 307.36313894126096, Gradient_Hidden: [-0.65223367 -0.51188316 -0.03520003], Gradient_Output: [0.00369196 0.00276724]
2024-12-01 10:30:20,276 -      Epoch 9, Loss: 307.9235946621806, Gradient_Hidden: [-0.63989406 -0.50047146 -0.03413148], Gradient_Output: [0.00359509 0.00268848]
2024-12-01 10:30:21,900 -      Epoch 10, Loss: 308.4718347277248, Gradient_Hidden: [-0.62794029 -0.48950843 -0.03310029], Gradient_Output: [0.00350261 0.00261344]
2024-12-01 10:30:21,900 - Testing in process
2024-12-01 10:30:21,900 - MSE threshold: 0.05
2024-12-01 10:30:22,083 - Test Accuracy: 87.48%
2024-12-01 10:30:22,083 - Fold 5 completed 

2024-12-01 10:30:22,147 - Cross-validation finished


2024-12-01 11:08:48,768 - Data_shape: (80800, 4)
2024-12-01 11:08:48,768 - Network: learning rate=0.3, momentum=0.55, min_gradient=1e-5
2024-12-01 11:08:48,768 - Training in process
2024-12-01 11:08:48,768 - n_splits=5, random_state=1
2024-12-01 11:08:48,772 - TrainingSet_shape: (64640, 2), TestingSet_shaape: (16160, 2)
2024-12-01 11:08:48,772 - Fold: 1
2024-12-01 11:08:51,438 -      Epoch 1, Loss: 367.6442425835454, Gradient_Hidden: [  0.7118959  -13.65607529   2.95897676], Gradient_Output: [-1.12286232 -2.0993751 ]
2024-12-01 11:08:54,176 -      Epoch 2, Loss: 265.2722415903439, Gradient_Hidden: [-14.80335378  -6.86430417   0.25707383], Gradient_Output: [-0.58364579 -0.30169945]
2024-12-01 11:08:56,800 -      Epoch 3, Loss: 261.04972057014606, Gradient_Hidden: [-6.87453176 -5.2630307  -0.7599948 ], Gradient_Output: [0.12839259 0.04074019]
2024-12-01 11:08:59,731 -      Epoch 4, Loss: 256.64857553487593, Gradient_Hidden: [-5.46428224 -3.87223289 -0.57598027], Gradient_Output: [0.16395166 0.06359957]
2024-12-01 11:09:02,680 -      Epoch 5, Loss: 261.4077199712027, Gradient_Hidden: [-4.24277679 -3.41793465 -0.39699179], Gradient_Output: [0.10443269 0.04183411]
2024-12-01 11:09:05,661 -      Epoch 6, Loss: 264.17581964616085, Gradient_Hidden: [-3.55275487 -3.03973777 -0.30511186], Gradient_Output: [0.07401205 0.03457187]
2024-12-01 11:09:08,761 -      Epoch 7, Loss: 266.2586858126358, Gradient_Hidden: [-3.10379729 -2.74187854 -0.24705517], Gradient_Output: [0.05495108 0.03106749]
2024-12-01 11:09:11,995 -      Epoch 8, Loss: 268.71533747605844, Gradient_Hidden: [-2.81752351 -2.5112117  -0.21121729], Gradient_Output: [0.04371051 0.0273978 ]
2024-12-01 11:09:15,361 -      Epoch 9, Loss: 271.1722291552603, Gradient_Hidden: [-2.57276126 -2.31110545 -0.18381683], Gradient_Output: [0.03599946 0.02401947]
2024-12-01 11:09:18,593 -      Epoch 10, Loss: 272.97998879061976, Gradient_Hidden: [-2.35022304 -2.1451457  -0.16299187], Gradient_Output: [0.03033327 0.02194012]
2024-12-01 11:09:18,593 - Testing in process
2024-12-01 11:09:18,593 - MSE threshold: 0.05
2024-12-01 11:09:18,889 - Test Accuracy: 86.58%
2024-12-01 11:09:18,889 - Fold 1 completed 

2024-12-01 11:09:19,006 - TrainingSet_shape: (64640, 2), TestingSet_shaape: (16160, 2)
2024-12-01 11:09:19,006 - Fold: 2
2024-12-01 11:09:22,460 -      Epoch 1, Loss: 272.7658556388405, Gradient_Hidden: [-2.16521042 -1.99873054 -0.20742269], Gradient_Output: [0.03968916 0.02114979]
2024-12-01 11:09:25,316 -      Epoch 2, Loss: 274.18788908611356, Gradient_Hidden: [-2.0015993  -1.87294749 -0.13798773], Gradient_Output: [0.02508506 0.01785492]
2024-12-01 11:09:28,589 -      Epoch 3, Loss: 275.5857419046896, Gradient_Hidden: [-1.86330827 -1.76949793 -0.12593338], Gradient_Output: [0.02255422 0.01640181]
2024-12-01 11:09:31,507 -      Epoch 4, Loss: 276.92697485325306, Gradient_Hidden: [-1.74190677 -1.68024527 -0.11770382], Gradient_Output: [0.02011945 0.0152363 ]
2024-12-01 11:09:34,395 -      Epoch 5, Loss: 278.20644221377916, Gradient_Hidden: [-1.63513349 -1.60125295 -0.11088731], Gradient_Output: [0.01810199 0.01422268]
2024-12-01 11:09:38,976 -      Epoch 6, Loss: 279.43425423286146, Gradient_Hidden: [-1.5405349  -1.53055426 -0.10513504], Gradient_Output: [0.01641817 0.01331328]
2024-12-01 11:09:44,669 -      Epoch 7, Loss: 280.61847252719616, Gradient_Hidden: [-1.45621762 -1.46671963 -0.10019891], Gradient_Output: [0.01499934 0.01246533]
2024-12-01 11:09:49,340 -      Epoch 8, Loss: 281.7648961615989, Gradient_Hidden: [-1.38066708 -1.40863917 -0.09587021], Gradient_Output: [0.0137936  0.01164646]
2024-12-01 11:09:53,227 -      Epoch 9, Loss: 282.8779380383242, Gradient_Hidden: [-1.31258599 -1.35541669 -0.09197155], Gradient_Output: [0.01275982 0.01084725]
2024-12-01 11:09:58,867 -      Epoch 10, Loss: 283.96141863153, Gradient_Hidden: [-1.2508296  -1.30631555 -0.08836115], Gradient_Output: [0.01186543 0.01007882]
2024-12-01 11:09:58,868 - Testing in process
2024-12-01 11:09:58,868 - MSE threshold: 0.05
2024-12-01 11:09:59,730 - Test Accuracy: 87.41%
2024-12-01 11:09:59,730 - Fold 2 completed 

2024-12-01 11:09:59,904 - TrainingSet_shape: (64640, 2), TestingSet_shaape: (16160, 2)
2024-12-01 11:09:59,904 - Fold: 3
2024-12-01 11:10:02,695 -      Epoch 1, Loss: 285.4760718025366, Gradient_Hidden: [-1.18961872 -1.20439826 -0.14497655], Gradient_Output: [-0.07781348 -0.04215221]
2024-12-01 11:10:05,204 -      Epoch 2, Loss: 286.42720863753584, Gradient_Hidden: [-1.1546046  -1.24597102 -0.08434164], Gradient_Output: [0.01021999 0.00842437]
2024-12-01 11:10:07,676 -      Epoch 3, Loss: 287.4345057625209, Gradient_Hidden: [-1.10269431 -1.20475556 -0.08098101], Gradient_Output: [0.00976213 0.00809654]
2024-12-01 11:10:10,199 -      Epoch 4, Loss: 288.4227236125762, Gradient_Hidden: [-1.0565506  -1.16610116 -0.07776862], Gradient_Output: [0.00929727 0.0075903 ]
2024-12-01 11:10:12,759 -      Epoch 5, Loss: 289.38908678752, Gradient_Hidden: [-1.01376806 -1.12984794 -0.07468078], Gradient_Output: [0.0088595  0.00710911]
2024-12-01 11:10:15,567 -      Epoch 6, Loss: 290.33127192208224, Gradient_Hidden: [-0.97382933 -1.09581538 -0.07174009], Gradient_Output: [0.00845304 0.00667909]
2024-12-01 11:10:17,849 -      Epoch 7, Loss: 291.2487154217205, Gradient_Hidden: [-0.93649354 -1.06380629 -0.06895056], Gradient_Output: [0.00807654 0.00629686]
2024-12-01 11:10:20,374 -      Epoch 8, Loss: 292.14209960566626, Gradient_Hidden: [-0.90157041 -1.03363866 -0.06630924], Gradient_Output: [0.00772756 0.00595503]
2024-12-01 11:10:22,736 -      Epoch 9, Loss: 293.01266999472483, Gradient_Hidden: [-0.86887982 -1.00514724 -0.06380899], Gradient_Output: [0.00740383 0.00564651]
2024-12-01 11:10:25,046 -      Epoch 10, Loss: 293.86177139068195, Gradient_Hidden: [-0.83824353 -0.97818474 -0.06144123], Gradient_Output: [0.0071032 0.0053657]
2024-12-01 11:10:25,046 - Testing in process
2024-12-01 11:10:25,046 - MSE threshold: 0.05
2024-12-01 11:10:25,349 - Test Accuracy: 88.57%
2024-12-01 11:10:25,349 - Fold 3 completed 

2024-12-01 11:10:25,472 - TrainingSet_shape: (64640, 2), TestingSet_shaape: (16160, 2)
2024-12-01 11:10:25,473 - Fold: 4
2024-12-01 11:10:30,905 -      Epoch 1, Loss: 296.0163420613848, Gradient_Hidden: [-0.8278457  -0.9733201  -0.02437285], Gradient_Output: [0.03149408 0.0010957 ]
2024-12-01 11:10:37,310 -      Epoch 2, Loss: 296.84208154073315, Gradient_Hidden: [-0.79919949 -0.90749617 -0.05904252], Gradient_Output: [0.00634574 0.00485159]
2024-12-01 11:10:42,732 -      Epoch 3, Loss: 297.6417876373042, Gradient_Hidden: [-0.77542091 -0.88426349 -0.05591173], Gradient_Output: [0.00623925 0.0044802 ]
2024-12-01 11:10:48,725 -      Epoch 4, Loss: 298.43520731783815, Gradient_Hidden: [-0.75138115 -0.86302725 -0.05380779], Gradient_Output: [0.00599705 0.00426011]
2024-12-01 11:10:54,709 -      Epoch 5, Loss: 299.2109400487386, Gradient_Hidden: [-0.72855397 -0.84288573 -0.05194665], Gradient_Output: [0.00576585 0.00407568]
2024-12-01 11:11:01,746 -      Epoch 6, Loss: 299.9689724237759, Gradient_Hidden: [-0.70698503 -0.82367081 -0.05018604], Gradient_Output: [0.00555151 0.00390719]
2024-12-01 11:11:05,756 -      Epoch 7, Loss: 300.70966616639765, Gradient_Hidden: [-0.6865852  -0.80531396 -0.0485083 ], Gradient_Output: [0.00535124 0.00375128]
2024-12-01 11:11:09,047 -      Epoch 8, Loss: 301.4333317576186, Gradient_Hidden: [-0.66726398 -0.78775129 -0.04690679], Gradient_Output: [0.00516343 0.0036064 ]
2024-12-01 11:11:14,012 -      Epoch 9, Loss: 302.1403177371569, Gradient_Hidden: [-0.64893779 -0.77092249 -0.04537577], Gradient_Output: [0.00498694 0.00347135]
2024-12-01 11:11:19,790 -      Epoch 10, Loss: 302.8310200886298, Gradient_Hidden: [-0.63153051 -0.75477208 -0.04390999], Gradient_Output: [0.00482079 0.00334513]
2024-12-01 11:11:19,790 - Testing in process
2024-12-01 11:11:19,790 - MSE threshold: 0.05
2024-12-01 11:11:20,676 - Test Accuracy: 87.62%
2024-12-01 11:11:20,676 - Fold 4 completed 

2024-12-01 11:11:20,923 - TrainingSet_shape: (64640, 2), TestingSet_shaape: (16160, 2)
2024-12-01 11:11:20,924 - Fold: 5
2024-12-01 11:11:28,578 -      Epoch 1, Loss: 302.8987430141061, Gradient_Hidden: [-0.68343719 -0.74402722 -0.14473473], Gradient_Output: [ 0.01138788 -0.02540667]
2024-12-01 11:11:34,444 -      Epoch 2, Loss: 303.75384697130704, Gradient_Hidden: [-0.59204496 -0.73277574 -0.04540893], Gradient_Output: [0.00443822 0.00324066]
2024-12-01 11:11:42,259 -      Epoch 3, Loss: 304.40610107186643, Gradient_Hidden: [-0.57568996 -0.71920965 -0.03992696], Gradient_Output: [0.00423634 0.00320819]
2024-12-01 11:11:49,036 -      Epoch 4, Loss: 305.0316608320874, Gradient_Hidden: [-0.56154507 -0.70469209 -0.03854734], Gradient_Output: [0.00411922 0.00311532]
2024-12-01 11:11:56,709 -      Epoch 5, Loss: 305.64355005031257, Gradient_Hidden: [-0.54807529 -0.69062198 -0.03732626], Gradient_Output: [0.00400403 0.00301965]
2024-12-01 11:12:04,632 -      Epoch 6, Loss: 306.24191497443, Gradient_Hidden: [-0.53518163 -0.67703459 -0.03615597], Gradient_Output: [0.00389267 0.00292844]
2024-12-01 11:12:12,284 -      Epoch 7, Loss: 306.82700774719666, Gradient_Hidden: [-0.52282715 -0.66389821 -0.03502939], Gradient_Output: [0.00378644 0.00284176]
2024-12-01 11:12:16,920 -      Epoch 8, Loss: 307.3991850992835, Gradient_Hidden: [-0.51097786 -0.6511881  -0.0339436 ], Gradient_Output: [0.00368519 0.00275936]
2024-12-01 11:12:24,388 -      Epoch 9, Loss: 307.95880885538423, Gradient_Hidden: [-0.49960313 -0.63888239 -0.03289645], Gradient_Output: [0.00358862 0.00268095]
2024-12-01 11:12:31,776 -      Epoch 10, Loss: 308.50623457144496, Gradient_Hidden: [-0.48867492 -0.62696096 -0.03188598], Gradient_Output: [0.00349643 0.00260625]
2024-12-01 11:12:31,776 - Testing in process
2024-12-01 11:12:31,776 - MSE threshold: 0.05
2024-12-01 11:12:32,576 - Test Accuracy: 87.48%
2024-12-01 11:12:32,576 - Fold 5 completed 

2024-12-01 11:12:32,876 - Cross-validation finished


2024-12-01 11:23:47,734 - Data_shape: (80800, 4)
2024-12-01 11:23:47,734 - Network: learning rate=0.3, momentum=0.55, min_gradient=1e-5
2024-12-01 11:23:47,734 - Training in process
2024-12-01 11:23:47,734 - n_splits=5, random_state=2
2024-12-01 11:23:47,737 - TrainingSet_shape: (64640, 2), TestingSet_shaape: (16160, 2)
2024-12-01 11:23:47,737 - Fold: 1
2024-12-01 11:23:49,410 -      Epoch 1, Loss: 353.3972739396746, Gradient_Hidden: [  2.95660834 -13.69107339  -4.5207694 ], Gradient_Output: [ 0.09932099 -4.1045913 ]
2024-12-01 11:23:51,087 -      Epoch 2, Loss: 381.93758217548555, Gradient_Hidden: [ 0.53293759 -6.69571113  2.95810762], Gradient_Output: [ 0.65564805 -0.17205008]
2024-12-01 11:23:52,770 -      Epoch 3, Loss: 268.66824963160246, Gradient_Hidden: [-0.97149922 -7.25362746 14.95275844], Gradient_Output: [3.11215714 2.20513827]
2024-12-01 11:23:54,451 -      Epoch 4, Loss: 236.49502928820763, Gradient_Hidden: [-0.55252905 -3.61892323  7.0452659 ], Gradient_Output: [0.24063323 0.14944241]
2024-12-01 11:23:56,127 -      Epoch 5, Loss: 234.3414067845831, Gradient_Hidden: [-0.47377414 -2.93450787  5.03082061], Gradient_Output: [0.18525363 0.11149513]
2024-12-01 11:23:57,842 -      Epoch 6, Loss: 232.63199131555157, Gradient_Hidden: [-0.31801092 -2.61441594  4.07357226], Gradient_Output: [0.15926168 0.06060061]
2024-12-01 11:23:59,544 -      Epoch 7, Loss: 231.23120029005818, Gradient_Hidden: [-0.22166586 -2.38191824  3.46380646], Gradient_Output: [0.12268866 0.03984083]
2024-12-01 11:24:01,222 -      Epoch 8, Loss: 230.69728555176584, Gradient_Hidden: [-0.16406264 -2.20868501  3.06958556], Gradient_Output: [0.09307561 0.02971915]
2024-12-01 11:24:02,912 -      Epoch 9, Loss: 230.94285087522854, Gradient_Hidden: [-0.1346313  -2.06036173  2.74461848], Gradient_Output: [0.05768039 0.0210008 ]
2024-12-01 11:24:04,608 -      Epoch 10, Loss: 231.26682557561966, Gradient_Hidden: [-0.11773704 -1.9217977   2.48931458], Gradient_Output: [0.04633257 0.01511964]
2024-12-01 11:24:04,608 - Testing in process
2024-12-01 11:24:04,608 - MSE threshold: 0.05
2024-12-01 11:24:04,803 - Test Accuracy: 86.00%
2024-12-01 11:24:04,803 - Fold 1 completed 

2024-12-01 11:24:04,873 - TrainingSet_shape: (64640, 2), TestingSet_shaape: (16160, 2)
2024-12-01 11:24:04,873 - Fold: 2
2024-12-01 11:24:06,556 -      Epoch 1, Loss: 232.28378000871828, Gradient_Hidden: [-0.11100416 -1.82092445  2.36079596], Gradient_Output: [0.04484205 0.0303485 ]
2024-12-01 11:24:08,305 -      Epoch 2, Loss: 232.75981254471478, Gradient_Hidden: [-0.09916733 -1.70972468  2.1347095 ], Gradient_Output: [0.029144   0.00386028]
2024-12-01 11:24:10,107 -      Epoch 3, Loss: 233.33933580901058, Gradient_Hidden: [-0.09382803 -1.61355056  1.98968053], Gradient_Output: [2.33617585e-02 3.02487621e-06]
2024-12-01 11:24:11,813 -      Epoch 4, Loss: 233.93659280228536, Gradient_Hidden: [-0.08896369 -1.52736847  1.8663974 ], Gradient_Output: [ 0.01941112 -0.00372105]
2024-12-01 11:24:13,516 -      Epoch 5, Loss: 234.52966131612268, Gradient_Hidden: [-0.08510545 -1.44959069  1.76031013], Gradient_Output: [ 0.01666887 -0.00716359]
2024-12-01 11:24:15,219 -      Epoch 6, Loss: 235.1094234618908, Gradient_Hidden: [-0.08193611 -1.37950583  1.66765592], Gradient_Output: [ 0.01456014 -0.00968642]
2024-12-01 11:24:16,893 -      Epoch 7, Loss: 235.6738928642945, Gradient_Hidden: [-0.0790346  -1.31662883  1.58576156], Gradient_Output: [ 0.01269457 -0.01062889]
2024-12-01 11:24:18,669 -      Epoch 8, Loss: 236.22371410405023, Gradient_Hidden: [-0.07613426 -1.26004993  1.51257955], Gradient_Output: [ 0.0109548  -0.01027281]
2024-12-01 11:24:20,459 -      Epoch 9, Loss: 236.76205662210802, Gradient_Hidden: [-0.07317896 -1.20863804  1.44644147], Gradient_Output: [ 0.00924848 -0.00956023]
2024-12-01 11:24:22,247 -      Epoch 10, Loss: 237.2934105048991, Gradient_Hidden: [-0.07016226 -1.16157593  1.38614121], Gradient_Output: [ 0.00750642 -0.00900046]
2024-12-01 11:24:22,247 - Testing in process
2024-12-01 11:24:22,247 - MSE threshold: 0.05
2024-12-01 11:24:22,478 - Test Accuracy: 86.76%
2024-12-01 11:24:22,478 - Fold 2 completed 

2024-12-01 11:24:22,557 - TrainingSet_shape: (64640, 2), TestingSet_shaape: (16160, 2)
2024-12-01 11:24:22,557 - Fold: 3
2024-12-01 11:24:25,259 -      Epoch 1, Loss: 238.54858684255555, Gradient_Hidden: [-0.11693061 -1.05297484  1.33122269], Gradient_Output: [-0.01142935 -0.00964372]
2024-12-01 11:24:27,291 -      Epoch 2, Loss: 238.95577587867237, Gradient_Hidden: [-0.0603833  -1.04941378  1.285355  ], Gradient_Output: [ 0.00764578 -0.0084166 ]
2024-12-01 11:24:29,405 -      Epoch 3, Loss: 239.45829384354718, Gradient_Hidden: [-0.05657086 -1.0135437   1.23821068], Gradient_Output: [ 0.0034665  -0.00834919]
2024-12-01 11:24:31,644 -      Epoch 4, Loss: 239.97699490609259, Gradient_Hidden: [-0.05347885 -0.97998426  1.19514194], Gradient_Output: [ 0.00152992 -0.00796878]
2024-12-01 11:24:33,944 -      Epoch 5, Loss: 240.49835355361753, Gradient_Hidden: [-0.05061174 -0.94851872  1.15516891], Gradient_Output: [ 0.00013072 -0.00756784]
2024-12-01 11:24:36,275 -      Epoch 6, Loss: 241.01880114464174, Gradient_Hidden: [-0.04795768 -0.91887587  1.11790002], Gradient_Output: [-0.00105425 -0.00719952]
2024-12-01 11:24:38,766 -      Epoch 7, Loss: 241.5361185856086, Gradient_Hidden: [-0.04550516 -0.8908291   1.0830441 ], Gradient_Output: [-0.00207445 -0.00686265]
2024-12-01 11:24:41,392 -      Epoch 8, Loss: 242.0486525074749, Gradient_Hidden: [-0.04323253 -0.86419293  1.05034823], Gradient_Output: [-0.00295075 -0.00654914]
2024-12-01 11:24:44,269 -      Epoch 9, Loss: 242.55551663666222, Gradient_Hidden: [-0.04111644 -0.8388157   1.01958871], Gradient_Output: [-0.00370847 -0.00625329]
2024-12-01 11:24:47,351 -      Epoch 10, Loss: 243.05653276466157, Gradient_Hidden: [-0.03913551 -0.81457172  0.99056749], Gradient_Output: [-0.00437601 -0.00597226]
2024-12-01 11:24:47,352 - Testing in process
2024-12-01 11:24:47,352 - MSE threshold: 0.05
2024-12-01 11:24:47,691 - Test Accuracy: 86.53%
2024-12-01 11:24:47,691 - Fold 3 completed 

2024-12-01 11:24:47,823 - TrainingSet_shape: (64640, 2), TestingSet_shaape: (16160, 2)
2024-12-01 11:24:47,823 - Fold: 4
2024-12-01 11:24:51,114 -      Epoch 1, Loss: 242.32387490394993, Gradient_Hidden: [-0.01295416 -0.82836446  0.96448814], Gradient_Output: [-0.02223927 -0.02982042]
2024-12-01 11:24:55,065 -      Epoch 2, Loss: 242.87439919517146, Gradient_Hidden: [-0.03734972 -0.75503062  0.95855117], Gradient_Output: [-0.00747529 -0.0050051 ]
2024-12-01 11:24:58,752 -      Epoch 3, Loss: 243.3676659010578, Gradient_Hidden: [-0.03586332 -0.7315751   0.93231395], Gradient_Output: [-0.00689254 -0.00538296]
2024-12-01 11:25:05,665 -      Epoch 4, Loss: 243.84461210697873, Gradient_Hidden: [-0.03432745 -0.71105008  0.90817701], Gradient_Output: [-0.00679658 -0.00518228]
2024-12-01 11:25:13,189 -      Epoch 5, Loss: 244.30919992772738, Gradient_Hidden: [-0.03279685 -0.69159428  0.88526276], Gradient_Output: [-0.00699538 -0.00494688]
2024-12-01 11:25:20,949 -      Epoch 6, Loss: 244.76119938989066, Gradient_Hidden: [-0.03131994 -0.67284263  0.86343225], Gradient_Output: [-0.00719958 -0.00473795]
2024-12-01 11:25:29,041 -      Epoch 7, Loss: 245.19914237756453, Gradient_Hidden: [-0.02991106 -0.65474551  0.84261359], Gradient_Output: [-0.00730477 -0.0045576 ]
2024-12-01 11:25:37,276 -      Epoch 8, Loss: 245.62228346200544, Gradient_Hidden: [-0.02856779 -0.63733147  0.82274244], Gradient_Output: [-0.00729511 -0.00439819]
2024-12-01 11:25:43,777 -      Epoch 9, Loss: 246.03083996248193, Gradient_Hidden: [-0.02728198 -0.62063938  0.80375497], Gradient_Output: [-0.00719538 -0.00425023]
2024-12-01 11:25:47,127 -      Epoch 10, Loss: 246.42562876373955, Gradient_Hidden: [-0.02604511 -0.6046868   0.78558789], Gradient_Output: [-0.00704283 -0.00410682]
2024-12-01 11:25:47,127 - Testing in process
2024-12-01 11:25:47,127 - MSE threshold: 0.05
2024-12-01 11:25:47,507 - Test Accuracy: 86.47%
2024-12-01 11:25:47,507 - Fold 4 completed 

2024-12-01 11:25:47,631 - TrainingSet_shape: (64640, 2), TestingSet_shaape: (16160, 2)
2024-12-01 11:25:47,631 - Fold: 5
2024-12-01 11:25:50,955 -      Epoch 1, Loss: 246.4029833140257, Gradient_Hidden: [-0.0610526  -0.5479367   0.72901423], Gradient_Output: [0.05099151 0.02505497]
2024-12-01 11:25:55,991 -      Epoch 2, Loss: 246.57522465997076, Gradient_Hidden: [-0.02274002 -0.5969338   0.71355835], Gradient_Output: [ 0.00116832 -0.00312405]
2024-12-01 11:25:59,622 -      Epoch 3, Loss: 246.89901358266968, Gradient_Hidden: [-0.01912955 -0.58665057  0.69855118], Gradient_Output: [-0.00486491 -0.00286186]
2024-12-01 11:26:03,150 -      Epoch 4, Loss: 247.24586243386025, Gradient_Hidden: [-0.01769299 -0.57357361  0.68362122], Gradient_Output: [-0.00615162 -0.00274581]
2024-12-01 11:26:06,918 -      Epoch 5, Loss: 247.59149697265315, Gradient_Hidden: [-0.01661284 -0.560314    0.66921686], Gradient_Output: [-0.00636612 -0.00266078]
2024-12-01 11:26:10,575 -      Epoch 6, Loss: 247.9301014074608, Gradient_Hidden: [-0.01564048 -0.54745375  0.65533379], Gradient_Output: [-0.00632164 -0.00257683]
2024-12-01 11:26:14,408 -      Epoch 7, Loss: 248.2605886341338, Gradient_Hidden: [-0.01471934 -0.53509384  0.6419346 ], Gradient_Output: [-0.00621973 -0.00249252]
2024-12-01 11:26:18,117 -      Epoch 8, Loss: 248.58300701070584, Gradient_Hidden: [-0.01383453 -0.52323066  0.62898851], Gradient_Output: [-0.00610795 -0.00240883]
2024-12-01 11:26:22,178 -      Epoch 9, Loss: 248.8976283290517, Gradient_Hidden: [-0.01298172 -0.51184021  0.61646971], Gradient_Output: [-0.00599628 -0.00232639]
2024-12-01 11:26:26,033 -      Epoch 10, Loss: 249.20473929161707, Gradient_Hidden: [-0.01215912 -0.50089618  0.60435533], Gradient_Output: [-0.00588617 -0.00224558]
2024-12-01 11:26:26,034 - Testing in process
2024-12-01 11:26:26,034 - MSE threshold: 0.05
2024-12-01 11:26:26,499 - Test Accuracy: 85.32%
2024-12-01 11:26:26,499 - Fold 5 completed 

2024-12-01 11:26:26,659 - Cross-validation finished


2024-12-01 12:07:45,137 - Data_shape: (80800, 4)
2024-12-01 12:07:45,137 - Network: learning rate=0.3, momentum=0.55, min_gradient=1e-5
2024-12-01 12:07:45,137 - Training in process
2024-12-01 12:07:45,137 - n_splits=5, random_state=3
2024-12-01 12:07:45,140 - TrainingSet_shape: (64640, 2), TestingSet_shaape: (16160, 2)
2024-12-01 12:07:45,140 - Fold: 1
2024-12-01 12:07:46,753 -      Epoch 1, Loss: 359.35779758894006, Gradient_Hidden: [  2.76216789 -13.47132555  -4.73898912], Gradient_Output: [-0.60357235 -3.90713611]
2024-12-01 12:07:48,370 -      Epoch 2, Loss: 384.70794902223446, Gradient_Hidden: [ 0.42886984 -6.62206698 -0.84734204], Gradient_Output: [ 0.31054016 -0.12030192]
2024-12-01 12:07:49,986 -      Epoch 3, Loss: 391.39637581858864, Gradient_Hidden: [ 0.11281838 -4.37177885  0.64308589], Gradient_Output: [0.12637362 0.0058829 ]
2024-12-01 12:07:51,602 -      Epoch 4, Loss: 381.5387607525791, Gradient_Hidden: [-0.23738718 -3.68864191  6.02441324], Gradient_Output: [ 0.81638279 -0.21629554]
2024-12-01 12:07:53,221 -      Epoch 5, Loss: 272.7284395071014, Gradient_Hidden: [-0.62345662 -5.74676449 13.66187063], Gradient_Output: [2.41654931 2.47540381]
2024-12-01 12:07:54,842 -      Epoch 6, Loss: 241.7384906664247, Gradient_Hidden: [-0.54516564 -2.8057471   7.19185637], Gradient_Output: [0.30975728 0.12684531]
2024-12-01 12:07:56,468 -      Epoch 7, Loss: 237.57384901493705, Gradient_Hidden: [-0.3955362  -2.35110084  5.14826014], Gradient_Output: [0.24049645 0.09189291]
2024-12-01 12:07:58,100 -      Epoch 8, Loss: 234.3932047636344, Gradient_Hidden: [-0.25933221 -2.11391025  4.1448459 ], Gradient_Output: [0.18172588 0.04833082]
2024-12-01 12:07:59,737 -      Epoch 9, Loss: 232.92092833769996, Gradient_Hidden: [-0.19061551 -1.97172577  3.53577234], Gradient_Output: [0.12669469 0.03064742]
2024-12-01 12:08:01,364 -      Epoch 10, Loss: 232.39738797653, Gradient_Hidden: [-0.15734619 -1.84659378  3.08150268], Gradient_Output: [0.08582329 0.01856584]
2024-12-01 12:08:01,364 - Testing in process
2024-12-01 12:08:01,364 - MSE threshold: 0.05
2024-12-01 12:08:01,544 - Test Accuracy: 86.31%
2024-12-01 12:08:01,545 - Fold 1 completed 

2024-12-01 12:08:01,615 - TrainingSet_shape: (64640, 2), TestingSet_shaape: (16160, 2)
2024-12-01 12:08:01,615 - Fold: 2
2024-12-01 12:08:03,229 -      Epoch 1, Loss: 231.89644012671198, Gradient_Hidden: [-0.12417303 -1.74659616  2.71064762], Gradient_Output: [0.11189276 0.01445   ]
2024-12-01 12:08:04,849 -      Epoch 2, Loss: 232.13786904892402, Gradient_Hidden: [-0.11473816 -1.6490294   2.48426275], Gradient_Output: [0.04756642 0.00482986]
2024-12-01 12:08:06,486 -      Epoch 3, Loss: 232.4976472881929, Gradient_Hidden: [-0.10531203 -1.56266171  2.27841116], Gradient_Output: [0.0382566  0.00063924]
2024-12-01 12:08:08,111 -      Epoch 4, Loss: 232.9428296205009, Gradient_Hidden: [-0.09770437 -1.48518624  2.10997143], Gradient_Output: [ 0.03037892 -0.0030763 ]
2024-12-01 12:08:09,731 -      Epoch 5, Loss: 233.4446728788891, Gradient_Hidden: [-0.0919468  -1.414405    1.96958584], Gradient_Output: [ 0.02442507 -0.006624  ]
2024-12-01 12:08:11,356 -      Epoch 6, Loss: 233.97083749830227, Gradient_Hidden: [-0.08748535 -1.34958699  1.85065599], Gradient_Output: [ 0.02028819 -0.00969444]
2024-12-01 12:08:12,982 -      Epoch 7, Loss: 234.50034243254834, Gradient_Hidden: [-0.08382776 -1.2905029   1.74817531], Gradient_Output: [ 0.01730152 -0.01163049]
2024-12-01 12:08:14,767 -      Epoch 8, Loss: 235.02593978580717, Gradient_Hidden: [-0.08054169 -1.23684927  1.65844802], Gradient_Output: [ 0.01483172 -0.01211787]
2024-12-01 12:08:16,427 -      Epoch 9, Loss: 235.54806081825257, Gradient_Hidden: [-0.07738928 -1.18789704  1.57875732], Gradient_Output: [ 0.01254522 -0.01173254]
2024-12-01 12:08:18,053 -      Epoch 10, Loss: 236.07034074956596, Gradient_Hidden: [-0.07427342 -1.14291355  1.50713268], Gradient_Output: [ 0.01027841 -0.01119601]
2024-12-01 12:08:18,053 - Testing in process
2024-12-01 12:08:18,053 - MSE threshold: 0.05
2024-12-01 12:08:18,233 - Test Accuracy: 86.42%
2024-12-01 12:08:18,233 - Fold 2 completed 

2024-12-01 12:08:18,300 - TrainingSet_shape: (64640, 2), TestingSet_shaape: (16160, 2)
2024-12-01 12:08:18,300 - Fold: 3
2024-12-01 12:08:19,927 -      Epoch 1, Loss: 237.2884848068148, Gradient_Hidden: [-0.12875342 -1.0554961   1.43318747], Gradient_Output: [-0.04327727  0.00388346]
2024-12-01 12:08:21,558 -      Epoch 2, Loss: 237.82598872331286, Gradient_Hidden: [-0.06927899 -1.05062812  1.37869355], Gradient_Output: [ 0.01164251 -0.01127243]
2024-12-01 12:08:23,190 -      Epoch 3, Loss: 238.29028055623303, Gradient_Hidden: [-0.06385762 -1.01848976  1.32390492], Gradient_Output: [ 0.0077515  -0.01002467]
2024-12-01 12:08:24,822 -      Epoch 4, Loss: 238.77605824356547, Gradient_Hidden: [-0.0604299  -0.98572033  1.27324004], Gradient_Output: [ 0.00499843 -0.00947581]
2024-12-01 12:08:26,456 -      Epoch 5, Loss: 239.26855906237552, Gradient_Hidden: [-0.05729695 -0.95474643  1.22650388], Gradient_Output: [ 0.00313934 -0.00895436]
2024-12-01 12:08:28,083 -      Epoch 6, Loss: 239.76237525860446, Gradient_Hidden: [-0.05438674 -0.9255688   1.18321262], Gradient_Output: [ 0.00163368 -0.00847636]
2024-12-01 12:08:29,794 -      Epoch 7, Loss: 240.25511996838625, Gradient_Hidden: [-0.05169751 -0.89798747  1.14298356], Gradient_Output: [ 0.00035604 -0.00804916]
2024-12-01 12:08:31,426 -      Epoch 8, Loss: 240.7451123452845, Gradient_Hidden: [-0.04921158 -0.87182105  1.10549013], Gradient_Output: [-0.00073429 -0.007663  ]
2024-12-01 12:08:33,057 -      Epoch 9, Loss: 241.2311492664811, Gradient_Hidden: [-0.04690408 -0.84691795  1.07044672], Gradient_Output: [-0.00166808 -0.00730612]
2024-12-01 12:08:34,682 -      Epoch 10, Loss: 241.712559305423, Gradient_Hidden: [-0.04475059 -0.82315115  1.03760227], Gradient_Output: [-0.00247483 -0.00696998]
2024-12-01 12:08:34,682 - Testing in process
2024-12-01 12:08:34,682 - MSE threshold: 0.05
2024-12-01 12:08:34,865 - Test Accuracy: 86.62%
2024-12-01 12:08:34,865 - Fold 3 completed 

2024-12-01 12:08:34,932 - TrainingSet_shape: (64640, 2), TestingSet_shaape: (16160, 2)
2024-12-01 12:08:34,932 - Fold: 4
2024-12-01 12:08:36,567 -      Epoch 1, Loss: 241.5362956471865, Gradient_Hidden: [ 0.05457349 -0.90104333  0.9541462 ], Gradient_Output: [ 0.00983796 -0.00276772]
2024-12-01 12:08:38,204 -      Epoch 2, Loss: 242.1568845576949, Gradient_Hidden: [-0.03344948 -0.80399556  0.94749628], Gradient_Output: [-0.01447787 -0.00592969]
2024-12-01 12:08:39,841 -      Epoch 3, Loss: 242.71393921436007, Gradient_Hidden: [-0.03590294 -0.77727215  0.92168092], Gradient_Output: [-0.00806882 -0.00572992]
2024-12-01 12:08:41,477 -      Epoch 4, Loss: 243.2093783591177, Gradient_Hidden: [-0.0347034  -0.75548462  0.89633805], Gradient_Output: [-0.00644501 -0.00533393]
2024-12-01 12:08:43,120 -      Epoch 5, Loss: 243.68278203210127, Gradient_Hidden: [-0.03315115 -0.73508459  0.87205852], Gradient_Output: [-0.00641178 -0.00506952]
2024-12-01 12:08:44,853 -      Epoch 6, Loss: 244.1412167386953, Gradient_Hidden: [-0.03160346 -0.71549517  0.84897026], Gradient_Output: [-0.00661005 -0.00485556]
2024-12-01 12:08:46,522 -      Epoch 7, Loss: 244.58450831761948, Gradient_Hidden: [-0.03011936 -0.69662996  0.82701785], Gradient_Output: [-0.00675365 -0.00466746]
2024-12-01 12:08:48,170 -      Epoch 8, Loss: 245.01212308059505, Gradient_Hidden: [-0.02870268 -0.67849088  0.80612521], Gradient_Output: [-0.00679941 -0.00449676]
2024-12-01 12:08:49,816 -      Epoch 9, Loss: 245.42424338091683, Gradient_Hidden: [-0.02734705 -0.66109549  0.786218  ], Gradient_Output: [-0.00675902 -0.00433645]
2024-12-01 12:08:51,461 -      Epoch 10, Loss: 245.82161830343014, Gradient_Hidden: [-0.02604522 -0.64445136  0.76722452], Gradient_Output: [-0.00665995 -0.00418102]
2024-12-01 12:08:51,461 - Testing in process
2024-12-01 12:08:51,461 - MSE threshold: 0.05
2024-12-01 12:08:51,659 - Test Accuracy: 85.43%
2024-12-01 12:08:51,659 - Fold 4 completed 

2024-12-01 12:08:51,726 - TrainingSet_shape: (64640, 2), TestingSet_shaape: (16160, 2)
2024-12-01 12:08:51,726 - Fold: 5
2024-12-01 12:08:53,371 -      Epoch 1, Loss: 246.55806242883003, Gradient_Hidden: [-0.08832159 -0.68883074  0.85346039], Gradient_Output: [-0.06728141  0.00838239]
2024-12-01 12:08:55,012 -      Epoch 2, Loss: 247.0282149772933, Gradient_Hidden: [-0.02722325 -0.58067341  0.79288749], Gradient_Output: [-0.00663014 -0.00328574]
2024-12-01 12:08:56,650 -      Epoch 3, Loss: 247.40619982008982, Gradient_Hidden: [-0.02384714 -0.56453476  0.77149686], Gradient_Output: [-0.00670817 -0.0041859 ]
2024-12-01 12:08:58,285 -      Epoch 4, Loss: 247.78273535598677, Gradient_Hidden: [-0.02253773 -0.55071143  0.75365864], Gradient_Output: [-0.00664668 -0.00424624]
2024-12-01 12:08:59,920 -      Epoch 5, Loss: 248.1488713985796, Gradient_Hidden: [-0.02144143 -0.53797016  0.73687743], Gradient_Output: [-0.00642063 -0.00411562]
2024-12-01 12:09:01,557 -      Epoch 6, Loss: 248.50490425552962, Gradient_Hidden: [-0.02038938 -0.52586599  0.72075479], Gradient_Output: [-0.00625358 -0.00396343]
2024-12-01 12:09:03,199 -      Epoch 7, Loss: 248.85185368750803, Gradient_Hidden: [-0.01936871 -0.51426555  0.70521948], Gradient_Output: [-0.00612072 -0.00381393]
2024-12-01 12:09:04,840 -      Epoch 8, Loss: 249.19030824547193, Gradient_Hidden: [-0.01838139 -0.50311865  0.69023605], Gradient_Output: [-0.00599975 -0.00366953]
2024-12-01 12:09:06,480 -      Epoch 9, Loss: 249.5206450094108, Gradient_Hidden: [-0.01742785 -0.49239528  0.67577361], Gradient_Output: [-0.00588325 -0.00353037]
2024-12-01 12:09:08,120 -      Epoch 10, Loss: 249.84316069995884, Gradient_Hidden: [-0.01650736 -0.48207132  0.66180368], Gradient_Output: [-0.0057691  -0.00339643]
2024-12-01 12:09:08,120 - Testing in process
2024-12-01 12:09:08,120 - MSE threshold: 0.05
2024-12-01 12:09:08,302 - Test Accuracy: 86.22%
2024-12-01 12:09:08,302 - Fold 5 completed 

2024-12-01 12:09:08,367 - Cross-validation finished


