2024-11-30 13:57:32,413 - Loading training and testing data...
2024-11-30 13:57:32,441 - Data loaded (shapes only), (64640, 2),(64640, 2)
2024-11-30 13:57:32,441 - Creating Neural Network with learning rate=0.3, momentum=0.55, min_gradient=1e-5
2024-11-30 13:57:32,441 - Starting training for 15 epochs
2024-11-30 13:57:34,057 - Epoch 0, Loss: 400.8728581326894, Gradient_Hidden: [-3.85835214  3.00820187  9.41845261], Gradient_Output: [-0.13081454  1.16219517]
2024-11-30 13:57:35,711 - Epoch 1, Loss: 438.88892036577124, Gradient_Hidden: [-1.18529175  1.26483583  7.16213038], Gradient_Output: [ 0.04569487 -0.51604232]
2024-11-30 13:57:37,329 - Epoch 2, Loss: 426.85971363201253, Gradient_Hidden: [0.34858506 0.24566119 5.02663084], Gradient_Output: [ 0.01131311 -0.1339704 ]
2024-11-30 13:57:38,942 - Epoch 3, Loss: 426.05723193548994, Gradient_Hidden: [0.89382058 0.15448556 4.03045383], Gradient_Output: [ 0.00533172 -0.08209027]
2024-11-30 13:57:40,560 - Epoch 4, Loss: 418.9725506687503, Gradient_Hidden: [ 7.65093643 -0.15388189  4.54972104], Gradient_Output: [-0.395612    0.35494274]
2024-11-30 13:57:42,178 - Epoch 5, Loss: 248.42327280357566, Gradient_Hidden: [11.11412073 -0.62015227  3.24131562], Gradient_Output: [-0.76956739 -0.19810095]
2024-11-30 13:57:43,806 - Epoch 6, Loss: 233.98282059870112, Gradient_Hidden: [ 6.78517388 -0.36749116  2.5067238 ], Gradient_Output: [-0.12573016 -0.14607996]
2024-11-30 13:57:45,425 - Epoch 7, Loss: 233.11756876821352, Gradient_Hidden: [ 5.11984821 -0.26557904  2.22046715], Gradient_Output: [-0.01021455 -0.0821048 ]
2024-11-30 13:57:47,047 - Epoch 8, Loss: 234.12537538608262, Gradient_Hidden: [ 4.18048602 -0.18484024  2.03674811], Gradient_Output: [ 0.01922897 -0.05733958]
2024-11-30 13:57:48,669 - Epoch 9, Loss: 235.67171591407964, Gradient_Hidden: [ 3.5795455  -0.14117196  1.90588492], Gradient_Output: [ 0.02671843 -0.0447577 ]
2024-11-30 13:57:50,307 - Epoch 10, Loss: 237.34082878557393, Gradient_Hidden: [ 3.16298907 -0.11169652  1.79995542], Gradient_Output: [ 0.02836452 -0.03678982]
2024-11-30 13:57:51,960 - Epoch 11, Loss: 239.1460031414682, Gradient_Hidden: [ 2.86759225 -0.08855705  1.71190277], Gradient_Output: [ 0.02808823 -0.0317122 ]
2024-11-30 13:57:53,586 - Epoch 12, Loss: 241.46966649270166, Gradient_Hidden: [ 2.64109939 -0.07317056  1.640842  ], Gradient_Output: [ 0.02692818 -0.02775923]
2024-11-30 13:57:55,209 - Epoch 13, Loss: 244.01797174977787, Gradient_Hidden: [ 2.44353755 -0.06280071  1.57596953], Gradient_Output: [ 0.02581439 -0.02384077]
2024-11-30 13:57:56,831 - Epoch 14, Loss: 246.10857723756718, Gradient_Hidden: [ 2.26844316 -0.05613845  1.51055128], Gradient_Output: [ 0.02431169 -0.01960875]
2024-11-30 13:57:56,831 - Training completed
2024-11-30 13:57:56,831 - Starting testing phase
2024-11-30 13:57:56,831 - Using MSE threshold of 0.05 for accuracy calculation
2024-11-30 13:57:57,843 - Test Accuracy: 87.78%
